<?xml version="1.0" encoding="UTF-8"?>
<!-- Generated by org.testng.reporters.JUnitReportReporter -->
<testsuite skipped="0" hostname="VBTSCPTESTING02" name="com.loadsfm.tests.Activity_ContactBased" tests="500" failures="0" timestamp="30 Oct 2018 08:11:41 GMT" time="11742.018" errors="0">
  <testcase name="sfmloadtest" time="23.394" classname="com.loadsfm.tests.Activity_ContactBased"/>
  <testcase name="sfmloadtest" time="23.927" classname="com.loadsfm.tests.Activity_ContactBased"/>
  <testcase name="sfmloadtest" time="23.307" classname="com.loadsfm.tests.Activity_ContactBased"/>
  <testcase name="sfmloadtest" time="23.220" classname="com.loadsfm.tests.Activity_ContactBased"/>
  <testcase name="sfmloadtest" time="23.576" classname="com.loadsfm.tests.Activity_ContactBased"/>
  <testcase name="sfmloadtest" time="23.453" classname="com.loadsfm.tests.Activity_ContactBased"/>
  <testcase name="sfmloadtest" time="23.403" classname="com.loadsfm.tests.Activity_ContactBased"/>
  <testcase name="sfmloadtest" time="23.294" classname="com.loadsfm.tests.Activity_ContactBased"/>
  <testcase name="sfmloadtest" time="23.103" classname="com.loadsfm.tests.Activity_ContactBased"/>
  <testcase name="sfmloadtest" time="23.595" classname="com.loadsfm.tests.Activity_ContactBased"/>
  <testcase name="sfmloadtest" time="23.498" classname="com.loadsfm.tests.Activity_ContactBased"/>
  <testcase name="sfmloadtest" time="24.089" classname="com.loadsfm.tests.Activity_ContactBased"/>
  <testcase name="sfmloadtest" time="23.714" classname="com.loadsfm.tests.Activity_ContactBased"/>
  <testcase name="sfmloadtest" time="23.515" classname="com.loadsfm.tests.Activity_ContactBased"/>
  <testcase name="sfmloadtest" time="23.419" classname="com.loadsfm.tests.Activity_ContactBased"/>
  <testcase name="sfmloadtest" time="23.325" classname="com.loadsfm.tests.Activity_ContactBased"/>
  <testcase name="sfmloadtest" time="23.233" classname="com.loadsfm.tests.Activity_ContactBased"/>
  <testcase name="sfmloadtest" time="23.822" classname="com.loadsfm.tests.Activity_ContactBased"/>
  <testcase name="sfmloadtest" time="23.378" classname="com.loadsfm.tests.Activity_ContactBased"/>
  <testcase name="sfmloadtest" time="23.307" classname="com.loadsfm.tests.Activity_ContactBased"/>
  <testcase name="sfmloadtest" time="23.602" classname="com.loadsfm.tests.Activity_ContactBased"/>
  <testcase name="sfmloadtest" time="23.373" classname="com.loadsfm.tests.Activity_ContactBased"/>
  <testcase name="sfmloadtest" time="23.518" classname="com.loadsfm.tests.Activity_ContactBased"/>
  <testcase name="sfmloadtest" time="23.335" classname="com.loadsfm.tests.Activity_ContactBased"/>
  <testcase name="sfmloadtest" time="23.263" classname="com.loadsfm.tests.Activity_ContactBased"/>
  <testcase name="sfmloadtest" time="23.465" classname="com.loadsfm.tests.Activity_ContactBased"/>
  <testcase name="sfmloadtest" time="23.469" classname="com.loadsfm.tests.Activity_ContactBased"/>
  <testcase name="sfmloadtest" time="23.541" classname="com.loadsfm.tests.Activity_ContactBased"/>
  <testcase name="sfmloadtest" time="23.203" classname="com.loadsfm.tests.Activity_ContactBased"/>
  <testcase name="sfmloadtest" time="23.387" classname="com.loadsfm.tests.Activity_ContactBased"/>
  <testcase name="sfmloadtest" time="23.450" classname="com.loadsfm.tests.Activity_ContactBased"/>
  <testcase name="sfmloadtest" time="23.344" classname="com.loadsfm.tests.Activity_ContactBased"/>
  <testcase name="sfmloadtest" time="23.420" classname="com.loadsfm.tests.Activity_ContactBased"/>
  <testcase name="sfmloadtest" time="23.305" classname="com.loadsfm.tests.Activity_ContactBased"/>
  <testcase name="sfmloadtest" time="23.915" classname="com.loadsfm.tests.Activity_ContactBased"/>
  <testcase name="sfmloadtest" time="23.310" classname="com.loadsfm.tests.Activity_ContactBased"/>
  <testcase name="sfmloadtest" time="23.337" classname="com.loadsfm.tests.Activity_ContactBased"/>
  <testcase name="sfmloadtest" time="23.965" classname="com.loadsfm.tests.Activity_ContactBased"/>
  <testcase name="sfmloadtest" time="23.647" classname="com.loadsfm.tests.Activity_ContactBased"/>
  <testcase name="sfmloadtest" time="23.555" classname="com.loadsfm.tests.Activity_ContactBased"/>
  <testcase name="sfmloadtest" time="23.338" classname="com.loadsfm.tests.Activity_ContactBased"/>
  <testcase name="sfmloadtest" time="23.381" classname="com.loadsfm.tests.Activity_ContactBased"/>
  <testcase name="sfmloadtest" time="23.471" classname="com.loadsfm.tests.Activity_ContactBased"/>
  <testcase name="sfmloadtest" time="25.014" classname="com.loadsfm.tests.Activity_ContactBased"/>
  <testcase name="sfmloadtest" time="23.285" classname="com.loadsfm.tests.Activity_ContactBased"/>
  <testcase name="sfmloadtest" time="23.149" classname="com.loadsfm.tests.Activity_ContactBased"/>
  <testcase name="sfmloadtest" time="23.628" classname="com.loadsfm.tests.Activity_ContactBased"/>
  <testcase name="sfmloadtest" time="23.509" classname="com.loadsfm.tests.Activity_ContactBased"/>
  <testcase name="sfmloadtest" time="23.796" classname="com.loadsfm.tests.Activity_ContactBased"/>
  <testcase name="sfmloadtest" time="23.609" classname="com.loadsfm.tests.Activity_ContactBased"/>
  <testcase name="sfmloadtest" time="23.160" classname="com.loadsfm.tests.Activity_ContactBased"/>
  <testcase name="sfmloadtest" time="23.516" classname="com.loadsfm.tests.Activity_ContactBased"/>
  <testcase name="sfmloadtest" time="23.427" classname="com.loadsfm.tests.Activity_ContactBased"/>
  <testcase name="sfmloadtest" time="23.209" classname="com.loadsfm.tests.Activity_ContactBased"/>
  <testcase name="sfmloadtest" time="23.481" classname="com.loadsfm.tests.Activity_ContactBased"/>
  <testcase name="sfmloadtest" time="23.129" classname="com.loadsfm.tests.Activity_ContactBased"/>
  <testcase name="sfmloadtest" time="23.409" classname="com.loadsfm.tests.Activity_ContactBased"/>
  <testcase name="sfmloadtest" time="23.375" classname="com.loadsfm.tests.Activity_ContactBased"/>
  <testcase name="sfmloadtest" time="23.330" classname="com.loadsfm.tests.Activity_ContactBased"/>
  <testcase name="sfmloadtest" time="23.530" classname="com.loadsfm.tests.Activity_ContactBased"/>
  <testcase name="sfmloadtest" time="23.411" classname="com.loadsfm.tests.Activity_ContactBased"/>
  <testcase name="sfmloadtest" time="23.316" classname="com.loadsfm.tests.Activity_ContactBased"/>
  <testcase name="sfmloadtest" time="23.424" classname="com.loadsfm.tests.Activity_ContactBased"/>
  <testcase name="sfmloadtest" time="23.380" classname="com.loadsfm.tests.Activity_ContactBased"/>
  <testcase name="sfmloadtest" time="23.784" classname="com.loadsfm.tests.Activity_ContactBased"/>
  <testcase name="sfmloadtest" time="23.357" classname="com.loadsfm.tests.Activity_ContactBased"/>
  <testcase name="sfmloadtest" time="23.415" classname="com.loadsfm.tests.Activity_ContactBased"/>
  <testcase name="sfmloadtest" time="23.722" classname="com.loadsfm.tests.Activity_ContactBased"/>
  <testcase name="sfmloadtest" time="23.242" classname="com.loadsfm.tests.Activity_ContactBased"/>
  <testcase name="sfmloadtest" time="23.315" classname="com.loadsfm.tests.Activity_ContactBased"/>
  <testcase name="sfmloadtest" time="24.242" classname="com.loadsfm.tests.Activity_ContactBased"/>
  <testcase name="sfmloadtest" time="23.185" classname="com.loadsfm.tests.Activity_ContactBased"/>
  <testcase name="sfmloadtest" time="23.185" classname="com.loadsfm.tests.Activity_ContactBased"/>
  <testcase name="sfmloadtest" time="23.635" classname="com.loadsfm.tests.Activity_ContactBased"/>
  <testcase name="sfmloadtest" time="23.424" classname="com.loadsfm.tests.Activity_ContactBased"/>
  <testcase name="sfmloadtest" time="23.477" classname="com.loadsfm.tests.Activity_ContactBased"/>
  <testcase name="sfmloadtest" time="23.312" classname="com.loadsfm.tests.Activity_ContactBased"/>
  <testcase name="sfmloadtest" time="23.425" classname="com.loadsfm.tests.Activity_ContactBased"/>
  <testcase name="sfmloadtest" time="23.285" classname="com.loadsfm.tests.Activity_ContactBased"/>
  <testcase name="sfmloadtest" time="23.452" classname="com.loadsfm.tests.Activity_ContactBased"/>
  <testcase name="sfmloadtest" time="23.386" classname="com.loadsfm.tests.Activity_ContactBased"/>
  <testcase name="sfmloadtest" time="23.276" classname="com.loadsfm.tests.Activity_ContactBased"/>
  <testcase name="sfmloadtest" time="23.642" classname="com.loadsfm.tests.Activity_ContactBased"/>
  <testcase name="sfmloadtest" time="23.289" classname="com.loadsfm.tests.Activity_ContactBased"/>
  <testcase name="sfmloadtest" time="23.207" classname="com.loadsfm.tests.Activity_ContactBased"/>
  <testcase name="sfmloadtest" time="23.395" classname="com.loadsfm.tests.Activity_ContactBased"/>
  <testcase name="sfmloadtest" time="23.374" classname="com.loadsfm.tests.Activity_ContactBased"/>
  <testcase name="sfmloadtest" time="23.373" classname="com.loadsfm.tests.Activity_ContactBased"/>
  <testcase name="sfmloadtest" time="23.304" classname="com.loadsfm.tests.Activity_ContactBased"/>
  <testcase name="sfmloadtest" time="23.188" classname="com.loadsfm.tests.Activity_ContactBased"/>
  <testcase name="sfmloadtest" time="23.496" classname="com.loadsfm.tests.Activity_ContactBased"/>
  <testcase name="sfmloadtest" time="23.384" classname="com.loadsfm.tests.Activity_ContactBased"/>
  <testcase name="sfmloadtest" time="23.576" classname="com.loadsfm.tests.Activity_ContactBased"/>
  <testcase name="sfmloadtest" time="23.535" classname="com.loadsfm.tests.Activity_ContactBased"/>
  <testcase name="sfmloadtest" time="23.509" classname="com.loadsfm.tests.Activity_ContactBased"/>
  <testcase name="sfmloadtest" time="23.636" classname="com.loadsfm.tests.Activity_ContactBased"/>
  <testcase name="sfmloadtest" time="23.496" classname="com.loadsfm.tests.Activity_ContactBased"/>
  <testcase name="sfmloadtest" time="23.364" classname="com.loadsfm.tests.Activity_ContactBased"/>
  <testcase name="sfmloadtest" time="23.499" classname="com.loadsfm.tests.Activity_ContactBased"/>
  <testcase name="sfmloadtest" time="23.432" classname="com.loadsfm.tests.Activity_ContactBased"/>
  <testcase name="sfmloadtest" time="23.264" classname="com.loadsfm.tests.Activity_ContactBased"/>
  <testcase name="sfmloadtest" time="23.385" classname="com.loadsfm.tests.Activity_ContactBased"/>
  <testcase name="sfmloadtest" time="23.388" classname="com.loadsfm.tests.Activity_ContactBased"/>
  <testcase name="sfmloadtest" time="23.559" classname="com.loadsfm.tests.Activity_ContactBased"/>
  <testcase name="sfmloadtest" time="23.477" classname="com.loadsfm.tests.Activity_ContactBased"/>
  <testcase name="sfmloadtest" time="23.222" classname="com.loadsfm.tests.Activity_ContactBased"/>
  <testcase name="sfmloadtest" time="23.286" classname="com.loadsfm.tests.Activity_ContactBased"/>
  <testcase name="sfmloadtest" time="23.400" classname="com.loadsfm.tests.Activity_ContactBased"/>
  <testcase name="sfmloadtest" time="23.568" classname="com.loadsfm.tests.Activity_ContactBased"/>
  <testcase name="sfmloadtest" time="23.396" classname="com.loadsfm.tests.Activity_ContactBased"/>
  <testcase name="sfmloadtest" time="23.607" classname="com.loadsfm.tests.Activity_ContactBased"/>
  <testcase name="sfmloadtest" time="23.347" classname="com.loadsfm.tests.Activity_ContactBased"/>
  <testcase name="sfmloadtest" time="23.237" classname="com.loadsfm.tests.Activity_ContactBased"/>
  <testcase name="sfmloadtest" time="23.447" classname="com.loadsfm.tests.Activity_ContactBased"/>
  <testcase name="sfmloadtest" time="23.462" classname="com.loadsfm.tests.Activity_ContactBased"/>
  <testcase name="sfmloadtest" time="23.371" classname="com.loadsfm.tests.Activity_ContactBased"/>
  <testcase name="sfmloadtest" time="23.710" classname="com.loadsfm.tests.Activity_ContactBased"/>
  <testcase name="sfmloadtest" time="23.482" classname="com.loadsfm.tests.Activity_ContactBased"/>
  <testcase name="sfmloadtest" time="23.425" classname="com.loadsfm.tests.Activity_ContactBased"/>
  <testcase name="sfmloadtest" time="23.804" classname="com.loadsfm.tests.Activity_ContactBased"/>
  <testcase name="sfmloadtest" time="23.523" classname="com.loadsfm.tests.Activity_ContactBased"/>
  <testcase name="sfmloadtest" time="23.223" classname="com.loadsfm.tests.Activity_ContactBased"/>
  <testcase name="sfmloadtest" time="23.495" classname="com.loadsfm.tests.Activity_ContactBased"/>
  <testcase name="sfmloadtest" time="23.676" classname="com.loadsfm.tests.Activity_ContactBased"/>
  <testcase name="sfmloadtest" time="23.746" classname="com.loadsfm.tests.Activity_ContactBased"/>
  <testcase name="sfmloadtest" time="23.285" classname="com.loadsfm.tests.Activity_ContactBased"/>
  <testcase name="sfmloadtest" time="23.854" classname="com.loadsfm.tests.Activity_ContactBased"/>
  <testcase name="sfmloadtest" time="23.387" classname="com.loadsfm.tests.Activity_ContactBased"/>
  <testcase name="sfmloadtest" time="23.120" classname="com.loadsfm.tests.Activity_ContactBased"/>
  <testcase name="sfmloadtest" time="23.370" classname="com.loadsfm.tests.Activity_ContactBased"/>
  <testcase name="sfmloadtest" time="23.324" classname="com.loadsfm.tests.Activity_ContactBased"/>
  <testcase name="sfmloadtest" time="23.148" classname="com.loadsfm.tests.Activity_ContactBased"/>
  <testcase name="sfmloadtest" time="23.442" classname="com.loadsfm.tests.Activity_ContactBased"/>
  <testcase name="sfmloadtest" time="23.512" classname="com.loadsfm.tests.Activity_ContactBased"/>
  <testcase name="sfmloadtest" time="23.164" classname="com.loadsfm.tests.Activity_ContactBased"/>
  <testcase name="sfmloadtest" time="23.259" classname="com.loadsfm.tests.Activity_ContactBased"/>
  <testcase name="sfmloadtest" time="23.614" classname="com.loadsfm.tests.Activity_ContactBased"/>
  <testcase name="sfmloadtest" time="23.594" classname="com.loadsfm.tests.Activity_ContactBased"/>
  <testcase name="sfmloadtest" time="23.542" classname="com.loadsfm.tests.Activity_ContactBased"/>
  <testcase name="sfmloadtest" time="23.341" classname="com.loadsfm.tests.Activity_ContactBased"/>
  <testcase name="sfmloadtest" time="23.653" classname="com.loadsfm.tests.Activity_ContactBased"/>
  <testcase name="sfmloadtest" time="23.626" classname="com.loadsfm.tests.Activity_ContactBased"/>
  <testcase name="sfmloadtest" time="23.319" classname="com.loadsfm.tests.Activity_ContactBased"/>
  <testcase name="sfmloadtest" time="23.650" classname="com.loadsfm.tests.Activity_ContactBased"/>
  <testcase name="sfmloadtest" time="23.234" classname="com.loadsfm.tests.Activity_ContactBased"/>
  <testcase name="sfmloadtest" time="23.574" classname="com.loadsfm.tests.Activity_ContactBased"/>
  <testcase name="sfmloadtest" time="23.357" classname="com.loadsfm.tests.Activity_ContactBased"/>
  <testcase name="sfmloadtest" time="23.279" classname="com.loadsfm.tests.Activity_ContactBased"/>
  <testcase name="sfmloadtest" time="23.320" classname="com.loadsfm.tests.Activity_ContactBased"/>
  <testcase name="sfmloadtest" time="23.569" classname="com.loadsfm.tests.Activity_ContactBased"/>
  <testcase name="sfmloadtest" time="23.680" classname="com.loadsfm.tests.Activity_ContactBased"/>
  <testcase name="sfmloadtest" time="23.521" classname="com.loadsfm.tests.Activity_ContactBased"/>
  <testcase name="sfmloadtest" time="23.173" classname="com.loadsfm.tests.Activity_ContactBased"/>
  <testcase name="sfmloadtest" time="23.435" classname="com.loadsfm.tests.Activity_ContactBased"/>
  <testcase name="sfmloadtest" time="23.377" classname="com.loadsfm.tests.Activity_ContactBased"/>
  <testcase name="sfmloadtest" time="23.520" classname="com.loadsfm.tests.Activity_ContactBased"/>
  <testcase name="sfmloadtest" time="23.552" classname="com.loadsfm.tests.Activity_ContactBased"/>
  <testcase name="sfmloadtest" time="23.262" classname="com.loadsfm.tests.Activity_ContactBased"/>
  <testcase name="sfmloadtest" time="23.368" classname="com.loadsfm.tests.Activity_ContactBased"/>
  <testcase name="sfmloadtest" time="23.942" classname="com.loadsfm.tests.Activity_ContactBased"/>
  <testcase name="sfmloadtest" time="23.291" classname="com.loadsfm.tests.Activity_ContactBased"/>
  <testcase name="sfmloadtest" time="23.463" classname="com.loadsfm.tests.Activity_ContactBased"/>
  <testcase name="sfmloadtest" time="23.582" classname="com.loadsfm.tests.Activity_ContactBased"/>
  <testcase name="sfmloadtest" time="23.248" classname="com.loadsfm.tests.Activity_ContactBased"/>
  <testcase name="sfmloadtest" time="23.368" classname="com.loadsfm.tests.Activity_ContactBased"/>
  <testcase name="sfmloadtest" time="23.460" classname="com.loadsfm.tests.Activity_ContactBased"/>
  <testcase name="sfmloadtest" time="23.377" classname="com.loadsfm.tests.Activity_ContactBased"/>
  <testcase name="sfmloadtest" time="23.359" classname="com.loadsfm.tests.Activity_ContactBased"/>
  <testcase name="sfmloadtest" time="23.513" classname="com.loadsfm.tests.Activity_ContactBased"/>
  <testcase name="sfmloadtest" time="23.586" classname="com.loadsfm.tests.Activity_ContactBased"/>
  <testcase name="sfmloadtest" time="23.517" classname="com.loadsfm.tests.Activity_ContactBased"/>
  <testcase name="sfmloadtest" time="23.668" classname="com.loadsfm.tests.Activity_ContactBased"/>
  <testcase name="sfmloadtest" time="23.147" classname="com.loadsfm.tests.Activity_ContactBased"/>
  <testcase name="sfmloadtest" time="23.738" classname="com.loadsfm.tests.Activity_ContactBased"/>
  <testcase name="sfmloadtest" time="23.505" classname="com.loadsfm.tests.Activity_ContactBased"/>
  <testcase name="sfmloadtest" time="23.323" classname="com.loadsfm.tests.Activity_ContactBased"/>
  <testcase name="sfmloadtest" time="23.248" classname="com.loadsfm.tests.Activity_ContactBased"/>
  <testcase name="sfmloadtest" time="23.325" classname="com.loadsfm.tests.Activity_ContactBased"/>
  <testcase name="sfmloadtest" time="23.457" classname="com.loadsfm.tests.Activity_ContactBased"/>
  <testcase name="sfmloadtest" time="23.323" classname="com.loadsfm.tests.Activity_ContactBased"/>
  <testcase name="sfmloadtest" time="23.350" classname="com.loadsfm.tests.Activity_ContactBased"/>
  <testcase name="sfmloadtest" time="23.503" classname="com.loadsfm.tests.Activity_ContactBased"/>
  <testcase name="sfmloadtest" time="23.300" classname="com.loadsfm.tests.Activity_ContactBased"/>
  <testcase name="sfmloadtest" time="23.320" classname="com.loadsfm.tests.Activity_ContactBased"/>
  <testcase name="sfmloadtest" time="23.297" classname="com.loadsfm.tests.Activity_ContactBased"/>
  <testcase name="sfmloadtest" time="23.251" classname="com.loadsfm.tests.Activity_ContactBased"/>
  <testcase name="sfmloadtest" time="23.494" classname="com.loadsfm.tests.Activity_ContactBased"/>
  <testcase name="sfmloadtest" time="23.390" classname="com.loadsfm.tests.Activity_ContactBased"/>
  <testcase name="sfmloadtest" time="23.196" classname="com.loadsfm.tests.Activity_ContactBased"/>
  <testcase name="sfmloadtest" time="23.351" classname="com.loadsfm.tests.Activity_ContactBased"/>
  <testcase name="sfmloadtest" time="24.400" classname="com.loadsfm.tests.Activity_ContactBased"/>
  <testcase name="sfmloadtest" time="23.395" classname="com.loadsfm.tests.Activity_ContactBased"/>
  <testcase name="sfmloadtest" time="23.498" classname="com.loadsfm.tests.Activity_ContactBased"/>
  <testcase name="sfmloadtest" time="23.282" classname="com.loadsfm.tests.Activity_ContactBased"/>
  <testcase name="sfmloadtest" time="23.389" classname="com.loadsfm.tests.Activity_ContactBased"/>
  <testcase name="sfmloadtest" time="23.417" classname="com.loadsfm.tests.Activity_ContactBased"/>
  <testcase name="sfmloadtest" time="23.576" classname="com.loadsfm.tests.Activity_ContactBased"/>
  <testcase name="sfmloadtest" time="23.326" classname="com.loadsfm.tests.Activity_ContactBased"/>
  <testcase name="sfmloadtest" time="23.432" classname="com.loadsfm.tests.Activity_ContactBased"/>
  <testcase name="sfmloadtest" time="23.493" classname="com.loadsfm.tests.Activity_ContactBased"/>
  <testcase name="sfmloadtest" time="23.455" classname="com.loadsfm.tests.Activity_ContactBased"/>
  <testcase name="sfmloadtest" time="23.468" classname="com.loadsfm.tests.Activity_ContactBased"/>
  <testcase name="sfmloadtest" time="23.291" classname="com.loadsfm.tests.Activity_ContactBased"/>
  <testcase name="sfmloadtest" time="23.312" classname="com.loadsfm.tests.Activity_ContactBased"/>
  <testcase name="sfmloadtest" time="23.575" classname="com.loadsfm.tests.Activity_ContactBased"/>
  <testcase name="sfmloadtest" time="23.779" classname="com.loadsfm.tests.Activity_ContactBased"/>
  <testcase name="sfmloadtest" time="23.470" classname="com.loadsfm.tests.Activity_ContactBased"/>
  <testcase name="sfmloadtest" time="23.265" classname="com.loadsfm.tests.Activity_ContactBased"/>
  <testcase name="sfmloadtest" time="23.516" classname="com.loadsfm.tests.Activity_ContactBased"/>
  <testcase name="sfmloadtest" time="23.262" classname="com.loadsfm.tests.Activity_ContactBased"/>
  <testcase name="sfmloadtest" time="23.288" classname="com.loadsfm.tests.Activity_ContactBased"/>
  <testcase name="sfmloadtest" time="23.338" classname="com.loadsfm.tests.Activity_ContactBased"/>
  <testcase name="sfmloadtest" time="23.666" classname="com.loadsfm.tests.Activity_ContactBased"/>
  <testcase name="sfmloadtest" time="23.546" classname="com.loadsfm.tests.Activity_ContactBased"/>
  <testcase name="sfmloadtest" time="23.231" classname="com.loadsfm.tests.Activity_ContactBased"/>
  <testcase name="sfmloadtest" time="23.339" classname="com.loadsfm.tests.Activity_ContactBased"/>
  <testcase name="sfmloadtest" time="23.513" classname="com.loadsfm.tests.Activity_ContactBased"/>
  <testcase name="sfmloadtest" time="23.348" classname="com.loadsfm.tests.Activity_ContactBased"/>
  <testcase name="sfmloadtest" time="23.413" classname="com.loadsfm.tests.Activity_ContactBased"/>
  <testcase name="sfmloadtest" time="23.470" classname="com.loadsfm.tests.Activity_ContactBased"/>
  <testcase name="sfmloadtest" time="23.282" classname="com.loadsfm.tests.Activity_ContactBased"/>
  <testcase name="sfmloadtest" time="23.538" classname="com.loadsfm.tests.Activity_ContactBased"/>
  <testcase name="sfmloadtest" time="23.436" classname="com.loadsfm.tests.Activity_ContactBased"/>
  <testcase name="sfmloadtest" time="23.565" classname="com.loadsfm.tests.Activity_ContactBased"/>
  <testcase name="sfmloadtest" time="23.518" classname="com.loadsfm.tests.Activity_ContactBased"/>
  <testcase name="sfmloadtest" time="23.280" classname="com.loadsfm.tests.Activity_ContactBased"/>
  <testcase name="sfmloadtest" time="23.396" classname="com.loadsfm.tests.Activity_ContactBased"/>
  <testcase name="sfmloadtest" time="33.502" classname="com.loadsfm.tests.Activity_ContactBased"/>
  <testcase name="sfmloadtest" time="23.358" classname="com.loadsfm.tests.Activity_ContactBased"/>
  <testcase name="sfmloadtest" time="23.564" classname="com.loadsfm.tests.Activity_ContactBased"/>
  <testcase name="sfmloadtest" time="23.525" classname="com.loadsfm.tests.Activity_ContactBased"/>
  <testcase name="sfmloadtest" time="23.327" classname="com.loadsfm.tests.Activity_ContactBased"/>
  <testcase name="sfmloadtest" time="23.518" classname="com.loadsfm.tests.Activity_ContactBased"/>
  <testcase name="sfmloadtest" time="24.690" classname="com.loadsfm.tests.Activity_ContactBased"/>
  <testcase name="sfmloadtest" time="23.531" classname="com.loadsfm.tests.Activity_ContactBased"/>
  <testcase name="sfmloadtest" time="23.356" classname="com.loadsfm.tests.Activity_ContactBased"/>
  <testcase name="sfmloadtest" time="23.256" classname="com.loadsfm.tests.Activity_ContactBased"/>
  <testcase name="sfmloadtest" time="23.255" classname="com.loadsfm.tests.Activity_ContactBased"/>
  <testcase name="sfmloadtest" time="23.580" classname="com.loadsfm.tests.Activity_ContactBased"/>
  <testcase name="sfmloadtest" time="23.316" classname="com.loadsfm.tests.Activity_ContactBased"/>
  <testcase name="sfmloadtest" time="23.383" classname="com.loadsfm.tests.Activity_ContactBased"/>
  <testcase name="sfmloadtest" time="23.413" classname="com.loadsfm.tests.Activity_ContactBased"/>
  <testcase name="sfmloadtest" time="23.324" classname="com.loadsfm.tests.Activity_ContactBased"/>
  <testcase name="sfmloadtest" time="23.266" classname="com.loadsfm.tests.Activity_ContactBased"/>
  <testcase name="sfmloadtest" time="23.483" classname="com.loadsfm.tests.Activity_ContactBased"/>
  <testcase name="sfmloadtest" time="23.447" classname="com.loadsfm.tests.Activity_ContactBased"/>
  <testcase name="sfmloadtest" time="23.311" classname="com.loadsfm.tests.Activity_ContactBased"/>
  <testcase name="sfmloadtest" time="23.342" classname="com.loadsfm.tests.Activity_ContactBased"/>
  <testcase name="sfmloadtest" time="23.477" classname="com.loadsfm.tests.Activity_ContactBased"/>
  <testcase name="sfmloadtest" time="23.355" classname="com.loadsfm.tests.Activity_ContactBased"/>
  <testcase name="sfmloadtest" time="23.298" classname="com.loadsfm.tests.Activity_ContactBased"/>
  <testcase name="sfmloadtest" time="23.376" classname="com.loadsfm.tests.Activity_ContactBased"/>
  <testcase name="sfmloadtest" time="23.126" classname="com.loadsfm.tests.Activity_ContactBased"/>
  <testcase name="sfmloadtest" time="23.443" classname="com.loadsfm.tests.Activity_ContactBased"/>
  <testcase name="sfmloadtest" time="23.451" classname="com.loadsfm.tests.Activity_ContactBased"/>
  <testcase name="sfmloadtest" time="23.361" classname="com.loadsfm.tests.Activity_ContactBased"/>
  <testcase name="sfmloadtest" time="23.208" classname="com.loadsfm.tests.Activity_ContactBased"/>
  <testcase name="sfmloadtest" time="23.351" classname="com.loadsfm.tests.Activity_ContactBased"/>
  <testcase name="sfmloadtest" time="23.340" classname="com.loadsfm.tests.Activity_ContactBased"/>
  <testcase name="sfmloadtest" time="23.779" classname="com.loadsfm.tests.Activity_ContactBased"/>
  <testcase name="sfmloadtest" time="23.557" classname="com.loadsfm.tests.Activity_ContactBased"/>
  <testcase name="sfmloadtest" time="23.282" classname="com.loadsfm.tests.Activity_ContactBased"/>
  <testcase name="sfmloadtest" time="23.607" classname="com.loadsfm.tests.Activity_ContactBased"/>
  <testcase name="sfmloadtest" time="23.607" classname="com.loadsfm.tests.Activity_ContactBased"/>
  <testcase name="sfmloadtest" time="23.449" classname="com.loadsfm.tests.Activity_ContactBased"/>
  <testcase name="sfmloadtest" time="23.309" classname="com.loadsfm.tests.Activity_ContactBased"/>
  <testcase name="sfmloadtest" time="23.794" classname="com.loadsfm.tests.Activity_ContactBased"/>
  <testcase name="sfmloadtest" time="23.479" classname="com.loadsfm.tests.Activity_ContactBased"/>
  <testcase name="sfmloadtest" time="23.697" classname="com.loadsfm.tests.Activity_ContactBased"/>
  <testcase name="sfmloadtest" time="23.700" classname="com.loadsfm.tests.Activity_ContactBased"/>
  <testcase name="sfmloadtest" time="23.568" classname="com.loadsfm.tests.Activity_ContactBased"/>
  <testcase name="sfmloadtest" time="23.396" classname="com.loadsfm.tests.Activity_ContactBased"/>
  <testcase name="sfmloadtest" time="23.688" classname="com.loadsfm.tests.Activity_ContactBased"/>
  <testcase name="sfmloadtest" time="23.380" classname="com.loadsfm.tests.Activity_ContactBased"/>
  <testcase name="sfmloadtest" time="23.143" classname="com.loadsfm.tests.Activity_ContactBased"/>
  <testcase name="sfmloadtest" time="23.473" classname="com.loadsfm.tests.Activity_ContactBased"/>
  <testcase name="sfmloadtest" time="23.507" classname="com.loadsfm.tests.Activity_ContactBased"/>
  <testcase name="sfmloadtest" time="23.475" classname="com.loadsfm.tests.Activity_ContactBased"/>
  <testcase name="sfmloadtest" time="23.415" classname="com.loadsfm.tests.Activity_ContactBased"/>
  <testcase name="sfmloadtest" time="23.740" classname="com.loadsfm.tests.Activity_ContactBased"/>
  <testcase name="sfmloadtest" time="23.425" classname="com.loadsfm.tests.Activity_ContactBased"/>
  <testcase name="sfmloadtest" time="23.563" classname="com.loadsfm.tests.Activity_ContactBased"/>
  <testcase name="sfmloadtest" time="23.624" classname="com.loadsfm.tests.Activity_ContactBased"/>
  <testcase name="sfmloadtest" time="23.050" classname="com.loadsfm.tests.Activity_ContactBased"/>
  <testcase name="sfmloadtest" time="23.365" classname="com.loadsfm.tests.Activity_ContactBased"/>
  <testcase name="sfmloadtest" time="23.334" classname="com.loadsfm.tests.Activity_ContactBased"/>
  <testcase name="sfmloadtest" time="23.348" classname="com.loadsfm.tests.Activity_ContactBased"/>
  <testcase name="sfmloadtest" time="23.565" classname="com.loadsfm.tests.Activity_ContactBased"/>
  <testcase name="sfmloadtest" time="23.444" classname="com.loadsfm.tests.Activity_ContactBased"/>
  <testcase name="sfmloadtest" time="23.425" classname="com.loadsfm.tests.Activity_ContactBased"/>
  <testcase name="sfmloadtest" time="23.439" classname="com.loadsfm.tests.Activity_ContactBased"/>
  <testcase name="sfmloadtest" time="23.309" classname="com.loadsfm.tests.Activity_ContactBased"/>
  <testcase name="sfmloadtest" time="23.370" classname="com.loadsfm.tests.Activity_ContactBased"/>
  <testcase name="sfmloadtest" time="23.360" classname="com.loadsfm.tests.Activity_ContactBased"/>
  <testcase name="sfmloadtest" time="23.268" classname="com.loadsfm.tests.Activity_ContactBased"/>
  <testcase name="sfmloadtest" time="23.496" classname="com.loadsfm.tests.Activity_ContactBased"/>
  <testcase name="sfmloadtest" time="23.425" classname="com.loadsfm.tests.Activity_ContactBased"/>
  <testcase name="sfmloadtest" time="23.457" classname="com.loadsfm.tests.Activity_ContactBased"/>
  <testcase name="sfmloadtest" time="23.356" classname="com.loadsfm.tests.Activity_ContactBased"/>
  <testcase name="sfmloadtest" time="23.296" classname="com.loadsfm.tests.Activity_ContactBased"/>
  <testcase name="sfmloadtest" time="23.591" classname="com.loadsfm.tests.Activity_ContactBased"/>
  <testcase name="sfmloadtest" time="23.554" classname="com.loadsfm.tests.Activity_ContactBased"/>
  <testcase name="sfmloadtest" time="23.516" classname="com.loadsfm.tests.Activity_ContactBased"/>
  <testcase name="sfmloadtest" time="23.608" classname="com.loadsfm.tests.Activity_ContactBased"/>
  <testcase name="sfmloadtest" time="23.404" classname="com.loadsfm.tests.Activity_ContactBased"/>
  <testcase name="sfmloadtest" time="23.666" classname="com.loadsfm.tests.Activity_ContactBased"/>
  <testcase name="sfmloadtest" time="23.790" classname="com.loadsfm.tests.Activity_ContactBased"/>
  <testcase name="sfmloadtest" time="23.420" classname="com.loadsfm.tests.Activity_ContactBased"/>
  <testcase name="sfmloadtest" time="23.312" classname="com.loadsfm.tests.Activity_ContactBased"/>
  <testcase name="sfmloadtest" time="23.226" classname="com.loadsfm.tests.Activity_ContactBased"/>
  <testcase name="sfmloadtest" time="22.827" classname="com.loadsfm.tests.Activity_ContactBased"/>
  <testcase name="sfmloadtest" time="23.427" classname="com.loadsfm.tests.Activity_ContactBased"/>
  <testcase name="sfmloadtest" time="23.579" classname="com.loadsfm.tests.Activity_ContactBased"/>
  <testcase name="sfmloadtest" time="23.428" classname="com.loadsfm.tests.Activity_ContactBased"/>
  <testcase name="sfmloadtest" time="23.523" classname="com.loadsfm.tests.Activity_ContactBased"/>
  <testcase name="sfmloadtest" time="23.474" classname="com.loadsfm.tests.Activity_ContactBased"/>
  <testcase name="sfmloadtest" time="23.086" classname="com.loadsfm.tests.Activity_ContactBased"/>
  <testcase name="sfmloadtest" time="23.273" classname="com.loadsfm.tests.Activity_ContactBased"/>
  <testcase name="sfmloadtest" time="23.449" classname="com.loadsfm.tests.Activity_ContactBased"/>
  <testcase name="sfmloadtest" time="23.594" classname="com.loadsfm.tests.Activity_ContactBased"/>
  <testcase name="sfmloadtest" time="23.083" classname="com.loadsfm.tests.Activity_ContactBased"/>
  <testcase name="sfmloadtest" time="23.512" classname="com.loadsfm.tests.Activity_ContactBased"/>
  <testcase name="sfmloadtest" time="23.576" classname="com.loadsfm.tests.Activity_ContactBased"/>
  <testcase name="sfmloadtest" time="23.263" classname="com.loadsfm.tests.Activity_ContactBased"/>
  <testcase name="sfmloadtest" time="23.105" classname="com.loadsfm.tests.Activity_ContactBased"/>
  <testcase name="sfmloadtest" time="23.454" classname="com.loadsfm.tests.Activity_ContactBased"/>
  <testcase name="sfmloadtest" time="23.891" classname="com.loadsfm.tests.Activity_ContactBased"/>
  <testcase name="sfmloadtest" time="23.372" classname="com.loadsfm.tests.Activity_ContactBased"/>
  <testcase name="sfmloadtest" time="24.105" classname="com.loadsfm.tests.Activity_ContactBased"/>
  <testcase name="sfmloadtest" time="23.554" classname="com.loadsfm.tests.Activity_ContactBased"/>
  <testcase name="sfmloadtest" time="23.727" classname="com.loadsfm.tests.Activity_ContactBased"/>
  <testcase name="sfmloadtest" time="23.384" classname="com.loadsfm.tests.Activity_ContactBased"/>
  <testcase name="sfmloadtest" time="23.413" classname="com.loadsfm.tests.Activity_ContactBased"/>
  <testcase name="sfmloadtest" time="23.349" classname="com.loadsfm.tests.Activity_ContactBased"/>
  <testcase name="sfmloadtest" time="23.360" classname="com.loadsfm.tests.Activity_ContactBased"/>
  <testcase name="sfmloadtest" time="23.355" classname="com.loadsfm.tests.Activity_ContactBased"/>
  <testcase name="sfmloadtest" time="23.176" classname="com.loadsfm.tests.Activity_ContactBased"/>
  <testcase name="sfmloadtest" time="23.435" classname="com.loadsfm.tests.Activity_ContactBased"/>
  <testcase name="sfmloadtest" time="23.588" classname="com.loadsfm.tests.Activity_ContactBased"/>
  <testcase name="sfmloadtest" time="23.454" classname="com.loadsfm.tests.Activity_ContactBased"/>
  <testcase name="sfmloadtest" time="23.476" classname="com.loadsfm.tests.Activity_ContactBased"/>
  <testcase name="sfmloadtest" time="23.558" classname="com.loadsfm.tests.Activity_ContactBased"/>
  <testcase name="sfmloadtest" time="23.186" classname="com.loadsfm.tests.Activity_ContactBased"/>
  <testcase name="sfmloadtest" time="23.556" classname="com.loadsfm.tests.Activity_ContactBased"/>
  <testcase name="sfmloadtest" time="23.345" classname="com.loadsfm.tests.Activity_ContactBased"/>
  <testcase name="sfmloadtest" time="23.285" classname="com.loadsfm.tests.Activity_ContactBased"/>
  <testcase name="sfmloadtest" time="23.472" classname="com.loadsfm.tests.Activity_ContactBased"/>
  <testcase name="sfmloadtest" time="23.508" classname="com.loadsfm.tests.Activity_ContactBased"/>
  <testcase name="sfmloadtest" time="23.732" classname="com.loadsfm.tests.Activity_ContactBased"/>
  <testcase name="sfmloadtest" time="23.470" classname="com.loadsfm.tests.Activity_ContactBased"/>
  <testcase name="sfmloadtest" time="23.451" classname="com.loadsfm.tests.Activity_ContactBased"/>
  <testcase name="sfmloadtest" time="23.498" classname="com.loadsfm.tests.Activity_ContactBased"/>
  <testcase name="sfmloadtest" time="23.513" classname="com.loadsfm.tests.Activity_ContactBased"/>
  <testcase name="sfmloadtest" time="23.329" classname="com.loadsfm.tests.Activity_ContactBased"/>
  <testcase name="sfmloadtest" time="23.419" classname="com.loadsfm.tests.Activity_ContactBased"/>
  <testcase name="sfmloadtest" time="23.555" classname="com.loadsfm.tests.Activity_ContactBased"/>
  <testcase name="sfmloadtest" time="23.436" classname="com.loadsfm.tests.Activity_ContactBased"/>
  <testcase name="sfmloadtest" time="23.519" classname="com.loadsfm.tests.Activity_ContactBased"/>
  <testcase name="sfmloadtest" time="23.590" classname="com.loadsfm.tests.Activity_ContactBased"/>
  <testcase name="sfmloadtest" time="23.410" classname="com.loadsfm.tests.Activity_ContactBased"/>
  <testcase name="sfmloadtest" time="23.380" classname="com.loadsfm.tests.Activity_ContactBased"/>
  <testcase name="sfmloadtest" time="23.592" classname="com.loadsfm.tests.Activity_ContactBased"/>
  <testcase name="sfmloadtest" time="24.058" classname="com.loadsfm.tests.Activity_ContactBased"/>
  <testcase name="sfmloadtest" time="23.337" classname="com.loadsfm.tests.Activity_ContactBased"/>
  <testcase name="sfmloadtest" time="23.627" classname="com.loadsfm.tests.Activity_ContactBased"/>
  <testcase name="sfmloadtest" time="23.611" classname="com.loadsfm.tests.Activity_ContactBased"/>
  <testcase name="sfmloadtest" time="23.440" classname="com.loadsfm.tests.Activity_ContactBased"/>
  <testcase name="sfmloadtest" time="23.423" classname="com.loadsfm.tests.Activity_ContactBased"/>
  <testcase name="sfmloadtest" time="23.420" classname="com.loadsfm.tests.Activity_ContactBased"/>
  <testcase name="sfmloadtest" time="23.598" classname="com.loadsfm.tests.Activity_ContactBased"/>
  <testcase name="sfmloadtest" time="23.403" classname="com.loadsfm.tests.Activity_ContactBased"/>
  <testcase name="sfmloadtest" time="23.443" classname="com.loadsfm.tests.Activity_ContactBased"/>
  <testcase name="sfmloadtest" time="23.637" classname="com.loadsfm.tests.Activity_ContactBased"/>
  <testcase name="sfmloadtest" time="23.339" classname="com.loadsfm.tests.Activity_ContactBased"/>
  <testcase name="sfmloadtest" time="23.916" classname="com.loadsfm.tests.Activity_ContactBased"/>
  <testcase name="sfmloadtest" time="23.643" classname="com.loadsfm.tests.Activity_ContactBased"/>
  <testcase name="sfmloadtest" time="23.582" classname="com.loadsfm.tests.Activity_ContactBased"/>
  <testcase name="sfmloadtest" time="23.060" classname="com.loadsfm.tests.Activity_ContactBased"/>
  <testcase name="sfmloadtest" time="23.685" classname="com.loadsfm.tests.Activity_ContactBased"/>
  <testcase name="sfmloadtest" time="23.489" classname="com.loadsfm.tests.Activity_ContactBased"/>
  <testcase name="sfmloadtest" time="23.653" classname="com.loadsfm.tests.Activity_ContactBased"/>
  <testcase name="sfmloadtest" time="23.307" classname="com.loadsfm.tests.Activity_ContactBased"/>
  <testcase name="sfmloadtest" time="23.349" classname="com.loadsfm.tests.Activity_ContactBased"/>
  <testcase name="sfmloadtest" time="23.327" classname="com.loadsfm.tests.Activity_ContactBased"/>
  <testcase name="sfmloadtest" time="23.593" classname="com.loadsfm.tests.Activity_ContactBased"/>
  <testcase name="sfmloadtest" time="23.510" classname="com.loadsfm.tests.Activity_ContactBased"/>
  <testcase name="sfmloadtest" time="23.459" classname="com.loadsfm.tests.Activity_ContactBased"/>
  <testcase name="sfmloadtest" time="23.556" classname="com.loadsfm.tests.Activity_ContactBased"/>
  <testcase name="sfmloadtest" time="23.109" classname="com.loadsfm.tests.Activity_ContactBased"/>
  <testcase name="sfmloadtest" time="23.442" classname="com.loadsfm.tests.Activity_ContactBased"/>
  <testcase name="sfmloadtest" time="23.364" classname="com.loadsfm.tests.Activity_ContactBased"/>
  <testcase name="sfmloadtest" time="23.554" classname="com.loadsfm.tests.Activity_ContactBased"/>
  <testcase name="sfmloadtest" time="23.220" classname="com.loadsfm.tests.Activity_ContactBased"/>
  <testcase name="sfmloadtest" time="23.436" classname="com.loadsfm.tests.Activity_ContactBased"/>
  <testcase name="sfmloadtest" time="23.361" classname="com.loadsfm.tests.Activity_ContactBased"/>
  <testcase name="sfmloadtest" time="23.684" classname="com.loadsfm.tests.Activity_ContactBased"/>
  <testcase name="sfmloadtest" time="24.026" classname="com.loadsfm.tests.Activity_ContactBased"/>
  <testcase name="sfmloadtest" time="23.459" classname="com.loadsfm.tests.Activity_ContactBased"/>
  <testcase name="sfmloadtest" time="23.444" classname="com.loadsfm.tests.Activity_ContactBased"/>
  <testcase name="sfmloadtest" time="23.731" classname="com.loadsfm.tests.Activity_ContactBased"/>
  <testcase name="sfmloadtest" time="23.465" classname="com.loadsfm.tests.Activity_ContactBased"/>
  <testcase name="sfmloadtest" time="23.902" classname="com.loadsfm.tests.Activity_ContactBased"/>
  <testcase name="sfmloadtest" time="23.254" classname="com.loadsfm.tests.Activity_ContactBased"/>
  <testcase name="sfmloadtest" time="23.559" classname="com.loadsfm.tests.Activity_ContactBased"/>
  <testcase name="sfmloadtest" time="23.656" classname="com.loadsfm.tests.Activity_ContactBased"/>
  <testcase name="sfmloadtest" time="23.343" classname="com.loadsfm.tests.Activity_ContactBased"/>
  <testcase name="sfmloadtest" time="23.685" classname="com.loadsfm.tests.Activity_ContactBased"/>
  <testcase name="sfmloadtest" time="23.261" classname="com.loadsfm.tests.Activity_ContactBased"/>
  <testcase name="sfmloadtest" time="23.322" classname="com.loadsfm.tests.Activity_ContactBased"/>
  <testcase name="sfmloadtest" time="23.501" classname="com.loadsfm.tests.Activity_ContactBased"/>
  <testcase name="sfmloadtest" time="22.984" classname="com.loadsfm.tests.Activity_ContactBased"/>
  <testcase name="sfmloadtest" time="23.572" classname="com.loadsfm.tests.Activity_ContactBased"/>
  <testcase name="sfmloadtest" time="23.326" classname="com.loadsfm.tests.Activity_ContactBased"/>
  <testcase name="sfmloadtest" time="23.296" classname="com.loadsfm.tests.Activity_ContactBased"/>
  <testcase name="sfmloadtest" time="23.579" classname="com.loadsfm.tests.Activity_ContactBased"/>
  <testcase name="sfmloadtest" time="23.327" classname="com.loadsfm.tests.Activity_ContactBased"/>
  <testcase name="sfmloadtest" time="23.497" classname="com.loadsfm.tests.Activity_ContactBased"/>
  <testcase name="sfmloadtest" time="23.866" classname="com.loadsfm.tests.Activity_ContactBased"/>
  <testcase name="sfmloadtest" time="23.566" classname="com.loadsfm.tests.Activity_ContactBased"/>
  <testcase name="sfmloadtest" time="23.622" classname="com.loadsfm.tests.Activity_ContactBased"/>
  <testcase name="sfmloadtest" time="23.437" classname="com.loadsfm.tests.Activity_ContactBased"/>
  <testcase name="sfmloadtest" time="23.437" classname="com.loadsfm.tests.Activity_ContactBased"/>
  <testcase name="sfmloadtest" time="23.325" classname="com.loadsfm.tests.Activity_ContactBased"/>
  <testcase name="sfmloadtest" time="23.490" classname="com.loadsfm.tests.Activity_ContactBased"/>
  <testcase name="sfmloadtest" time="23.722" classname="com.loadsfm.tests.Activity_ContactBased"/>
  <testcase name="sfmloadtest" time="23.543" classname="com.loadsfm.tests.Activity_ContactBased"/>
  <testcase name="sfmloadtest" time="23.469" classname="com.loadsfm.tests.Activity_ContactBased"/>
  <testcase name="sfmloadtest" time="23.116" classname="com.loadsfm.tests.Activity_ContactBased"/>
  <testcase name="sfmloadtest" time="23.184" classname="com.loadsfm.tests.Activity_ContactBased"/>
  <testcase name="sfmloadtest" time="23.486" classname="com.loadsfm.tests.Activity_ContactBased"/>
  <testcase name="sfmloadtest" time="23.396" classname="com.loadsfm.tests.Activity_ContactBased"/>
  <testcase name="sfmloadtest" time="23.416" classname="com.loadsfm.tests.Activity_ContactBased"/>
  <testcase name="sfmloadtest" time="23.612" classname="com.loadsfm.tests.Activity_ContactBased"/>
  <testcase name="sfmloadtest" time="23.337" classname="com.loadsfm.tests.Activity_ContactBased"/>
  <testcase name="sfmloadtest" time="23.681" classname="com.loadsfm.tests.Activity_ContactBased"/>
  <testcase name="sfmloadtest" time="23.210" classname="com.loadsfm.tests.Activity_ContactBased"/>
  <testcase name="sfmloadtest" time="23.688" classname="com.loadsfm.tests.Activity_ContactBased"/>
  <testcase name="sfmloadtest" time="23.563" classname="com.loadsfm.tests.Activity_ContactBased"/>
  <testcase name="sfmloadtest" time="23.380" classname="com.loadsfm.tests.Activity_ContactBased"/>
  <testcase name="sfmloadtest" time="23.595" classname="com.loadsfm.tests.Activity_ContactBased"/>
  <testcase name="sfmloadtest" time="23.384" classname="com.loadsfm.tests.Activity_ContactBased"/>
  <testcase name="sfmloadtest" time="23.313" classname="com.loadsfm.tests.Activity_ContactBased"/>
  <testcase name="sfmloadtest" time="23.438" classname="com.loadsfm.tests.Activity_ContactBased"/>
  <testcase name="sfmloadtest" time="23.569" classname="com.loadsfm.tests.Activity_ContactBased"/>
  <testcase name="sfmloadtest" time="23.148" classname="com.loadsfm.tests.Activity_ContactBased"/>
  <testcase name="sfmloadtest" time="23.607" classname="com.loadsfm.tests.Activity_ContactBased"/>
  <testcase name="sfmloadtest" time="23.408" classname="com.loadsfm.tests.Activity_ContactBased"/>
  <testcase name="sfmloadtest" time="23.571" classname="com.loadsfm.tests.Activity_ContactBased"/>
  <testcase name="sfmloadtest" time="23.531" classname="com.loadsfm.tests.Activity_ContactBased"/>
  <testcase name="sfmloadtest" time="23.322" classname="com.loadsfm.tests.Activity_ContactBased"/>
  <testcase name="sfmloadtest" time="23.284" classname="com.loadsfm.tests.Activity_ContactBased"/>
  <testcase name="sfmloadtest" time="23.437" classname="com.loadsfm.tests.Activity_ContactBased"/>
  <testcase name="sfmloadtest" time="23.352" classname="com.loadsfm.tests.Activity_ContactBased"/>
  <testcase name="sfmloadtest" time="23.330" classname="com.loadsfm.tests.Activity_ContactBased"/>
  <testcase name="sfmloadtest" time="23.760" classname="com.loadsfm.tests.Activity_ContactBased"/>
  <testcase name="sfmloadtest" time="23.567" classname="com.loadsfm.tests.Activity_ContactBased"/>
  <testcase name="sfmloadtest" time="23.495" classname="com.loadsfm.tests.Activity_ContactBased"/>
  <testcase name="sfmloadtest" time="23.537" classname="com.loadsfm.tests.Activity_ContactBased"/>
  <testcase name="sfmloadtest" time="23.637" classname="com.loadsfm.tests.Activity_ContactBased"/>
  <testcase name="sfmloadtest" time="23.292" classname="com.loadsfm.tests.Activity_ContactBased"/>
  <testcase name="sfmloadtest" time="23.175" classname="com.loadsfm.tests.Activity_ContactBased"/>
  <testcase name="sfmloadtest" time="23.399" classname="com.loadsfm.tests.Activity_ContactBased"/>
  <testcase name="sfmloadtest" time="23.159" classname="com.loadsfm.tests.Activity_ContactBased"/>
  <testcase name="sfmloadtest" time="23.485" classname="com.loadsfm.tests.Activity_ContactBased"/>
  <testcase name="sfmloadtest" time="23.324" classname="com.loadsfm.tests.Activity_ContactBased"/>
  <testcase name="sfmloadtest" time="23.479" classname="com.loadsfm.tests.Activity_ContactBased"/>
  <testcase name="sfmloadtest" time="23.393" classname="com.loadsfm.tests.Activity_ContactBased"/>
  <testcase name="sfmloadtest" time="23.446" classname="com.loadsfm.tests.Activity_ContactBased"/>
  <testcase name="sfmloadtest" time="23.399" classname="com.loadsfm.tests.Activity_ContactBased"/>
  <testcase name="sfmloadtest" time="23.653" classname="com.loadsfm.tests.Activity_ContactBased"/>
  <testcase name="sfmloadtest" time="23.430" classname="com.loadsfm.tests.Activity_ContactBased"/>
  <testcase name="sfmloadtest" time="23.609" classname="com.loadsfm.tests.Activity_ContactBased"/>
  <testcase name="sfmloadtest" time="23.269" classname="com.loadsfm.tests.Activity_ContactBased"/>
  <testcase name="sfmloadtest" time="23.159" classname="com.loadsfm.tests.Activity_ContactBased"/>
  <testcase name="sfmloadtest" time="23.392" classname="com.loadsfm.tests.Activity_ContactBased"/>
  <testcase name="sfmloadtest" time="23.141" classname="com.loadsfm.tests.Activity_ContactBased"/>
  <testcase name="sfmloadtest" time="23.235" classname="com.loadsfm.tests.Activity_ContactBased"/>
  <testcase name="sfmloadtest" time="23.640" classname="com.loadsfm.tests.Activity_ContactBased"/>
  <testcase name="sfmloadtest" time="23.299" classname="com.loadsfm.tests.Activity_ContactBased"/>
  <testcase name="sfmloadtest" time="23.387" classname="com.loadsfm.tests.Activity_ContactBased"/>
  <testcase name="sfmloadtest" time="23.466" classname="com.loadsfm.tests.Activity_ContactBased"/>
  <testcase name="sfmloadtest" time="23.307" classname="com.loadsfm.tests.Activity_ContactBased"/>
  <testcase name="sfmloadtest" time="23.363" classname="com.loadsfm.tests.Activity_ContactBased"/>
  <testcase name="sfmloadtest" time="23.348" classname="com.loadsfm.tests.Activity_ContactBased"/>
  <testcase name="sfmloadtest" time="23.405" classname="com.loadsfm.tests.Activity_ContactBased"/>
  <testcase name="sfmloadtest" time="23.736" classname="com.loadsfm.tests.Activity_ContactBased"/>
  <testcase name="sfmloadtest" time="23.840" classname="com.loadsfm.tests.Activity_ContactBased"/>
  <testcase name="sfmloadtest" time="23.505" classname="com.loadsfm.tests.Activity_ContactBased"/>
  <testcase name="sfmloadtest" time="28.358" classname="com.loadsfm.tests.Activity_ContactBased"/>
  <testcase name="sfmloadtest" time="23.319" classname="com.loadsfm.tests.Activity_ContactBased"/>
  <testcase name="sfmloadtest" time="23.614" classname="com.loadsfm.tests.Activity_ContactBased"/>
  <testcase name="sfmloadtest" time="23.686" classname="com.loadsfm.tests.Activity_ContactBased"/>
  <testcase name="sfmloadtest" time="23.389" classname="com.loadsfm.tests.Activity_ContactBased"/>
  <testcase name="sfmloadtest" time="23.520" classname="com.loadsfm.tests.Activity_ContactBased"/>
  <testcase name="sfmloadtest" time="23.413" classname="com.loadsfm.tests.Activity_ContactBased"/>
  <testcase name="sfmloadtest" time="23.841" classname="com.loadsfm.tests.Activity_ContactBased"/>
  <testcase name="sfmloadtest" time="23.553" classname="com.loadsfm.tests.Activity_ContactBased"/>
  <testcase name="sfmloadtest" time="23.576" classname="com.loadsfm.tests.Activity_ContactBased"/>
  <testcase name="sfmloadtest" time="23.605" classname="com.loadsfm.tests.Activity_ContactBased"/>
  <testcase name="sfmloadtest" time="23.418" classname="com.loadsfm.tests.Activity_ContactBased"/>
</testsuite> <!-- com.loadsfm.tests.Activity_ContactBased -->
