<?xml version="1.0" encoding="UTF-8"?>
<!-- Generated by org.testng.reporters.JUnitReportReporter -->
<testsuite skipped="0" hostname="VBTSCPTESTING02" name="com.loadsfm.tests.Activity_LeadBased" tests="500" failures="0" timestamp="30 Oct 2018 12:03:36 GMT" time="11797.981" errors="0">
  <testcase name="sfmloadtest" time="23.149" classname="com.loadsfm.tests.Activity_LeadBased"/>
  <testcase name="sfmloadtest" time="23.456" classname="com.loadsfm.tests.Activity_LeadBased"/>
  <testcase name="sfmloadtest" time="23.313" classname="com.loadsfm.tests.Activity_LeadBased"/>
  <testcase name="sfmloadtest" time="23.314" classname="com.loadsfm.tests.Activity_LeadBased"/>
  <testcase name="sfmloadtest" time="23.357" classname="com.loadsfm.tests.Activity_LeadBased"/>
  <testcase name="sfmloadtest" time="23.385" classname="com.loadsfm.tests.Activity_LeadBased"/>
  <testcase name="sfmloadtest" time="23.875" classname="com.loadsfm.tests.Activity_LeadBased"/>
  <testcase name="sfmloadtest" time="23.203" classname="com.loadsfm.tests.Activity_LeadBased"/>
  <testcase name="sfmloadtest" time="23.760" classname="com.loadsfm.tests.Activity_LeadBased"/>
  <testcase name="sfmloadtest" time="23.273" classname="com.loadsfm.tests.Activity_LeadBased"/>
  <testcase name="sfmloadtest" time="23.207" classname="com.loadsfm.tests.Activity_LeadBased"/>
  <testcase name="sfmloadtest" time="23.349" classname="com.loadsfm.tests.Activity_LeadBased"/>
  <testcase name="sfmloadtest" time="27.927" classname="com.loadsfm.tests.Activity_LeadBased"/>
  <testcase name="sfmloadtest" time="23.276" classname="com.loadsfm.tests.Activity_LeadBased"/>
  <testcase name="sfmloadtest" time="23.296" classname="com.loadsfm.tests.Activity_LeadBased"/>
  <testcase name="sfmloadtest" time="27.488" classname="com.loadsfm.tests.Activity_LeadBased"/>
  <testcase name="sfmloadtest" time="23.306" classname="com.loadsfm.tests.Activity_LeadBased"/>
  <testcase name="sfmloadtest" time="23.399" classname="com.loadsfm.tests.Activity_LeadBased"/>
  <testcase name="sfmloadtest" time="23.250" classname="com.loadsfm.tests.Activity_LeadBased"/>
  <testcase name="sfmloadtest" time="23.219" classname="com.loadsfm.tests.Activity_LeadBased"/>
  <testcase name="sfmloadtest" time="23.608" classname="com.loadsfm.tests.Activity_LeadBased"/>
  <testcase name="sfmloadtest" time="23.392" classname="com.loadsfm.tests.Activity_LeadBased"/>
  <testcase name="sfmloadtest" time="23.453" classname="com.loadsfm.tests.Activity_LeadBased"/>
  <testcase name="sfmloadtest" time="23.407" classname="com.loadsfm.tests.Activity_LeadBased"/>
  <testcase name="sfmloadtest" time="23.550" classname="com.loadsfm.tests.Activity_LeadBased"/>
  <testcase name="sfmloadtest" time="23.354" classname="com.loadsfm.tests.Activity_LeadBased"/>
  <testcase name="sfmloadtest" time="25.286" classname="com.loadsfm.tests.Activity_LeadBased"/>
  <testcase name="sfmloadtest" time="23.573" classname="com.loadsfm.tests.Activity_LeadBased"/>
  <testcase name="sfmloadtest" time="23.097" classname="com.loadsfm.tests.Activity_LeadBased"/>
  <testcase name="sfmloadtest" time="23.255" classname="com.loadsfm.tests.Activity_LeadBased"/>
  <testcase name="sfmloadtest" time="23.556" classname="com.loadsfm.tests.Activity_LeadBased"/>
  <testcase name="sfmloadtest" time="23.669" classname="com.loadsfm.tests.Activity_LeadBased"/>
  <testcase name="sfmloadtest" time="23.289" classname="com.loadsfm.tests.Activity_LeadBased"/>
  <testcase name="sfmloadtest" time="28.351" classname="com.loadsfm.tests.Activity_LeadBased"/>
  <testcase name="sfmloadtest" time="23.493" classname="com.loadsfm.tests.Activity_LeadBased"/>
  <testcase name="sfmloadtest" time="23.276" classname="com.loadsfm.tests.Activity_LeadBased"/>
  <testcase name="sfmloadtest" time="23.486" classname="com.loadsfm.tests.Activity_LeadBased"/>
  <testcase name="sfmloadtest" time="23.265" classname="com.loadsfm.tests.Activity_LeadBased"/>
  <testcase name="sfmloadtest" time="23.801" classname="com.loadsfm.tests.Activity_LeadBased"/>
  <testcase name="sfmloadtest" time="23.098" classname="com.loadsfm.tests.Activity_LeadBased"/>
  <testcase name="sfmloadtest" time="23.355" classname="com.loadsfm.tests.Activity_LeadBased"/>
  <testcase name="sfmloadtest" time="23.248" classname="com.loadsfm.tests.Activity_LeadBased"/>
  <testcase name="sfmloadtest" time="23.501" classname="com.loadsfm.tests.Activity_LeadBased"/>
  <testcase name="sfmloadtest" time="23.188" classname="com.loadsfm.tests.Activity_LeadBased"/>
  <testcase name="sfmloadtest" time="23.393" classname="com.loadsfm.tests.Activity_LeadBased"/>
  <testcase name="sfmloadtest" time="23.317" classname="com.loadsfm.tests.Activity_LeadBased"/>
  <testcase name="sfmloadtest" time="23.645" classname="com.loadsfm.tests.Activity_LeadBased"/>
  <testcase name="sfmloadtest" time="23.278" classname="com.loadsfm.tests.Activity_LeadBased"/>
  <testcase name="sfmloadtest" time="23.409" classname="com.loadsfm.tests.Activity_LeadBased"/>
  <testcase name="sfmloadtest" time="23.498" classname="com.loadsfm.tests.Activity_LeadBased"/>
  <testcase name="sfmloadtest" time="23.503" classname="com.loadsfm.tests.Activity_LeadBased"/>
  <testcase name="sfmloadtest" time="23.412" classname="com.loadsfm.tests.Activity_LeadBased"/>
  <testcase name="sfmloadtest" time="23.266" classname="com.loadsfm.tests.Activity_LeadBased"/>
  <testcase name="sfmloadtest" time="23.580" classname="com.loadsfm.tests.Activity_LeadBased"/>
  <testcase name="sfmloadtest" time="23.219" classname="com.loadsfm.tests.Activity_LeadBased"/>
  <testcase name="sfmloadtest" time="23.275" classname="com.loadsfm.tests.Activity_LeadBased"/>
  <testcase name="sfmloadtest" time="23.311" classname="com.loadsfm.tests.Activity_LeadBased"/>
  <testcase name="sfmloadtest" time="23.393" classname="com.loadsfm.tests.Activity_LeadBased"/>
  <testcase name="sfmloadtest" time="23.092" classname="com.loadsfm.tests.Activity_LeadBased"/>
  <testcase name="sfmloadtest" time="23.786" classname="com.loadsfm.tests.Activity_LeadBased"/>
  <testcase name="sfmloadtest" time="23.464" classname="com.loadsfm.tests.Activity_LeadBased"/>
  <testcase name="sfmloadtest" time="28.365" classname="com.loadsfm.tests.Activity_LeadBased"/>
  <testcase name="sfmloadtest" time="23.068" classname="com.loadsfm.tests.Activity_LeadBased"/>
  <testcase name="sfmloadtest" time="23.757" classname="com.loadsfm.tests.Activity_LeadBased"/>
  <testcase name="sfmloadtest" time="28.247" classname="com.loadsfm.tests.Activity_LeadBased"/>
  <testcase name="sfmloadtest" time="23.367" classname="com.loadsfm.tests.Activity_LeadBased"/>
  <testcase name="sfmloadtest" time="23.337" classname="com.loadsfm.tests.Activity_LeadBased"/>
  <testcase name="sfmloadtest" time="23.419" classname="com.loadsfm.tests.Activity_LeadBased"/>
  <testcase name="sfmloadtest" time="23.255" classname="com.loadsfm.tests.Activity_LeadBased"/>
  <testcase name="sfmloadtest" time="23.394" classname="com.loadsfm.tests.Activity_LeadBased"/>
  <testcase name="sfmloadtest" time="23.525" classname="com.loadsfm.tests.Activity_LeadBased"/>
  <testcase name="sfmloadtest" time="23.692" classname="com.loadsfm.tests.Activity_LeadBased"/>
  <testcase name="sfmloadtest" time="23.305" classname="com.loadsfm.tests.Activity_LeadBased"/>
  <testcase name="sfmloadtest" time="23.540" classname="com.loadsfm.tests.Activity_LeadBased"/>
  <testcase name="sfmloadtest" time="23.361" classname="com.loadsfm.tests.Activity_LeadBased"/>
  <testcase name="sfmloadtest" time="23.138" classname="com.loadsfm.tests.Activity_LeadBased"/>
  <testcase name="sfmloadtest" time="23.369" classname="com.loadsfm.tests.Activity_LeadBased"/>
  <testcase name="sfmloadtest" time="22.977" classname="com.loadsfm.tests.Activity_LeadBased"/>
  <testcase name="sfmloadtest" time="23.470" classname="com.loadsfm.tests.Activity_LeadBased"/>
  <testcase name="sfmloadtest" time="23.609" classname="com.loadsfm.tests.Activity_LeadBased"/>
  <testcase name="sfmloadtest" time="23.331" classname="com.loadsfm.tests.Activity_LeadBased"/>
  <testcase name="sfmloadtest" time="23.153" classname="com.loadsfm.tests.Activity_LeadBased"/>
  <testcase name="sfmloadtest" time="23.683" classname="com.loadsfm.tests.Activity_LeadBased"/>
  <testcase name="sfmloadtest" time="23.241" classname="com.loadsfm.tests.Activity_LeadBased"/>
  <testcase name="sfmloadtest" time="23.035" classname="com.loadsfm.tests.Activity_LeadBased"/>
  <testcase name="sfmloadtest" time="23.250" classname="com.loadsfm.tests.Activity_LeadBased"/>
  <testcase name="sfmloadtest" time="23.385" classname="com.loadsfm.tests.Activity_LeadBased"/>
  <testcase name="sfmloadtest" time="23.503" classname="com.loadsfm.tests.Activity_LeadBased"/>
  <testcase name="sfmloadtest" time="23.584" classname="com.loadsfm.tests.Activity_LeadBased"/>
  <testcase name="sfmloadtest" time="23.332" classname="com.loadsfm.tests.Activity_LeadBased"/>
  <testcase name="sfmloadtest" time="23.667" classname="com.loadsfm.tests.Activity_LeadBased"/>
  <testcase name="sfmloadtest" time="22.962" classname="com.loadsfm.tests.Activity_LeadBased"/>
  <testcase name="sfmloadtest" time="23.594" classname="com.loadsfm.tests.Activity_LeadBased"/>
  <testcase name="sfmloadtest" time="23.284" classname="com.loadsfm.tests.Activity_LeadBased"/>
  <testcase name="sfmloadtest" time="28.428" classname="com.loadsfm.tests.Activity_LeadBased"/>
  <testcase name="sfmloadtest" time="23.442" classname="com.loadsfm.tests.Activity_LeadBased"/>
  <testcase name="sfmloadtest" time="23.442" classname="com.loadsfm.tests.Activity_LeadBased"/>
  <testcase name="sfmloadtest" time="23.332" classname="com.loadsfm.tests.Activity_LeadBased"/>
  <testcase name="sfmloadtest" time="23.376" classname="com.loadsfm.tests.Activity_LeadBased"/>
  <testcase name="sfmloadtest" time="23.308" classname="com.loadsfm.tests.Activity_LeadBased"/>
  <testcase name="sfmloadtest" time="23.297" classname="com.loadsfm.tests.Activity_LeadBased"/>
  <testcase name="sfmloadtest" time="23.362" classname="com.loadsfm.tests.Activity_LeadBased"/>
  <testcase name="sfmloadtest" time="23.180" classname="com.loadsfm.tests.Activity_LeadBased"/>
  <testcase name="sfmloadtest" time="23.344" classname="com.loadsfm.tests.Activity_LeadBased"/>
  <testcase name="sfmloadtest" time="23.225" classname="com.loadsfm.tests.Activity_LeadBased"/>
  <testcase name="sfmloadtest" time="23.330" classname="com.loadsfm.tests.Activity_LeadBased"/>
  <testcase name="sfmloadtest" time="23.382" classname="com.loadsfm.tests.Activity_LeadBased"/>
  <testcase name="sfmloadtest" time="23.339" classname="com.loadsfm.tests.Activity_LeadBased"/>
  <testcase name="sfmloadtest" time="23.288" classname="com.loadsfm.tests.Activity_LeadBased"/>
  <testcase name="sfmloadtest" time="23.227" classname="com.loadsfm.tests.Activity_LeadBased"/>
  <testcase name="sfmloadtest" time="22.963" classname="com.loadsfm.tests.Activity_LeadBased"/>
  <testcase name="sfmloadtest" time="23.292" classname="com.loadsfm.tests.Activity_LeadBased"/>
  <testcase name="sfmloadtest" time="23.213" classname="com.loadsfm.tests.Activity_LeadBased"/>
  <testcase name="sfmloadtest" time="23.528" classname="com.loadsfm.tests.Activity_LeadBased"/>
  <testcase name="sfmloadtest" time="23.240" classname="com.loadsfm.tests.Activity_LeadBased"/>
  <testcase name="sfmloadtest" time="23.496" classname="com.loadsfm.tests.Activity_LeadBased"/>
  <testcase name="sfmloadtest" time="23.244" classname="com.loadsfm.tests.Activity_LeadBased"/>
  <testcase name="sfmloadtest" time="23.244" classname="com.loadsfm.tests.Activity_LeadBased"/>
  <testcase name="sfmloadtest" time="23.596" classname="com.loadsfm.tests.Activity_LeadBased"/>
  <testcase name="sfmloadtest" time="23.070" classname="com.loadsfm.tests.Activity_LeadBased"/>
  <testcase name="sfmloadtest" time="23.683" classname="com.loadsfm.tests.Activity_LeadBased"/>
  <testcase name="sfmloadtest" time="23.201" classname="com.loadsfm.tests.Activity_LeadBased"/>
  <testcase name="sfmloadtest" time="23.466" classname="com.loadsfm.tests.Activity_LeadBased"/>
  <testcase name="sfmloadtest" time="23.148" classname="com.loadsfm.tests.Activity_LeadBased"/>
  <testcase name="sfmloadtest" time="23.455" classname="com.loadsfm.tests.Activity_LeadBased"/>
  <testcase name="sfmloadtest" time="23.187" classname="com.loadsfm.tests.Activity_LeadBased"/>
  <testcase name="sfmloadtest" time="25.107" classname="com.loadsfm.tests.Activity_LeadBased"/>
  <testcase name="sfmloadtest" time="23.332" classname="com.loadsfm.tests.Activity_LeadBased"/>
  <testcase name="sfmloadtest" time="23.192" classname="com.loadsfm.tests.Activity_LeadBased"/>
  <testcase name="sfmloadtest" time="23.954" classname="com.loadsfm.tests.Activity_LeadBased"/>
  <testcase name="sfmloadtest" time="23.454" classname="com.loadsfm.tests.Activity_LeadBased"/>
  <testcase name="sfmloadtest" time="23.596" classname="com.loadsfm.tests.Activity_LeadBased"/>
  <testcase name="sfmloadtest" time="23.328" classname="com.loadsfm.tests.Activity_LeadBased"/>
  <testcase name="sfmloadtest" time="23.518" classname="com.loadsfm.tests.Activity_LeadBased"/>
  <testcase name="sfmloadtest" time="23.401" classname="com.loadsfm.tests.Activity_LeadBased"/>
  <testcase name="sfmloadtest" time="23.613" classname="com.loadsfm.tests.Activity_LeadBased"/>
  <testcase name="sfmloadtest" time="23.593" classname="com.loadsfm.tests.Activity_LeadBased"/>
  <testcase name="sfmloadtest" time="23.417" classname="com.loadsfm.tests.Activity_LeadBased"/>
  <testcase name="sfmloadtest" time="23.467" classname="com.loadsfm.tests.Activity_LeadBased"/>
  <testcase name="sfmloadtest" time="23.270" classname="com.loadsfm.tests.Activity_LeadBased"/>
  <testcase name="sfmloadtest" time="23.253" classname="com.loadsfm.tests.Activity_LeadBased"/>
  <testcase name="sfmloadtest" time="23.442" classname="com.loadsfm.tests.Activity_LeadBased"/>
  <testcase name="sfmloadtest" time="23.187" classname="com.loadsfm.tests.Activity_LeadBased"/>
  <testcase name="sfmloadtest" time="23.351" classname="com.loadsfm.tests.Activity_LeadBased"/>
  <testcase name="sfmloadtest" time="25.632" classname="com.loadsfm.tests.Activity_LeadBased"/>
  <testcase name="sfmloadtest" time="23.409" classname="com.loadsfm.tests.Activity_LeadBased"/>
  <testcase name="sfmloadtest" time="23.219" classname="com.loadsfm.tests.Activity_LeadBased"/>
  <testcase name="sfmloadtest" time="23.281" classname="com.loadsfm.tests.Activity_LeadBased"/>
  <testcase name="sfmloadtest" time="23.291" classname="com.loadsfm.tests.Activity_LeadBased"/>
  <testcase name="sfmloadtest" time="23.398" classname="com.loadsfm.tests.Activity_LeadBased"/>
  <testcase name="sfmloadtest" time="23.630" classname="com.loadsfm.tests.Activity_LeadBased"/>
  <testcase name="sfmloadtest" time="23.334" classname="com.loadsfm.tests.Activity_LeadBased"/>
  <testcase name="sfmloadtest" time="23.225" classname="com.loadsfm.tests.Activity_LeadBased"/>
  <testcase name="sfmloadtest" time="23.313" classname="com.loadsfm.tests.Activity_LeadBased"/>
  <testcase name="sfmloadtest" time="23.463" classname="com.loadsfm.tests.Activity_LeadBased"/>
  <testcase name="sfmloadtest" time="23.159" classname="com.loadsfm.tests.Activity_LeadBased"/>
  <testcase name="sfmloadtest" time="23.115" classname="com.loadsfm.tests.Activity_LeadBased"/>
  <testcase name="sfmloadtest" time="23.417" classname="com.loadsfm.tests.Activity_LeadBased"/>
  <testcase name="sfmloadtest" time="23.703" classname="com.loadsfm.tests.Activity_LeadBased"/>
  <testcase name="sfmloadtest" time="22.992" classname="com.loadsfm.tests.Activity_LeadBased"/>
  <testcase name="sfmloadtest" time="23.254" classname="com.loadsfm.tests.Activity_LeadBased"/>
  <testcase name="sfmloadtest" time="23.416" classname="com.loadsfm.tests.Activity_LeadBased"/>
  <testcase name="sfmloadtest" time="23.389" classname="com.loadsfm.tests.Activity_LeadBased"/>
  <testcase name="sfmloadtest" time="23.647" classname="com.loadsfm.tests.Activity_LeadBased"/>
  <testcase name="sfmloadtest" time="23.759" classname="com.loadsfm.tests.Activity_LeadBased"/>
  <testcase name="sfmloadtest" time="23.422" classname="com.loadsfm.tests.Activity_LeadBased"/>
  <testcase name="sfmloadtest" time="23.550" classname="com.loadsfm.tests.Activity_LeadBased"/>
  <testcase name="sfmloadtest" time="23.322" classname="com.loadsfm.tests.Activity_LeadBased"/>
  <testcase name="sfmloadtest" time="23.330" classname="com.loadsfm.tests.Activity_LeadBased"/>
  <testcase name="sfmloadtest" time="23.560" classname="com.loadsfm.tests.Activity_LeadBased"/>
  <testcase name="sfmloadtest" time="23.507" classname="com.loadsfm.tests.Activity_LeadBased"/>
  <testcase name="sfmloadtest" time="23.459" classname="com.loadsfm.tests.Activity_LeadBased"/>
  <testcase name="sfmloadtest" time="23.427" classname="com.loadsfm.tests.Activity_LeadBased"/>
  <testcase name="sfmloadtest" time="23.300" classname="com.loadsfm.tests.Activity_LeadBased"/>
  <testcase name="sfmloadtest" time="23.259" classname="com.loadsfm.tests.Activity_LeadBased"/>
  <testcase name="sfmloadtest" time="23.381" classname="com.loadsfm.tests.Activity_LeadBased"/>
  <testcase name="sfmloadtest" time="23.286" classname="com.loadsfm.tests.Activity_LeadBased"/>
  <testcase name="sfmloadtest" time="23.545" classname="com.loadsfm.tests.Activity_LeadBased"/>
  <testcase name="sfmloadtest" time="23.310" classname="com.loadsfm.tests.Activity_LeadBased"/>
  <testcase name="sfmloadtest" time="23.508" classname="com.loadsfm.tests.Activity_LeadBased"/>
  <testcase name="sfmloadtest" time="23.219" classname="com.loadsfm.tests.Activity_LeadBased"/>
  <testcase name="sfmloadtest" time="23.110" classname="com.loadsfm.tests.Activity_LeadBased"/>
  <testcase name="sfmloadtest" time="23.232" classname="com.loadsfm.tests.Activity_LeadBased"/>
  <testcase name="sfmloadtest" time="23.279" classname="com.loadsfm.tests.Activity_LeadBased"/>
  <testcase name="sfmloadtest" time="23.856" classname="com.loadsfm.tests.Activity_LeadBased"/>
  <testcase name="sfmloadtest" time="23.436" classname="com.loadsfm.tests.Activity_LeadBased"/>
  <testcase name="sfmloadtest" time="23.553" classname="com.loadsfm.tests.Activity_LeadBased"/>
  <testcase name="sfmloadtest" time="23.562" classname="com.loadsfm.tests.Activity_LeadBased"/>
  <testcase name="sfmloadtest" time="23.386" classname="com.loadsfm.tests.Activity_LeadBased"/>
  <testcase name="sfmloadtest" time="23.373" classname="com.loadsfm.tests.Activity_LeadBased"/>
  <testcase name="sfmloadtest" time="23.400" classname="com.loadsfm.tests.Activity_LeadBased"/>
  <testcase name="sfmloadtest" time="23.305" classname="com.loadsfm.tests.Activity_LeadBased"/>
  <testcase name="sfmloadtest" time="23.282" classname="com.loadsfm.tests.Activity_LeadBased"/>
  <testcase name="sfmloadtest" time="23.343" classname="com.loadsfm.tests.Activity_LeadBased"/>
  <testcase name="sfmloadtest" time="23.464" classname="com.loadsfm.tests.Activity_LeadBased"/>
  <testcase name="sfmloadtest" time="23.606" classname="com.loadsfm.tests.Activity_LeadBased"/>
  <testcase name="sfmloadtest" time="23.460" classname="com.loadsfm.tests.Activity_LeadBased"/>
  <testcase name="sfmloadtest" time="23.538" classname="com.loadsfm.tests.Activity_LeadBased"/>
  <testcase name="sfmloadtest" time="23.268" classname="com.loadsfm.tests.Activity_LeadBased"/>
  <testcase name="sfmloadtest" time="23.200" classname="com.loadsfm.tests.Activity_LeadBased"/>
  <testcase name="sfmloadtest" time="23.515" classname="com.loadsfm.tests.Activity_LeadBased"/>
  <testcase name="sfmloadtest" time="23.422" classname="com.loadsfm.tests.Activity_LeadBased"/>
  <testcase name="sfmloadtest" time="23.379" classname="com.loadsfm.tests.Activity_LeadBased"/>
  <testcase name="sfmloadtest" time="23.406" classname="com.loadsfm.tests.Activity_LeadBased"/>
  <testcase name="sfmloadtest" time="23.298" classname="com.loadsfm.tests.Activity_LeadBased"/>
  <testcase name="sfmloadtest" time="23.401" classname="com.loadsfm.tests.Activity_LeadBased"/>
  <testcase name="sfmloadtest" time="23.261" classname="com.loadsfm.tests.Activity_LeadBased"/>
  <testcase name="sfmloadtest" time="23.637" classname="com.loadsfm.tests.Activity_LeadBased"/>
  <testcase name="sfmloadtest" time="23.438" classname="com.loadsfm.tests.Activity_LeadBased"/>
  <testcase name="sfmloadtest" time="23.553" classname="com.loadsfm.tests.Activity_LeadBased"/>
  <testcase name="sfmloadtest" time="23.400" classname="com.loadsfm.tests.Activity_LeadBased"/>
  <testcase name="sfmloadtest" time="23.449" classname="com.loadsfm.tests.Activity_LeadBased"/>
  <testcase name="sfmloadtest" time="23.126" classname="com.loadsfm.tests.Activity_LeadBased"/>
  <testcase name="sfmloadtest" time="23.339" classname="com.loadsfm.tests.Activity_LeadBased"/>
  <testcase name="sfmloadtest" time="23.468" classname="com.loadsfm.tests.Activity_LeadBased"/>
  <testcase name="sfmloadtest" time="23.396" classname="com.loadsfm.tests.Activity_LeadBased"/>
  <testcase name="sfmloadtest" time="23.399" classname="com.loadsfm.tests.Activity_LeadBased"/>
  <testcase name="sfmloadtest" time="24.804" classname="com.loadsfm.tests.Activity_LeadBased"/>
  <testcase name="sfmloadtest" time="23.718" classname="com.loadsfm.tests.Activity_LeadBased"/>
  <testcase name="sfmloadtest" time="23.630" classname="com.loadsfm.tests.Activity_LeadBased"/>
  <testcase name="sfmloadtest" time="23.422" classname="com.loadsfm.tests.Activity_LeadBased"/>
  <testcase name="sfmloadtest" time="23.263" classname="com.loadsfm.tests.Activity_LeadBased"/>
  <testcase name="sfmloadtest" time="23.197" classname="com.loadsfm.tests.Activity_LeadBased"/>
  <testcase name="sfmloadtest" time="23.714" classname="com.loadsfm.tests.Activity_LeadBased"/>
  <testcase name="sfmloadtest" time="23.545" classname="com.loadsfm.tests.Activity_LeadBased"/>
  <testcase name="sfmloadtest" time="23.233" classname="com.loadsfm.tests.Activity_LeadBased"/>
  <testcase name="sfmloadtest" time="23.298" classname="com.loadsfm.tests.Activity_LeadBased"/>
  <testcase name="sfmloadtest" time="23.696" classname="com.loadsfm.tests.Activity_LeadBased"/>
  <testcase name="sfmloadtest" time="23.203" classname="com.loadsfm.tests.Activity_LeadBased"/>
  <testcase name="sfmloadtest" time="23.559" classname="com.loadsfm.tests.Activity_LeadBased"/>
  <testcase name="sfmloadtest" time="23.506" classname="com.loadsfm.tests.Activity_LeadBased"/>
  <testcase name="sfmloadtest" time="23.537" classname="com.loadsfm.tests.Activity_LeadBased"/>
  <testcase name="sfmloadtest" time="23.294" classname="com.loadsfm.tests.Activity_LeadBased"/>
  <testcase name="sfmloadtest" time="23.575" classname="com.loadsfm.tests.Activity_LeadBased"/>
  <testcase name="sfmloadtest" time="23.111" classname="com.loadsfm.tests.Activity_LeadBased"/>
  <testcase name="sfmloadtest" time="23.322" classname="com.loadsfm.tests.Activity_LeadBased"/>
  <testcase name="sfmloadtest" time="28.538" classname="com.loadsfm.tests.Activity_LeadBased"/>
  <testcase name="sfmloadtest" time="23.549" classname="com.loadsfm.tests.Activity_LeadBased"/>
  <testcase name="sfmloadtest" time="23.318" classname="com.loadsfm.tests.Activity_LeadBased"/>
  <testcase name="sfmloadtest" time="23.282" classname="com.loadsfm.tests.Activity_LeadBased"/>
  <testcase name="sfmloadtest" time="23.205" classname="com.loadsfm.tests.Activity_LeadBased"/>
  <testcase name="sfmloadtest" time="23.209" classname="com.loadsfm.tests.Activity_LeadBased"/>
  <testcase name="sfmloadtest" time="23.311" classname="com.loadsfm.tests.Activity_LeadBased"/>
  <testcase name="sfmloadtest" time="23.454" classname="com.loadsfm.tests.Activity_LeadBased"/>
  <testcase name="sfmloadtest" time="23.599" classname="com.loadsfm.tests.Activity_LeadBased"/>
  <testcase name="sfmloadtest" time="23.179" classname="com.loadsfm.tests.Activity_LeadBased"/>
  <testcase name="sfmloadtest" time="23.263" classname="com.loadsfm.tests.Activity_LeadBased"/>
  <testcase name="sfmloadtest" time="23.446" classname="com.loadsfm.tests.Activity_LeadBased"/>
  <testcase name="sfmloadtest" time="23.412" classname="com.loadsfm.tests.Activity_LeadBased"/>
  <testcase name="sfmloadtest" time="23.292" classname="com.loadsfm.tests.Activity_LeadBased"/>
  <testcase name="sfmloadtest" time="23.623" classname="com.loadsfm.tests.Activity_LeadBased"/>
  <testcase name="sfmloadtest" time="23.497" classname="com.loadsfm.tests.Activity_LeadBased"/>
  <testcase name="sfmloadtest" time="23.505" classname="com.loadsfm.tests.Activity_LeadBased"/>
  <testcase name="sfmloadtest" time="23.539" classname="com.loadsfm.tests.Activity_LeadBased"/>
  <testcase name="sfmloadtest" time="23.549" classname="com.loadsfm.tests.Activity_LeadBased"/>
  <testcase name="sfmloadtest" time="23.570" classname="com.loadsfm.tests.Activity_LeadBased"/>
  <testcase name="sfmloadtest" time="23.407" classname="com.loadsfm.tests.Activity_LeadBased"/>
  <testcase name="sfmloadtest" time="23.166" classname="com.loadsfm.tests.Activity_LeadBased"/>
  <testcase name="sfmloadtest" time="23.370" classname="com.loadsfm.tests.Activity_LeadBased"/>
  <testcase name="sfmloadtest" time="26.811" classname="com.loadsfm.tests.Activity_LeadBased"/>
  <testcase name="sfmloadtest" time="23.348" classname="com.loadsfm.tests.Activity_LeadBased"/>
  <testcase name="sfmloadtest" time="23.167" classname="com.loadsfm.tests.Activity_LeadBased"/>
  <testcase name="sfmloadtest" time="23.574" classname="com.loadsfm.tests.Activity_LeadBased"/>
  <testcase name="sfmloadtest" time="23.530" classname="com.loadsfm.tests.Activity_LeadBased"/>
  <testcase name="sfmloadtest" time="22.936" classname="com.loadsfm.tests.Activity_LeadBased"/>
  <testcase name="sfmloadtest" time="23.303" classname="com.loadsfm.tests.Activity_LeadBased"/>
  <testcase name="sfmloadtest" time="23.383" classname="com.loadsfm.tests.Activity_LeadBased"/>
  <testcase name="sfmloadtest" time="24.080" classname="com.loadsfm.tests.Activity_LeadBased"/>
  <testcase name="sfmloadtest" time="23.238" classname="com.loadsfm.tests.Activity_LeadBased"/>
  <testcase name="sfmloadtest" time="23.158" classname="com.loadsfm.tests.Activity_LeadBased"/>
  <testcase name="sfmloadtest" time="23.032" classname="com.loadsfm.tests.Activity_LeadBased"/>
  <testcase name="sfmloadtest" time="23.323" classname="com.loadsfm.tests.Activity_LeadBased"/>
  <testcase name="sfmloadtest" time="23.198" classname="com.loadsfm.tests.Activity_LeadBased"/>
  <testcase name="sfmloadtest" time="23.294" classname="com.loadsfm.tests.Activity_LeadBased"/>
  <testcase name="sfmloadtest" time="25.144" classname="com.loadsfm.tests.Activity_LeadBased"/>
  <testcase name="sfmloadtest" time="23.322" classname="com.loadsfm.tests.Activity_LeadBased"/>
  <testcase name="sfmloadtest" time="23.274" classname="com.loadsfm.tests.Activity_LeadBased"/>
  <testcase name="sfmloadtest" time="23.105" classname="com.loadsfm.tests.Activity_LeadBased"/>
  <testcase name="sfmloadtest" time="23.660" classname="com.loadsfm.tests.Activity_LeadBased"/>
  <testcase name="sfmloadtest" time="23.226" classname="com.loadsfm.tests.Activity_LeadBased"/>
  <testcase name="sfmloadtest" time="24.048" classname="com.loadsfm.tests.Activity_LeadBased"/>
  <testcase name="sfmloadtest" time="23.258" classname="com.loadsfm.tests.Activity_LeadBased"/>
  <testcase name="sfmloadtest" time="23.480" classname="com.loadsfm.tests.Activity_LeadBased"/>
  <testcase name="sfmloadtest" time="23.820" classname="com.loadsfm.tests.Activity_LeadBased"/>
  <testcase name="sfmloadtest" time="23.673" classname="com.loadsfm.tests.Activity_LeadBased"/>
  <testcase name="sfmloadtest" time="23.402" classname="com.loadsfm.tests.Activity_LeadBased"/>
  <testcase name="sfmloadtest" time="23.330" classname="com.loadsfm.tests.Activity_LeadBased"/>
  <testcase name="sfmloadtest" time="23.461" classname="com.loadsfm.tests.Activity_LeadBased"/>
  <testcase name="sfmloadtest" time="23.192" classname="com.loadsfm.tests.Activity_LeadBased"/>
  <testcase name="sfmloadtest" time="23.484" classname="com.loadsfm.tests.Activity_LeadBased"/>
  <testcase name="sfmloadtest" time="23.539" classname="com.loadsfm.tests.Activity_LeadBased"/>
  <testcase name="sfmloadtest" time="23.354" classname="com.loadsfm.tests.Activity_LeadBased"/>
  <testcase name="sfmloadtest" time="23.409" classname="com.loadsfm.tests.Activity_LeadBased"/>
  <testcase name="sfmloadtest" time="23.005" classname="com.loadsfm.tests.Activity_LeadBased"/>
  <testcase name="sfmloadtest" time="23.286" classname="com.loadsfm.tests.Activity_LeadBased"/>
  <testcase name="sfmloadtest" time="23.284" classname="com.loadsfm.tests.Activity_LeadBased"/>
  <testcase name="sfmloadtest" time="23.177" classname="com.loadsfm.tests.Activity_LeadBased"/>
  <testcase name="sfmloadtest" time="23.439" classname="com.loadsfm.tests.Activity_LeadBased"/>
  <testcase name="sfmloadtest" time="23.206" classname="com.loadsfm.tests.Activity_LeadBased"/>
  <testcase name="sfmloadtest" time="23.463" classname="com.loadsfm.tests.Activity_LeadBased"/>
  <testcase name="sfmloadtest" time="23.262" classname="com.loadsfm.tests.Activity_LeadBased"/>
  <testcase name="sfmloadtest" time="23.581" classname="com.loadsfm.tests.Activity_LeadBased"/>
  <testcase name="sfmloadtest" time="23.377" classname="com.loadsfm.tests.Activity_LeadBased"/>
  <testcase name="sfmloadtest" time="23.446" classname="com.loadsfm.tests.Activity_LeadBased"/>
  <testcase name="sfmloadtest" time="23.308" classname="com.loadsfm.tests.Activity_LeadBased"/>
  <testcase name="sfmloadtest" time="23.464" classname="com.loadsfm.tests.Activity_LeadBased"/>
  <testcase name="sfmloadtest" time="23.399" classname="com.loadsfm.tests.Activity_LeadBased"/>
  <testcase name="sfmloadtest" time="28.040" classname="com.loadsfm.tests.Activity_LeadBased"/>
  <testcase name="sfmloadtest" time="23.284" classname="com.loadsfm.tests.Activity_LeadBased"/>
  <testcase name="sfmloadtest" time="23.387" classname="com.loadsfm.tests.Activity_LeadBased"/>
  <testcase name="sfmloadtest" time="28.641" classname="com.loadsfm.tests.Activity_LeadBased"/>
  <testcase name="sfmloadtest" time="24.279" classname="com.loadsfm.tests.Activity_LeadBased"/>
  <testcase name="sfmloadtest" time="23.257" classname="com.loadsfm.tests.Activity_LeadBased"/>
  <testcase name="sfmloadtest" time="23.469" classname="com.loadsfm.tests.Activity_LeadBased"/>
  <testcase name="sfmloadtest" time="23.519" classname="com.loadsfm.tests.Activity_LeadBased"/>
  <testcase name="sfmloadtest" time="23.463" classname="com.loadsfm.tests.Activity_LeadBased"/>
  <testcase name="sfmloadtest" time="25.558" classname="com.loadsfm.tests.Activity_LeadBased"/>
  <testcase name="sfmloadtest" time="23.391" classname="com.loadsfm.tests.Activity_LeadBased"/>
  <testcase name="sfmloadtest" time="23.443" classname="com.loadsfm.tests.Activity_LeadBased"/>
  <testcase name="sfmloadtest" time="23.642" classname="com.loadsfm.tests.Activity_LeadBased"/>
  <testcase name="sfmloadtest" time="23.534" classname="com.loadsfm.tests.Activity_LeadBased"/>
  <testcase name="sfmloadtest" time="23.176" classname="com.loadsfm.tests.Activity_LeadBased"/>
  <testcase name="sfmloadtest" time="23.264" classname="com.loadsfm.tests.Activity_LeadBased"/>
  <testcase name="sfmloadtest" time="25.171" classname="com.loadsfm.tests.Activity_LeadBased"/>
  <testcase name="sfmloadtest" time="23.558" classname="com.loadsfm.tests.Activity_LeadBased"/>
  <testcase name="sfmloadtest" time="23.525" classname="com.loadsfm.tests.Activity_LeadBased"/>
  <testcase name="sfmloadtest" time="23.325" classname="com.loadsfm.tests.Activity_LeadBased"/>
  <testcase name="sfmloadtest" time="23.325" classname="com.loadsfm.tests.Activity_LeadBased"/>
  <testcase name="sfmloadtest" time="23.165" classname="com.loadsfm.tests.Activity_LeadBased"/>
  <testcase name="sfmloadtest" time="23.165" classname="com.loadsfm.tests.Activity_LeadBased"/>
  <testcase name="sfmloadtest" time="23.160" classname="com.loadsfm.tests.Activity_LeadBased"/>
  <testcase name="sfmloadtest" time="23.228" classname="com.loadsfm.tests.Activity_LeadBased"/>
  <testcase name="sfmloadtest" time="23.472" classname="com.loadsfm.tests.Activity_LeadBased"/>
  <testcase name="sfmloadtest" time="23.887" classname="com.loadsfm.tests.Activity_LeadBased"/>
  <testcase name="sfmloadtest" time="23.333" classname="com.loadsfm.tests.Activity_LeadBased"/>
  <testcase name="sfmloadtest" time="23.536" classname="com.loadsfm.tests.Activity_LeadBased"/>
  <testcase name="sfmloadtest" time="23.374" classname="com.loadsfm.tests.Activity_LeadBased"/>
  <testcase name="sfmloadtest" time="23.440" classname="com.loadsfm.tests.Activity_LeadBased"/>
  <testcase name="sfmloadtest" time="23.385" classname="com.loadsfm.tests.Activity_LeadBased"/>
  <testcase name="sfmloadtest" time="23.140" classname="com.loadsfm.tests.Activity_LeadBased"/>
  <testcase name="sfmloadtest" time="23.318" classname="com.loadsfm.tests.Activity_LeadBased"/>
  <testcase name="sfmloadtest" time="23.455" classname="com.loadsfm.tests.Activity_LeadBased"/>
  <testcase name="sfmloadtest" time="23.211" classname="com.loadsfm.tests.Activity_LeadBased"/>
  <testcase name="sfmloadtest" time="23.411" classname="com.loadsfm.tests.Activity_LeadBased"/>
  <testcase name="sfmloadtest" time="23.349" classname="com.loadsfm.tests.Activity_LeadBased"/>
  <testcase name="sfmloadtest" time="23.376" classname="com.loadsfm.tests.Activity_LeadBased"/>
  <testcase name="sfmloadtest" time="23.698" classname="com.loadsfm.tests.Activity_LeadBased"/>
  <testcase name="sfmloadtest" time="23.205" classname="com.loadsfm.tests.Activity_LeadBased"/>
  <testcase name="sfmloadtest" time="23.562" classname="com.loadsfm.tests.Activity_LeadBased"/>
  <testcase name="sfmloadtest" time="23.432" classname="com.loadsfm.tests.Activity_LeadBased"/>
  <testcase name="sfmloadtest" time="23.415" classname="com.loadsfm.tests.Activity_LeadBased"/>
  <testcase name="sfmloadtest" time="23.308" classname="com.loadsfm.tests.Activity_LeadBased"/>
  <testcase name="sfmloadtest" time="23.410" classname="com.loadsfm.tests.Activity_LeadBased"/>
  <testcase name="sfmloadtest" time="23.279" classname="com.loadsfm.tests.Activity_LeadBased"/>
  <testcase name="sfmloadtest" time="23.470" classname="com.loadsfm.tests.Activity_LeadBased"/>
  <testcase name="sfmloadtest" time="23.618" classname="com.loadsfm.tests.Activity_LeadBased"/>
  <testcase name="sfmloadtest" time="23.546" classname="com.loadsfm.tests.Activity_LeadBased"/>
  <testcase name="sfmloadtest" time="23.446" classname="com.loadsfm.tests.Activity_LeadBased"/>
  <testcase name="sfmloadtest" time="23.112" classname="com.loadsfm.tests.Activity_LeadBased"/>
  <testcase name="sfmloadtest" time="23.213" classname="com.loadsfm.tests.Activity_LeadBased"/>
  <testcase name="sfmloadtest" time="23.662" classname="com.loadsfm.tests.Activity_LeadBased"/>
  <testcase name="sfmloadtest" time="23.402" classname="com.loadsfm.tests.Activity_LeadBased"/>
  <testcase name="sfmloadtest" time="23.537" classname="com.loadsfm.tests.Activity_LeadBased"/>
  <testcase name="sfmloadtest" time="23.124" classname="com.loadsfm.tests.Activity_LeadBased"/>
  <testcase name="sfmloadtest" time="24.101" classname="com.loadsfm.tests.Activity_LeadBased"/>
  <testcase name="sfmloadtest" time="23.468" classname="com.loadsfm.tests.Activity_LeadBased"/>
  <testcase name="sfmloadtest" time="23.881" classname="com.loadsfm.tests.Activity_LeadBased"/>
  <testcase name="sfmloadtest" time="29.933" classname="com.loadsfm.tests.Activity_LeadBased"/>
  <testcase name="sfmloadtest" time="23.688" classname="com.loadsfm.tests.Activity_LeadBased"/>
  <testcase name="sfmloadtest" time="24.321" classname="com.loadsfm.tests.Activity_LeadBased"/>
  <testcase name="sfmloadtest" time="23.277" classname="com.loadsfm.tests.Activity_LeadBased"/>
  <testcase name="sfmloadtest" time="23.188" classname="com.loadsfm.tests.Activity_LeadBased"/>
  <testcase name="sfmloadtest" time="23.560" classname="com.loadsfm.tests.Activity_LeadBased"/>
  <testcase name="sfmloadtest" time="23.225" classname="com.loadsfm.tests.Activity_LeadBased"/>
  <testcase name="sfmloadtest" time="23.336" classname="com.loadsfm.tests.Activity_LeadBased"/>
  <testcase name="sfmloadtest" time="23.179" classname="com.loadsfm.tests.Activity_LeadBased"/>
  <testcase name="sfmloadtest" time="23.501" classname="com.loadsfm.tests.Activity_LeadBased"/>
  <testcase name="sfmloadtest" time="23.397" classname="com.loadsfm.tests.Activity_LeadBased"/>
  <testcase name="sfmloadtest" time="23.256" classname="com.loadsfm.tests.Activity_LeadBased"/>
  <testcase name="sfmloadtest" time="31.069" classname="com.loadsfm.tests.Activity_LeadBased"/>
  <testcase name="sfmloadtest" time="23.368" classname="com.loadsfm.tests.Activity_LeadBased"/>
  <testcase name="sfmloadtest" time="23.300" classname="com.loadsfm.tests.Activity_LeadBased"/>
  <testcase name="sfmloadtest" time="23.498" classname="com.loadsfm.tests.Activity_LeadBased"/>
  <testcase name="sfmloadtest" time="23.573" classname="com.loadsfm.tests.Activity_LeadBased"/>
  <testcase name="sfmloadtest" time="23.307" classname="com.loadsfm.tests.Activity_LeadBased"/>
  <testcase name="sfmloadtest" time="23.629" classname="com.loadsfm.tests.Activity_LeadBased"/>
  <testcase name="sfmloadtest" time="23.606" classname="com.loadsfm.tests.Activity_LeadBased"/>
  <testcase name="sfmloadtest" time="23.309" classname="com.loadsfm.tests.Activity_LeadBased"/>
  <testcase name="sfmloadtest" time="23.226" classname="com.loadsfm.tests.Activity_LeadBased"/>
  <testcase name="sfmloadtest" time="23.521" classname="com.loadsfm.tests.Activity_LeadBased"/>
  <testcase name="sfmloadtest" time="23.356" classname="com.loadsfm.tests.Activity_LeadBased"/>
  <testcase name="sfmloadtest" time="23.175" classname="com.loadsfm.tests.Activity_LeadBased"/>
  <testcase name="sfmloadtest" time="23.591" classname="com.loadsfm.tests.Activity_LeadBased"/>
  <testcase name="sfmloadtest" time="23.542" classname="com.loadsfm.tests.Activity_LeadBased"/>
  <testcase name="sfmloadtest" time="23.475" classname="com.loadsfm.tests.Activity_LeadBased"/>
  <testcase name="sfmloadtest" time="23.432" classname="com.loadsfm.tests.Activity_LeadBased"/>
  <testcase name="sfmloadtest" time="23.607" classname="com.loadsfm.tests.Activity_LeadBased"/>
  <testcase name="sfmloadtest" time="23.621" classname="com.loadsfm.tests.Activity_LeadBased"/>
  <testcase name="sfmloadtest" time="23.324" classname="com.loadsfm.tests.Activity_LeadBased"/>
  <testcase name="sfmloadtest" time="23.277" classname="com.loadsfm.tests.Activity_LeadBased"/>
  <testcase name="sfmloadtest" time="23.604" classname="com.loadsfm.tests.Activity_LeadBased"/>
  <testcase name="sfmloadtest" time="23.481" classname="com.loadsfm.tests.Activity_LeadBased"/>
  <testcase name="sfmloadtest" time="23.320" classname="com.loadsfm.tests.Activity_LeadBased"/>
  <testcase name="sfmloadtest" time="23.318" classname="com.loadsfm.tests.Activity_LeadBased"/>
  <testcase name="sfmloadtest" time="23.350" classname="com.loadsfm.tests.Activity_LeadBased"/>
  <testcase name="sfmloadtest" time="23.325" classname="com.loadsfm.tests.Activity_LeadBased"/>
  <testcase name="sfmloadtest" time="23.651" classname="com.loadsfm.tests.Activity_LeadBased"/>
  <testcase name="sfmloadtest" time="23.387" classname="com.loadsfm.tests.Activity_LeadBased"/>
  <testcase name="sfmloadtest" time="23.257" classname="com.loadsfm.tests.Activity_LeadBased"/>
  <testcase name="sfmloadtest" time="23.333" classname="com.loadsfm.tests.Activity_LeadBased"/>
  <testcase name="sfmloadtest" time="23.397" classname="com.loadsfm.tests.Activity_LeadBased"/>
  <testcase name="sfmloadtest" time="23.366" classname="com.loadsfm.tests.Activity_LeadBased"/>
  <testcase name="sfmloadtest" time="23.399" classname="com.loadsfm.tests.Activity_LeadBased"/>
  <testcase name="sfmloadtest" time="23.401" classname="com.loadsfm.tests.Activity_LeadBased"/>
  <testcase name="sfmloadtest" time="23.396" classname="com.loadsfm.tests.Activity_LeadBased"/>
  <testcase name="sfmloadtest" time="23.596" classname="com.loadsfm.tests.Activity_LeadBased"/>
  <testcase name="sfmloadtest" time="23.316" classname="com.loadsfm.tests.Activity_LeadBased"/>
  <testcase name="sfmloadtest" time="23.564" classname="com.loadsfm.tests.Activity_LeadBased"/>
  <testcase name="sfmloadtest" time="23.492" classname="com.loadsfm.tests.Activity_LeadBased"/>
  <testcase name="sfmloadtest" time="23.373" classname="com.loadsfm.tests.Activity_LeadBased"/>
  <testcase name="sfmloadtest" time="23.285" classname="com.loadsfm.tests.Activity_LeadBased"/>
  <testcase name="sfmloadtest" time="23.330" classname="com.loadsfm.tests.Activity_LeadBased"/>
  <testcase name="sfmloadtest" time="24.701" classname="com.loadsfm.tests.Activity_LeadBased"/>
  <testcase name="sfmloadtest" time="23.413" classname="com.loadsfm.tests.Activity_LeadBased"/>
  <testcase name="sfmloadtest" time="23.300" classname="com.loadsfm.tests.Activity_LeadBased"/>
  <testcase name="sfmloadtest" time="23.546" classname="com.loadsfm.tests.Activity_LeadBased"/>
  <testcase name="sfmloadtest" time="23.294" classname="com.loadsfm.tests.Activity_LeadBased"/>
  <testcase name="sfmloadtest" time="23.610" classname="com.loadsfm.tests.Activity_LeadBased"/>
  <testcase name="sfmloadtest" time="23.234" classname="com.loadsfm.tests.Activity_LeadBased"/>
  <testcase name="sfmloadtest" time="23.542" classname="com.loadsfm.tests.Activity_LeadBased"/>
  <testcase name="sfmloadtest" time="23.476" classname="com.loadsfm.tests.Activity_LeadBased"/>
  <testcase name="sfmloadtest" time="23.539" classname="com.loadsfm.tests.Activity_LeadBased"/>
  <testcase name="sfmloadtest" time="36.341" classname="com.loadsfm.tests.Activity_LeadBased"/>
  <testcase name="sfmloadtest" time="23.474" classname="com.loadsfm.tests.Activity_LeadBased"/>
  <testcase name="sfmloadtest" time="23.204" classname="com.loadsfm.tests.Activity_LeadBased"/>
  <testcase name="sfmloadtest" time="23.228" classname="com.loadsfm.tests.Activity_LeadBased"/>
  <testcase name="sfmloadtest" time="23.328" classname="com.loadsfm.tests.Activity_LeadBased"/>
  <testcase name="sfmloadtest" time="23.462" classname="com.loadsfm.tests.Activity_LeadBased"/>
  <testcase name="sfmloadtest" time="23.656" classname="com.loadsfm.tests.Activity_LeadBased"/>
  <testcase name="sfmloadtest" time="23.509" classname="com.loadsfm.tests.Activity_LeadBased"/>
  <testcase name="sfmloadtest" time="23.288" classname="com.loadsfm.tests.Activity_LeadBased"/>
  <testcase name="sfmloadtest" time="23.233" classname="com.loadsfm.tests.Activity_LeadBased"/>
  <testcase name="sfmloadtest" time="23.353" classname="com.loadsfm.tests.Activity_LeadBased"/>
  <testcase name="sfmloadtest" time="23.452" classname="com.loadsfm.tests.Activity_LeadBased"/>
  <testcase name="sfmloadtest" time="28.164" classname="com.loadsfm.tests.Activity_LeadBased"/>
  <testcase name="sfmloadtest" time="23.421" classname="com.loadsfm.tests.Activity_LeadBased"/>
  <testcase name="sfmloadtest" time="23.440" classname="com.loadsfm.tests.Activity_LeadBased"/>
  <testcase name="sfmloadtest" time="23.171" classname="com.loadsfm.tests.Activity_LeadBased"/>
  <testcase name="sfmloadtest" time="23.222" classname="com.loadsfm.tests.Activity_LeadBased"/>
  <testcase name="sfmloadtest" time="23.512" classname="com.loadsfm.tests.Activity_LeadBased"/>
  <testcase name="sfmloadtest" time="23.395" classname="com.loadsfm.tests.Activity_LeadBased"/>
  <testcase name="sfmloadtest" time="23.443" classname="com.loadsfm.tests.Activity_LeadBased"/>
  <testcase name="sfmloadtest" time="23.316" classname="com.loadsfm.tests.Activity_LeadBased"/>
  <testcase name="sfmloadtest" time="23.133" classname="com.loadsfm.tests.Activity_LeadBased"/>
  <testcase name="sfmloadtest" time="23.404" classname="com.loadsfm.tests.Activity_LeadBased"/>
  <testcase name="sfmloadtest" time="23.724" classname="com.loadsfm.tests.Activity_LeadBased"/>
  <testcase name="sfmloadtest" time="23.592" classname="com.loadsfm.tests.Activity_LeadBased"/>
  <testcase name="sfmloadtest" time="23.581" classname="com.loadsfm.tests.Activity_LeadBased"/>
  <testcase name="sfmloadtest" time="23.258" classname="com.loadsfm.tests.Activity_LeadBased"/>
  <testcase name="sfmloadtest" time="23.698" classname="com.loadsfm.tests.Activity_LeadBased"/>
  <testcase name="sfmloadtest" time="25.187" classname="com.loadsfm.tests.Activity_LeadBased"/>
  <testcase name="sfmloadtest" time="23.283" classname="com.loadsfm.tests.Activity_LeadBased"/>
  <testcase name="sfmloadtest" time="23.405" classname="com.loadsfm.tests.Activity_LeadBased"/>
  <testcase name="sfmloadtest" time="23.569" classname="com.loadsfm.tests.Activity_LeadBased"/>
  <testcase name="sfmloadtest" time="23.580" classname="com.loadsfm.tests.Activity_LeadBased"/>
  <testcase name="sfmloadtest" time="23.482" classname="com.loadsfm.tests.Activity_LeadBased"/>
  <testcase name="sfmloadtest" time="23.366" classname="com.loadsfm.tests.Activity_LeadBased"/>
  <testcase name="sfmloadtest" time="23.594" classname="com.loadsfm.tests.Activity_LeadBased"/>
  <testcase name="sfmloadtest" time="23.181" classname="com.loadsfm.tests.Activity_LeadBased"/>
  <testcase name="sfmloadtest" time="23.531" classname="com.loadsfm.tests.Activity_LeadBased"/>
  <testcase name="sfmloadtest" time="23.397" classname="com.loadsfm.tests.Activity_LeadBased"/>
  <testcase name="sfmloadtest" time="23.673" classname="com.loadsfm.tests.Activity_LeadBased"/>
  <testcase name="sfmloadtest" time="23.329" classname="com.loadsfm.tests.Activity_LeadBased"/>
  <testcase name="sfmloadtest" time="23.405" classname="com.loadsfm.tests.Activity_LeadBased"/>
  <testcase name="sfmloadtest" time="23.424" classname="com.loadsfm.tests.Activity_LeadBased"/>
  <testcase name="sfmloadtest" time="23.277" classname="com.loadsfm.tests.Activity_LeadBased"/>
  <testcase name="sfmloadtest" time="23.557" classname="com.loadsfm.tests.Activity_LeadBased"/>
  <testcase name="sfmloadtest" time="23.331" classname="com.loadsfm.tests.Activity_LeadBased"/>
  <testcase name="sfmloadtest" time="23.465" classname="com.loadsfm.tests.Activity_LeadBased"/>
  <testcase name="sfmloadtest" time="23.660" classname="com.loadsfm.tests.Activity_LeadBased"/>
  <testcase name="sfmloadtest" time="23.503" classname="com.loadsfm.tests.Activity_LeadBased"/>
  <testcase name="sfmloadtest" time="26.025" classname="com.loadsfm.tests.Activity_LeadBased"/>
  <testcase name="sfmloadtest" time="23.090" classname="com.loadsfm.tests.Activity_LeadBased"/>
  <testcase name="sfmloadtest" time="23.357" classname="com.loadsfm.tests.Activity_LeadBased"/>
  <testcase name="sfmloadtest" time="23.803" classname="com.loadsfm.tests.Activity_LeadBased"/>
  <testcase name="sfmloadtest" time="23.321" classname="com.loadsfm.tests.Activity_LeadBased"/>
  <testcase name="sfmloadtest" time="23.382" classname="com.loadsfm.tests.Activity_LeadBased"/>
  <testcase name="sfmloadtest" time="23.218" classname="com.loadsfm.tests.Activity_LeadBased"/>
  <testcase name="sfmloadtest" time="23.313" classname="com.loadsfm.tests.Activity_LeadBased"/>
  <testcase name="sfmloadtest" time="23.631" classname="com.loadsfm.tests.Activity_LeadBased"/>
  <testcase name="sfmloadtest" time="23.654" classname="com.loadsfm.tests.Activity_LeadBased"/>
  <testcase name="sfmloadtest" time="23.286" classname="com.loadsfm.tests.Activity_LeadBased"/>
  <testcase name="sfmloadtest" time="23.181" classname="com.loadsfm.tests.Activity_LeadBased"/>
  <testcase name="sfmloadtest" time="23.429" classname="com.loadsfm.tests.Activity_LeadBased"/>
  <testcase name="sfmloadtest" time="23.279" classname="com.loadsfm.tests.Activity_LeadBased"/>
  <testcase name="sfmloadtest" time="23.426" classname="com.loadsfm.tests.Activity_LeadBased"/>
  <testcase name="sfmloadtest" time="23.234" classname="com.loadsfm.tests.Activity_LeadBased"/>
  <testcase name="sfmloadtest" time="23.632" classname="com.loadsfm.tests.Activity_LeadBased"/>
  <testcase name="sfmloadtest" time="23.700" classname="com.loadsfm.tests.Activity_LeadBased"/>
  <testcase name="sfmloadtest" time="23.681" classname="com.loadsfm.tests.Activity_LeadBased"/>
</testsuite> <!-- com.loadsfm.tests.Activity_LeadBased -->
