<?xml version="1.0" encoding="UTF-8"?>
<!-- Generated by org.testng.reporters.JUnitReportReporter -->
<testsuite skipped="0" hostname="VBTSCPTESTING02" name="com.loadsfm.tests.ContactLeadInfo" tests="2004" failures="0" timestamp="29 Oct 2018 23:26:13 GMT" time="63245.195" errors="0">
  <testcase name="sfmloadtest" time="31.540" classname="com.loadsfm.tests.ContactLeadInfo"/>
  <testcase name="sfmloadtest" time="31.220" classname="com.loadsfm.tests.ContactLeadInfo"/>
  <testcase name="sfmloadtest" time="31.397" classname="com.loadsfm.tests.ContactLeadInfo"/>
  <testcase name="sfmloadtest" time="31.504" classname="com.loadsfm.tests.ContactLeadInfo"/>
  <testcase name="sfmloadtest" time="31.400" classname="com.loadsfm.tests.ContactLeadInfo"/>
  <testcase name="sfmloadtest" time="31.356" classname="com.loadsfm.tests.ContactLeadInfo"/>
  <testcase name="sfmloadtest" time="31.538" classname="com.loadsfm.tests.ContactLeadInfo"/>
  <testcase name="sfmloadtest" time="31.524" classname="com.loadsfm.tests.ContactLeadInfo"/>
  <testcase name="sfmloadtest" time="31.487" classname="com.loadsfm.tests.ContactLeadInfo"/>
  <testcase name="sfmloadtest" time="31.273" classname="com.loadsfm.tests.ContactLeadInfo"/>
  <testcase name="sfmloadtest" time="31.721" classname="com.loadsfm.tests.ContactLeadInfo"/>
  <testcase name="sfmloadtest" time="31.524" classname="com.loadsfm.tests.ContactLeadInfo"/>
  <testcase name="sfmloadtest" time="31.392" classname="com.loadsfm.tests.ContactLeadInfo"/>
  <testcase name="sfmloadtest" time="31.573" classname="com.loadsfm.tests.ContactLeadInfo"/>
  <testcase name="sfmloadtest" time="31.757" classname="com.loadsfm.tests.ContactLeadInfo"/>
  <testcase name="sfmloadtest" time="31.170" classname="com.loadsfm.tests.ContactLeadInfo"/>
  <testcase name="sfmloadtest" time="31.495" classname="com.loadsfm.tests.ContactLeadInfo"/>
  <testcase name="sfmloadtest" time="31.249" classname="com.loadsfm.tests.ContactLeadInfo"/>
  <testcase name="sfmloadtest" time="31.504" classname="com.loadsfm.tests.ContactLeadInfo"/>
  <testcase name="sfmloadtest" time="31.315" classname="com.loadsfm.tests.ContactLeadInfo"/>
  <testcase name="sfmloadtest" time="31.399" classname="com.loadsfm.tests.ContactLeadInfo"/>
  <testcase name="sfmloadtest" time="31.654" classname="com.loadsfm.tests.ContactLeadInfo"/>
  <testcase name="sfmloadtest" time="31.803" classname="com.loadsfm.tests.ContactLeadInfo"/>
  <testcase name="sfmloadtest" time="31.552" classname="com.loadsfm.tests.ContactLeadInfo"/>
  <testcase name="sfmloadtest" time="31.523" classname="com.loadsfm.tests.ContactLeadInfo"/>
  <testcase name="sfmloadtest" time="31.559" classname="com.loadsfm.tests.ContactLeadInfo"/>
  <testcase name="sfmloadtest" time="31.334" classname="com.loadsfm.tests.ContactLeadInfo"/>
  <testcase name="sfmloadtest" time="31.538" classname="com.loadsfm.tests.ContactLeadInfo"/>
  <testcase name="sfmloadtest" time="31.517" classname="com.loadsfm.tests.ContactLeadInfo"/>
  <testcase name="sfmloadtest" time="31.398" classname="com.loadsfm.tests.ContactLeadInfo"/>
  <testcase name="sfmloadtest" time="31.276" classname="com.loadsfm.tests.ContactLeadInfo"/>
  <testcase name="sfmloadtest" time="30.935" classname="com.loadsfm.tests.ContactLeadInfo"/>
  <testcase name="sfmloadtest" time="31.261" classname="com.loadsfm.tests.ContactLeadInfo"/>
  <testcase name="sfmloadtest" time="31.430" classname="com.loadsfm.tests.ContactLeadInfo"/>
  <testcase name="sfmloadtest" time="31.620" classname="com.loadsfm.tests.ContactLeadInfo"/>
  <testcase name="sfmloadtest" time="31.571" classname="com.loadsfm.tests.ContactLeadInfo"/>
  <testcase name="sfmloadtest" time="31.499" classname="com.loadsfm.tests.ContactLeadInfo"/>
  <testcase name="sfmloadtest" time="31.697" classname="com.loadsfm.tests.ContactLeadInfo"/>
  <testcase name="sfmloadtest" time="31.394" classname="com.loadsfm.tests.ContactLeadInfo"/>
  <testcase name="sfmloadtest" time="31.596" classname="com.loadsfm.tests.ContactLeadInfo"/>
  <testcase name="sfmloadtest" time="31.381" classname="com.loadsfm.tests.ContactLeadInfo"/>
  <testcase name="sfmloadtest" time="31.515" classname="com.loadsfm.tests.ContactLeadInfo"/>
  <testcase name="sfmloadtest" time="31.901" classname="com.loadsfm.tests.ContactLeadInfo"/>
  <testcase name="sfmloadtest" time="31.621" classname="com.loadsfm.tests.ContactLeadInfo"/>
  <testcase name="sfmloadtest" time="31.210" classname="com.loadsfm.tests.ContactLeadInfo"/>
  <testcase name="sfmloadtest" time="31.719" classname="com.loadsfm.tests.ContactLeadInfo"/>
  <testcase name="sfmloadtest" time="31.432" classname="com.loadsfm.tests.ContactLeadInfo"/>
  <testcase name="sfmloadtest" time="31.400" classname="com.loadsfm.tests.ContactLeadInfo"/>
  <testcase name="sfmloadtest" time="31.312" classname="com.loadsfm.tests.ContactLeadInfo"/>
  <testcase name="sfmloadtest" time="31.697" classname="com.loadsfm.tests.ContactLeadInfo"/>
  <testcase name="sfmloadtest" time="31.281" classname="com.loadsfm.tests.ContactLeadInfo"/>
  <testcase name="sfmloadtest" time="31.620" classname="com.loadsfm.tests.ContactLeadInfo"/>
  <testcase name="sfmloadtest" time="31.554" classname="com.loadsfm.tests.ContactLeadInfo"/>
  <testcase name="sfmloadtest" time="31.341" classname="com.loadsfm.tests.ContactLeadInfo"/>
  <testcase name="sfmloadtest" time="31.013" classname="com.loadsfm.tests.ContactLeadInfo"/>
  <testcase name="sfmloadtest" time="31.838" classname="com.loadsfm.tests.ContactLeadInfo"/>
  <testcase name="sfmloadtest" time="31.343" classname="com.loadsfm.tests.ContactLeadInfo"/>
  <testcase name="sfmloadtest" time="31.634" classname="com.loadsfm.tests.ContactLeadInfo"/>
  <testcase name="sfmloadtest" time="32.109" classname="com.loadsfm.tests.ContactLeadInfo"/>
  <testcase name="sfmloadtest" time="31.576" classname="com.loadsfm.tests.ContactLeadInfo"/>
  <testcase name="sfmloadtest" time="31.408" classname="com.loadsfm.tests.ContactLeadInfo"/>
  <testcase name="sfmloadtest" time="31.728" classname="com.loadsfm.tests.ContactLeadInfo"/>
  <testcase name="sfmloadtest" time="31.648" classname="com.loadsfm.tests.ContactLeadInfo"/>
  <testcase name="sfmloadtest" time="31.944" classname="com.loadsfm.tests.ContactLeadInfo"/>
  <testcase name="sfmloadtest" time="31.339" classname="com.loadsfm.tests.ContactLeadInfo"/>
  <testcase name="sfmloadtest" time="31.464" classname="com.loadsfm.tests.ContactLeadInfo"/>
  <testcase name="sfmloadtest" time="31.408" classname="com.loadsfm.tests.ContactLeadInfo"/>
  <testcase name="sfmloadtest" time="31.451" classname="com.loadsfm.tests.ContactLeadInfo"/>
  <testcase name="sfmloadtest" time="31.774" classname="com.loadsfm.tests.ContactLeadInfo"/>
  <testcase name="sfmloadtest" time="31.533" classname="com.loadsfm.tests.ContactLeadInfo"/>
  <testcase name="sfmloadtest" time="31.284" classname="com.loadsfm.tests.ContactLeadInfo"/>
  <testcase name="sfmloadtest" time="31.587" classname="com.loadsfm.tests.ContactLeadInfo"/>
  <testcase name="sfmloadtest" time="31.626" classname="com.loadsfm.tests.ContactLeadInfo"/>
  <testcase name="sfmloadtest" time="31.725" classname="com.loadsfm.tests.ContactLeadInfo"/>
  <testcase name="sfmloadtest" time="31.476" classname="com.loadsfm.tests.ContactLeadInfo"/>
  <testcase name="sfmloadtest" time="31.287" classname="com.loadsfm.tests.ContactLeadInfo"/>
  <testcase name="sfmloadtest" time="31.735" classname="com.loadsfm.tests.ContactLeadInfo"/>
  <testcase name="sfmloadtest" time="31.869" classname="com.loadsfm.tests.ContactLeadInfo"/>
  <testcase name="sfmloadtest" time="31.437" classname="com.loadsfm.tests.ContactLeadInfo"/>
  <testcase name="sfmloadtest" time="32.030" classname="com.loadsfm.tests.ContactLeadInfo"/>
  <testcase name="sfmloadtest" time="31.270" classname="com.loadsfm.tests.ContactLeadInfo"/>
  <testcase name="sfmloadtest" time="31.411" classname="com.loadsfm.tests.ContactLeadInfo"/>
  <testcase name="sfmloadtest" time="31.403" classname="com.loadsfm.tests.ContactLeadInfo"/>
  <testcase name="sfmloadtest" time="31.519" classname="com.loadsfm.tests.ContactLeadInfo"/>
  <testcase name="sfmloadtest" time="31.622" classname="com.loadsfm.tests.ContactLeadInfo"/>
  <testcase name="sfmloadtest" time="31.374" classname="com.loadsfm.tests.ContactLeadInfo"/>
  <testcase name="sfmloadtest" time="31.875" classname="com.loadsfm.tests.ContactLeadInfo"/>
  <testcase name="sfmloadtest" time="31.402" classname="com.loadsfm.tests.ContactLeadInfo"/>
  <testcase name="sfmloadtest" time="31.426" classname="com.loadsfm.tests.ContactLeadInfo"/>
  <testcase name="sfmloadtest" time="31.470" classname="com.loadsfm.tests.ContactLeadInfo"/>
  <testcase name="sfmloadtest" time="31.331" classname="com.loadsfm.tests.ContactLeadInfo"/>
  <testcase name="sfmloadtest" time="31.570" classname="com.loadsfm.tests.ContactLeadInfo"/>
  <testcase name="sfmloadtest" time="31.286" classname="com.loadsfm.tests.ContactLeadInfo"/>
  <testcase name="sfmloadtest" time="31.386" classname="com.loadsfm.tests.ContactLeadInfo"/>
  <testcase name="sfmloadtest" time="31.738" classname="com.loadsfm.tests.ContactLeadInfo"/>
  <testcase name="sfmloadtest" time="31.481" classname="com.loadsfm.tests.ContactLeadInfo"/>
  <testcase name="sfmloadtest" time="31.482" classname="com.loadsfm.tests.ContactLeadInfo"/>
  <testcase name="sfmloadtest" time="31.197" classname="com.loadsfm.tests.ContactLeadInfo"/>
  <testcase name="sfmloadtest" time="31.827" classname="com.loadsfm.tests.ContactLeadInfo"/>
  <testcase name="sfmloadtest" time="31.533" classname="com.loadsfm.tests.ContactLeadInfo"/>
  <testcase name="sfmloadtest" time="31.606" classname="com.loadsfm.tests.ContactLeadInfo"/>
  <testcase name="sfmloadtest" time="31.657" classname="com.loadsfm.tests.ContactLeadInfo"/>
  <testcase name="sfmloadtest" time="31.579" classname="com.loadsfm.tests.ContactLeadInfo"/>
  <testcase name="sfmloadtest" time="31.657" classname="com.loadsfm.tests.ContactLeadInfo"/>
  <testcase name="sfmloadtest" time="31.337" classname="com.loadsfm.tests.ContactLeadInfo"/>
  <testcase name="sfmloadtest" time="31.076" classname="com.loadsfm.tests.ContactLeadInfo"/>
  <testcase name="sfmloadtest" time="31.742" classname="com.loadsfm.tests.ContactLeadInfo"/>
  <testcase name="sfmloadtest" time="31.537" classname="com.loadsfm.tests.ContactLeadInfo"/>
  <testcase name="sfmloadtest" time="31.592" classname="com.loadsfm.tests.ContactLeadInfo"/>
  <testcase name="sfmloadtest" time="31.638" classname="com.loadsfm.tests.ContactLeadInfo"/>
  <testcase name="sfmloadtest" time="31.404" classname="com.loadsfm.tests.ContactLeadInfo"/>
  <testcase name="sfmloadtest" time="31.845" classname="com.loadsfm.tests.ContactLeadInfo"/>
  <testcase name="sfmloadtest" time="31.494" classname="com.loadsfm.tests.ContactLeadInfo"/>
  <testcase name="sfmloadtest" time="31.530" classname="com.loadsfm.tests.ContactLeadInfo"/>
  <testcase name="sfmloadtest" time="31.599" classname="com.loadsfm.tests.ContactLeadInfo"/>
  <testcase name="sfmloadtest" time="31.617" classname="com.loadsfm.tests.ContactLeadInfo"/>
  <testcase name="sfmloadtest" time="31.533" classname="com.loadsfm.tests.ContactLeadInfo"/>
  <testcase name="sfmloadtest" time="31.418" classname="com.loadsfm.tests.ContactLeadInfo"/>
  <testcase name="sfmloadtest" time="31.794" classname="com.loadsfm.tests.ContactLeadInfo"/>
  <testcase name="sfmloadtest" time="31.286" classname="com.loadsfm.tests.ContactLeadInfo"/>
  <testcase name="sfmloadtest" time="31.800" classname="com.loadsfm.tests.ContactLeadInfo"/>
  <testcase name="sfmloadtest" time="31.339" classname="com.loadsfm.tests.ContactLeadInfo"/>
  <testcase name="sfmloadtest" time="31.688" classname="com.loadsfm.tests.ContactLeadInfo"/>
  <testcase name="sfmloadtest" time="31.441" classname="com.loadsfm.tests.ContactLeadInfo"/>
  <testcase name="sfmloadtest" time="31.601" classname="com.loadsfm.tests.ContactLeadInfo"/>
  <testcase name="sfmloadtest" time="31.287" classname="com.loadsfm.tests.ContactLeadInfo"/>
  <testcase name="sfmloadtest" time="31.586" classname="com.loadsfm.tests.ContactLeadInfo"/>
  <testcase name="sfmloadtest" time="31.409" classname="com.loadsfm.tests.ContactLeadInfo"/>
  <testcase name="sfmloadtest" time="31.647" classname="com.loadsfm.tests.ContactLeadInfo"/>
  <testcase name="sfmloadtest" time="31.322" classname="com.loadsfm.tests.ContactLeadInfo"/>
  <testcase name="sfmloadtest" time="31.507" classname="com.loadsfm.tests.ContactLeadInfo"/>
  <testcase name="sfmloadtest" time="31.591" classname="com.loadsfm.tests.ContactLeadInfo"/>
  <testcase name="sfmloadtest" time="31.424" classname="com.loadsfm.tests.ContactLeadInfo"/>
  <testcase name="sfmloadtest" time="31.577" classname="com.loadsfm.tests.ContactLeadInfo"/>
  <testcase name="sfmloadtest" time="31.478" classname="com.loadsfm.tests.ContactLeadInfo"/>
  <testcase name="sfmloadtest" time="31.444" classname="com.loadsfm.tests.ContactLeadInfo"/>
  <testcase name="sfmloadtest" time="31.204" classname="com.loadsfm.tests.ContactLeadInfo"/>
  <testcase name="sfmloadtest" time="31.518" classname="com.loadsfm.tests.ContactLeadInfo"/>
  <testcase name="sfmloadtest" time="34.253" classname="com.loadsfm.tests.ContactLeadInfo"/>
  <testcase name="sfmloadtest" time="31.320" classname="com.loadsfm.tests.ContactLeadInfo"/>
  <testcase name="sfmloadtest" time="31.723" classname="com.loadsfm.tests.ContactLeadInfo"/>
  <testcase name="sfmloadtest" time="31.205" classname="com.loadsfm.tests.ContactLeadInfo"/>
  <testcase name="sfmloadtest" time="31.650" classname="com.loadsfm.tests.ContactLeadInfo"/>
  <testcase name="sfmloadtest" time="31.532" classname="com.loadsfm.tests.ContactLeadInfo"/>
  <testcase name="sfmloadtest" time="31.761" classname="com.loadsfm.tests.ContactLeadInfo"/>
  <testcase name="sfmloadtest" time="31.461" classname="com.loadsfm.tests.ContactLeadInfo"/>
  <testcase name="sfmloadtest" time="31.715" classname="com.loadsfm.tests.ContactLeadInfo"/>
  <testcase name="sfmloadtest" time="31.190" classname="com.loadsfm.tests.ContactLeadInfo"/>
  <testcase name="sfmloadtest" time="31.299" classname="com.loadsfm.tests.ContactLeadInfo"/>
  <testcase name="sfmloadtest" time="31.494" classname="com.loadsfm.tests.ContactLeadInfo"/>
  <testcase name="sfmloadtest" time="31.367" classname="com.loadsfm.tests.ContactLeadInfo"/>
  <testcase name="sfmloadtest" time="31.370" classname="com.loadsfm.tests.ContactLeadInfo"/>
  <testcase name="sfmloadtest" time="31.368" classname="com.loadsfm.tests.ContactLeadInfo"/>
  <testcase name="sfmloadtest" time="31.621" classname="com.loadsfm.tests.ContactLeadInfo"/>
  <testcase name="sfmloadtest" time="31.199" classname="com.loadsfm.tests.ContactLeadInfo"/>
  <testcase name="sfmloadtest" time="31.426" classname="com.loadsfm.tests.ContactLeadInfo"/>
  <testcase name="sfmloadtest" time="31.284" classname="com.loadsfm.tests.ContactLeadInfo"/>
  <testcase name="sfmloadtest" time="31.438" classname="com.loadsfm.tests.ContactLeadInfo"/>
  <testcase name="sfmloadtest" time="31.652" classname="com.loadsfm.tests.ContactLeadInfo"/>
  <testcase name="sfmloadtest" time="31.123" classname="com.loadsfm.tests.ContactLeadInfo"/>
  <testcase name="sfmloadtest" time="31.235" classname="com.loadsfm.tests.ContactLeadInfo"/>
  <testcase name="sfmloadtest" time="31.612" classname="com.loadsfm.tests.ContactLeadInfo"/>
  <testcase name="sfmloadtest" time="31.795" classname="com.loadsfm.tests.ContactLeadInfo"/>
  <testcase name="sfmloadtest" time="31.740" classname="com.loadsfm.tests.ContactLeadInfo"/>
  <testcase name="sfmloadtest" time="31.354" classname="com.loadsfm.tests.ContactLeadInfo"/>
  <testcase name="sfmloadtest" time="31.551" classname="com.loadsfm.tests.ContactLeadInfo"/>
  <testcase name="sfmloadtest" time="31.598" classname="com.loadsfm.tests.ContactLeadInfo"/>
  <testcase name="sfmloadtest" time="31.427" classname="com.loadsfm.tests.ContactLeadInfo"/>
  <testcase name="sfmloadtest" time="32.869" classname="com.loadsfm.tests.ContactLeadInfo"/>
  <testcase name="sfmloadtest" time="31.436" classname="com.loadsfm.tests.ContactLeadInfo"/>
  <testcase name="sfmloadtest" time="31.390" classname="com.loadsfm.tests.ContactLeadInfo"/>
  <testcase name="sfmloadtest" time="31.506" classname="com.loadsfm.tests.ContactLeadInfo"/>
  <testcase name="sfmloadtest" time="31.537" classname="com.loadsfm.tests.ContactLeadInfo"/>
  <testcase name="sfmloadtest" time="31.566" classname="com.loadsfm.tests.ContactLeadInfo"/>
  <testcase name="sfmloadtest" time="31.496" classname="com.loadsfm.tests.ContactLeadInfo"/>
  <testcase name="sfmloadtest" time="31.506" classname="com.loadsfm.tests.ContactLeadInfo"/>
  <testcase name="sfmloadtest" time="31.656" classname="com.loadsfm.tests.ContactLeadInfo"/>
  <testcase name="sfmloadtest" time="31.308" classname="com.loadsfm.tests.ContactLeadInfo"/>
  <testcase name="sfmloadtest" time="31.565" classname="com.loadsfm.tests.ContactLeadInfo"/>
  <testcase name="sfmloadtest" time="31.699" classname="com.loadsfm.tests.ContactLeadInfo"/>
  <testcase name="sfmloadtest" time="31.242" classname="com.loadsfm.tests.ContactLeadInfo"/>
  <testcase name="sfmloadtest" time="31.227" classname="com.loadsfm.tests.ContactLeadInfo"/>
  <testcase name="sfmloadtest" time="31.581" classname="com.loadsfm.tests.ContactLeadInfo"/>
  <testcase name="sfmloadtest" time="31.670" classname="com.loadsfm.tests.ContactLeadInfo"/>
  <testcase name="sfmloadtest" time="31.391" classname="com.loadsfm.tests.ContactLeadInfo"/>
  <testcase name="sfmloadtest" time="31.225" classname="com.loadsfm.tests.ContactLeadInfo"/>
  <testcase name="sfmloadtest" time="31.635" classname="com.loadsfm.tests.ContactLeadInfo"/>
  <testcase name="sfmloadtest" time="31.191" classname="com.loadsfm.tests.ContactLeadInfo"/>
  <testcase name="sfmloadtest" time="31.522" classname="com.loadsfm.tests.ContactLeadInfo"/>
  <testcase name="sfmloadtest" time="31.451" classname="com.loadsfm.tests.ContactLeadInfo"/>
  <testcase name="sfmloadtest" time="31.348" classname="com.loadsfm.tests.ContactLeadInfo"/>
  <testcase name="sfmloadtest" time="31.328" classname="com.loadsfm.tests.ContactLeadInfo"/>
  <testcase name="sfmloadtest" time="31.627" classname="com.loadsfm.tests.ContactLeadInfo"/>
  <testcase name="sfmloadtest" time="31.638" classname="com.loadsfm.tests.ContactLeadInfo"/>
  <testcase name="sfmloadtest" time="31.427" classname="com.loadsfm.tests.ContactLeadInfo"/>
  <testcase name="sfmloadtest" time="31.558" classname="com.loadsfm.tests.ContactLeadInfo"/>
  <testcase name="sfmloadtest" time="31.433" classname="com.loadsfm.tests.ContactLeadInfo"/>
  <testcase name="sfmloadtest" time="31.725" classname="com.loadsfm.tests.ContactLeadInfo"/>
  <testcase name="sfmloadtest" time="31.499" classname="com.loadsfm.tests.ContactLeadInfo"/>
  <testcase name="sfmloadtest" time="31.553" classname="com.loadsfm.tests.ContactLeadInfo"/>
  <testcase name="sfmloadtest" time="31.188" classname="com.loadsfm.tests.ContactLeadInfo"/>
  <testcase name="sfmloadtest" time="31.183" classname="com.loadsfm.tests.ContactLeadInfo"/>
  <testcase name="sfmloadtest" time="31.629" classname="com.loadsfm.tests.ContactLeadInfo"/>
  <testcase name="sfmloadtest" time="31.061" classname="com.loadsfm.tests.ContactLeadInfo"/>
  <testcase name="sfmloadtest" time="31.399" classname="com.loadsfm.tests.ContactLeadInfo"/>
  <testcase name="sfmloadtest" time="31.646" classname="com.loadsfm.tests.ContactLeadInfo"/>
  <testcase name="sfmloadtest" time="31.470" classname="com.loadsfm.tests.ContactLeadInfo"/>
  <testcase name="sfmloadtest" time="31.330" classname="com.loadsfm.tests.ContactLeadInfo"/>
  <testcase name="sfmloadtest" time="31.311" classname="com.loadsfm.tests.ContactLeadInfo"/>
  <testcase name="sfmloadtest" time="31.561" classname="com.loadsfm.tests.ContactLeadInfo"/>
  <testcase name="sfmloadtest" time="31.438" classname="com.loadsfm.tests.ContactLeadInfo"/>
  <testcase name="sfmloadtest" time="31.569" classname="com.loadsfm.tests.ContactLeadInfo"/>
  <testcase name="sfmloadtest" time="31.178" classname="com.loadsfm.tests.ContactLeadInfo"/>
  <testcase name="sfmloadtest" time="32.197" classname="com.loadsfm.tests.ContactLeadInfo"/>
  <testcase name="sfmloadtest" time="31.402" classname="com.loadsfm.tests.ContactLeadInfo"/>
  <testcase name="sfmloadtest" time="31.669" classname="com.loadsfm.tests.ContactLeadInfo"/>
  <testcase name="sfmloadtest" time="31.506" classname="com.loadsfm.tests.ContactLeadInfo"/>
  <testcase name="sfmloadtest" time="33.219" classname="com.loadsfm.tests.ContactLeadInfo"/>
  <testcase name="sfmloadtest" time="31.583" classname="com.loadsfm.tests.ContactLeadInfo"/>
  <testcase name="sfmloadtest" time="31.605" classname="com.loadsfm.tests.ContactLeadInfo"/>
  <testcase name="sfmloadtest" time="31.377" classname="com.loadsfm.tests.ContactLeadInfo"/>
  <testcase name="sfmloadtest" time="31.368" classname="com.loadsfm.tests.ContactLeadInfo"/>
  <testcase name="sfmloadtest" time="31.712" classname="com.loadsfm.tests.ContactLeadInfo"/>
  <testcase name="sfmloadtest" time="31.110" classname="com.loadsfm.tests.ContactLeadInfo"/>
  <testcase name="sfmloadtest" time="31.463" classname="com.loadsfm.tests.ContactLeadInfo"/>
  <testcase name="sfmloadtest" time="31.583" classname="com.loadsfm.tests.ContactLeadInfo"/>
  <testcase name="sfmloadtest" time="31.246" classname="com.loadsfm.tests.ContactLeadInfo"/>
  <testcase name="sfmloadtest" time="31.647" classname="com.loadsfm.tests.ContactLeadInfo"/>
  <testcase name="sfmloadtest" time="31.253" classname="com.loadsfm.tests.ContactLeadInfo"/>
  <testcase name="sfmloadtest" time="30.847" classname="com.loadsfm.tests.ContactLeadInfo"/>
  <testcase name="sfmloadtest" time="31.386" classname="com.loadsfm.tests.ContactLeadInfo"/>
  <testcase name="sfmloadtest" time="31.112" classname="com.loadsfm.tests.ContactLeadInfo"/>
  <testcase name="sfmloadtest" time="31.615" classname="com.loadsfm.tests.ContactLeadInfo"/>
  <testcase name="sfmloadtest" time="31.681" classname="com.loadsfm.tests.ContactLeadInfo"/>
  <testcase name="sfmloadtest" time="31.416" classname="com.loadsfm.tests.ContactLeadInfo"/>
  <testcase name="sfmloadtest" time="31.646" classname="com.loadsfm.tests.ContactLeadInfo"/>
  <testcase name="sfmloadtest" time="31.271" classname="com.loadsfm.tests.ContactLeadInfo"/>
  <testcase name="sfmloadtest" time="31.687" classname="com.loadsfm.tests.ContactLeadInfo"/>
  <testcase name="sfmloadtest" time="31.625" classname="com.loadsfm.tests.ContactLeadInfo"/>
  <testcase name="sfmloadtest" time="31.569" classname="com.loadsfm.tests.ContactLeadInfo"/>
  <testcase name="sfmloadtest" time="31.696" classname="com.loadsfm.tests.ContactLeadInfo"/>
  <testcase name="sfmloadtest" time="31.141" classname="com.loadsfm.tests.ContactLeadInfo"/>
  <testcase name="sfmloadtest" time="31.551" classname="com.loadsfm.tests.ContactLeadInfo"/>
  <testcase name="sfmloadtest" time="31.325" classname="com.loadsfm.tests.ContactLeadInfo"/>
  <testcase name="sfmloadtest" time="31.637" classname="com.loadsfm.tests.ContactLeadInfo"/>
  <testcase name="sfmloadtest" time="31.313" classname="com.loadsfm.tests.ContactLeadInfo"/>
  <testcase name="sfmloadtest" time="31.931" classname="com.loadsfm.tests.ContactLeadInfo"/>
  <testcase name="sfmloadtest" time="31.546" classname="com.loadsfm.tests.ContactLeadInfo"/>
  <testcase name="sfmloadtest" time="31.272" classname="com.loadsfm.tests.ContactLeadInfo"/>
  <testcase name="sfmloadtest" time="31.436" classname="com.loadsfm.tests.ContactLeadInfo"/>
  <testcase name="sfmloadtest" time="31.864" classname="com.loadsfm.tests.ContactLeadInfo"/>
  <testcase name="sfmloadtest" time="31.420" classname="com.loadsfm.tests.ContactLeadInfo"/>
  <testcase name="sfmloadtest" time="31.542" classname="com.loadsfm.tests.ContactLeadInfo"/>
  <testcase name="sfmloadtest" time="31.530" classname="com.loadsfm.tests.ContactLeadInfo"/>
  <testcase name="sfmloadtest" time="31.684" classname="com.loadsfm.tests.ContactLeadInfo"/>
  <testcase name="sfmloadtest" time="31.364" classname="com.loadsfm.tests.ContactLeadInfo"/>
  <testcase name="sfmloadtest" time="31.410" classname="com.loadsfm.tests.ContactLeadInfo"/>
  <testcase name="sfmloadtest" time="31.589" classname="com.loadsfm.tests.ContactLeadInfo"/>
  <testcase name="sfmloadtest" time="31.533" classname="com.loadsfm.tests.ContactLeadInfo"/>
  <testcase name="sfmloadtest" time="31.585" classname="com.loadsfm.tests.ContactLeadInfo"/>
  <testcase name="sfmloadtest" time="31.427" classname="com.loadsfm.tests.ContactLeadInfo"/>
  <testcase name="sfmloadtest" time="31.869" classname="com.loadsfm.tests.ContactLeadInfo"/>
  <testcase name="sfmloadtest" time="31.270" classname="com.loadsfm.tests.ContactLeadInfo"/>
  <testcase name="sfmloadtest" time="31.675" classname="com.loadsfm.tests.ContactLeadInfo"/>
  <testcase name="sfmloadtest" time="31.557" classname="com.loadsfm.tests.ContactLeadInfo"/>
  <testcase name="sfmloadtest" time="31.474" classname="com.loadsfm.tests.ContactLeadInfo"/>
  <testcase name="sfmloadtest" time="31.529" classname="com.loadsfm.tests.ContactLeadInfo"/>
  <testcase name="sfmloadtest" time="31.455" classname="com.loadsfm.tests.ContactLeadInfo"/>
  <testcase name="sfmloadtest" time="31.312" classname="com.loadsfm.tests.ContactLeadInfo"/>
  <testcase name="sfmloadtest" time="31.285" classname="com.loadsfm.tests.ContactLeadInfo"/>
  <testcase name="sfmloadtest" time="31.527" classname="com.loadsfm.tests.ContactLeadInfo"/>
  <testcase name="sfmloadtest" time="31.515" classname="com.loadsfm.tests.ContactLeadInfo"/>
  <testcase name="sfmloadtest" time="31.386" classname="com.loadsfm.tests.ContactLeadInfo"/>
  <testcase name="sfmloadtest" time="31.471" classname="com.loadsfm.tests.ContactLeadInfo"/>
  <testcase name="sfmloadtest" time="31.805" classname="com.loadsfm.tests.ContactLeadInfo"/>
  <testcase name="sfmloadtest" time="31.555" classname="com.loadsfm.tests.ContactLeadInfo"/>
  <testcase name="sfmloadtest" time="31.517" classname="com.loadsfm.tests.ContactLeadInfo"/>
  <testcase name="sfmloadtest" time="31.636" classname="com.loadsfm.tests.ContactLeadInfo"/>
  <testcase name="sfmloadtest" time="31.696" classname="com.loadsfm.tests.ContactLeadInfo"/>
  <testcase name="sfmloadtest" time="31.544" classname="com.loadsfm.tests.ContactLeadInfo"/>
  <testcase name="sfmloadtest" time="31.482" classname="com.loadsfm.tests.ContactLeadInfo"/>
  <testcase name="sfmloadtest" time="31.429" classname="com.loadsfm.tests.ContactLeadInfo"/>
  <testcase name="sfmloadtest" time="31.366" classname="com.loadsfm.tests.ContactLeadInfo"/>
  <testcase name="sfmloadtest" time="31.520" classname="com.loadsfm.tests.ContactLeadInfo"/>
  <testcase name="sfmloadtest" time="31.424" classname="com.loadsfm.tests.ContactLeadInfo"/>
  <testcase name="sfmloadtest" time="31.433" classname="com.loadsfm.tests.ContactLeadInfo"/>
  <testcase name="sfmloadtest" time="31.729" classname="com.loadsfm.tests.ContactLeadInfo"/>
  <testcase name="sfmloadtest" time="31.489" classname="com.loadsfm.tests.ContactLeadInfo"/>
  <testcase name="sfmloadtest" time="31.700" classname="com.loadsfm.tests.ContactLeadInfo"/>
  <testcase name="sfmloadtest" time="31.608" classname="com.loadsfm.tests.ContactLeadInfo"/>
  <testcase name="sfmloadtest" time="31.608" classname="com.loadsfm.tests.ContactLeadInfo"/>
  <testcase name="sfmloadtest" time="31.244" classname="com.loadsfm.tests.ContactLeadInfo"/>
  <testcase name="sfmloadtest" time="31.574" classname="com.loadsfm.tests.ContactLeadInfo"/>
  <testcase name="sfmloadtest" time="32.543" classname="com.loadsfm.tests.ContactLeadInfo"/>
  <testcase name="sfmloadtest" time="31.427" classname="com.loadsfm.tests.ContactLeadInfo"/>
  <testcase name="sfmloadtest" time="31.584" classname="com.loadsfm.tests.ContactLeadInfo"/>
  <testcase name="sfmloadtest" time="31.294" classname="com.loadsfm.tests.ContactLeadInfo"/>
  <testcase name="sfmloadtest" time="31.512" classname="com.loadsfm.tests.ContactLeadInfo"/>
  <testcase name="sfmloadtest" time="31.363" classname="com.loadsfm.tests.ContactLeadInfo"/>
  <testcase name="sfmloadtest" time="33.369" classname="com.loadsfm.tests.ContactLeadInfo"/>
  <testcase name="sfmloadtest" time="31.696" classname="com.loadsfm.tests.ContactLeadInfo"/>
  <testcase name="sfmloadtest" time="31.505" classname="com.loadsfm.tests.ContactLeadInfo"/>
  <testcase name="sfmloadtest" time="31.413" classname="com.loadsfm.tests.ContactLeadInfo"/>
  <testcase name="sfmloadtest" time="31.535" classname="com.loadsfm.tests.ContactLeadInfo"/>
  <testcase name="sfmloadtest" time="31.731" classname="com.loadsfm.tests.ContactLeadInfo"/>
  <testcase name="sfmloadtest" time="31.540" classname="com.loadsfm.tests.ContactLeadInfo"/>
  <testcase name="sfmloadtest" time="31.281" classname="com.loadsfm.tests.ContactLeadInfo"/>
  <testcase name="sfmloadtest" time="31.432" classname="com.loadsfm.tests.ContactLeadInfo"/>
  <testcase name="sfmloadtest" time="31.374" classname="com.loadsfm.tests.ContactLeadInfo"/>
  <testcase name="sfmloadtest" time="31.479" classname="com.loadsfm.tests.ContactLeadInfo"/>
  <testcase name="sfmloadtest" time="31.566" classname="com.loadsfm.tests.ContactLeadInfo"/>
  <testcase name="sfmloadtest" time="31.503" classname="com.loadsfm.tests.ContactLeadInfo"/>
  <testcase name="sfmloadtest" time="31.540" classname="com.loadsfm.tests.ContactLeadInfo"/>
  <testcase name="sfmloadtest" time="31.670" classname="com.loadsfm.tests.ContactLeadInfo"/>
  <testcase name="sfmloadtest" time="31.656" classname="com.loadsfm.tests.ContactLeadInfo"/>
  <testcase name="sfmloadtest" time="31.603" classname="com.loadsfm.tests.ContactLeadInfo"/>
  <testcase name="sfmloadtest" time="31.324" classname="com.loadsfm.tests.ContactLeadInfo"/>
  <testcase name="sfmloadtest" time="31.212" classname="com.loadsfm.tests.ContactLeadInfo"/>
  <testcase name="sfmloadtest" time="31.113" classname="com.loadsfm.tests.ContactLeadInfo"/>
  <testcase name="sfmloadtest" time="31.457" classname="com.loadsfm.tests.ContactLeadInfo"/>
  <testcase name="sfmloadtest" time="31.485" classname="com.loadsfm.tests.ContactLeadInfo"/>
  <testcase name="sfmloadtest" time="31.770" classname="com.loadsfm.tests.ContactLeadInfo"/>
  <testcase name="sfmloadtest" time="31.702" classname="com.loadsfm.tests.ContactLeadInfo"/>
  <testcase name="sfmloadtest" time="31.781" classname="com.loadsfm.tests.ContactLeadInfo"/>
  <testcase name="sfmloadtest" time="31.550" classname="com.loadsfm.tests.ContactLeadInfo"/>
  <testcase name="sfmloadtest" time="31.288" classname="com.loadsfm.tests.ContactLeadInfo"/>
  <testcase name="sfmloadtest" time="31.218" classname="com.loadsfm.tests.ContactLeadInfo"/>
  <testcase name="sfmloadtest" time="31.513" classname="com.loadsfm.tests.ContactLeadInfo"/>
  <testcase name="sfmloadtest" time="31.759" classname="com.loadsfm.tests.ContactLeadInfo"/>
  <testcase name="sfmloadtest" time="31.321" classname="com.loadsfm.tests.ContactLeadInfo"/>
  <testcase name="sfmloadtest" time="31.531" classname="com.loadsfm.tests.ContactLeadInfo"/>
  <testcase name="sfmloadtest" time="31.792" classname="com.loadsfm.tests.ContactLeadInfo"/>
  <testcase name="sfmloadtest" time="31.540" classname="com.loadsfm.tests.ContactLeadInfo"/>
  <testcase name="sfmloadtest" time="31.018" classname="com.loadsfm.tests.ContactLeadInfo"/>
  <testcase name="sfmloadtest" time="31.359" classname="com.loadsfm.tests.ContactLeadInfo"/>
  <testcase name="sfmloadtest" time="31.728" classname="com.loadsfm.tests.ContactLeadInfo"/>
  <testcase name="sfmloadtest" time="31.505" classname="com.loadsfm.tests.ContactLeadInfo"/>
  <testcase name="sfmloadtest" time="31.430" classname="com.loadsfm.tests.ContactLeadInfo"/>
  <testcase name="sfmloadtest" time="31.439" classname="com.loadsfm.tests.ContactLeadInfo"/>
  <testcase name="sfmloadtest" time="31.763" classname="com.loadsfm.tests.ContactLeadInfo"/>
  <testcase name="sfmloadtest" time="31.583" classname="com.loadsfm.tests.ContactLeadInfo"/>
  <testcase name="sfmloadtest" time="31.592" classname="com.loadsfm.tests.ContactLeadInfo"/>
  <testcase name="sfmloadtest" time="31.334" classname="com.loadsfm.tests.ContactLeadInfo"/>
  <testcase name="sfmloadtest" time="31.447" classname="com.loadsfm.tests.ContactLeadInfo"/>
  <testcase name="sfmloadtest" time="31.293" classname="com.loadsfm.tests.ContactLeadInfo"/>
  <testcase name="sfmloadtest" time="31.853" classname="com.loadsfm.tests.ContactLeadInfo"/>
  <testcase name="sfmloadtest" time="31.529" classname="com.loadsfm.tests.ContactLeadInfo"/>
  <testcase name="sfmloadtest" time="31.473" classname="com.loadsfm.tests.ContactLeadInfo"/>
  <testcase name="sfmloadtest" time="31.459" classname="com.loadsfm.tests.ContactLeadInfo"/>
  <testcase name="sfmloadtest" time="31.642" classname="com.loadsfm.tests.ContactLeadInfo"/>
  <testcase name="sfmloadtest" time="31.569" classname="com.loadsfm.tests.ContactLeadInfo"/>
  <testcase name="sfmloadtest" time="31.241" classname="com.loadsfm.tests.ContactLeadInfo"/>
  <testcase name="sfmloadtest" time="31.825" classname="com.loadsfm.tests.ContactLeadInfo"/>
  <testcase name="sfmloadtest" time="31.421" classname="com.loadsfm.tests.ContactLeadInfo"/>
  <testcase name="sfmloadtest" time="31.612" classname="com.loadsfm.tests.ContactLeadInfo"/>
  <testcase name="sfmloadtest" time="31.829" classname="com.loadsfm.tests.ContactLeadInfo"/>
  <testcase name="sfmloadtest" time="31.500" classname="com.loadsfm.tests.ContactLeadInfo"/>
  <testcase name="sfmloadtest" time="31.400" classname="com.loadsfm.tests.ContactLeadInfo"/>
  <testcase name="sfmloadtest" time="31.605" classname="com.loadsfm.tests.ContactLeadInfo"/>
  <testcase name="sfmloadtest" time="31.153" classname="com.loadsfm.tests.ContactLeadInfo"/>
  <testcase name="sfmloadtest" time="31.541" classname="com.loadsfm.tests.ContactLeadInfo"/>
  <testcase name="sfmloadtest" time="31.620" classname="com.loadsfm.tests.ContactLeadInfo"/>
  <testcase name="sfmloadtest" time="31.613" classname="com.loadsfm.tests.ContactLeadInfo"/>
  <testcase name="sfmloadtest" time="31.416" classname="com.loadsfm.tests.ContactLeadInfo"/>
  <testcase name="sfmloadtest" time="31.656" classname="com.loadsfm.tests.ContactLeadInfo"/>
  <testcase name="sfmloadtest" time="31.554" classname="com.loadsfm.tests.ContactLeadInfo"/>
  <testcase name="sfmloadtest" time="31.300" classname="com.loadsfm.tests.ContactLeadInfo"/>
  <testcase name="sfmloadtest" time="31.333" classname="com.loadsfm.tests.ContactLeadInfo"/>
  <testcase name="sfmloadtest" time="31.776" classname="com.loadsfm.tests.ContactLeadInfo"/>
  <testcase name="sfmloadtest" time="31.676" classname="com.loadsfm.tests.ContactLeadInfo"/>
  <testcase name="sfmloadtest" time="31.486" classname="com.loadsfm.tests.ContactLeadInfo"/>
  <testcase name="sfmloadtest" time="31.475" classname="com.loadsfm.tests.ContactLeadInfo"/>
  <testcase name="sfmloadtest" time="31.168" classname="com.loadsfm.tests.ContactLeadInfo"/>
  <testcase name="sfmloadtest" time="31.539" classname="com.loadsfm.tests.ContactLeadInfo"/>
  <testcase name="sfmloadtest" time="31.390" classname="com.loadsfm.tests.ContactLeadInfo"/>
  <testcase name="sfmloadtest" time="31.297" classname="com.loadsfm.tests.ContactLeadInfo"/>
  <testcase name="sfmloadtest" time="31.883" classname="com.loadsfm.tests.ContactLeadInfo"/>
  <testcase name="sfmloadtest" time="31.325" classname="com.loadsfm.tests.ContactLeadInfo"/>
  <testcase name="sfmloadtest" time="31.766" classname="com.loadsfm.tests.ContactLeadInfo"/>
  <testcase name="sfmloadtest" time="31.619" classname="com.loadsfm.tests.ContactLeadInfo"/>
  <testcase name="sfmloadtest" time="31.661" classname="com.loadsfm.tests.ContactLeadInfo"/>
  <testcase name="sfmloadtest" time="31.777" classname="com.loadsfm.tests.ContactLeadInfo"/>
  <testcase name="sfmloadtest" time="31.179" classname="com.loadsfm.tests.ContactLeadInfo"/>
  <testcase name="sfmloadtest" time="31.685" classname="com.loadsfm.tests.ContactLeadInfo"/>
  <testcase name="sfmloadtest" time="31.351" classname="com.loadsfm.tests.ContactLeadInfo"/>
  <testcase name="sfmloadtest" time="31.209" classname="com.loadsfm.tests.ContactLeadInfo"/>
  <testcase name="sfmloadtest" time="31.437" classname="com.loadsfm.tests.ContactLeadInfo"/>
  <testcase name="sfmloadtest" time="40.119" classname="com.loadsfm.tests.ContactLeadInfo"/>
  <testcase name="sfmloadtest" time="31.596" classname="com.loadsfm.tests.ContactLeadInfo"/>
  <testcase name="sfmloadtest" time="31.333" classname="com.loadsfm.tests.ContactLeadInfo"/>
  <testcase name="sfmloadtest" time="31.974" classname="com.loadsfm.tests.ContactLeadInfo"/>
  <testcase name="sfmloadtest" time="31.616" classname="com.loadsfm.tests.ContactLeadInfo"/>
  <testcase name="sfmloadtest" time="31.513" classname="com.loadsfm.tests.ContactLeadInfo"/>
  <testcase name="sfmloadtest" time="31.293" classname="com.loadsfm.tests.ContactLeadInfo"/>
  <testcase name="sfmloadtest" time="31.821" classname="com.loadsfm.tests.ContactLeadInfo"/>
  <testcase name="sfmloadtest" time="31.172" classname="com.loadsfm.tests.ContactLeadInfo"/>
  <testcase name="sfmloadtest" time="31.496" classname="com.loadsfm.tests.ContactLeadInfo"/>
  <testcase name="sfmloadtest" time="31.949" classname="com.loadsfm.tests.ContactLeadInfo"/>
  <testcase name="sfmloadtest" time="31.634" classname="com.loadsfm.tests.ContactLeadInfo"/>
  <testcase name="sfmloadtest" time="31.345" classname="com.loadsfm.tests.ContactLeadInfo"/>
  <testcase name="sfmloadtest" time="31.406" classname="com.loadsfm.tests.ContactLeadInfo"/>
  <testcase name="sfmloadtest" time="31.485" classname="com.loadsfm.tests.ContactLeadInfo"/>
  <testcase name="sfmloadtest" time="31.542" classname="com.loadsfm.tests.ContactLeadInfo"/>
  <testcase name="sfmloadtest" time="31.749" classname="com.loadsfm.tests.ContactLeadInfo"/>
  <testcase name="sfmloadtest" time="31.505" classname="com.loadsfm.tests.ContactLeadInfo"/>
  <testcase name="sfmloadtest" time="31.419" classname="com.loadsfm.tests.ContactLeadInfo"/>
  <testcase name="sfmloadtest" time="31.550" classname="com.loadsfm.tests.ContactLeadInfo"/>
  <testcase name="sfmloadtest" time="31.417" classname="com.loadsfm.tests.ContactLeadInfo"/>
  <testcase name="sfmloadtest" time="31.313" classname="com.loadsfm.tests.ContactLeadInfo"/>
  <testcase name="sfmloadtest" time="31.504" classname="com.loadsfm.tests.ContactLeadInfo"/>
  <testcase name="sfmloadtest" time="31.629" classname="com.loadsfm.tests.ContactLeadInfo"/>
  <testcase name="sfmloadtest" time="31.434" classname="com.loadsfm.tests.ContactLeadInfo"/>
  <testcase name="sfmloadtest" time="31.313" classname="com.loadsfm.tests.ContactLeadInfo"/>
  <testcase name="sfmloadtest" time="31.364" classname="com.loadsfm.tests.ContactLeadInfo"/>
  <testcase name="sfmloadtest" time="31.725" classname="com.loadsfm.tests.ContactLeadInfo"/>
  <testcase name="sfmloadtest" time="31.511" classname="com.loadsfm.tests.ContactLeadInfo"/>
  <testcase name="sfmloadtest" time="31.606" classname="com.loadsfm.tests.ContactLeadInfo"/>
  <testcase name="sfmloadtest" time="31.447" classname="com.loadsfm.tests.ContactLeadInfo"/>
  <testcase name="sfmloadtest" time="31.362" classname="com.loadsfm.tests.ContactLeadInfo"/>
  <testcase name="sfmloadtest" time="31.420" classname="com.loadsfm.tests.ContactLeadInfo"/>
  <testcase name="sfmloadtest" time="31.817" classname="com.loadsfm.tests.ContactLeadInfo"/>
  <testcase name="sfmloadtest" time="31.518" classname="com.loadsfm.tests.ContactLeadInfo"/>
  <testcase name="sfmloadtest" time="31.611" classname="com.loadsfm.tests.ContactLeadInfo"/>
  <testcase name="sfmloadtest" time="32.889" classname="com.loadsfm.tests.ContactLeadInfo"/>
  <testcase name="sfmloadtest" time="31.372" classname="com.loadsfm.tests.ContactLeadInfo"/>
  <testcase name="sfmloadtest" time="31.415" classname="com.loadsfm.tests.ContactLeadInfo"/>
  <testcase name="sfmloadtest" time="31.694" classname="com.loadsfm.tests.ContactLeadInfo"/>
  <testcase name="sfmloadtest" time="31.522" classname="com.loadsfm.tests.ContactLeadInfo"/>
  <testcase name="sfmloadtest" time="31.734" classname="com.loadsfm.tests.ContactLeadInfo"/>
  <testcase name="sfmloadtest" time="31.376" classname="com.loadsfm.tests.ContactLeadInfo"/>
  <testcase name="sfmloadtest" time="31.304" classname="com.loadsfm.tests.ContactLeadInfo"/>
  <testcase name="sfmloadtest" time="31.655" classname="com.loadsfm.tests.ContactLeadInfo"/>
  <testcase name="sfmloadtest" time="31.351" classname="com.loadsfm.tests.ContactLeadInfo"/>
  <testcase name="sfmloadtest" time="31.165" classname="com.loadsfm.tests.ContactLeadInfo"/>
  <testcase name="sfmloadtest" time="31.477" classname="com.loadsfm.tests.ContactLeadInfo"/>
  <testcase name="sfmloadtest" time="31.439" classname="com.loadsfm.tests.ContactLeadInfo"/>
  <testcase name="sfmloadtest" time="31.546" classname="com.loadsfm.tests.ContactLeadInfo"/>
  <testcase name="sfmloadtest" time="31.545" classname="com.loadsfm.tests.ContactLeadInfo"/>
  <testcase name="sfmloadtest" time="31.494" classname="com.loadsfm.tests.ContactLeadInfo"/>
  <testcase name="sfmloadtest" time="31.378" classname="com.loadsfm.tests.ContactLeadInfo"/>
  <testcase name="sfmloadtest" time="31.704" classname="com.loadsfm.tests.ContactLeadInfo"/>
  <testcase name="sfmloadtest" time="31.506" classname="com.loadsfm.tests.ContactLeadInfo"/>
  <testcase name="sfmloadtest" time="31.656" classname="com.loadsfm.tests.ContactLeadInfo"/>
  <testcase name="sfmloadtest" time="31.652" classname="com.loadsfm.tests.ContactLeadInfo"/>
  <testcase name="sfmloadtest" time="31.510" classname="com.loadsfm.tests.ContactLeadInfo"/>
  <testcase name="sfmloadtest" time="31.536" classname="com.loadsfm.tests.ContactLeadInfo"/>
  <testcase name="sfmloadtest" time="31.070" classname="com.loadsfm.tests.ContactLeadInfo"/>
  <testcase name="sfmloadtest" time="31.888" classname="com.loadsfm.tests.ContactLeadInfo"/>
  <testcase name="sfmloadtest" time="31.363" classname="com.loadsfm.tests.ContactLeadInfo"/>
  <testcase name="sfmloadtest" time="31.488" classname="com.loadsfm.tests.ContactLeadInfo"/>
  <testcase name="sfmloadtest" time="31.414" classname="com.loadsfm.tests.ContactLeadInfo"/>
  <testcase name="sfmloadtest" time="31.464" classname="com.loadsfm.tests.ContactLeadInfo"/>
  <testcase name="sfmloadtest" time="31.613" classname="com.loadsfm.tests.ContactLeadInfo"/>
  <testcase name="sfmloadtest" time="31.839" classname="com.loadsfm.tests.ContactLeadInfo"/>
  <testcase name="sfmloadtest" time="31.190" classname="com.loadsfm.tests.ContactLeadInfo"/>
  <testcase name="sfmloadtest" time="31.372" classname="com.loadsfm.tests.ContactLeadInfo"/>
  <testcase name="sfmloadtest" time="31.490" classname="com.loadsfm.tests.ContactLeadInfo"/>
  <testcase name="sfmloadtest" time="31.643" classname="com.loadsfm.tests.ContactLeadInfo"/>
  <testcase name="sfmloadtest" time="31.487" classname="com.loadsfm.tests.ContactLeadInfo"/>
  <testcase name="sfmloadtest" time="31.484" classname="com.loadsfm.tests.ContactLeadInfo"/>
  <testcase name="sfmloadtest" time="31.410" classname="com.loadsfm.tests.ContactLeadInfo"/>
  <testcase name="sfmloadtest" time="31.339" classname="com.loadsfm.tests.ContactLeadInfo"/>
  <testcase name="sfmloadtest" time="31.449" classname="com.loadsfm.tests.ContactLeadInfo"/>
  <testcase name="sfmloadtest" time="31.513" classname="com.loadsfm.tests.ContactLeadInfo"/>
  <testcase name="sfmloadtest" time="31.203" classname="com.loadsfm.tests.ContactLeadInfo"/>
  <testcase name="sfmloadtest" time="31.519" classname="com.loadsfm.tests.ContactLeadInfo"/>
  <testcase name="sfmloadtest" time="31.520" classname="com.loadsfm.tests.ContactLeadInfo"/>
  <testcase name="sfmloadtest" time="31.939" classname="com.loadsfm.tests.ContactLeadInfo"/>
  <testcase name="sfmloadtest" time="31.346" classname="com.loadsfm.tests.ContactLeadInfo"/>
  <testcase name="sfmloadtest" time="31.287" classname="com.loadsfm.tests.ContactLeadInfo"/>
  <testcase name="sfmloadtest" time="31.931" classname="com.loadsfm.tests.ContactLeadInfo"/>
  <testcase name="sfmloadtest" time="31.613" classname="com.loadsfm.tests.ContactLeadInfo"/>
  <testcase name="sfmloadtest" time="31.371" classname="com.loadsfm.tests.ContactLeadInfo"/>
  <testcase name="sfmloadtest" time="31.289" classname="com.loadsfm.tests.ContactLeadInfo"/>
  <testcase name="sfmloadtest" time="31.456" classname="com.loadsfm.tests.ContactLeadInfo"/>
  <testcase name="sfmloadtest" time="31.426" classname="com.loadsfm.tests.ContactLeadInfo"/>
  <testcase name="sfmloadtest" time="31.361" classname="com.loadsfm.tests.ContactLeadInfo"/>
  <testcase name="sfmloadtest" time="31.585" classname="com.loadsfm.tests.ContactLeadInfo"/>
  <testcase name="sfmloadtest" time="31.789" classname="com.loadsfm.tests.ContactLeadInfo"/>
  <testcase name="sfmloadtest" time="31.634" classname="com.loadsfm.tests.ContactLeadInfo"/>
  <testcase name="sfmloadtest" time="31.718" classname="com.loadsfm.tests.ContactLeadInfo"/>
  <testcase name="sfmloadtest" time="31.361" classname="com.loadsfm.tests.ContactLeadInfo"/>
  <testcase name="sfmloadtest" time="31.877" classname="com.loadsfm.tests.ContactLeadInfo"/>
  <testcase name="sfmloadtest" time="31.355" classname="com.loadsfm.tests.ContactLeadInfo"/>
  <testcase name="sfmloadtest" time="31.351" classname="com.loadsfm.tests.ContactLeadInfo"/>
  <testcase name="sfmloadtest" time="31.558" classname="com.loadsfm.tests.ContactLeadInfo"/>
  <testcase name="sfmloadtest" time="31.413" classname="com.loadsfm.tests.ContactLeadInfo"/>
  <testcase name="sfmloadtest" time="31.448" classname="com.loadsfm.tests.ContactLeadInfo"/>
  <testcase name="sfmloadtest" time="31.677" classname="com.loadsfm.tests.ContactLeadInfo"/>
  <testcase name="sfmloadtest" time="31.523" classname="com.loadsfm.tests.ContactLeadInfo"/>
  <testcase name="sfmloadtest" time="31.307" classname="com.loadsfm.tests.ContactLeadInfo"/>
  <testcase name="sfmloadtest" time="31.375" classname="com.loadsfm.tests.ContactLeadInfo"/>
  <testcase name="sfmloadtest" time="31.463" classname="com.loadsfm.tests.ContactLeadInfo"/>
  <testcase name="sfmloadtest" time="31.557" classname="com.loadsfm.tests.ContactLeadInfo"/>
  <testcase name="sfmloadtest" time="31.489" classname="com.loadsfm.tests.ContactLeadInfo"/>
  <testcase name="sfmloadtest" time="31.684" classname="com.loadsfm.tests.ContactLeadInfo"/>
  <testcase name="sfmloadtest" time="31.279" classname="com.loadsfm.tests.ContactLeadInfo"/>
  <testcase name="sfmloadtest" time="31.421" classname="com.loadsfm.tests.ContactLeadInfo"/>
  <testcase name="sfmloadtest" time="31.550" classname="com.loadsfm.tests.ContactLeadInfo"/>
  <testcase name="sfmloadtest" time="31.236" classname="com.loadsfm.tests.ContactLeadInfo"/>
  <testcase name="sfmloadtest" time="31.678" classname="com.loadsfm.tests.ContactLeadInfo"/>
  <testcase name="sfmloadtest" time="31.415" classname="com.loadsfm.tests.ContactLeadInfo"/>
  <testcase name="sfmloadtest" time="31.680" classname="com.loadsfm.tests.ContactLeadInfo"/>
  <testcase name="sfmloadtest" time="31.313" classname="com.loadsfm.tests.ContactLeadInfo"/>
  <testcase name="sfmloadtest" time="31.416" classname="com.loadsfm.tests.ContactLeadInfo"/>
  <testcase name="sfmloadtest" time="31.733" classname="com.loadsfm.tests.ContactLeadInfo"/>
  <testcase name="sfmloadtest" time="32.115" classname="com.loadsfm.tests.ContactLeadInfo"/>
  <testcase name="sfmloadtest" time="31.917" classname="com.loadsfm.tests.ContactLeadInfo"/>
  <testcase name="sfmloadtest" time="31.630" classname="com.loadsfm.tests.ContactLeadInfo"/>
  <testcase name="sfmloadtest" time="32.769" classname="com.loadsfm.tests.ContactLeadInfo"/>
  <testcase name="sfmloadtest" time="31.472" classname="com.loadsfm.tests.ContactLeadInfo"/>
  <testcase name="sfmloadtest" time="31.248" classname="com.loadsfm.tests.ContactLeadInfo"/>
  <testcase name="sfmloadtest" time="31.581" classname="com.loadsfm.tests.ContactLeadInfo"/>
  <testcase name="sfmloadtest" time="31.518" classname="com.loadsfm.tests.ContactLeadInfo"/>
  <testcase name="sfmloadtest" time="31.424" classname="com.loadsfm.tests.ContactLeadInfo"/>
  <testcase name="sfmloadtest" time="31.980" classname="com.loadsfm.tests.ContactLeadInfo"/>
  <testcase name="sfmloadtest" time="31.609" classname="com.loadsfm.tests.ContactLeadInfo"/>
  <testcase name="sfmloadtest" time="31.645" classname="com.loadsfm.tests.ContactLeadInfo"/>
  <testcase name="sfmloadtest" time="31.788" classname="com.loadsfm.tests.ContactLeadInfo"/>
  <testcase name="sfmloadtest" time="31.433" classname="com.loadsfm.tests.ContactLeadInfo"/>
  <testcase name="sfmloadtest" time="31.490" classname="com.loadsfm.tests.ContactLeadInfo"/>
  <testcase name="sfmloadtest" time="31.502" classname="com.loadsfm.tests.ContactLeadInfo"/>
  <testcase name="sfmloadtest" time="31.321" classname="com.loadsfm.tests.ContactLeadInfo"/>
  <testcase name="sfmloadtest" time="31.699" classname="com.loadsfm.tests.ContactLeadInfo"/>
  <testcase name="sfmloadtest" time="31.384" classname="com.loadsfm.tests.ContactLeadInfo"/>
  <testcase name="sfmloadtest" time="31.577" classname="com.loadsfm.tests.ContactLeadInfo"/>
  <testcase name="sfmloadtest" time="31.326" classname="com.loadsfm.tests.ContactLeadInfo"/>
  <testcase name="sfmloadtest" time="31.520" classname="com.loadsfm.tests.ContactLeadInfo"/>
  <testcase name="sfmloadtest" time="31.323" classname="com.loadsfm.tests.ContactLeadInfo"/>
  <testcase name="sfmloadtest" time="31.157" classname="com.loadsfm.tests.ContactLeadInfo"/>
  <testcase name="sfmloadtest" time="31.411" classname="com.loadsfm.tests.ContactLeadInfo"/>
  <testcase name="sfmloadtest" time="31.657" classname="com.loadsfm.tests.ContactLeadInfo"/>
  <testcase name="sfmloadtest" time="31.426" classname="com.loadsfm.tests.ContactLeadInfo"/>
  <testcase name="sfmloadtest" time="31.550" classname="com.loadsfm.tests.ContactLeadInfo"/>
  <testcase name="sfmloadtest" time="31.515" classname="com.loadsfm.tests.ContactLeadInfo"/>
  <testcase name="sfmloadtest" time="31.478" classname="com.loadsfm.tests.ContactLeadInfo"/>
  <testcase name="sfmloadtest" time="31.687" classname="com.loadsfm.tests.ContactLeadInfo"/>
  <testcase name="sfmloadtest" time="31.335" classname="com.loadsfm.tests.ContactLeadInfo"/>
  <testcase name="sfmloadtest" time="31.588" classname="com.loadsfm.tests.ContactLeadInfo"/>
  <testcase name="sfmloadtest" time="31.227" classname="com.loadsfm.tests.ContactLeadInfo"/>
  <testcase name="sfmloadtest" time="31.507" classname="com.loadsfm.tests.ContactLeadInfo"/>
  <testcase name="sfmloadtest" time="31.427" classname="com.loadsfm.tests.ContactLeadInfo"/>
  <testcase name="sfmloadtest" time="31.326" classname="com.loadsfm.tests.ContactLeadInfo"/>
  <testcase name="sfmloadtest" time="31.543" classname="com.loadsfm.tests.ContactLeadInfo"/>
  <testcase name="sfmloadtest" time="31.354" classname="com.loadsfm.tests.ContactLeadInfo"/>
  <testcase name="sfmloadtest" time="31.185" classname="com.loadsfm.tests.ContactLeadInfo"/>
  <testcase name="sfmloadtest" time="31.481" classname="com.loadsfm.tests.ContactLeadInfo"/>
  <testcase name="sfmloadtest" time="31.435" classname="com.loadsfm.tests.ContactLeadInfo"/>
  <testcase name="sfmloadtest" time="31.415" classname="com.loadsfm.tests.ContactLeadInfo"/>
  <testcase name="sfmloadtest" time="31.609" classname="com.loadsfm.tests.ContactLeadInfo"/>
  <testcase name="sfmloadtest" time="31.236" classname="com.loadsfm.tests.ContactLeadInfo"/>
  <testcase name="sfmloadtest" time="31.928" classname="com.loadsfm.tests.ContactLeadInfo"/>
  <testcase name="sfmloadtest" time="31.332" classname="com.loadsfm.tests.ContactLeadInfo"/>
  <testcase name="sfmloadtest" time="31.654" classname="com.loadsfm.tests.ContactLeadInfo"/>
  <testcase name="sfmloadtest" time="31.848" classname="com.loadsfm.tests.ContactLeadInfo"/>
  <testcase name="sfmloadtest" time="30.996" classname="com.loadsfm.tests.ContactLeadInfo"/>
  <testcase name="sfmloadtest" time="31.512" classname="com.loadsfm.tests.ContactLeadInfo"/>
  <testcase name="sfmloadtest" time="30.828" classname="com.loadsfm.tests.ContactLeadInfo"/>
  <testcase name="sfmloadtest" time="31.456" classname="com.loadsfm.tests.ContactLeadInfo"/>
  <testcase name="sfmloadtest" time="49.132" classname="com.loadsfm.tests.ContactLeadInfo"/>
  <testcase name="sfmloadtest" time="31.497" classname="com.loadsfm.tests.ContactLeadInfo"/>
  <testcase name="sfmloadtest" time="31.482" classname="com.loadsfm.tests.ContactLeadInfo"/>
  <testcase name="sfmloadtest" time="31.563" classname="com.loadsfm.tests.ContactLeadInfo"/>
  <testcase name="sfmloadtest" time="31.428" classname="com.loadsfm.tests.ContactLeadInfo"/>
  <testcase name="sfmloadtest" time="31.585" classname="com.loadsfm.tests.ContactLeadInfo"/>
  <testcase name="sfmloadtest" time="31.841" classname="com.loadsfm.tests.ContactLeadInfo"/>
  <testcase name="sfmloadtest" time="31.426" classname="com.loadsfm.tests.ContactLeadInfo"/>
  <testcase name="sfmloadtest" time="31.280" classname="com.loadsfm.tests.ContactLeadInfo"/>
  <testcase name="sfmloadtest" time="31.695" classname="com.loadsfm.tests.ContactLeadInfo"/>
  <testcase name="sfmloadtest" time="31.468" classname="com.loadsfm.tests.ContactLeadInfo"/>
  <testcase name="sfmloadtest" time="31.602" classname="com.loadsfm.tests.ContactLeadInfo"/>
  <testcase name="sfmloadtest" time="31.541" classname="com.loadsfm.tests.ContactLeadInfo"/>
  <testcase name="sfmloadtest" time="31.493" classname="com.loadsfm.tests.ContactLeadInfo"/>
  <testcase name="sfmloadtest" time="31.596" classname="com.loadsfm.tests.ContactLeadInfo"/>
  <testcase name="sfmloadtest" time="31.988" classname="com.loadsfm.tests.ContactLeadInfo"/>
  <testcase name="sfmloadtest" time="31.605" classname="com.loadsfm.tests.ContactLeadInfo"/>
  <testcase name="sfmloadtest" time="31.513" classname="com.loadsfm.tests.ContactLeadInfo"/>
  <testcase name="sfmloadtest" time="31.445" classname="com.loadsfm.tests.ContactLeadInfo"/>
  <testcase name="sfmloadtest" time="31.452" classname="com.loadsfm.tests.ContactLeadInfo"/>
  <testcase name="sfmloadtest" time="31.278" classname="com.loadsfm.tests.ContactLeadInfo"/>
  <testcase name="sfmloadtest" time="31.659" classname="com.loadsfm.tests.ContactLeadInfo"/>
  <testcase name="sfmloadtest" time="31.528" classname="com.loadsfm.tests.ContactLeadInfo"/>
  <testcase name="sfmloadtest" time="31.801" classname="com.loadsfm.tests.ContactLeadInfo"/>
  <testcase name="sfmloadtest" time="31.450" classname="com.loadsfm.tests.ContactLeadInfo"/>
  <testcase name="sfmloadtest" time="31.547" classname="com.loadsfm.tests.ContactLeadInfo"/>
  <testcase name="sfmloadtest" time="30.923" classname="com.loadsfm.tests.ContactLeadInfo"/>
  <testcase name="sfmloadtest" time="31.526" classname="com.loadsfm.tests.ContactLeadInfo"/>
  <testcase name="sfmloadtest" time="31.364" classname="com.loadsfm.tests.ContactLeadInfo"/>
  <testcase name="sfmloadtest" time="31.547" classname="com.loadsfm.tests.ContactLeadInfo"/>
  <testcase name="sfmloadtest" time="31.720" classname="com.loadsfm.tests.ContactLeadInfo"/>
  <testcase name="sfmloadtest" time="31.737" classname="com.loadsfm.tests.ContactLeadInfo"/>
  <testcase name="sfmloadtest" time="31.543" classname="com.loadsfm.tests.ContactLeadInfo"/>
  <testcase name="sfmloadtest" time="31.660" classname="com.loadsfm.tests.ContactLeadInfo"/>
  <testcase name="sfmloadtest" time="31.542" classname="com.loadsfm.tests.ContactLeadInfo"/>
  <testcase name="sfmloadtest" time="31.245" classname="com.loadsfm.tests.ContactLeadInfo"/>
  <testcase name="sfmloadtest" time="31.626" classname="com.loadsfm.tests.ContactLeadInfo"/>
  <testcase name="sfmloadtest" time="31.565" classname="com.loadsfm.tests.ContactLeadInfo"/>
  <testcase name="sfmloadtest" time="31.607" classname="com.loadsfm.tests.ContactLeadInfo"/>
  <testcase name="sfmloadtest" time="31.426" classname="com.loadsfm.tests.ContactLeadInfo"/>
  <testcase name="sfmloadtest" time="31.198" classname="com.loadsfm.tests.ContactLeadInfo"/>
  <testcase name="sfmloadtest" time="31.489" classname="com.loadsfm.tests.ContactLeadInfo"/>
  <testcase name="sfmloadtest" time="31.317" classname="com.loadsfm.tests.ContactLeadInfo"/>
  <testcase name="sfmloadtest" time="31.597" classname="com.loadsfm.tests.ContactLeadInfo"/>
  <testcase name="sfmloadtest" time="31.359" classname="com.loadsfm.tests.ContactLeadInfo"/>
  <testcase name="sfmloadtest" time="31.468" classname="com.loadsfm.tests.ContactLeadInfo"/>
  <testcase name="sfmloadtest" time="31.571" classname="com.loadsfm.tests.ContactLeadInfo"/>
  <testcase name="sfmloadtest" time="31.746" classname="com.loadsfm.tests.ContactLeadInfo"/>
  <testcase name="sfmloadtest" time="31.402" classname="com.loadsfm.tests.ContactLeadInfo"/>
  <testcase name="sfmloadtest" time="31.601" classname="com.loadsfm.tests.ContactLeadInfo"/>
  <testcase name="sfmloadtest" time="31.377" classname="com.loadsfm.tests.ContactLeadInfo"/>
  <testcase name="sfmloadtest" time="31.221" classname="com.loadsfm.tests.ContactLeadInfo"/>
  <testcase name="sfmloadtest" time="31.247" classname="com.loadsfm.tests.ContactLeadInfo"/>
  <testcase name="sfmloadtest" time="31.326" classname="com.loadsfm.tests.ContactLeadInfo"/>
  <testcase name="sfmloadtest" time="31.626" classname="com.loadsfm.tests.ContactLeadInfo"/>
  <testcase name="sfmloadtest" time="31.512" classname="com.loadsfm.tests.ContactLeadInfo"/>
  <testcase name="sfmloadtest" time="31.283" classname="com.loadsfm.tests.ContactLeadInfo"/>
  <testcase name="sfmloadtest" time="31.305" classname="com.loadsfm.tests.ContactLeadInfo"/>
  <testcase name="sfmloadtest" time="31.439" classname="com.loadsfm.tests.ContactLeadInfo"/>
  <testcase name="sfmloadtest" time="31.569" classname="com.loadsfm.tests.ContactLeadInfo"/>
  <testcase name="sfmloadtest" time="31.801" classname="com.loadsfm.tests.ContactLeadInfo"/>
  <testcase name="sfmloadtest" time="31.454" classname="com.loadsfm.tests.ContactLeadInfo"/>
  <testcase name="sfmloadtest" time="33.097" classname="com.loadsfm.tests.ContactLeadInfo"/>
  <testcase name="sfmloadtest" time="31.546" classname="com.loadsfm.tests.ContactLeadInfo"/>
  <testcase name="sfmloadtest" time="31.345" classname="com.loadsfm.tests.ContactLeadInfo"/>
  <testcase name="sfmloadtest" time="31.781" classname="com.loadsfm.tests.ContactLeadInfo"/>
  <testcase name="sfmloadtest" time="31.519" classname="com.loadsfm.tests.ContactLeadInfo"/>
  <testcase name="sfmloadtest" time="31.896" classname="com.loadsfm.tests.ContactLeadInfo"/>
  <testcase name="sfmloadtest" time="31.551" classname="com.loadsfm.tests.ContactLeadInfo"/>
  <testcase name="sfmloadtest" time="31.550" classname="com.loadsfm.tests.ContactLeadInfo"/>
  <testcase name="sfmloadtest" time="31.438" classname="com.loadsfm.tests.ContactLeadInfo"/>
  <testcase name="sfmloadtest" time="31.409" classname="com.loadsfm.tests.ContactLeadInfo"/>
  <testcase name="sfmloadtest" time="31.700" classname="com.loadsfm.tests.ContactLeadInfo"/>
  <testcase name="sfmloadtest" time="31.219" classname="com.loadsfm.tests.ContactLeadInfo"/>
  <testcase name="sfmloadtest" time="31.727" classname="com.loadsfm.tests.ContactLeadInfo"/>
  <testcase name="sfmloadtest" time="31.334" classname="com.loadsfm.tests.ContactLeadInfo"/>
  <testcase name="sfmloadtest" time="31.574" classname="com.loadsfm.tests.ContactLeadInfo"/>
  <testcase name="sfmloadtest" time="31.302" classname="com.loadsfm.tests.ContactLeadInfo"/>
  <testcase name="sfmloadtest" time="31.344" classname="com.loadsfm.tests.ContactLeadInfo"/>
  <testcase name="sfmloadtest" time="31.397" classname="com.loadsfm.tests.ContactLeadInfo"/>
  <testcase name="sfmloadtest" time="31.215" classname="com.loadsfm.tests.ContactLeadInfo"/>
  <testcase name="sfmloadtest" time="32.052" classname="com.loadsfm.tests.ContactLeadInfo"/>
  <testcase name="sfmloadtest" time="31.767" classname="com.loadsfm.tests.ContactLeadInfo"/>
  <testcase name="sfmloadtest" time="31.791" classname="com.loadsfm.tests.ContactLeadInfo"/>
  <testcase name="sfmloadtest" time="31.198" classname="com.loadsfm.tests.ContactLeadInfo"/>
  <testcase name="sfmloadtest" time="31.452" classname="com.loadsfm.tests.ContactLeadInfo"/>
  <testcase name="sfmloadtest" time="31.443" classname="com.loadsfm.tests.ContactLeadInfo"/>
  <testcase name="sfmloadtest" time="31.415" classname="com.loadsfm.tests.ContactLeadInfo"/>
  <testcase name="sfmloadtest" time="31.298" classname="com.loadsfm.tests.ContactLeadInfo"/>
  <testcase name="sfmloadtest" time="31.551" classname="com.loadsfm.tests.ContactLeadInfo"/>
  <testcase name="sfmloadtest" time="31.768" classname="com.loadsfm.tests.ContactLeadInfo"/>
  <testcase name="sfmloadtest" time="31.492" classname="com.loadsfm.tests.ContactLeadInfo"/>
  <testcase name="sfmloadtest" time="31.653" classname="com.loadsfm.tests.ContactLeadInfo"/>
  <testcase name="sfmloadtest" time="31.431" classname="com.loadsfm.tests.ContactLeadInfo"/>
  <testcase name="sfmloadtest" time="31.618" classname="com.loadsfm.tests.ContactLeadInfo"/>
  <testcase name="sfmloadtest" time="31.508" classname="com.loadsfm.tests.ContactLeadInfo"/>
  <testcase name="sfmloadtest" time="31.541" classname="com.loadsfm.tests.ContactLeadInfo"/>
  <testcase name="sfmloadtest" time="31.705" classname="com.loadsfm.tests.ContactLeadInfo"/>
  <testcase name="sfmloadtest" time="31.346" classname="com.loadsfm.tests.ContactLeadInfo"/>
  <testcase name="sfmloadtest" time="31.627" classname="com.loadsfm.tests.ContactLeadInfo"/>
  <testcase name="sfmloadtest" time="31.612" classname="com.loadsfm.tests.ContactLeadInfo"/>
  <testcase name="sfmloadtest" time="31.553" classname="com.loadsfm.tests.ContactLeadInfo"/>
  <testcase name="sfmloadtest" time="31.758" classname="com.loadsfm.tests.ContactLeadInfo"/>
  <testcase name="sfmloadtest" time="31.607" classname="com.loadsfm.tests.ContactLeadInfo"/>
  <testcase name="sfmloadtest" time="31.681" classname="com.loadsfm.tests.ContactLeadInfo"/>
  <testcase name="sfmloadtest" time="31.209" classname="com.loadsfm.tests.ContactLeadInfo"/>
  <testcase name="sfmloadtest" time="31.729" classname="com.loadsfm.tests.ContactLeadInfo"/>
  <testcase name="sfmloadtest" time="31.587" classname="com.loadsfm.tests.ContactLeadInfo"/>
  <testcase name="sfmloadtest" time="31.515" classname="com.loadsfm.tests.ContactLeadInfo"/>
  <testcase name="sfmloadtest" time="31.769" classname="com.loadsfm.tests.ContactLeadInfo"/>
  <testcase name="sfmloadtest" time="31.640" classname="com.loadsfm.tests.ContactLeadInfo"/>
  <testcase name="sfmloadtest" time="31.606" classname="com.loadsfm.tests.ContactLeadInfo"/>
  <testcase name="sfmloadtest" time="31.386" classname="com.loadsfm.tests.ContactLeadInfo"/>
  <testcase name="sfmloadtest" time="31.324" classname="com.loadsfm.tests.ContactLeadInfo"/>
  <testcase name="sfmloadtest" time="31.537" classname="com.loadsfm.tests.ContactLeadInfo"/>
  <testcase name="sfmloadtest" time="31.564" classname="com.loadsfm.tests.ContactLeadInfo"/>
  <testcase name="sfmloadtest" time="31.181" classname="com.loadsfm.tests.ContactLeadInfo"/>
  <testcase name="sfmloadtest" time="31.258" classname="com.loadsfm.tests.ContactLeadInfo"/>
  <testcase name="sfmloadtest" time="31.643" classname="com.loadsfm.tests.ContactLeadInfo"/>
  <testcase name="sfmloadtest" time="31.341" classname="com.loadsfm.tests.ContactLeadInfo"/>
  <testcase name="sfmloadtest" time="31.456" classname="com.loadsfm.tests.ContactLeadInfo"/>
  <testcase name="sfmloadtest" time="31.526" classname="com.loadsfm.tests.ContactLeadInfo"/>
  <testcase name="sfmloadtest" time="31.414" classname="com.loadsfm.tests.ContactLeadInfo"/>
  <testcase name="sfmloadtest" time="31.558" classname="com.loadsfm.tests.ContactLeadInfo"/>
  <testcase name="sfmloadtest" time="31.609" classname="com.loadsfm.tests.ContactLeadInfo"/>
  <testcase name="sfmloadtest" time="31.319" classname="com.loadsfm.tests.ContactLeadInfo"/>
  <testcase name="sfmloadtest" time="31.382" classname="com.loadsfm.tests.ContactLeadInfo"/>
  <testcase name="sfmloadtest" time="31.405" classname="com.loadsfm.tests.ContactLeadInfo"/>
  <testcase name="sfmloadtest" time="31.101" classname="com.loadsfm.tests.ContactLeadInfo"/>
  <testcase name="sfmloadtest" time="31.411" classname="com.loadsfm.tests.ContactLeadInfo"/>
  <testcase name="sfmloadtest" time="31.829" classname="com.loadsfm.tests.ContactLeadInfo"/>
  <testcase name="sfmloadtest" time="31.295" classname="com.loadsfm.tests.ContactLeadInfo"/>
  <testcase name="sfmloadtest" time="31.128" classname="com.loadsfm.tests.ContactLeadInfo"/>
  <testcase name="sfmloadtest" time="31.590" classname="com.loadsfm.tests.ContactLeadInfo"/>
  <testcase name="sfmloadtest" time="31.440" classname="com.loadsfm.tests.ContactLeadInfo"/>
  <testcase name="sfmloadtest" time="31.482" classname="com.loadsfm.tests.ContactLeadInfo"/>
  <testcase name="sfmloadtest" time="31.568" classname="com.loadsfm.tests.ContactLeadInfo"/>
  <testcase name="sfmloadtest" time="31.634" classname="com.loadsfm.tests.ContactLeadInfo"/>
  <testcase name="sfmloadtest" time="31.390" classname="com.loadsfm.tests.ContactLeadInfo"/>
  <testcase name="sfmloadtest" time="31.469" classname="com.loadsfm.tests.ContactLeadInfo"/>
  <testcase name="sfmloadtest" time="31.489" classname="com.loadsfm.tests.ContactLeadInfo"/>
  <testcase name="sfmloadtest" time="31.342" classname="com.loadsfm.tests.ContactLeadInfo"/>
  <testcase name="sfmloadtest" time="31.411" classname="com.loadsfm.tests.ContactLeadInfo"/>
  <testcase name="sfmloadtest" time="31.229" classname="com.loadsfm.tests.ContactLeadInfo"/>
  <testcase name="sfmloadtest" time="31.471" classname="com.loadsfm.tests.ContactLeadInfo"/>
  <testcase name="sfmloadtest" time="31.682" classname="com.loadsfm.tests.ContactLeadInfo"/>
  <testcase name="sfmloadtest" time="31.417" classname="com.loadsfm.tests.ContactLeadInfo"/>
  <testcase name="sfmloadtest" time="31.425" classname="com.loadsfm.tests.ContactLeadInfo"/>
  <testcase name="sfmloadtest" time="31.844" classname="com.loadsfm.tests.ContactLeadInfo"/>
  <testcase name="sfmloadtest" time="31.607" classname="com.loadsfm.tests.ContactLeadInfo"/>
  <testcase name="sfmloadtest" time="31.347" classname="com.loadsfm.tests.ContactLeadInfo"/>
  <testcase name="sfmloadtest" time="31.595" classname="com.loadsfm.tests.ContactLeadInfo"/>
  <testcase name="sfmloadtest" time="31.693" classname="com.loadsfm.tests.ContactLeadInfo"/>
  <testcase name="sfmloadtest" time="31.539" classname="com.loadsfm.tests.ContactLeadInfo"/>
  <testcase name="sfmloadtest" time="31.728" classname="com.loadsfm.tests.ContactLeadInfo"/>
  <testcase name="sfmloadtest" time="31.549" classname="com.loadsfm.tests.ContactLeadInfo"/>
  <testcase name="sfmloadtest" time="31.456" classname="com.loadsfm.tests.ContactLeadInfo"/>
  <testcase name="sfmloadtest" time="31.171" classname="com.loadsfm.tests.ContactLeadInfo"/>
  <testcase name="sfmloadtest" time="31.525" classname="com.loadsfm.tests.ContactLeadInfo"/>
  <testcase name="sfmloadtest" time="31.504" classname="com.loadsfm.tests.ContactLeadInfo"/>
  <testcase name="sfmloadtest" time="31.570" classname="com.loadsfm.tests.ContactLeadInfo"/>
  <testcase name="sfmloadtest" time="31.354" classname="com.loadsfm.tests.ContactLeadInfo"/>
  <testcase name="sfmloadtest" time="31.257" classname="com.loadsfm.tests.ContactLeadInfo"/>
  <testcase name="sfmloadtest" time="31.634" classname="com.loadsfm.tests.ContactLeadInfo"/>
  <testcase name="sfmloadtest" time="31.426" classname="com.loadsfm.tests.ContactLeadInfo"/>
  <testcase name="sfmloadtest" time="31.493" classname="com.loadsfm.tests.ContactLeadInfo"/>
  <testcase name="sfmloadtest" time="31.372" classname="com.loadsfm.tests.ContactLeadInfo"/>
  <testcase name="sfmloadtest" time="31.637" classname="com.loadsfm.tests.ContactLeadInfo"/>
  <testcase name="sfmloadtest" time="31.386" classname="com.loadsfm.tests.ContactLeadInfo"/>
  <testcase name="sfmloadtest" time="31.499" classname="com.loadsfm.tests.ContactLeadInfo"/>
  <testcase name="sfmloadtest" time="31.326" classname="com.loadsfm.tests.ContactLeadInfo"/>
  <testcase name="sfmloadtest" time="31.601" classname="com.loadsfm.tests.ContactLeadInfo"/>
  <testcase name="sfmloadtest" time="31.450" classname="com.loadsfm.tests.ContactLeadInfo"/>
  <testcase name="sfmloadtest" time="31.573" classname="com.loadsfm.tests.ContactLeadInfo"/>
  <testcase name="sfmloadtest" time="31.764" classname="com.loadsfm.tests.ContactLeadInfo"/>
  <testcase name="sfmloadtest" time="31.602" classname="com.loadsfm.tests.ContactLeadInfo"/>
  <testcase name="sfmloadtest" time="31.540" classname="com.loadsfm.tests.ContactLeadInfo"/>
  <testcase name="sfmloadtest" time="31.226" classname="com.loadsfm.tests.ContactLeadInfo"/>
  <testcase name="sfmloadtest" time="31.907" classname="com.loadsfm.tests.ContactLeadInfo"/>
  <testcase name="sfmloadtest" time="31.586" classname="com.loadsfm.tests.ContactLeadInfo"/>
  <testcase name="sfmloadtest" time="31.333" classname="com.loadsfm.tests.ContactLeadInfo"/>
  <testcase name="sfmloadtest" time="31.546" classname="com.loadsfm.tests.ContactLeadInfo"/>
  <testcase name="sfmloadtest" time="31.614" classname="com.loadsfm.tests.ContactLeadInfo"/>
  <testcase name="sfmloadtest" time="31.391" classname="com.loadsfm.tests.ContactLeadInfo"/>
  <testcase name="sfmloadtest" time="31.848" classname="com.loadsfm.tests.ContactLeadInfo"/>
  <testcase name="sfmloadtest" time="31.379" classname="com.loadsfm.tests.ContactLeadInfo"/>
  <testcase name="sfmloadtest" time="31.445" classname="com.loadsfm.tests.ContactLeadInfo"/>
  <testcase name="sfmloadtest" time="31.606" classname="com.loadsfm.tests.ContactLeadInfo"/>
  <testcase name="sfmloadtest" time="31.553" classname="com.loadsfm.tests.ContactLeadInfo"/>
  <testcase name="sfmloadtest" time="31.592" classname="com.loadsfm.tests.ContactLeadInfo"/>
  <testcase name="sfmloadtest" time="31.614" classname="com.loadsfm.tests.ContactLeadInfo"/>
  <testcase name="sfmloadtest" time="31.586" classname="com.loadsfm.tests.ContactLeadInfo"/>
  <testcase name="sfmloadtest" time="31.702" classname="com.loadsfm.tests.ContactLeadInfo"/>
  <testcase name="sfmloadtest" time="31.343" classname="com.loadsfm.tests.ContactLeadInfo"/>
  <testcase name="sfmloadtest" time="31.268" classname="com.loadsfm.tests.ContactLeadInfo"/>
  <testcase name="sfmloadtest" time="31.444" classname="com.loadsfm.tests.ContactLeadInfo"/>
  <testcase name="sfmloadtest" time="31.464" classname="com.loadsfm.tests.ContactLeadInfo"/>
  <testcase name="sfmloadtest" time="31.674" classname="com.loadsfm.tests.ContactLeadInfo"/>
  <testcase name="sfmloadtest" time="31.658" classname="com.loadsfm.tests.ContactLeadInfo"/>
  <testcase name="sfmloadtest" time="31.714" classname="com.loadsfm.tests.ContactLeadInfo"/>
  <testcase name="sfmloadtest" time="31.243" classname="com.loadsfm.tests.ContactLeadInfo"/>
  <testcase name="sfmloadtest" time="31.728" classname="com.loadsfm.tests.ContactLeadInfo"/>
  <testcase name="sfmloadtest" time="31.097" classname="com.loadsfm.tests.ContactLeadInfo"/>
  <testcase name="sfmloadtest" time="31.838" classname="com.loadsfm.tests.ContactLeadInfo"/>
  <testcase name="sfmloadtest" time="32.122" classname="com.loadsfm.tests.ContactLeadInfo"/>
  <testcase name="sfmloadtest" time="31.520" classname="com.loadsfm.tests.ContactLeadInfo"/>
  <testcase name="sfmloadtest" time="31.733" classname="com.loadsfm.tests.ContactLeadInfo"/>
  <testcase name="sfmloadtest" time="31.395" classname="com.loadsfm.tests.ContactLeadInfo"/>
  <testcase name="sfmloadtest" time="31.418" classname="com.loadsfm.tests.ContactLeadInfo"/>
  <testcase name="sfmloadtest" time="31.786" classname="com.loadsfm.tests.ContactLeadInfo"/>
  <testcase name="sfmloadtest" time="31.417" classname="com.loadsfm.tests.ContactLeadInfo"/>
  <testcase name="sfmloadtest" time="31.825" classname="com.loadsfm.tests.ContactLeadInfo"/>
  <testcase name="sfmloadtest" time="31.594" classname="com.loadsfm.tests.ContactLeadInfo"/>
  <testcase name="sfmloadtest" time="31.173" classname="com.loadsfm.tests.ContactLeadInfo"/>
  <testcase name="sfmloadtest" time="31.594" classname="com.loadsfm.tests.ContactLeadInfo"/>
  <testcase name="sfmloadtest" time="31.531" classname="com.loadsfm.tests.ContactLeadInfo"/>
  <testcase name="sfmloadtest" time="31.415" classname="com.loadsfm.tests.ContactLeadInfo"/>
  <testcase name="sfmloadtest" time="30.959" classname="com.loadsfm.tests.ContactLeadInfo"/>
  <testcase name="sfmloadtest" time="31.590" classname="com.loadsfm.tests.ContactLeadInfo"/>
  <testcase name="sfmloadtest" time="31.328" classname="com.loadsfm.tests.ContactLeadInfo"/>
  <testcase name="sfmloadtest" time="31.518" classname="com.loadsfm.tests.ContactLeadInfo"/>
  <testcase name="sfmloadtest" time="31.530" classname="com.loadsfm.tests.ContactLeadInfo"/>
  <testcase name="sfmloadtest" time="31.534" classname="com.loadsfm.tests.ContactLeadInfo"/>
  <testcase name="sfmloadtest" time="31.795" classname="com.loadsfm.tests.ContactLeadInfo"/>
  <testcase name="sfmloadtest" time="31.413" classname="com.loadsfm.tests.ContactLeadInfo"/>
  <testcase name="sfmloadtest" time="31.444" classname="com.loadsfm.tests.ContactLeadInfo"/>
  <testcase name="sfmloadtest" time="31.453" classname="com.loadsfm.tests.ContactLeadInfo"/>
  <testcase name="sfmloadtest" time="31.881" classname="com.loadsfm.tests.ContactLeadInfo"/>
  <testcase name="sfmloadtest" time="31.749" classname="com.loadsfm.tests.ContactLeadInfo"/>
  <testcase name="sfmloadtest" time="31.158" classname="com.loadsfm.tests.ContactLeadInfo"/>
  <testcase name="sfmloadtest" time="31.212" classname="com.loadsfm.tests.ContactLeadInfo"/>
  <testcase name="sfmloadtest" time="31.423" classname="com.loadsfm.tests.ContactLeadInfo"/>
  <testcase name="sfmloadtest" time="31.445" classname="com.loadsfm.tests.ContactLeadInfo"/>
  <testcase name="sfmloadtest" time="31.537" classname="com.loadsfm.tests.ContactLeadInfo"/>
  <testcase name="sfmloadtest" time="31.438" classname="com.loadsfm.tests.ContactLeadInfo"/>
  <testcase name="sfmloadtest" time="31.452" classname="com.loadsfm.tests.ContactLeadInfo"/>
  <testcase name="sfmloadtest" time="31.407" classname="com.loadsfm.tests.ContactLeadInfo"/>
  <testcase name="sfmloadtest" time="31.567" classname="com.loadsfm.tests.ContactLeadInfo"/>
  <testcase name="sfmloadtest" time="31.360" classname="com.loadsfm.tests.ContactLeadInfo"/>
  <testcase name="sfmloadtest" time="31.154" classname="com.loadsfm.tests.ContactLeadInfo"/>
  <testcase name="sfmloadtest" time="31.714" classname="com.loadsfm.tests.ContactLeadInfo"/>
  <testcase name="sfmloadtest" time="31.925" classname="com.loadsfm.tests.ContactLeadInfo"/>
  <testcase name="sfmloadtest" time="31.384" classname="com.loadsfm.tests.ContactLeadInfo"/>
  <testcase name="sfmloadtest" time="31.717" classname="com.loadsfm.tests.ContactLeadInfo"/>
  <testcase name="sfmloadtest" time="31.474" classname="com.loadsfm.tests.ContactLeadInfo"/>
  <testcase name="sfmloadtest" time="31.274" classname="com.loadsfm.tests.ContactLeadInfo"/>
  <testcase name="sfmloadtest" time="31.706" classname="com.loadsfm.tests.ContactLeadInfo"/>
  <testcase name="sfmloadtest" time="31.433" classname="com.loadsfm.tests.ContactLeadInfo"/>
  <testcase name="sfmloadtest" time="31.536" classname="com.loadsfm.tests.ContactLeadInfo"/>
  <testcase name="sfmloadtest" time="31.428" classname="com.loadsfm.tests.ContactLeadInfo"/>
  <testcase name="sfmloadtest" time="31.471" classname="com.loadsfm.tests.ContactLeadInfo"/>
  <testcase name="sfmloadtest" time="31.604" classname="com.loadsfm.tests.ContactLeadInfo"/>
  <testcase name="sfmloadtest" time="31.512" classname="com.loadsfm.tests.ContactLeadInfo"/>
  <testcase name="sfmloadtest" time="31.548" classname="com.loadsfm.tests.ContactLeadInfo"/>
  <testcase name="sfmloadtest" time="31.616" classname="com.loadsfm.tests.ContactLeadInfo"/>
  <testcase name="sfmloadtest" time="31.346" classname="com.loadsfm.tests.ContactLeadInfo"/>
  <testcase name="sfmloadtest" time="31.613" classname="com.loadsfm.tests.ContactLeadInfo"/>
  <testcase name="sfmloadtest" time="31.162" classname="com.loadsfm.tests.ContactLeadInfo"/>
  <testcase name="sfmloadtest" time="31.812" classname="com.loadsfm.tests.ContactLeadInfo"/>
  <testcase name="sfmloadtest" time="31.436" classname="com.loadsfm.tests.ContactLeadInfo"/>
  <testcase name="sfmloadtest" time="31.262" classname="com.loadsfm.tests.ContactLeadInfo"/>
  <testcase name="sfmloadtest" time="31.528" classname="com.loadsfm.tests.ContactLeadInfo"/>
  <testcase name="sfmloadtest" time="31.768" classname="com.loadsfm.tests.ContactLeadInfo"/>
  <testcase name="sfmloadtest" time="31.476" classname="com.loadsfm.tests.ContactLeadInfo"/>
  <testcase name="sfmloadtest" time="31.390" classname="com.loadsfm.tests.ContactLeadInfo"/>
  <testcase name="sfmloadtest" time="31.535" classname="com.loadsfm.tests.ContactLeadInfo"/>
  <testcase name="sfmloadtest" time="31.713" classname="com.loadsfm.tests.ContactLeadInfo"/>
  <testcase name="sfmloadtest" time="31.585" classname="com.loadsfm.tests.ContactLeadInfo"/>
  <testcase name="sfmloadtest" time="31.717" classname="com.loadsfm.tests.ContactLeadInfo"/>
  <testcase name="sfmloadtest" time="31.787" classname="com.loadsfm.tests.ContactLeadInfo"/>
  <testcase name="sfmloadtest" time="31.456" classname="com.loadsfm.tests.ContactLeadInfo"/>
  <testcase name="sfmloadtest" time="31.473" classname="com.loadsfm.tests.ContactLeadInfo"/>
  <testcase name="sfmloadtest" time="31.325" classname="com.loadsfm.tests.ContactLeadInfo"/>
  <testcase name="sfmloadtest" time="31.460" classname="com.loadsfm.tests.ContactLeadInfo"/>
  <testcase name="sfmloadtest" time="31.588" classname="com.loadsfm.tests.ContactLeadInfo"/>
  <testcase name="sfmloadtest" time="31.590" classname="com.loadsfm.tests.ContactLeadInfo"/>
  <testcase name="sfmloadtest" time="31.474" classname="com.loadsfm.tests.ContactLeadInfo"/>
  <testcase name="sfmloadtest" time="31.572" classname="com.loadsfm.tests.ContactLeadInfo"/>
  <testcase name="sfmloadtest" time="31.315" classname="com.loadsfm.tests.ContactLeadInfo"/>
  <testcase name="sfmloadtest" time="30.688" classname="com.loadsfm.tests.ContactLeadInfo"/>
  <testcase name="sfmloadtest" time="31.431" classname="com.loadsfm.tests.ContactLeadInfo"/>
  <testcase name="sfmloadtest" time="31.447" classname="com.loadsfm.tests.ContactLeadInfo"/>
  <testcase name="sfmloadtest" time="31.422" classname="com.loadsfm.tests.ContactLeadInfo"/>
  <testcase name="sfmloadtest" time="31.431" classname="com.loadsfm.tests.ContactLeadInfo"/>
  <testcase name="sfmloadtest" time="31.462" classname="com.loadsfm.tests.ContactLeadInfo"/>
  <testcase name="sfmloadtest" time="31.265" classname="com.loadsfm.tests.ContactLeadInfo"/>
  <testcase name="sfmloadtest" time="31.418" classname="com.loadsfm.tests.ContactLeadInfo"/>
  <testcase name="sfmloadtest" time="31.599" classname="com.loadsfm.tests.ContactLeadInfo"/>
  <testcase name="sfmloadtest" time="31.537" classname="com.loadsfm.tests.ContactLeadInfo"/>
  <testcase name="sfmloadtest" time="31.322" classname="com.loadsfm.tests.ContactLeadInfo"/>
  <testcase name="sfmloadtest" time="31.511" classname="com.loadsfm.tests.ContactLeadInfo"/>
  <testcase name="sfmloadtest" time="31.649" classname="com.loadsfm.tests.ContactLeadInfo"/>
  <testcase name="sfmloadtest" time="31.427" classname="com.loadsfm.tests.ContactLeadInfo"/>
  <testcase name="sfmloadtest" time="31.268" classname="com.loadsfm.tests.ContactLeadInfo"/>
  <testcase name="sfmloadtest" time="31.556" classname="com.loadsfm.tests.ContactLeadInfo"/>
  <testcase name="sfmloadtest" time="32.819" classname="com.loadsfm.tests.ContactLeadInfo"/>
  <testcase name="sfmloadtest" time="31.665" classname="com.loadsfm.tests.ContactLeadInfo"/>
  <testcase name="sfmloadtest" time="31.560" classname="com.loadsfm.tests.ContactLeadInfo"/>
  <testcase name="sfmloadtest" time="31.683" classname="com.loadsfm.tests.ContactLeadInfo"/>
  <testcase name="sfmloadtest" time="31.467" classname="com.loadsfm.tests.ContactLeadInfo"/>
  <testcase name="sfmloadtest" time="31.206" classname="com.loadsfm.tests.ContactLeadInfo"/>
  <testcase name="sfmloadtest" time="31.287" classname="com.loadsfm.tests.ContactLeadInfo"/>
  <testcase name="sfmloadtest" time="31.545" classname="com.loadsfm.tests.ContactLeadInfo"/>
  <testcase name="sfmloadtest" time="31.228" classname="com.loadsfm.tests.ContactLeadInfo"/>
  <testcase name="sfmloadtest" time="31.689" classname="com.loadsfm.tests.ContactLeadInfo"/>
  <testcase name="sfmloadtest" time="31.424" classname="com.loadsfm.tests.ContactLeadInfo"/>
  <testcase name="sfmloadtest" time="31.527" classname="com.loadsfm.tests.ContactLeadInfo"/>
  <testcase name="sfmloadtest" time="31.699" classname="com.loadsfm.tests.ContactLeadInfo"/>
  <testcase name="sfmloadtest" time="31.209" classname="com.loadsfm.tests.ContactLeadInfo"/>
  <testcase name="sfmloadtest" time="31.518" classname="com.loadsfm.tests.ContactLeadInfo"/>
  <testcase name="sfmloadtest" time="31.635" classname="com.loadsfm.tests.ContactLeadInfo"/>
  <testcase name="sfmloadtest" time="31.323" classname="com.loadsfm.tests.ContactLeadInfo"/>
  <testcase name="sfmloadtest" time="31.286" classname="com.loadsfm.tests.ContactLeadInfo"/>
  <testcase name="sfmloadtest" time="31.295" classname="com.loadsfm.tests.ContactLeadInfo"/>
  <testcase name="sfmloadtest" time="31.444" classname="com.loadsfm.tests.ContactLeadInfo"/>
  <testcase name="sfmloadtest" time="31.750" classname="com.loadsfm.tests.ContactLeadInfo"/>
  <testcase name="sfmloadtest" time="31.467" classname="com.loadsfm.tests.ContactLeadInfo"/>
  <testcase name="sfmloadtest" time="31.461" classname="com.loadsfm.tests.ContactLeadInfo"/>
  <testcase name="sfmloadtest" time="31.466" classname="com.loadsfm.tests.ContactLeadInfo"/>
  <testcase name="sfmloadtest" time="31.707" classname="com.loadsfm.tests.ContactLeadInfo"/>
  <testcase name="sfmloadtest" time="31.358" classname="com.loadsfm.tests.ContactLeadInfo"/>
  <testcase name="sfmloadtest" time="31.257" classname="com.loadsfm.tests.ContactLeadInfo"/>
  <testcase name="sfmloadtest" time="31.527" classname="com.loadsfm.tests.ContactLeadInfo"/>
  <testcase name="sfmloadtest" time="31.364" classname="com.loadsfm.tests.ContactLeadInfo"/>
  <testcase name="sfmloadtest" time="31.311" classname="com.loadsfm.tests.ContactLeadInfo"/>
  <testcase name="sfmloadtest" time="31.387" classname="com.loadsfm.tests.ContactLeadInfo"/>
  <testcase name="sfmloadtest" time="31.817" classname="com.loadsfm.tests.ContactLeadInfo"/>
  <testcase name="sfmloadtest" time="31.362" classname="com.loadsfm.tests.ContactLeadInfo"/>
  <testcase name="sfmloadtest" time="31.525" classname="com.loadsfm.tests.ContactLeadInfo"/>
  <testcase name="sfmloadtest" time="31.417" classname="com.loadsfm.tests.ContactLeadInfo"/>
  <testcase name="sfmloadtest" time="31.778" classname="com.loadsfm.tests.ContactLeadInfo"/>
  <testcase name="sfmloadtest" time="31.620" classname="com.loadsfm.tests.ContactLeadInfo"/>
  <testcase name="sfmloadtest" time="31.594" classname="com.loadsfm.tests.ContactLeadInfo"/>
  <testcase name="sfmloadtest" time="32.639" classname="com.loadsfm.tests.ContactLeadInfo"/>
  <testcase name="sfmloadtest" time="31.412" classname="com.loadsfm.tests.ContactLeadInfo"/>
  <testcase name="sfmloadtest" time="33.475" classname="com.loadsfm.tests.ContactLeadInfo"/>
  <testcase name="sfmloadtest" time="31.390" classname="com.loadsfm.tests.ContactLeadInfo"/>
  <testcase name="sfmloadtest" time="31.243" classname="com.loadsfm.tests.ContactLeadInfo"/>
  <testcase name="sfmloadtest" time="31.606" classname="com.loadsfm.tests.ContactLeadInfo"/>
  <testcase name="sfmloadtest" time="31.661" classname="com.loadsfm.tests.ContactLeadInfo"/>
  <testcase name="sfmloadtest" time="31.473" classname="com.loadsfm.tests.ContactLeadInfo"/>
  <testcase name="sfmloadtest" time="31.542" classname="com.loadsfm.tests.ContactLeadInfo"/>
  <testcase name="sfmloadtest" time="31.734" classname="com.loadsfm.tests.ContactLeadInfo"/>
  <testcase name="sfmloadtest" time="31.245" classname="com.loadsfm.tests.ContactLeadInfo"/>
  <testcase name="sfmloadtest" time="31.463" classname="com.loadsfm.tests.ContactLeadInfo"/>
  <testcase name="sfmloadtest" time="31.620" classname="com.loadsfm.tests.ContactLeadInfo"/>
  <testcase name="sfmloadtest" time="31.650" classname="com.loadsfm.tests.ContactLeadInfo"/>
  <testcase name="sfmloadtest" time="31.685" classname="com.loadsfm.tests.ContactLeadInfo"/>
  <testcase name="sfmloadtest" time="31.569" classname="com.loadsfm.tests.ContactLeadInfo"/>
  <testcase name="sfmloadtest" time="32.787" classname="com.loadsfm.tests.ContactLeadInfo"/>
  <testcase name="sfmloadtest" time="31.316" classname="com.loadsfm.tests.ContactLeadInfo"/>
  <testcase name="sfmloadtest" time="31.729" classname="com.loadsfm.tests.ContactLeadInfo"/>
  <testcase name="sfmloadtest" time="31.205" classname="com.loadsfm.tests.ContactLeadInfo"/>
  <testcase name="sfmloadtest" time="30.945" classname="com.loadsfm.tests.ContactLeadInfo"/>
  <testcase name="sfmloadtest" time="31.300" classname="com.loadsfm.tests.ContactLeadInfo"/>
  <testcase name="sfmloadtest" time="31.265" classname="com.loadsfm.tests.ContactLeadInfo"/>
  <testcase name="sfmloadtest" time="31.447" classname="com.loadsfm.tests.ContactLeadInfo"/>
  <testcase name="sfmloadtest" time="31.549" classname="com.loadsfm.tests.ContactLeadInfo"/>
  <testcase name="sfmloadtest" time="31.424" classname="com.loadsfm.tests.ContactLeadInfo"/>
  <testcase name="sfmloadtest" time="31.456" classname="com.loadsfm.tests.ContactLeadInfo"/>
  <testcase name="sfmloadtest" time="31.386" classname="com.loadsfm.tests.ContactLeadInfo"/>
  <testcase name="sfmloadtest" time="31.515" classname="com.loadsfm.tests.ContactLeadInfo"/>
  <testcase name="sfmloadtest" time="31.335" classname="com.loadsfm.tests.ContactLeadInfo"/>
  <testcase name="sfmloadtest" time="31.397" classname="com.loadsfm.tests.ContactLeadInfo"/>
  <testcase name="sfmloadtest" time="31.542" classname="com.loadsfm.tests.ContactLeadInfo"/>
  <testcase name="sfmloadtest" time="31.517" classname="com.loadsfm.tests.ContactLeadInfo"/>
  <testcase name="sfmloadtest" time="31.277" classname="com.loadsfm.tests.ContactLeadInfo"/>
  <testcase name="sfmloadtest" time="31.447" classname="com.loadsfm.tests.ContactLeadInfo"/>
  <testcase name="sfmloadtest" time="33.223" classname="com.loadsfm.tests.ContactLeadInfo"/>
  <testcase name="sfmloadtest" time="31.323" classname="com.loadsfm.tests.ContactLeadInfo"/>
  <testcase name="sfmloadtest" time="31.473" classname="com.loadsfm.tests.ContactLeadInfo"/>
  <testcase name="sfmloadtest" time="31.457" classname="com.loadsfm.tests.ContactLeadInfo"/>
  <testcase name="sfmloadtest" time="31.549" classname="com.loadsfm.tests.ContactLeadInfo"/>
  <testcase name="sfmloadtest" time="31.412" classname="com.loadsfm.tests.ContactLeadInfo"/>
  <testcase name="sfmloadtest" time="31.372" classname="com.loadsfm.tests.ContactLeadInfo"/>
  <testcase name="sfmloadtest" time="31.340" classname="com.loadsfm.tests.ContactLeadInfo"/>
  <testcase name="sfmloadtest" time="31.482" classname="com.loadsfm.tests.ContactLeadInfo"/>
  <testcase name="sfmloadtest" time="31.577" classname="com.loadsfm.tests.ContactLeadInfo"/>
  <testcase name="sfmloadtest" time="31.517" classname="com.loadsfm.tests.ContactLeadInfo"/>
  <testcase name="sfmloadtest" time="31.177" classname="com.loadsfm.tests.ContactLeadInfo"/>
  <testcase name="sfmloadtest" time="31.581" classname="com.loadsfm.tests.ContactLeadInfo"/>
  <testcase name="sfmloadtest" time="31.660" classname="com.loadsfm.tests.ContactLeadInfo"/>
  <testcase name="sfmloadtest" time="31.060" classname="com.loadsfm.tests.ContactLeadInfo"/>
  <testcase name="sfmloadtest" time="31.573" classname="com.loadsfm.tests.ContactLeadInfo"/>
  <testcase name="sfmloadtest" time="31.532" classname="com.loadsfm.tests.ContactLeadInfo"/>
  <testcase name="sfmloadtest" time="31.704" classname="com.loadsfm.tests.ContactLeadInfo"/>
  <testcase name="sfmloadtest" time="31.552" classname="com.loadsfm.tests.ContactLeadInfo"/>
  <testcase name="sfmloadtest" time="31.460" classname="com.loadsfm.tests.ContactLeadInfo"/>
  <testcase name="sfmloadtest" time="31.558" classname="com.loadsfm.tests.ContactLeadInfo"/>
  <testcase name="sfmloadtest" time="31.419" classname="com.loadsfm.tests.ContactLeadInfo"/>
  <testcase name="sfmloadtest" time="31.400" classname="com.loadsfm.tests.ContactLeadInfo"/>
  <testcase name="sfmloadtest" time="31.696" classname="com.loadsfm.tests.ContactLeadInfo"/>
  <testcase name="sfmloadtest" time="31.381" classname="com.loadsfm.tests.ContactLeadInfo"/>
  <testcase name="sfmloadtest" time="31.432" classname="com.loadsfm.tests.ContactLeadInfo"/>
  <testcase name="sfmloadtest" time="31.538" classname="com.loadsfm.tests.ContactLeadInfo"/>
  <testcase name="sfmloadtest" time="31.432" classname="com.loadsfm.tests.ContactLeadInfo"/>
  <testcase name="sfmloadtest" time="31.579" classname="com.loadsfm.tests.ContactLeadInfo"/>
  <testcase name="sfmloadtest" time="31.660" classname="com.loadsfm.tests.ContactLeadInfo"/>
  <testcase name="sfmloadtest" time="31.294" classname="com.loadsfm.tests.ContactLeadInfo"/>
  <testcase name="sfmloadtest" time="31.354" classname="com.loadsfm.tests.ContactLeadInfo"/>
  <testcase name="sfmloadtest" time="31.193" classname="com.loadsfm.tests.ContactLeadInfo"/>
  <testcase name="sfmloadtest" time="31.447" classname="com.loadsfm.tests.ContactLeadInfo"/>
  <testcase name="sfmloadtest" time="31.421" classname="com.loadsfm.tests.ContactLeadInfo"/>
  <testcase name="sfmloadtest" time="31.392" classname="com.loadsfm.tests.ContactLeadInfo"/>
  <testcase name="sfmloadtest" time="35.383" classname="com.loadsfm.tests.ContactLeadInfo"/>
  <testcase name="sfmloadtest" time="31.533" classname="com.loadsfm.tests.ContactLeadInfo"/>
  <testcase name="sfmloadtest" time="31.373" classname="com.loadsfm.tests.ContactLeadInfo"/>
  <testcase name="sfmloadtest" time="31.579" classname="com.loadsfm.tests.ContactLeadInfo"/>
  <testcase name="sfmloadtest" time="31.471" classname="com.loadsfm.tests.ContactLeadInfo"/>
  <testcase name="sfmloadtest" time="31.474" classname="com.loadsfm.tests.ContactLeadInfo"/>
  <testcase name="sfmloadtest" time="31.885" classname="com.loadsfm.tests.ContactLeadInfo"/>
  <testcase name="sfmloadtest" time="31.833" classname="com.loadsfm.tests.ContactLeadInfo"/>
  <testcase name="sfmloadtest" time="31.693" classname="com.loadsfm.tests.ContactLeadInfo"/>
  <testcase name="sfmloadtest" time="31.686" classname="com.loadsfm.tests.ContactLeadInfo"/>
  <testcase name="sfmloadtest" time="31.453" classname="com.loadsfm.tests.ContactLeadInfo"/>
  <testcase name="sfmloadtest" time="31.265" classname="com.loadsfm.tests.ContactLeadInfo"/>
  <testcase name="sfmloadtest" time="34.239" classname="com.loadsfm.tests.ContactLeadInfo"/>
  <testcase name="sfmloadtest" time="31.464" classname="com.loadsfm.tests.ContactLeadInfo"/>
  <testcase name="sfmloadtest" time="31.354" classname="com.loadsfm.tests.ContactLeadInfo"/>
  <testcase name="sfmloadtest" time="31.523" classname="com.loadsfm.tests.ContactLeadInfo"/>
  <testcase name="sfmloadtest" time="33.119" classname="com.loadsfm.tests.ContactLeadInfo"/>
  <testcase name="sfmloadtest" time="31.870" classname="com.loadsfm.tests.ContactLeadInfo"/>
  <testcase name="sfmloadtest" time="31.341" classname="com.loadsfm.tests.ContactLeadInfo"/>
  <testcase name="sfmloadtest" time="31.480" classname="com.loadsfm.tests.ContactLeadInfo"/>
  <testcase name="sfmloadtest" time="31.384" classname="com.loadsfm.tests.ContactLeadInfo"/>
  <testcase name="sfmloadtest" time="31.495" classname="com.loadsfm.tests.ContactLeadInfo"/>
  <testcase name="sfmloadtest" time="31.651" classname="com.loadsfm.tests.ContactLeadInfo"/>
  <testcase name="sfmloadtest" time="31.535" classname="com.loadsfm.tests.ContactLeadInfo"/>
  <testcase name="sfmloadtest" time="31.442" classname="com.loadsfm.tests.ContactLeadInfo"/>
  <testcase name="sfmloadtest" time="31.729" classname="com.loadsfm.tests.ContactLeadInfo"/>
  <testcase name="sfmloadtest" time="31.682" classname="com.loadsfm.tests.ContactLeadInfo"/>
  <testcase name="sfmloadtest" time="31.460" classname="com.loadsfm.tests.ContactLeadInfo"/>
  <testcase name="sfmloadtest" time="31.012" classname="com.loadsfm.tests.ContactLeadInfo"/>
  <testcase name="sfmloadtest" time="31.480" classname="com.loadsfm.tests.ContactLeadInfo"/>
  <testcase name="sfmloadtest" time="31.592" classname="com.loadsfm.tests.ContactLeadInfo"/>
  <testcase name="sfmloadtest" time="31.426" classname="com.loadsfm.tests.ContactLeadInfo"/>
  <testcase name="sfmloadtest" time="31.725" classname="com.loadsfm.tests.ContactLeadInfo"/>
  <testcase name="sfmloadtest" time="31.819" classname="com.loadsfm.tests.ContactLeadInfo"/>
  <testcase name="sfmloadtest" time="31.497" classname="com.loadsfm.tests.ContactLeadInfo"/>
  <testcase name="sfmloadtest" time="31.638" classname="com.loadsfm.tests.ContactLeadInfo"/>
  <testcase name="sfmloadtest" time="31.401" classname="com.loadsfm.tests.ContactLeadInfo"/>
  <testcase name="sfmloadtest" time="32.793" classname="com.loadsfm.tests.ContactLeadInfo"/>
  <testcase name="sfmloadtest" time="31.618" classname="com.loadsfm.tests.ContactLeadInfo"/>
  <testcase name="sfmloadtest" time="31.746" classname="com.loadsfm.tests.ContactLeadInfo"/>
  <testcase name="sfmloadtest" time="31.348" classname="com.loadsfm.tests.ContactLeadInfo"/>
  <testcase name="sfmloadtest" time="31.897" classname="com.loadsfm.tests.ContactLeadInfo"/>
  <testcase name="sfmloadtest" time="31.758" classname="com.loadsfm.tests.ContactLeadInfo"/>
  <testcase name="sfmloadtest" time="31.239" classname="com.loadsfm.tests.ContactLeadInfo"/>
  <testcase name="sfmloadtest" time="31.755" classname="com.loadsfm.tests.ContactLeadInfo"/>
  <testcase name="sfmloadtest" time="31.392" classname="com.loadsfm.tests.ContactLeadInfo"/>
  <testcase name="sfmloadtest" time="31.591" classname="com.loadsfm.tests.ContactLeadInfo"/>
  <testcase name="sfmloadtest" time="31.402" classname="com.loadsfm.tests.ContactLeadInfo"/>
  <testcase name="sfmloadtest" time="31.658" classname="com.loadsfm.tests.ContactLeadInfo"/>
  <testcase name="sfmloadtest" time="31.882" classname="com.loadsfm.tests.ContactLeadInfo"/>
  <testcase name="sfmloadtest" time="31.491" classname="com.loadsfm.tests.ContactLeadInfo"/>
  <testcase name="sfmloadtest" time="31.242" classname="com.loadsfm.tests.ContactLeadInfo"/>
  <testcase name="sfmloadtest" time="31.805" classname="com.loadsfm.tests.ContactLeadInfo"/>
  <testcase name="sfmloadtest" time="31.387" classname="com.loadsfm.tests.ContactLeadInfo"/>
  <testcase name="sfmloadtest" time="31.628" classname="com.loadsfm.tests.ContactLeadInfo"/>
  <testcase name="sfmloadtest" time="31.287" classname="com.loadsfm.tests.ContactLeadInfo"/>
  <testcase name="sfmloadtest" time="31.615" classname="com.loadsfm.tests.ContactLeadInfo"/>
  <testcase name="sfmloadtest" time="31.479" classname="com.loadsfm.tests.ContactLeadInfo"/>
  <testcase name="sfmloadtest" time="31.547" classname="com.loadsfm.tests.ContactLeadInfo"/>
  <testcase name="sfmloadtest" time="31.472" classname="com.loadsfm.tests.ContactLeadInfo"/>
  <testcase name="sfmloadtest" time="31.494" classname="com.loadsfm.tests.ContactLeadInfo"/>
  <testcase name="sfmloadtest" time="31.527" classname="com.loadsfm.tests.ContactLeadInfo"/>
  <testcase name="sfmloadtest" time="31.439" classname="com.loadsfm.tests.ContactLeadInfo"/>
  <testcase name="sfmloadtest" time="31.253" classname="com.loadsfm.tests.ContactLeadInfo"/>
  <testcase name="sfmloadtest" time="31.527" classname="com.loadsfm.tests.ContactLeadInfo"/>
  <testcase name="sfmloadtest" time="31.657" classname="com.loadsfm.tests.ContactLeadInfo"/>
  <testcase name="sfmloadtest" time="31.701" classname="com.loadsfm.tests.ContactLeadInfo"/>
  <testcase name="sfmloadtest" time="31.532" classname="com.loadsfm.tests.ContactLeadInfo"/>
  <testcase name="sfmloadtest" time="31.751" classname="com.loadsfm.tests.ContactLeadInfo"/>
  <testcase name="sfmloadtest" time="31.356" classname="com.loadsfm.tests.ContactLeadInfo"/>
  <testcase name="sfmloadtest" time="31.323" classname="com.loadsfm.tests.ContactLeadInfo"/>
  <testcase name="sfmloadtest" time="31.571" classname="com.loadsfm.tests.ContactLeadInfo"/>
  <testcase name="sfmloadtest" time="31.196" classname="com.loadsfm.tests.ContactLeadInfo"/>
  <testcase name="sfmloadtest" time="31.618" classname="com.loadsfm.tests.ContactLeadInfo"/>
  <testcase name="sfmloadtest" time="31.713" classname="com.loadsfm.tests.ContactLeadInfo"/>
  <testcase name="sfmloadtest" time="31.462" classname="com.loadsfm.tests.ContactLeadInfo"/>
  <testcase name="sfmloadtest" time="31.831" classname="com.loadsfm.tests.ContactLeadInfo"/>
  <testcase name="sfmloadtest" time="31.540" classname="com.loadsfm.tests.ContactLeadInfo"/>
  <testcase name="sfmloadtest" time="33.288" classname="com.loadsfm.tests.ContactLeadInfo"/>
  <testcase name="sfmloadtest" time="31.703" classname="com.loadsfm.tests.ContactLeadInfo"/>
  <testcase name="sfmloadtest" time="31.371" classname="com.loadsfm.tests.ContactLeadInfo"/>
  <testcase name="sfmloadtest" time="31.493" classname="com.loadsfm.tests.ContactLeadInfo"/>
  <testcase name="sfmloadtest" time="31.391" classname="com.loadsfm.tests.ContactLeadInfo"/>
  <testcase name="sfmloadtest" time="31.255" classname="com.loadsfm.tests.ContactLeadInfo"/>
  <testcase name="sfmloadtest" time="31.532" classname="com.loadsfm.tests.ContactLeadInfo"/>
  <testcase name="sfmloadtest" time="31.394" classname="com.loadsfm.tests.ContactLeadInfo"/>
  <testcase name="sfmloadtest" time="31.530" classname="com.loadsfm.tests.ContactLeadInfo"/>
  <testcase name="sfmloadtest" time="31.410" classname="com.loadsfm.tests.ContactLeadInfo"/>
  <testcase name="sfmloadtest" time="31.800" classname="com.loadsfm.tests.ContactLeadInfo"/>
  <testcase name="sfmloadtest" time="31.532" classname="com.loadsfm.tests.ContactLeadInfo"/>
  <testcase name="sfmloadtest" time="31.684" classname="com.loadsfm.tests.ContactLeadInfo"/>
  <testcase name="sfmloadtest" time="31.138" classname="com.loadsfm.tests.ContactLeadInfo"/>
  <testcase name="sfmloadtest" time="31.450" classname="com.loadsfm.tests.ContactLeadInfo"/>
  <testcase name="sfmloadtest" time="31.944" classname="com.loadsfm.tests.ContactLeadInfo"/>
  <testcase name="sfmloadtest" time="31.445" classname="com.loadsfm.tests.ContactLeadInfo"/>
  <testcase name="sfmloadtest" time="31.639" classname="com.loadsfm.tests.ContactLeadInfo"/>
  <testcase name="sfmloadtest" time="31.357" classname="com.loadsfm.tests.ContactLeadInfo"/>
  <testcase name="sfmloadtest" time="31.732" classname="com.loadsfm.tests.ContactLeadInfo"/>
  <testcase name="sfmloadtest" time="31.508" classname="com.loadsfm.tests.ContactLeadInfo"/>
  <testcase name="sfmloadtest" time="31.449" classname="com.loadsfm.tests.ContactLeadInfo"/>
  <testcase name="sfmloadtest" time="31.661" classname="com.loadsfm.tests.ContactLeadInfo"/>
  <testcase name="sfmloadtest" time="31.570" classname="com.loadsfm.tests.ContactLeadInfo"/>
  <testcase name="sfmloadtest" time="31.550" classname="com.loadsfm.tests.ContactLeadInfo"/>
  <testcase name="sfmloadtest" time="31.410" classname="com.loadsfm.tests.ContactLeadInfo"/>
  <testcase name="sfmloadtest" time="31.635" classname="com.loadsfm.tests.ContactLeadInfo"/>
  <testcase name="sfmloadtest" time="31.428" classname="com.loadsfm.tests.ContactLeadInfo"/>
  <testcase name="sfmloadtest" time="31.593" classname="com.loadsfm.tests.ContactLeadInfo"/>
  <testcase name="sfmloadtest" time="31.627" classname="com.loadsfm.tests.ContactLeadInfo"/>
  <testcase name="sfmloadtest" time="31.663" classname="com.loadsfm.tests.ContactLeadInfo"/>
  <testcase name="sfmloadtest" time="31.847" classname="com.loadsfm.tests.ContactLeadInfo"/>
  <testcase name="sfmloadtest" time="31.378" classname="com.loadsfm.tests.ContactLeadInfo"/>
  <testcase name="sfmloadtest" time="31.819" classname="com.loadsfm.tests.ContactLeadInfo"/>
  <testcase name="sfmloadtest" time="31.684" classname="com.loadsfm.tests.ContactLeadInfo"/>
  <testcase name="sfmloadtest" time="31.579" classname="com.loadsfm.tests.ContactLeadInfo"/>
  <testcase name="sfmloadtest" time="31.649" classname="com.loadsfm.tests.ContactLeadInfo"/>
  <testcase name="sfmloadtest" time="31.120" classname="com.loadsfm.tests.ContactLeadInfo"/>
  <testcase name="sfmloadtest" time="33.242" classname="com.loadsfm.tests.ContactLeadInfo"/>
  <testcase name="sfmloadtest" time="31.630" classname="com.loadsfm.tests.ContactLeadInfo"/>
  <testcase name="sfmloadtest" time="31.176" classname="com.loadsfm.tests.ContactLeadInfo"/>
  <testcase name="sfmloadtest" time="31.326" classname="com.loadsfm.tests.ContactLeadInfo"/>
  <testcase name="sfmloadtest" time="31.876" classname="com.loadsfm.tests.ContactLeadInfo"/>
  <testcase name="sfmloadtest" time="31.377" classname="com.loadsfm.tests.ContactLeadInfo"/>
  <testcase name="sfmloadtest" time="31.313" classname="com.loadsfm.tests.ContactLeadInfo"/>
  <testcase name="sfmloadtest" time="32.947" classname="com.loadsfm.tests.ContactLeadInfo"/>
  <testcase name="sfmloadtest" time="31.327" classname="com.loadsfm.tests.ContactLeadInfo"/>
  <testcase name="sfmloadtest" time="31.448" classname="com.loadsfm.tests.ContactLeadInfo"/>
  <testcase name="sfmloadtest" time="31.742" classname="com.loadsfm.tests.ContactLeadInfo"/>
  <testcase name="sfmloadtest" time="31.604" classname="com.loadsfm.tests.ContactLeadInfo"/>
  <testcase name="sfmloadtest" time="31.613" classname="com.loadsfm.tests.ContactLeadInfo"/>
  <testcase name="sfmloadtest" time="31.518" classname="com.loadsfm.tests.ContactLeadInfo"/>
  <testcase name="sfmloadtest" time="30.809" classname="com.loadsfm.tests.ContactLeadInfo"/>
  <testcase name="sfmloadtest" time="31.517" classname="com.loadsfm.tests.ContactLeadInfo"/>
  <testcase name="sfmloadtest" time="31.503" classname="com.loadsfm.tests.ContactLeadInfo"/>
  <testcase name="sfmloadtest" time="31.855" classname="com.loadsfm.tests.ContactLeadInfo"/>
  <testcase name="sfmloadtest" time="31.930" classname="com.loadsfm.tests.ContactLeadInfo"/>
  <testcase name="sfmloadtest" time="31.474" classname="com.loadsfm.tests.ContactLeadInfo"/>
  <testcase name="sfmloadtest" time="31.193" classname="com.loadsfm.tests.ContactLeadInfo"/>
  <testcase name="sfmloadtest" time="31.375" classname="com.loadsfm.tests.ContactLeadInfo"/>
  <testcase name="sfmloadtest" time="31.237" classname="com.loadsfm.tests.ContactLeadInfo"/>
  <testcase name="sfmloadtest" time="31.858" classname="com.loadsfm.tests.ContactLeadInfo"/>
  <testcase name="sfmloadtest" time="31.612" classname="com.loadsfm.tests.ContactLeadInfo"/>
  <testcase name="sfmloadtest" time="31.773" classname="com.loadsfm.tests.ContactLeadInfo"/>
  <testcase name="sfmloadtest" time="31.539" classname="com.loadsfm.tests.ContactLeadInfo"/>
  <testcase name="sfmloadtest" time="31.392" classname="com.loadsfm.tests.ContactLeadInfo"/>
  <testcase name="sfmloadtest" time="31.153" classname="com.loadsfm.tests.ContactLeadInfo"/>
  <testcase name="sfmloadtest" time="31.336" classname="com.loadsfm.tests.ContactLeadInfo"/>
  <testcase name="sfmloadtest" time="31.510" classname="com.loadsfm.tests.ContactLeadInfo"/>
  <testcase name="sfmloadtest" time="31.544" classname="com.loadsfm.tests.ContactLeadInfo"/>
  <testcase name="sfmloadtest" time="31.482" classname="com.loadsfm.tests.ContactLeadInfo"/>
  <testcase name="sfmloadtest" time="31.181" classname="com.loadsfm.tests.ContactLeadInfo"/>
  <testcase name="sfmloadtest" time="31.379" classname="com.loadsfm.tests.ContactLeadInfo"/>
  <testcase name="sfmloadtest" time="31.242" classname="com.loadsfm.tests.ContactLeadInfo"/>
  <testcase name="sfmloadtest" time="31.258" classname="com.loadsfm.tests.ContactLeadInfo"/>
  <testcase name="sfmloadtest" time="31.679" classname="com.loadsfm.tests.ContactLeadInfo"/>
  <testcase name="sfmloadtest" time="31.592" classname="com.loadsfm.tests.ContactLeadInfo"/>
  <testcase name="sfmloadtest" time="31.478" classname="com.loadsfm.tests.ContactLeadInfo"/>
  <testcase name="sfmloadtest" time="31.239" classname="com.loadsfm.tests.ContactLeadInfo"/>
  <testcase name="sfmloadtest" time="31.359" classname="com.loadsfm.tests.ContactLeadInfo"/>
  <testcase name="sfmloadtest" time="31.395" classname="com.loadsfm.tests.ContactLeadInfo"/>
  <testcase name="sfmloadtest" time="31.908" classname="com.loadsfm.tests.ContactLeadInfo"/>
  <testcase name="sfmloadtest" time="31.551" classname="com.loadsfm.tests.ContactLeadInfo"/>
  <testcase name="sfmloadtest" time="31.554" classname="com.loadsfm.tests.ContactLeadInfo"/>
  <testcase name="sfmloadtest" time="31.601" classname="com.loadsfm.tests.ContactLeadInfo"/>
  <testcase name="sfmloadtest" time="32.985" classname="com.loadsfm.tests.ContactLeadInfo"/>
  <testcase name="sfmloadtest" time="31.279" classname="com.loadsfm.tests.ContactLeadInfo"/>
  <testcase name="sfmloadtest" time="31.183" classname="com.loadsfm.tests.ContactLeadInfo"/>
  <testcase name="sfmloadtest" time="31.249" classname="com.loadsfm.tests.ContactLeadInfo"/>
  <testcase name="sfmloadtest" time="31.397" classname="com.loadsfm.tests.ContactLeadInfo"/>
  <testcase name="sfmloadtest" time="31.064" classname="com.loadsfm.tests.ContactLeadInfo"/>
  <testcase name="sfmloadtest" time="31.654" classname="com.loadsfm.tests.ContactLeadInfo"/>
  <testcase name="sfmloadtest" time="32.390" classname="com.loadsfm.tests.ContactLeadInfo"/>
  <testcase name="sfmloadtest" time="31.607" classname="com.loadsfm.tests.ContactLeadInfo"/>
  <testcase name="sfmloadtest" time="31.264" classname="com.loadsfm.tests.ContactLeadInfo"/>
  <testcase name="sfmloadtest" time="31.762" classname="com.loadsfm.tests.ContactLeadInfo"/>
  <testcase name="sfmloadtest" time="31.304" classname="com.loadsfm.tests.ContactLeadInfo"/>
  <testcase name="sfmloadtest" time="31.327" classname="com.loadsfm.tests.ContactLeadInfo"/>
  <testcase name="sfmloadtest" time="31.528" classname="com.loadsfm.tests.ContactLeadInfo"/>
  <testcase name="sfmloadtest" time="31.352" classname="com.loadsfm.tests.ContactLeadInfo"/>
  <testcase name="sfmloadtest" time="31.369" classname="com.loadsfm.tests.ContactLeadInfo"/>
  <testcase name="sfmloadtest" time="31.400" classname="com.loadsfm.tests.ContactLeadInfo"/>
  <testcase name="sfmloadtest" time="31.579" classname="com.loadsfm.tests.ContactLeadInfo"/>
  <testcase name="sfmloadtest" time="31.476" classname="com.loadsfm.tests.ContactLeadInfo"/>
  <testcase name="sfmloadtest" time="31.724" classname="com.loadsfm.tests.ContactLeadInfo"/>
  <testcase name="sfmloadtest" time="31.489" classname="com.loadsfm.tests.ContactLeadInfo"/>
  <testcase name="sfmloadtest" time="31.221" classname="com.loadsfm.tests.ContactLeadInfo"/>
  <testcase name="sfmloadtest" time="31.356" classname="com.loadsfm.tests.ContactLeadInfo"/>
  <testcase name="sfmloadtest" time="31.582" classname="com.loadsfm.tests.ContactLeadInfo"/>
  <testcase name="sfmloadtest" time="31.573" classname="com.loadsfm.tests.ContactLeadInfo"/>
  <testcase name="sfmloadtest" time="31.498" classname="com.loadsfm.tests.ContactLeadInfo"/>
  <testcase name="sfmloadtest" time="31.573" classname="com.loadsfm.tests.ContactLeadInfo"/>
  <testcase name="sfmloadtest" time="31.864" classname="com.loadsfm.tests.ContactLeadInfo"/>
  <testcase name="sfmloadtest" time="31.368" classname="com.loadsfm.tests.ContactLeadInfo"/>
  <testcase name="sfmloadtest" time="31.515" classname="com.loadsfm.tests.ContactLeadInfo"/>
  <testcase name="sfmloadtest" time="31.375" classname="com.loadsfm.tests.ContactLeadInfo"/>
  <testcase name="sfmloadtest" time="31.512" classname="com.loadsfm.tests.ContactLeadInfo"/>
  <testcase name="sfmloadtest" time="31.544" classname="com.loadsfm.tests.ContactLeadInfo"/>
  <testcase name="sfmloadtest" time="31.520" classname="com.loadsfm.tests.ContactLeadInfo"/>
  <testcase name="sfmloadtest" time="31.679" classname="com.loadsfm.tests.ContactLeadInfo"/>
  <testcase name="sfmloadtest" time="31.493" classname="com.loadsfm.tests.ContactLeadInfo"/>
  <testcase name="sfmloadtest" time="31.391" classname="com.loadsfm.tests.ContactLeadInfo"/>
  <testcase name="sfmloadtest" time="31.252" classname="com.loadsfm.tests.ContactLeadInfo"/>
  <testcase name="sfmloadtest" time="31.456" classname="com.loadsfm.tests.ContactLeadInfo"/>
  <testcase name="sfmloadtest" time="31.429" classname="com.loadsfm.tests.ContactLeadInfo"/>
  <testcase name="sfmloadtest" time="31.556" classname="com.loadsfm.tests.ContactLeadInfo"/>
  <testcase name="sfmloadtest" time="31.551" classname="com.loadsfm.tests.ContactLeadInfo"/>
  <testcase name="sfmloadtest" time="31.571" classname="com.loadsfm.tests.ContactLeadInfo"/>
  <testcase name="sfmloadtest" time="31.784" classname="com.loadsfm.tests.ContactLeadInfo"/>
  <testcase name="sfmloadtest" time="31.293" classname="com.loadsfm.tests.ContactLeadInfo"/>
  <testcase name="sfmloadtest" time="31.367" classname="com.loadsfm.tests.ContactLeadInfo"/>
  <testcase name="sfmloadtest" time="31.541" classname="com.loadsfm.tests.ContactLeadInfo"/>
  <testcase name="sfmloadtest" time="31.978" classname="com.loadsfm.tests.ContactLeadInfo"/>
  <testcase name="sfmloadtest" time="31.478" classname="com.loadsfm.tests.ContactLeadInfo"/>
  <testcase name="sfmloadtest" time="31.329" classname="com.loadsfm.tests.ContactLeadInfo"/>
  <testcase name="sfmloadtest" time="32.696" classname="com.loadsfm.tests.ContactLeadInfo"/>
  <testcase name="sfmloadtest" time="31.627" classname="com.loadsfm.tests.ContactLeadInfo"/>
  <testcase name="sfmloadtest" time="31.272" classname="com.loadsfm.tests.ContactLeadInfo"/>
  <testcase name="sfmloadtest" time="31.026" classname="com.loadsfm.tests.ContactLeadInfo"/>
  <testcase name="sfmloadtest" time="31.601" classname="com.loadsfm.tests.ContactLeadInfo"/>
  <testcase name="sfmloadtest" time="31.452" classname="com.loadsfm.tests.ContactLeadInfo"/>
  <testcase name="sfmloadtest" time="31.455" classname="com.loadsfm.tests.ContactLeadInfo"/>
  <testcase name="sfmloadtest" time="31.394" classname="com.loadsfm.tests.ContactLeadInfo"/>
  <testcase name="sfmloadtest" time="31.308" classname="com.loadsfm.tests.ContactLeadInfo"/>
  <testcase name="sfmloadtest" time="31.620" classname="com.loadsfm.tests.ContactLeadInfo"/>
  <testcase name="sfmloadtest" time="31.541" classname="com.loadsfm.tests.ContactLeadInfo"/>
  <testcase name="sfmloadtest" time="31.396" classname="com.loadsfm.tests.ContactLeadInfo"/>
  <testcase name="sfmloadtest" time="31.563" classname="com.loadsfm.tests.ContactLeadInfo"/>
  <testcase name="sfmloadtest" time="31.541" classname="com.loadsfm.tests.ContactLeadInfo"/>
  <testcase name="sfmloadtest" time="31.611" classname="com.loadsfm.tests.ContactLeadInfo"/>
  <testcase name="sfmloadtest" time="31.165" classname="com.loadsfm.tests.ContactLeadInfo"/>
  <testcase name="sfmloadtest" time="31.693" classname="com.loadsfm.tests.ContactLeadInfo"/>
  <testcase name="sfmloadtest" time="31.383" classname="com.loadsfm.tests.ContactLeadInfo"/>
  <testcase name="sfmloadtest" time="31.389" classname="com.loadsfm.tests.ContactLeadInfo"/>
  <testcase name="sfmloadtest" time="31.377" classname="com.loadsfm.tests.ContactLeadInfo"/>
  <testcase name="sfmloadtest" time="31.479" classname="com.loadsfm.tests.ContactLeadInfo"/>
  <testcase name="sfmloadtest" time="31.466" classname="com.loadsfm.tests.ContactLeadInfo"/>
  <testcase name="sfmloadtest" time="31.578" classname="com.loadsfm.tests.ContactLeadInfo"/>
  <testcase name="sfmloadtest" time="31.603" classname="com.loadsfm.tests.ContactLeadInfo"/>
  <testcase name="sfmloadtest" time="31.263" classname="com.loadsfm.tests.ContactLeadInfo"/>
  <testcase name="sfmloadtest" time="31.437" classname="com.loadsfm.tests.ContactLeadInfo"/>
  <testcase name="sfmloadtest" time="31.467" classname="com.loadsfm.tests.ContactLeadInfo"/>
  <testcase name="sfmloadtest" time="31.566" classname="com.loadsfm.tests.ContactLeadInfo"/>
  <testcase name="sfmloadtest" time="31.133" classname="com.loadsfm.tests.ContactLeadInfo"/>
  <testcase name="sfmloadtest" time="31.362" classname="com.loadsfm.tests.ContactLeadInfo"/>
  <testcase name="sfmloadtest" time="31.578" classname="com.loadsfm.tests.ContactLeadInfo"/>
  <testcase name="sfmloadtest" time="31.370" classname="com.loadsfm.tests.ContactLeadInfo"/>
  <testcase name="sfmloadtest" time="31.120" classname="com.loadsfm.tests.ContactLeadInfo"/>
  <testcase name="sfmloadtest" time="31.459" classname="com.loadsfm.tests.ContactLeadInfo"/>
  <testcase name="sfmloadtest" time="31.593" classname="com.loadsfm.tests.ContactLeadInfo"/>
  <testcase name="sfmloadtest" time="31.678" classname="com.loadsfm.tests.ContactLeadInfo"/>
  <testcase name="sfmloadtest" time="31.298" classname="com.loadsfm.tests.ContactLeadInfo"/>
  <testcase name="sfmloadtest" time="31.782" classname="com.loadsfm.tests.ContactLeadInfo"/>
  <testcase name="sfmloadtest" time="31.608" classname="com.loadsfm.tests.ContactLeadInfo"/>
  <testcase name="sfmloadtest" time="31.419" classname="com.loadsfm.tests.ContactLeadInfo"/>
  <testcase name="sfmloadtest" time="31.383" classname="com.loadsfm.tests.ContactLeadInfo"/>
  <testcase name="sfmloadtest" time="31.079" classname="com.loadsfm.tests.ContactLeadInfo"/>
  <testcase name="sfmloadtest" time="31.367" classname="com.loadsfm.tests.ContactLeadInfo"/>
  <testcase name="sfmloadtest" time="31.508" classname="com.loadsfm.tests.ContactLeadInfo"/>
  <testcase name="sfmloadtest" time="30.964" classname="com.loadsfm.tests.ContactLeadInfo"/>
  <testcase name="sfmloadtest" time="31.759" classname="com.loadsfm.tests.ContactLeadInfo"/>
  <testcase name="sfmloadtest" time="31.235" classname="com.loadsfm.tests.ContactLeadInfo"/>
  <testcase name="sfmloadtest" time="31.500" classname="com.loadsfm.tests.ContactLeadInfo"/>
  <testcase name="sfmloadtest" time="31.517" classname="com.loadsfm.tests.ContactLeadInfo"/>
  <testcase name="sfmloadtest" time="31.632" classname="com.loadsfm.tests.ContactLeadInfo"/>
  <testcase name="sfmloadtest" time="31.341" classname="com.loadsfm.tests.ContactLeadInfo"/>
  <testcase name="sfmloadtest" time="31.685" classname="com.loadsfm.tests.ContactLeadInfo"/>
  <testcase name="sfmloadtest" time="31.621" classname="com.loadsfm.tests.ContactLeadInfo"/>
  <testcase name="sfmloadtest" time="31.464" classname="com.loadsfm.tests.ContactLeadInfo"/>
  <testcase name="sfmloadtest" time="31.297" classname="com.loadsfm.tests.ContactLeadInfo"/>
  <testcase name="sfmloadtest" time="31.697" classname="com.loadsfm.tests.ContactLeadInfo"/>
  <testcase name="sfmloadtest" time="31.446" classname="com.loadsfm.tests.ContactLeadInfo"/>
  <testcase name="sfmloadtest" time="31.496" classname="com.loadsfm.tests.ContactLeadInfo"/>
  <testcase name="sfmloadtest" time="31.569" classname="com.loadsfm.tests.ContactLeadInfo"/>
  <testcase name="sfmloadtest" time="31.811" classname="com.loadsfm.tests.ContactLeadInfo"/>
  <testcase name="sfmloadtest" time="31.463" classname="com.loadsfm.tests.ContactLeadInfo"/>
  <testcase name="sfmloadtest" time="37.491" classname="com.loadsfm.tests.ContactLeadInfo"/>
  <testcase name="sfmloadtest" time="31.542" classname="com.loadsfm.tests.ContactLeadInfo"/>
  <testcase name="sfmloadtest" time="31.573" classname="com.loadsfm.tests.ContactLeadInfo"/>
  <testcase name="sfmloadtest" time="31.347" classname="com.loadsfm.tests.ContactLeadInfo"/>
  <testcase name="sfmloadtest" time="31.396" classname="com.loadsfm.tests.ContactLeadInfo"/>
  <testcase name="sfmloadtest" time="31.435" classname="com.loadsfm.tests.ContactLeadInfo"/>
  <testcase name="sfmloadtest" time="31.407" classname="com.loadsfm.tests.ContactLeadInfo"/>
  <testcase name="sfmloadtest" time="31.277" classname="com.loadsfm.tests.ContactLeadInfo"/>
  <testcase name="sfmloadtest" time="31.659" classname="com.loadsfm.tests.ContactLeadInfo"/>
  <testcase name="sfmloadtest" time="31.728" classname="com.loadsfm.tests.ContactLeadInfo"/>
  <testcase name="sfmloadtest" time="31.621" classname="com.loadsfm.tests.ContactLeadInfo"/>
  <testcase name="sfmloadtest" time="31.662" classname="com.loadsfm.tests.ContactLeadInfo"/>
  <testcase name="sfmloadtest" time="31.739" classname="com.loadsfm.tests.ContactLeadInfo"/>
  <testcase name="sfmloadtest" time="31.545" classname="com.loadsfm.tests.ContactLeadInfo"/>
  <testcase name="sfmloadtest" time="31.525" classname="com.loadsfm.tests.ContactLeadInfo"/>
  <testcase name="sfmloadtest" time="31.517" classname="com.loadsfm.tests.ContactLeadInfo"/>
  <testcase name="sfmloadtest" time="31.569" classname="com.loadsfm.tests.ContactLeadInfo"/>
  <testcase name="sfmloadtest" time="31.771" classname="com.loadsfm.tests.ContactLeadInfo"/>
  <testcase name="sfmloadtest" time="31.782" classname="com.loadsfm.tests.ContactLeadInfo"/>
  <testcase name="sfmloadtest" time="31.621" classname="com.loadsfm.tests.ContactLeadInfo"/>
  <testcase name="sfmloadtest" time="31.773" classname="com.loadsfm.tests.ContactLeadInfo"/>
  <testcase name="sfmloadtest" time="31.677" classname="com.loadsfm.tests.ContactLeadInfo"/>
  <testcase name="sfmloadtest" time="31.210" classname="com.loadsfm.tests.ContactLeadInfo"/>
  <testcase name="sfmloadtest" time="31.484" classname="com.loadsfm.tests.ContactLeadInfo"/>
  <testcase name="sfmloadtest" time="31.596" classname="com.loadsfm.tests.ContactLeadInfo"/>
  <testcase name="sfmloadtest" time="30.878" classname="com.loadsfm.tests.ContactLeadInfo"/>
  <testcase name="sfmloadtest" time="31.562" classname="com.loadsfm.tests.ContactLeadInfo"/>
  <testcase name="sfmloadtest" time="31.700" classname="com.loadsfm.tests.ContactLeadInfo"/>
  <testcase name="sfmloadtest" time="31.438" classname="com.loadsfm.tests.ContactLeadInfo"/>
  <testcase name="sfmloadtest" time="31.443" classname="com.loadsfm.tests.ContactLeadInfo"/>
  <testcase name="sfmloadtest" time="31.367" classname="com.loadsfm.tests.ContactLeadInfo"/>
  <testcase name="sfmloadtest" time="31.437" classname="com.loadsfm.tests.ContactLeadInfo"/>
  <testcase name="sfmloadtest" time="31.514" classname="com.loadsfm.tests.ContactLeadInfo"/>
  <testcase name="sfmloadtest" time="31.238" classname="com.loadsfm.tests.ContactLeadInfo"/>
  <testcase name="sfmloadtest" time="31.418" classname="com.loadsfm.tests.ContactLeadInfo"/>
  <testcase name="sfmloadtest" time="31.602" classname="com.loadsfm.tests.ContactLeadInfo"/>
  <testcase name="sfmloadtest" time="31.425" classname="com.loadsfm.tests.ContactLeadInfo"/>
  <testcase name="sfmloadtest" time="31.350" classname="com.loadsfm.tests.ContactLeadInfo"/>
  <testcase name="sfmloadtest" time="31.529" classname="com.loadsfm.tests.ContactLeadInfo"/>
  <testcase name="sfmloadtest" time="31.845" classname="com.loadsfm.tests.ContactLeadInfo"/>
  <testcase name="sfmloadtest" time="31.476" classname="com.loadsfm.tests.ContactLeadInfo"/>
  <testcase name="sfmloadtest" time="31.440" classname="com.loadsfm.tests.ContactLeadInfo"/>
  <testcase name="sfmloadtest" time="31.490" classname="com.loadsfm.tests.ContactLeadInfo"/>
  <testcase name="sfmloadtest" time="31.591" classname="com.loadsfm.tests.ContactLeadInfo"/>
  <testcase name="sfmloadtest" time="32.815" classname="com.loadsfm.tests.ContactLeadInfo"/>
  <testcase name="sfmloadtest" time="31.457" classname="com.loadsfm.tests.ContactLeadInfo"/>
  <testcase name="sfmloadtest" time="31.508" classname="com.loadsfm.tests.ContactLeadInfo"/>
  <testcase name="sfmloadtest" time="31.481" classname="com.loadsfm.tests.ContactLeadInfo"/>
  <testcase name="sfmloadtest" time="31.495" classname="com.loadsfm.tests.ContactLeadInfo"/>
  <testcase name="sfmloadtest" time="31.461" classname="com.loadsfm.tests.ContactLeadInfo"/>
  <testcase name="sfmloadtest" time="31.189" classname="com.loadsfm.tests.ContactLeadInfo"/>
  <testcase name="sfmloadtest" time="31.216" classname="com.loadsfm.tests.ContactLeadInfo"/>
  <testcase name="sfmloadtest" time="31.692" classname="com.loadsfm.tests.ContactLeadInfo"/>
  <testcase name="sfmloadtest" time="31.447" classname="com.loadsfm.tests.ContactLeadInfo"/>
  <testcase name="sfmloadtest" time="31.242" classname="com.loadsfm.tests.ContactLeadInfo"/>
  <testcase name="sfmloadtest" time="30.872" classname="com.loadsfm.tests.ContactLeadInfo"/>
  <testcase name="sfmloadtest" time="31.781" classname="com.loadsfm.tests.ContactLeadInfo"/>
  <testcase name="sfmloadtest" time="31.474" classname="com.loadsfm.tests.ContactLeadInfo"/>
  <testcase name="sfmloadtest" time="31.262" classname="com.loadsfm.tests.ContactLeadInfo"/>
  <testcase name="sfmloadtest" time="31.498" classname="com.loadsfm.tests.ContactLeadInfo"/>
  <testcase name="sfmloadtest" time="31.350" classname="com.loadsfm.tests.ContactLeadInfo"/>
  <testcase name="sfmloadtest" time="31.624" classname="com.loadsfm.tests.ContactLeadInfo"/>
  <testcase name="sfmloadtest" time="31.238" classname="com.loadsfm.tests.ContactLeadInfo"/>
  <testcase name="sfmloadtest" time="31.509" classname="com.loadsfm.tests.ContactLeadInfo"/>
  <testcase name="sfmloadtest" time="31.415" classname="com.loadsfm.tests.ContactLeadInfo"/>
  <testcase name="sfmloadtest" time="31.581" classname="com.loadsfm.tests.ContactLeadInfo"/>
  <testcase name="sfmloadtest" time="31.661" classname="com.loadsfm.tests.ContactLeadInfo"/>
  <testcase name="sfmloadtest" time="31.561" classname="com.loadsfm.tests.ContactLeadInfo"/>
  <testcase name="sfmloadtest" time="31.612" classname="com.loadsfm.tests.ContactLeadInfo"/>
  <testcase name="sfmloadtest" time="31.589" classname="com.loadsfm.tests.ContactLeadInfo"/>
  <testcase name="sfmloadtest" time="31.208" classname="com.loadsfm.tests.ContactLeadInfo"/>
  <testcase name="sfmloadtest" time="31.658" classname="com.loadsfm.tests.ContactLeadInfo"/>
  <testcase name="sfmloadtest" time="31.790" classname="com.loadsfm.tests.ContactLeadInfo"/>
  <testcase name="sfmloadtest" time="31.322" classname="com.loadsfm.tests.ContactLeadInfo"/>
  <testcase name="sfmloadtest" time="33.238" classname="com.loadsfm.tests.ContactLeadInfo"/>
  <testcase name="sfmloadtest" time="31.406" classname="com.loadsfm.tests.ContactLeadInfo"/>
  <testcase name="sfmloadtest" time="31.447" classname="com.loadsfm.tests.ContactLeadInfo"/>
  <testcase name="sfmloadtest" time="33.241" classname="com.loadsfm.tests.ContactLeadInfo"/>
  <testcase name="sfmloadtest" time="31.713" classname="com.loadsfm.tests.ContactLeadInfo"/>
  <testcase name="sfmloadtest" time="31.760" classname="com.loadsfm.tests.ContactLeadInfo"/>
  <testcase name="sfmloadtest" time="31.434" classname="com.loadsfm.tests.ContactLeadInfo"/>
  <testcase name="sfmloadtest" time="31.644" classname="com.loadsfm.tests.ContactLeadInfo"/>
  <testcase name="sfmloadtest" time="31.557" classname="com.loadsfm.tests.ContactLeadInfo"/>
  <testcase name="sfmloadtest" time="31.388" classname="com.loadsfm.tests.ContactLeadInfo"/>
  <testcase name="sfmloadtest" time="31.362" classname="com.loadsfm.tests.ContactLeadInfo"/>
  <testcase name="sfmloadtest" time="31.430" classname="com.loadsfm.tests.ContactLeadInfo"/>
  <testcase name="sfmloadtest" time="31.156" classname="com.loadsfm.tests.ContactLeadInfo"/>
  <testcase name="sfmloadtest" time="31.437" classname="com.loadsfm.tests.ContactLeadInfo"/>
  <testcase name="sfmloadtest" time="31.504" classname="com.loadsfm.tests.ContactLeadInfo"/>
  <testcase name="sfmloadtest" time="31.333" classname="com.loadsfm.tests.ContactLeadInfo"/>
  <testcase name="sfmloadtest" time="31.494" classname="com.loadsfm.tests.ContactLeadInfo"/>
  <testcase name="sfmloadtest" time="31.614" classname="com.loadsfm.tests.ContactLeadInfo"/>
  <testcase name="sfmloadtest" time="32.713" classname="com.loadsfm.tests.ContactLeadInfo"/>
  <testcase name="sfmloadtest" time="31.352" classname="com.loadsfm.tests.ContactLeadInfo"/>
  <testcase name="sfmloadtest" time="31.070" classname="com.loadsfm.tests.ContactLeadInfo"/>
  <testcase name="sfmloadtest" time="31.734" classname="com.loadsfm.tests.ContactLeadInfo"/>
  <testcase name="sfmloadtest" time="31.247" classname="com.loadsfm.tests.ContactLeadInfo"/>
  <testcase name="sfmloadtest" time="31.626" classname="com.loadsfm.tests.ContactLeadInfo"/>
  <testcase name="sfmloadtest" time="31.871" classname="com.loadsfm.tests.ContactLeadInfo"/>
  <testcase name="sfmloadtest" time="31.842" classname="com.loadsfm.tests.ContactLeadInfo"/>
  <testcase name="sfmloadtest" time="31.467" classname="com.loadsfm.tests.ContactLeadInfo"/>
  <testcase name="sfmloadtest" time="31.552" classname="com.loadsfm.tests.ContactLeadInfo"/>
  <testcase name="sfmloadtest" time="31.433" classname="com.loadsfm.tests.ContactLeadInfo"/>
  <testcase name="sfmloadtest" time="31.555" classname="com.loadsfm.tests.ContactLeadInfo"/>
  <testcase name="sfmloadtest" time="31.265" classname="com.loadsfm.tests.ContactLeadInfo"/>
  <testcase name="sfmloadtest" time="31.414" classname="com.loadsfm.tests.ContactLeadInfo"/>
  <testcase name="sfmloadtest" time="31.013" classname="com.loadsfm.tests.ContactLeadInfo"/>
  <testcase name="sfmloadtest" time="31.124" classname="com.loadsfm.tests.ContactLeadInfo"/>
  <testcase name="sfmloadtest" time="31.267" classname="com.loadsfm.tests.ContactLeadInfo"/>
  <testcase name="sfmloadtest" time="31.504" classname="com.loadsfm.tests.ContactLeadInfo"/>
  <testcase name="sfmloadtest" time="31.559" classname="com.loadsfm.tests.ContactLeadInfo"/>
  <testcase name="sfmloadtest" time="31.524" classname="com.loadsfm.tests.ContactLeadInfo"/>
  <testcase name="sfmloadtest" time="31.498" classname="com.loadsfm.tests.ContactLeadInfo"/>
  <testcase name="sfmloadtest" time="31.385" classname="com.loadsfm.tests.ContactLeadInfo"/>
  <testcase name="sfmloadtest" time="31.320" classname="com.loadsfm.tests.ContactLeadInfo"/>
  <testcase name="sfmloadtest" time="31.659" classname="com.loadsfm.tests.ContactLeadInfo"/>
  <testcase name="sfmloadtest" time="31.590" classname="com.loadsfm.tests.ContactLeadInfo"/>
  <testcase name="sfmloadtest" time="31.381" classname="com.loadsfm.tests.ContactLeadInfo"/>
  <testcase name="sfmloadtest" time="31.523" classname="com.loadsfm.tests.ContactLeadInfo"/>
  <testcase name="sfmloadtest" time="31.588" classname="com.loadsfm.tests.ContactLeadInfo"/>
  <testcase name="sfmloadtest" time="31.663" classname="com.loadsfm.tests.ContactLeadInfo"/>
  <testcase name="sfmloadtest" time="31.432" classname="com.loadsfm.tests.ContactLeadInfo"/>
  <testcase name="sfmloadtest" time="32.118" classname="com.loadsfm.tests.ContactLeadInfo"/>
  <testcase name="sfmloadtest" time="31.506" classname="com.loadsfm.tests.ContactLeadInfo"/>
  <testcase name="sfmloadtest" time="31.660" classname="com.loadsfm.tests.ContactLeadInfo"/>
  <testcase name="sfmloadtest" time="31.455" classname="com.loadsfm.tests.ContactLeadInfo"/>
  <testcase name="sfmloadtest" time="31.548" classname="com.loadsfm.tests.ContactLeadInfo"/>
  <testcase name="sfmloadtest" time="31.609" classname="com.loadsfm.tests.ContactLeadInfo"/>
  <testcase name="sfmloadtest" time="31.600" classname="com.loadsfm.tests.ContactLeadInfo"/>
  <testcase name="sfmloadtest" time="31.293" classname="com.loadsfm.tests.ContactLeadInfo"/>
  <testcase name="sfmloadtest" time="31.525" classname="com.loadsfm.tests.ContactLeadInfo"/>
  <testcase name="sfmloadtest" time="31.402" classname="com.loadsfm.tests.ContactLeadInfo"/>
  <testcase name="sfmloadtest" time="31.875" classname="com.loadsfm.tests.ContactLeadInfo"/>
  <testcase name="sfmloadtest" time="31.352" classname="com.loadsfm.tests.ContactLeadInfo"/>
  <testcase name="sfmloadtest" time="31.734" classname="com.loadsfm.tests.ContactLeadInfo"/>
  <testcase name="sfmloadtest" time="31.558" classname="com.loadsfm.tests.ContactLeadInfo"/>
  <testcase name="sfmloadtest" time="31.496" classname="com.loadsfm.tests.ContactLeadInfo"/>
  <testcase name="sfmloadtest" time="31.206" classname="com.loadsfm.tests.ContactLeadInfo"/>
  <testcase name="sfmloadtest" time="31.213" classname="com.loadsfm.tests.ContactLeadInfo"/>
  <testcase name="sfmloadtest" time="31.578" classname="com.loadsfm.tests.ContactLeadInfo"/>
  <testcase name="sfmloadtest" time="31.603" classname="com.loadsfm.tests.ContactLeadInfo"/>
  <testcase name="sfmloadtest" time="31.438" classname="com.loadsfm.tests.ContactLeadInfo"/>
  <testcase name="sfmloadtest" time="31.624" classname="com.loadsfm.tests.ContactLeadInfo"/>
  <testcase name="sfmloadtest" time="31.600" classname="com.loadsfm.tests.ContactLeadInfo"/>
  <testcase name="sfmloadtest" time="31.405" classname="com.loadsfm.tests.ContactLeadInfo"/>
  <testcase name="sfmloadtest" time="31.359" classname="com.loadsfm.tests.ContactLeadInfo"/>
  <testcase name="sfmloadtest" time="31.215" classname="com.loadsfm.tests.ContactLeadInfo"/>
  <testcase name="sfmloadtest" time="31.540" classname="com.loadsfm.tests.ContactLeadInfo"/>
  <testcase name="sfmloadtest" time="31.270" classname="com.loadsfm.tests.ContactLeadInfo"/>
  <testcase name="sfmloadtest" time="31.810" classname="com.loadsfm.tests.ContactLeadInfo"/>
  <testcase name="sfmloadtest" time="31.503" classname="com.loadsfm.tests.ContactLeadInfo"/>
  <testcase name="sfmloadtest" time="31.675" classname="com.loadsfm.tests.ContactLeadInfo"/>
  <testcase name="sfmloadtest" time="31.310" classname="com.loadsfm.tests.ContactLeadInfo"/>
  <testcase name="sfmloadtest" time="31.559" classname="com.loadsfm.tests.ContactLeadInfo"/>
  <testcase name="sfmloadtest" time="31.565" classname="com.loadsfm.tests.ContactLeadInfo"/>
  <testcase name="sfmloadtest" time="31.776" classname="com.loadsfm.tests.ContactLeadInfo"/>
  <testcase name="sfmloadtest" time="31.741" classname="com.loadsfm.tests.ContactLeadInfo"/>
  <testcase name="sfmloadtest" time="31.730" classname="com.loadsfm.tests.ContactLeadInfo"/>
  <testcase name="sfmloadtest" time="31.382" classname="com.loadsfm.tests.ContactLeadInfo"/>
  <testcase name="sfmloadtest" time="31.385" classname="com.loadsfm.tests.ContactLeadInfo"/>
  <testcase name="sfmloadtest" time="31.341" classname="com.loadsfm.tests.ContactLeadInfo"/>
  <testcase name="sfmloadtest" time="31.647" classname="com.loadsfm.tests.ContactLeadInfo"/>
  <testcase name="sfmloadtest" time="33.384" classname="com.loadsfm.tests.ContactLeadInfo"/>
  <testcase name="sfmloadtest" time="31.470" classname="com.loadsfm.tests.ContactLeadInfo"/>
  <testcase name="sfmloadtest" time="31.647" classname="com.loadsfm.tests.ContactLeadInfo"/>
  <testcase name="sfmloadtest" time="31.669" classname="com.loadsfm.tests.ContactLeadInfo"/>
  <testcase name="sfmloadtest" time="31.363" classname="com.loadsfm.tests.ContactLeadInfo"/>
  <testcase name="sfmloadtest" time="31.386" classname="com.loadsfm.tests.ContactLeadInfo"/>
  <testcase name="sfmloadtest" time="31.437" classname="com.loadsfm.tests.ContactLeadInfo"/>
  <testcase name="sfmloadtest" time="31.467" classname="com.loadsfm.tests.ContactLeadInfo"/>
  <testcase name="sfmloadtest" time="31.056" classname="com.loadsfm.tests.ContactLeadInfo"/>
  <testcase name="sfmloadtest" time="31.447" classname="com.loadsfm.tests.ContactLeadInfo"/>
  <testcase name="sfmloadtest" time="31.244" classname="com.loadsfm.tests.ContactLeadInfo"/>
  <testcase name="sfmloadtest" time="31.437" classname="com.loadsfm.tests.ContactLeadInfo"/>
  <testcase name="sfmloadtest" time="31.618" classname="com.loadsfm.tests.ContactLeadInfo"/>
  <testcase name="sfmloadtest" time="31.492" classname="com.loadsfm.tests.ContactLeadInfo"/>
  <testcase name="sfmloadtest" time="31.163" classname="com.loadsfm.tests.ContactLeadInfo"/>
  <testcase name="sfmloadtest" time="36.136" classname="com.loadsfm.tests.ContactLeadInfo"/>
  <testcase name="sfmloadtest" time="31.498" classname="com.loadsfm.tests.ContactLeadInfo"/>
  <testcase name="sfmloadtest" time="31.387" classname="com.loadsfm.tests.ContactLeadInfo"/>
  <testcase name="sfmloadtest" time="32.107" classname="com.loadsfm.tests.ContactLeadInfo"/>
  <testcase name="sfmloadtest" time="31.525" classname="com.loadsfm.tests.ContactLeadInfo"/>
  <testcase name="sfmloadtest" time="31.487" classname="com.loadsfm.tests.ContactLeadInfo"/>
  <testcase name="sfmloadtest" time="31.446" classname="com.loadsfm.tests.ContactLeadInfo"/>
  <testcase name="sfmloadtest" time="31.555" classname="com.loadsfm.tests.ContactLeadInfo"/>
  <testcase name="sfmloadtest" time="31.339" classname="com.loadsfm.tests.ContactLeadInfo"/>
  <testcase name="sfmloadtest" time="31.522" classname="com.loadsfm.tests.ContactLeadInfo"/>
  <testcase name="sfmloadtest" time="31.873" classname="com.loadsfm.tests.ContactLeadInfo"/>
  <testcase name="sfmloadtest" time="31.811" classname="com.loadsfm.tests.ContactLeadInfo"/>
  <testcase name="sfmloadtest" time="31.495" classname="com.loadsfm.tests.ContactLeadInfo"/>
  <testcase name="sfmloadtest" time="31.869" classname="com.loadsfm.tests.ContactLeadInfo"/>
  <testcase name="sfmloadtest" time="31.279" classname="com.loadsfm.tests.ContactLeadInfo"/>
  <testcase name="sfmloadtest" time="31.542" classname="com.loadsfm.tests.ContactLeadInfo"/>
  <testcase name="sfmloadtest" time="31.131" classname="com.loadsfm.tests.ContactLeadInfo"/>
  <testcase name="sfmloadtest" time="31.303" classname="com.loadsfm.tests.ContactLeadInfo"/>
  <testcase name="sfmloadtest" time="31.717" classname="com.loadsfm.tests.ContactLeadInfo"/>
  <testcase name="sfmloadtest" time="31.361" classname="com.loadsfm.tests.ContactLeadInfo"/>
  <testcase name="sfmloadtest" time="31.183" classname="com.loadsfm.tests.ContactLeadInfo"/>
  <testcase name="sfmloadtest" time="31.637" classname="com.loadsfm.tests.ContactLeadInfo"/>
  <testcase name="sfmloadtest" time="31.958" classname="com.loadsfm.tests.ContactLeadInfo"/>
  <testcase name="sfmloadtest" time="31.344" classname="com.loadsfm.tests.ContactLeadInfo"/>
  <testcase name="sfmloadtest" time="31.351" classname="com.loadsfm.tests.ContactLeadInfo"/>
  <testcase name="sfmloadtest" time="31.389" classname="com.loadsfm.tests.ContactLeadInfo"/>
  <testcase name="sfmloadtest" time="31.382" classname="com.loadsfm.tests.ContactLeadInfo"/>
  <testcase name="sfmloadtest" time="31.315" classname="com.loadsfm.tests.ContactLeadInfo"/>
  <testcase name="sfmloadtest" time="31.431" classname="com.loadsfm.tests.ContactLeadInfo"/>
  <testcase name="sfmloadtest" time="31.574" classname="com.loadsfm.tests.ContactLeadInfo"/>
  <testcase name="sfmloadtest" time="31.265" classname="com.loadsfm.tests.ContactLeadInfo"/>
  <testcase name="sfmloadtest" time="32.941" classname="com.loadsfm.tests.ContactLeadInfo"/>
  <testcase name="sfmloadtest" time="32.100" classname="com.loadsfm.tests.ContactLeadInfo"/>
  <testcase name="sfmloadtest" time="33.389" classname="com.loadsfm.tests.ContactLeadInfo"/>
  <testcase name="sfmloadtest" time="31.720" classname="com.loadsfm.tests.ContactLeadInfo"/>
  <testcase name="sfmloadtest" time="31.729" classname="com.loadsfm.tests.ContactLeadInfo"/>
  <testcase name="sfmloadtest" time="31.397" classname="com.loadsfm.tests.ContactLeadInfo"/>
  <testcase name="sfmloadtest" time="31.455" classname="com.loadsfm.tests.ContactLeadInfo"/>
  <testcase name="sfmloadtest" time="31.191" classname="com.loadsfm.tests.ContactLeadInfo"/>
  <testcase name="sfmloadtest" time="31.495" classname="com.loadsfm.tests.ContactLeadInfo"/>
  <testcase name="sfmloadtest" time="31.611" classname="com.loadsfm.tests.ContactLeadInfo"/>
  <testcase name="sfmloadtest" time="31.366" classname="com.loadsfm.tests.ContactLeadInfo"/>
  <testcase name="sfmloadtest" time="31.499" classname="com.loadsfm.tests.ContactLeadInfo"/>
  <testcase name="sfmloadtest" time="31.536" classname="com.loadsfm.tests.ContactLeadInfo"/>
  <testcase name="sfmloadtest" time="31.407" classname="com.loadsfm.tests.ContactLeadInfo"/>
  <testcase name="sfmloadtest" time="31.361" classname="com.loadsfm.tests.ContactLeadInfo"/>
  <testcase name="sfmloadtest" time="31.686" classname="com.loadsfm.tests.ContactLeadInfo"/>
  <testcase name="sfmloadtest" time="31.495" classname="com.loadsfm.tests.ContactLeadInfo"/>
  <testcase name="sfmloadtest" time="31.873" classname="com.loadsfm.tests.ContactLeadInfo"/>
  <testcase name="sfmloadtest" time="31.687" classname="com.loadsfm.tests.ContactLeadInfo"/>
  <testcase name="sfmloadtest" time="31.565" classname="com.loadsfm.tests.ContactLeadInfo"/>
  <testcase name="sfmloadtest" time="31.500" classname="com.loadsfm.tests.ContactLeadInfo"/>
  <testcase name="sfmloadtest" time="31.128" classname="com.loadsfm.tests.ContactLeadInfo"/>
  <testcase name="sfmloadtest" time="31.532" classname="com.loadsfm.tests.ContactLeadInfo"/>
  <testcase name="sfmloadtest" time="31.468" classname="com.loadsfm.tests.ContactLeadInfo"/>
  <testcase name="sfmloadtest" time="31.541" classname="com.loadsfm.tests.ContactLeadInfo"/>
  <testcase name="sfmloadtest" time="31.242" classname="com.loadsfm.tests.ContactLeadInfo"/>
  <testcase name="sfmloadtest" time="31.548" classname="com.loadsfm.tests.ContactLeadInfo"/>
  <testcase name="sfmloadtest" time="31.371" classname="com.loadsfm.tests.ContactLeadInfo"/>
  <testcase name="sfmloadtest" time="31.359" classname="com.loadsfm.tests.ContactLeadInfo"/>
  <testcase name="sfmloadtest" time="31.746" classname="com.loadsfm.tests.ContactLeadInfo"/>
  <testcase name="sfmloadtest" time="31.537" classname="com.loadsfm.tests.ContactLeadInfo"/>
  <testcase name="sfmloadtest" time="31.502" classname="com.loadsfm.tests.ContactLeadInfo"/>
  <testcase name="sfmloadtest" time="31.697" classname="com.loadsfm.tests.ContactLeadInfo"/>
  <testcase name="sfmloadtest" time="31.227" classname="com.loadsfm.tests.ContactLeadInfo"/>
  <testcase name="sfmloadtest" time="31.589" classname="com.loadsfm.tests.ContactLeadInfo"/>
  <testcase name="sfmloadtest" time="31.527" classname="com.loadsfm.tests.ContactLeadInfo"/>
  <testcase name="sfmloadtest" time="31.030" classname="com.loadsfm.tests.ContactLeadInfo"/>
  <testcase name="sfmloadtest" time="31.690" classname="com.loadsfm.tests.ContactLeadInfo"/>
  <testcase name="sfmloadtest" time="31.456" classname="com.loadsfm.tests.ContactLeadInfo"/>
  <testcase name="sfmloadtest" time="31.373" classname="com.loadsfm.tests.ContactLeadInfo"/>
  <testcase name="sfmloadtest" time="31.723" classname="com.loadsfm.tests.ContactLeadInfo"/>
  <testcase name="sfmloadtest" time="31.473" classname="com.loadsfm.tests.ContactLeadInfo"/>
  <testcase name="sfmloadtest" time="31.726" classname="com.loadsfm.tests.ContactLeadInfo"/>
  <testcase name="sfmloadtest" time="31.518" classname="com.loadsfm.tests.ContactLeadInfo"/>
  <testcase name="sfmloadtest" time="31.491" classname="com.loadsfm.tests.ContactLeadInfo"/>
  <testcase name="sfmloadtest" time="31.539" classname="com.loadsfm.tests.ContactLeadInfo"/>
  <testcase name="sfmloadtest" time="31.503" classname="com.loadsfm.tests.ContactLeadInfo"/>
  <testcase name="sfmloadtest" time="31.451" classname="com.loadsfm.tests.ContactLeadInfo"/>
  <testcase name="sfmloadtest" time="31.416" classname="com.loadsfm.tests.ContactLeadInfo"/>
  <testcase name="sfmloadtest" time="31.246" classname="com.loadsfm.tests.ContactLeadInfo"/>
  <testcase name="sfmloadtest" time="31.273" classname="com.loadsfm.tests.ContactLeadInfo"/>
  <testcase name="sfmloadtest" time="31.554" classname="com.loadsfm.tests.ContactLeadInfo"/>
  <testcase name="sfmloadtest" time="32.003" classname="com.loadsfm.tests.ContactLeadInfo"/>
  <testcase name="sfmloadtest" time="33.119" classname="com.loadsfm.tests.ContactLeadInfo"/>
  <testcase name="sfmloadtest" time="31.317" classname="com.loadsfm.tests.ContactLeadInfo"/>
  <testcase name="sfmloadtest" time="31.751" classname="com.loadsfm.tests.ContactLeadInfo"/>
  <testcase name="sfmloadtest" time="31.509" classname="com.loadsfm.tests.ContactLeadInfo"/>
  <testcase name="sfmloadtest" time="31.368" classname="com.loadsfm.tests.ContactLeadInfo"/>
  <testcase name="sfmloadtest" time="31.449" classname="com.loadsfm.tests.ContactLeadInfo"/>
  <testcase name="sfmloadtest" time="31.922" classname="com.loadsfm.tests.ContactLeadInfo"/>
  <testcase name="sfmloadtest" time="30.879" classname="com.loadsfm.tests.ContactLeadInfo"/>
  <testcase name="sfmloadtest" time="31.575" classname="com.loadsfm.tests.ContactLeadInfo"/>
  <testcase name="sfmloadtest" time="31.356" classname="com.loadsfm.tests.ContactLeadInfo"/>
  <testcase name="sfmloadtest" time="31.568" classname="com.loadsfm.tests.ContactLeadInfo"/>
  <testcase name="sfmloadtest" time="31.464" classname="com.loadsfm.tests.ContactLeadInfo"/>
  <testcase name="sfmloadtest" time="31.508" classname="com.loadsfm.tests.ContactLeadInfo"/>
  <testcase name="sfmloadtest" time="31.378" classname="com.loadsfm.tests.ContactLeadInfo"/>
  <testcase name="sfmloadtest" time="31.404" classname="com.loadsfm.tests.ContactLeadInfo"/>
  <testcase name="sfmloadtest" time="31.497" classname="com.loadsfm.tests.ContactLeadInfo"/>
  <testcase name="sfmloadtest" time="31.987" classname="com.loadsfm.tests.ContactLeadInfo"/>
  <testcase name="sfmloadtest" time="33.227" classname="com.loadsfm.tests.ContactLeadInfo"/>
  <testcase name="sfmloadtest" time="31.411" classname="com.loadsfm.tests.ContactLeadInfo"/>
  <testcase name="sfmloadtest" time="31.667" classname="com.loadsfm.tests.ContactLeadInfo"/>
  <testcase name="sfmloadtest" time="31.553" classname="com.loadsfm.tests.ContactLeadInfo"/>
  <testcase name="sfmloadtest" time="31.673" classname="com.loadsfm.tests.ContactLeadInfo"/>
  <testcase name="sfmloadtest" time="31.820" classname="com.loadsfm.tests.ContactLeadInfo"/>
  <testcase name="sfmloadtest" time="31.496" classname="com.loadsfm.tests.ContactLeadInfo"/>
  <testcase name="sfmloadtest" time="31.369" classname="com.loadsfm.tests.ContactLeadInfo"/>
  <testcase name="sfmloadtest" time="31.271" classname="com.loadsfm.tests.ContactLeadInfo"/>
  <testcase name="sfmloadtest" time="31.664" classname="com.loadsfm.tests.ContactLeadInfo"/>
  <testcase name="sfmloadtest" time="31.132" classname="com.loadsfm.tests.ContactLeadInfo"/>
  <testcase name="sfmloadtest" time="31.487" classname="com.loadsfm.tests.ContactLeadInfo"/>
  <testcase name="sfmloadtest" time="31.481" classname="com.loadsfm.tests.ContactLeadInfo"/>
  <testcase name="sfmloadtest" time="31.820" classname="com.loadsfm.tests.ContactLeadInfo"/>
  <testcase name="sfmloadtest" time="31.199" classname="com.loadsfm.tests.ContactLeadInfo"/>
  <testcase name="sfmloadtest" time="31.415" classname="com.loadsfm.tests.ContactLeadInfo"/>
  <testcase name="sfmloadtest" time="31.593" classname="com.loadsfm.tests.ContactLeadInfo"/>
  <testcase name="sfmloadtest" time="31.501" classname="com.loadsfm.tests.ContactLeadInfo"/>
  <testcase name="sfmloadtest" time="31.672" classname="com.loadsfm.tests.ContactLeadInfo"/>
  <testcase name="sfmloadtest" time="31.234" classname="com.loadsfm.tests.ContactLeadInfo"/>
  <testcase name="sfmloadtest" time="31.183" classname="com.loadsfm.tests.ContactLeadInfo"/>
  <testcase name="sfmloadtest" time="31.544" classname="com.loadsfm.tests.ContactLeadInfo"/>
  <testcase name="sfmloadtest" time="31.628" classname="com.loadsfm.tests.ContactLeadInfo"/>
  <testcase name="sfmloadtest" time="31.680" classname="com.loadsfm.tests.ContactLeadInfo"/>
  <testcase name="sfmloadtest" time="31.547" classname="com.loadsfm.tests.ContactLeadInfo"/>
  <testcase name="sfmloadtest" time="31.429" classname="com.loadsfm.tests.ContactLeadInfo"/>
  <testcase name="sfmloadtest" time="31.747" classname="com.loadsfm.tests.ContactLeadInfo"/>
  <testcase name="sfmloadtest" time="31.637" classname="com.loadsfm.tests.ContactLeadInfo"/>
  <testcase name="sfmloadtest" time="31.545" classname="com.loadsfm.tests.ContactLeadInfo"/>
  <testcase name="sfmloadtest" time="32.757" classname="com.loadsfm.tests.ContactLeadInfo"/>
  <testcase name="sfmloadtest" time="31.457" classname="com.loadsfm.tests.ContactLeadInfo"/>
  <testcase name="sfmloadtest" time="31.622" classname="com.loadsfm.tests.ContactLeadInfo"/>
  <testcase name="sfmloadtest" time="31.260" classname="com.loadsfm.tests.ContactLeadInfo"/>
  <testcase name="sfmloadtest" time="31.479" classname="com.loadsfm.tests.ContactLeadInfo"/>
  <testcase name="sfmloadtest" time="31.274" classname="com.loadsfm.tests.ContactLeadInfo"/>
  <testcase name="sfmloadtest" time="31.525" classname="com.loadsfm.tests.ContactLeadInfo"/>
  <testcase name="sfmloadtest" time="31.400" classname="com.loadsfm.tests.ContactLeadInfo"/>
  <testcase name="sfmloadtest" time="31.733" classname="com.loadsfm.tests.ContactLeadInfo"/>
  <testcase name="sfmloadtest" time="31.647" classname="com.loadsfm.tests.ContactLeadInfo"/>
  <testcase name="sfmloadtest" time="31.887" classname="com.loadsfm.tests.ContactLeadInfo"/>
  <testcase name="sfmloadtest" time="31.366" classname="com.loadsfm.tests.ContactLeadInfo"/>
  <testcase name="sfmloadtest" time="31.575" classname="com.loadsfm.tests.ContactLeadInfo"/>
  <testcase name="sfmloadtest" time="31.457" classname="com.loadsfm.tests.ContactLeadInfo"/>
  <testcase name="sfmloadtest" time="31.402" classname="com.loadsfm.tests.ContactLeadInfo"/>
  <testcase name="sfmloadtest" time="31.256" classname="com.loadsfm.tests.ContactLeadInfo"/>
  <testcase name="sfmloadtest" time="31.402" classname="com.loadsfm.tests.ContactLeadInfo"/>
  <testcase name="sfmloadtest" time="31.671" classname="com.loadsfm.tests.ContactLeadInfo"/>
  <testcase name="sfmloadtest" time="31.426" classname="com.loadsfm.tests.ContactLeadInfo"/>
  <testcase name="sfmloadtest" time="31.438" classname="com.loadsfm.tests.ContactLeadInfo"/>
  <testcase name="sfmloadtest" time="31.815" classname="com.loadsfm.tests.ContactLeadInfo"/>
  <testcase name="sfmloadtest" time="31.571" classname="com.loadsfm.tests.ContactLeadInfo"/>
  <testcase name="sfmloadtest" time="31.326" classname="com.loadsfm.tests.ContactLeadInfo"/>
  <testcase name="sfmloadtest" time="31.301" classname="com.loadsfm.tests.ContactLeadInfo"/>
  <testcase name="sfmloadtest" time="31.495" classname="com.loadsfm.tests.ContactLeadInfo"/>
  <testcase name="sfmloadtest" time="31.515" classname="com.loadsfm.tests.ContactLeadInfo"/>
  <testcase name="sfmloadtest" time="31.477" classname="com.loadsfm.tests.ContactLeadInfo"/>
  <testcase name="sfmloadtest" time="31.779" classname="com.loadsfm.tests.ContactLeadInfo"/>
  <testcase name="sfmloadtest" time="32.869" classname="com.loadsfm.tests.ContactLeadInfo"/>
  <testcase name="sfmloadtest" time="31.226" classname="com.loadsfm.tests.ContactLeadInfo"/>
  <testcase name="sfmloadtest" time="31.491" classname="com.loadsfm.tests.ContactLeadInfo"/>
  <testcase name="sfmloadtest" time="31.480" classname="com.loadsfm.tests.ContactLeadInfo"/>
  <testcase name="sfmloadtest" time="31.322" classname="com.loadsfm.tests.ContactLeadInfo"/>
  <testcase name="sfmloadtest" time="31.361" classname="com.loadsfm.tests.ContactLeadInfo"/>
  <testcase name="sfmloadtest" time="31.761" classname="com.loadsfm.tests.ContactLeadInfo"/>
  <testcase name="sfmloadtest" time="31.615" classname="com.loadsfm.tests.ContactLeadInfo"/>
  <testcase name="sfmloadtest" time="31.522" classname="com.loadsfm.tests.ContactLeadInfo"/>
  <testcase name="sfmloadtest" time="31.488" classname="com.loadsfm.tests.ContactLeadInfo"/>
  <testcase name="sfmloadtest" time="31.229" classname="com.loadsfm.tests.ContactLeadInfo"/>
  <testcase name="sfmloadtest" time="31.514" classname="com.loadsfm.tests.ContactLeadInfo"/>
  <testcase name="sfmloadtest" time="31.532" classname="com.loadsfm.tests.ContactLeadInfo"/>
  <testcase name="sfmloadtest" time="31.338" classname="com.loadsfm.tests.ContactLeadInfo"/>
  <testcase name="sfmloadtest" time="31.518" classname="com.loadsfm.tests.ContactLeadInfo"/>
  <testcase name="sfmloadtest" time="31.549" classname="com.loadsfm.tests.ContactLeadInfo"/>
  <testcase name="sfmloadtest" time="31.288" classname="com.loadsfm.tests.ContactLeadInfo"/>
  <testcase name="sfmloadtest" time="31.320" classname="com.loadsfm.tests.ContactLeadInfo"/>
  <testcase name="sfmloadtest" time="31.518" classname="com.loadsfm.tests.ContactLeadInfo"/>
  <testcase name="sfmloadtest" time="31.586" classname="com.loadsfm.tests.ContactLeadInfo"/>
  <testcase name="sfmloadtest" time="31.460" classname="com.loadsfm.tests.ContactLeadInfo"/>
  <testcase name="sfmloadtest" time="31.636" classname="com.loadsfm.tests.ContactLeadInfo"/>
  <testcase name="sfmloadtest" time="32.039" classname="com.loadsfm.tests.ContactLeadInfo"/>
  <testcase name="sfmloadtest" time="31.258" classname="com.loadsfm.tests.ContactLeadInfo"/>
  <testcase name="sfmloadtest" time="31.749" classname="com.loadsfm.tests.ContactLeadInfo"/>
  <testcase name="sfmloadtest" time="31.403" classname="com.loadsfm.tests.ContactLeadInfo"/>
  <testcase name="sfmloadtest" time="31.334" classname="com.loadsfm.tests.ContactLeadInfo"/>
  <testcase name="sfmloadtest" time="31.391" classname="com.loadsfm.tests.ContactLeadInfo"/>
  <testcase name="sfmloadtest" time="31.609" classname="com.loadsfm.tests.ContactLeadInfo"/>
  <testcase name="sfmloadtest" time="31.432" classname="com.loadsfm.tests.ContactLeadInfo"/>
  <testcase name="sfmloadtest" time="31.449" classname="com.loadsfm.tests.ContactLeadInfo"/>
  <testcase name="sfmloadtest" time="31.330" classname="com.loadsfm.tests.ContactLeadInfo"/>
  <testcase name="sfmloadtest" time="31.244" classname="com.loadsfm.tests.ContactLeadInfo"/>
  <testcase name="sfmloadtest" time="31.481" classname="com.loadsfm.tests.ContactLeadInfo"/>
  <testcase name="sfmloadtest" time="33.237" classname="com.loadsfm.tests.ContactLeadInfo"/>
  <testcase name="sfmloadtest" time="31.788" classname="com.loadsfm.tests.ContactLeadInfo"/>
  <testcase name="sfmloadtest" time="31.934" classname="com.loadsfm.tests.ContactLeadInfo"/>
  <testcase name="sfmloadtest" time="31.426" classname="com.loadsfm.tests.ContactLeadInfo"/>
  <testcase name="sfmloadtest" time="31.470" classname="com.loadsfm.tests.ContactLeadInfo"/>
  <testcase name="sfmloadtest" time="31.442" classname="com.loadsfm.tests.ContactLeadInfo"/>
  <testcase name="sfmloadtest" time="31.297" classname="com.loadsfm.tests.ContactLeadInfo"/>
  <testcase name="sfmloadtest" time="31.420" classname="com.loadsfm.tests.ContactLeadInfo"/>
  <testcase name="sfmloadtest" time="31.419" classname="com.loadsfm.tests.ContactLeadInfo"/>
  <testcase name="sfmloadtest" time="31.447" classname="com.loadsfm.tests.ContactLeadInfo"/>
  <testcase name="sfmloadtest" time="31.535" classname="com.loadsfm.tests.ContactLeadInfo"/>
  <testcase name="sfmloadtest" time="31.441" classname="com.loadsfm.tests.ContactLeadInfo"/>
  <testcase name="sfmloadtest" time="31.622" classname="com.loadsfm.tests.ContactLeadInfo"/>
  <testcase name="sfmloadtest" time="31.562" classname="com.loadsfm.tests.ContactLeadInfo"/>
  <testcase name="sfmloadtest" time="31.443" classname="com.loadsfm.tests.ContactLeadInfo"/>
  <testcase name="sfmloadtest" time="31.463" classname="com.loadsfm.tests.ContactLeadInfo"/>
  <testcase name="sfmloadtest" time="31.292" classname="com.loadsfm.tests.ContactLeadInfo"/>
  <testcase name="sfmloadtest" time="31.257" classname="com.loadsfm.tests.ContactLeadInfo"/>
  <testcase name="sfmloadtest" time="31.531" classname="com.loadsfm.tests.ContactLeadInfo"/>
  <testcase name="sfmloadtest" time="31.452" classname="com.loadsfm.tests.ContactLeadInfo"/>
  <testcase name="sfmloadtest" time="31.257" classname="com.loadsfm.tests.ContactLeadInfo"/>
  <testcase name="sfmloadtest" time="31.398" classname="com.loadsfm.tests.ContactLeadInfo"/>
  <testcase name="sfmloadtest" time="31.191" classname="com.loadsfm.tests.ContactLeadInfo"/>
  <testcase name="sfmloadtest" time="33.149" classname="com.loadsfm.tests.ContactLeadInfo"/>
  <testcase name="sfmloadtest" time="31.778" classname="com.loadsfm.tests.ContactLeadInfo"/>
  <testcase name="sfmloadtest" time="31.741" classname="com.loadsfm.tests.ContactLeadInfo"/>
  <testcase name="sfmloadtest" time="31.620" classname="com.loadsfm.tests.ContactLeadInfo"/>
  <testcase name="sfmloadtest" time="31.427" classname="com.loadsfm.tests.ContactLeadInfo"/>
  <testcase name="sfmloadtest" time="31.836" classname="com.loadsfm.tests.ContactLeadInfo"/>
  <testcase name="sfmloadtest" time="31.414" classname="com.loadsfm.tests.ContactLeadInfo"/>
  <testcase name="sfmloadtest" time="31.655" classname="com.loadsfm.tests.ContactLeadInfo"/>
  <testcase name="sfmloadtest" time="31.671" classname="com.loadsfm.tests.ContactLeadInfo"/>
  <testcase name="sfmloadtest" time="31.444" classname="com.loadsfm.tests.ContactLeadInfo"/>
  <testcase name="sfmloadtest" time="31.669" classname="com.loadsfm.tests.ContactLeadInfo"/>
  <testcase name="sfmloadtest" time="31.326" classname="com.loadsfm.tests.ContactLeadInfo"/>
  <testcase name="sfmloadtest" time="31.369" classname="com.loadsfm.tests.ContactLeadInfo"/>
  <testcase name="sfmloadtest" time="31.384" classname="com.loadsfm.tests.ContactLeadInfo"/>
  <testcase name="sfmloadtest" time="31.488" classname="com.loadsfm.tests.ContactLeadInfo"/>
  <testcase name="sfmloadtest" time="31.626" classname="com.loadsfm.tests.ContactLeadInfo"/>
  <testcase name="sfmloadtest" time="31.528" classname="com.loadsfm.tests.ContactLeadInfo"/>
  <testcase name="sfmloadtest" time="31.314" classname="com.loadsfm.tests.ContactLeadInfo"/>
  <testcase name="sfmloadtest" time="31.544" classname="com.loadsfm.tests.ContactLeadInfo"/>
  <testcase name="sfmloadtest" time="31.457" classname="com.loadsfm.tests.ContactLeadInfo"/>
  <testcase name="sfmloadtest" time="31.355" classname="com.loadsfm.tests.ContactLeadInfo"/>
  <testcase name="sfmloadtest" time="31.206" classname="com.loadsfm.tests.ContactLeadInfo"/>
  <testcase name="sfmloadtest" time="32.201" classname="com.loadsfm.tests.ContactLeadInfo"/>
  <testcase name="sfmloadtest" time="31.472" classname="com.loadsfm.tests.ContactLeadInfo"/>
  <testcase name="sfmloadtest" time="31.557" classname="com.loadsfm.tests.ContactLeadInfo"/>
  <testcase name="sfmloadtest" time="31.583" classname="com.loadsfm.tests.ContactLeadInfo"/>
  <testcase name="sfmloadtest" time="31.743" classname="com.loadsfm.tests.ContactLeadInfo"/>
  <testcase name="sfmloadtest" time="32.216" classname="com.loadsfm.tests.ContactLeadInfo"/>
  <testcase name="sfmloadtest" time="31.693" classname="com.loadsfm.tests.ContactLeadInfo"/>
  <testcase name="sfmloadtest" time="31.570" classname="com.loadsfm.tests.ContactLeadInfo"/>
  <testcase name="sfmloadtest" time="31.020" classname="com.loadsfm.tests.ContactLeadInfo"/>
  <testcase name="sfmloadtest" time="31.545" classname="com.loadsfm.tests.ContactLeadInfo"/>
  <testcase name="sfmloadtest" time="32.026" classname="com.loadsfm.tests.ContactLeadInfo"/>
  <testcase name="sfmloadtest" time="31.433" classname="com.loadsfm.tests.ContactLeadInfo"/>
  <testcase name="sfmloadtest" time="31.636" classname="com.loadsfm.tests.ContactLeadInfo"/>
  <testcase name="sfmloadtest" time="31.519" classname="com.loadsfm.tests.ContactLeadInfo"/>
  <testcase name="sfmloadtest" time="31.395" classname="com.loadsfm.tests.ContactLeadInfo"/>
  <testcase name="sfmloadtest" time="31.390" classname="com.loadsfm.tests.ContactLeadInfo"/>
  <testcase name="sfmloadtest" time="31.480" classname="com.loadsfm.tests.ContactLeadInfo"/>
  <testcase name="sfmloadtest" time="31.280" classname="com.loadsfm.tests.ContactLeadInfo"/>
  <testcase name="sfmloadtest" time="31.290" classname="com.loadsfm.tests.ContactLeadInfo"/>
  <testcase name="sfmloadtest" time="31.332" classname="com.loadsfm.tests.ContactLeadInfo"/>
  <testcase name="sfmloadtest" time="31.556" classname="com.loadsfm.tests.ContactLeadInfo"/>
  <testcase name="sfmloadtest" time="31.578" classname="com.loadsfm.tests.ContactLeadInfo"/>
  <testcase name="sfmloadtest" time="31.146" classname="com.loadsfm.tests.ContactLeadInfo"/>
  <testcase name="sfmloadtest" time="31.466" classname="com.loadsfm.tests.ContactLeadInfo"/>
  <testcase name="sfmloadtest" time="31.568" classname="com.loadsfm.tests.ContactLeadInfo"/>
  <testcase name="sfmloadtest" time="31.607" classname="com.loadsfm.tests.ContactLeadInfo"/>
  <testcase name="sfmloadtest" time="31.585" classname="com.loadsfm.tests.ContactLeadInfo"/>
  <testcase name="sfmloadtest" time="31.905" classname="com.loadsfm.tests.ContactLeadInfo"/>
  <testcase name="sfmloadtest" time="31.490" classname="com.loadsfm.tests.ContactLeadInfo"/>
  <testcase name="sfmloadtest" time="31.500" classname="com.loadsfm.tests.ContactLeadInfo"/>
  <testcase name="sfmloadtest" time="31.105" classname="com.loadsfm.tests.ContactLeadInfo"/>
  <testcase name="sfmloadtest" time="31.403" classname="com.loadsfm.tests.ContactLeadInfo"/>
  <testcase name="sfmloadtest" time="31.423" classname="com.loadsfm.tests.ContactLeadInfo"/>
  <testcase name="sfmloadtest" time="31.360" classname="com.loadsfm.tests.ContactLeadInfo"/>
  <testcase name="sfmloadtest" time="31.266" classname="com.loadsfm.tests.ContactLeadInfo"/>
  <testcase name="sfmloadtest" time="31.719" classname="com.loadsfm.tests.ContactLeadInfo"/>
  <testcase name="sfmloadtest" time="31.385" classname="com.loadsfm.tests.ContactLeadInfo"/>
  <testcase name="sfmloadtest" time="31.384" classname="com.loadsfm.tests.ContactLeadInfo"/>
  <testcase name="sfmloadtest" time="31.722" classname="com.loadsfm.tests.ContactLeadInfo"/>
  <testcase name="sfmloadtest" time="31.447" classname="com.loadsfm.tests.ContactLeadInfo"/>
  <testcase name="sfmloadtest" time="31.899" classname="com.loadsfm.tests.ContactLeadInfo"/>
  <testcase name="sfmloadtest" time="31.571" classname="com.loadsfm.tests.ContactLeadInfo"/>
  <testcase name="sfmloadtest" time="31.556" classname="com.loadsfm.tests.ContactLeadInfo"/>
  <testcase name="sfmloadtest" time="31.671" classname="com.loadsfm.tests.ContactLeadInfo"/>
  <testcase name="sfmloadtest" time="31.661" classname="com.loadsfm.tests.ContactLeadInfo"/>
  <testcase name="sfmloadtest" time="31.841" classname="com.loadsfm.tests.ContactLeadInfo"/>
  <testcase name="sfmloadtest" time="31.118" classname="com.loadsfm.tests.ContactLeadInfo"/>
  <testcase name="sfmloadtest" time="31.936" classname="com.loadsfm.tests.ContactLeadInfo"/>
  <testcase name="sfmloadtest" time="31.169" classname="com.loadsfm.tests.ContactLeadInfo"/>
  <testcase name="sfmloadtest" time="31.482" classname="com.loadsfm.tests.ContactLeadInfo"/>
  <testcase name="sfmloadtest" time="31.584" classname="com.loadsfm.tests.ContactLeadInfo"/>
  <testcase name="sfmloadtest" time="31.656" classname="com.loadsfm.tests.ContactLeadInfo"/>
  <testcase name="sfmloadtest" time="31.710" classname="com.loadsfm.tests.ContactLeadInfo"/>
  <testcase name="sfmloadtest" time="31.627" classname="com.loadsfm.tests.ContactLeadInfo"/>
  <testcase name="sfmloadtest" time="31.586" classname="com.loadsfm.tests.ContactLeadInfo"/>
  <testcase name="sfmloadtest" time="31.509" classname="com.loadsfm.tests.ContactLeadInfo"/>
  <testcase name="sfmloadtest" time="31.591" classname="com.loadsfm.tests.ContactLeadInfo"/>
  <testcase name="sfmloadtest" time="31.433" classname="com.loadsfm.tests.ContactLeadInfo"/>
  <testcase name="sfmloadtest" time="31.749" classname="com.loadsfm.tests.ContactLeadInfo"/>
  <testcase name="sfmloadtest" time="31.524" classname="com.loadsfm.tests.ContactLeadInfo"/>
  <testcase name="sfmloadtest" time="31.536" classname="com.loadsfm.tests.ContactLeadInfo"/>
  <testcase name="sfmloadtest" time="31.509" classname="com.loadsfm.tests.ContactLeadInfo"/>
  <testcase name="sfmloadtest" time="31.356" classname="com.loadsfm.tests.ContactLeadInfo"/>
  <testcase name="sfmloadtest" time="31.308" classname="com.loadsfm.tests.ContactLeadInfo"/>
  <testcase name="sfmloadtest" time="31.697" classname="com.loadsfm.tests.ContactLeadInfo"/>
  <testcase name="sfmloadtest" time="31.619" classname="com.loadsfm.tests.ContactLeadInfo"/>
  <testcase name="sfmloadtest" time="31.706" classname="com.loadsfm.tests.ContactLeadInfo"/>
  <testcase name="sfmloadtest" time="34.142" classname="com.loadsfm.tests.ContactLeadInfo"/>
  <testcase name="sfmloadtest" time="31.556" classname="com.loadsfm.tests.ContactLeadInfo"/>
  <testcase name="sfmloadtest" time="31.784" classname="com.loadsfm.tests.ContactLeadInfo"/>
  <testcase name="sfmloadtest" time="31.367" classname="com.loadsfm.tests.ContactLeadInfo"/>
  <testcase name="sfmloadtest" time="31.349" classname="com.loadsfm.tests.ContactLeadInfo"/>
  <testcase name="sfmloadtest" time="31.675" classname="com.loadsfm.tests.ContactLeadInfo"/>
  <testcase name="sfmloadtest" time="31.985" classname="com.loadsfm.tests.ContactLeadInfo"/>
  <testcase name="sfmloadtest" time="31.211" classname="com.loadsfm.tests.ContactLeadInfo"/>
  <testcase name="sfmloadtest" time="31.432" classname="com.loadsfm.tests.ContactLeadInfo"/>
  <testcase name="sfmloadtest" time="31.651" classname="com.loadsfm.tests.ContactLeadInfo"/>
  <testcase name="sfmloadtest" time="31.501" classname="com.loadsfm.tests.ContactLeadInfo"/>
  <testcase name="sfmloadtest" time="31.312" classname="com.loadsfm.tests.ContactLeadInfo"/>
  <testcase name="sfmloadtest" time="31.487" classname="com.loadsfm.tests.ContactLeadInfo"/>
  <testcase name="sfmloadtest" time="31.563" classname="com.loadsfm.tests.ContactLeadInfo"/>
  <testcase name="sfmloadtest" time="31.475" classname="com.loadsfm.tests.ContactLeadInfo"/>
  <testcase name="sfmloadtest" time="31.832" classname="com.loadsfm.tests.ContactLeadInfo"/>
  <testcase name="sfmloadtest" time="31.429" classname="com.loadsfm.tests.ContactLeadInfo"/>
  <testcase name="sfmloadtest" time="31.527" classname="com.loadsfm.tests.ContactLeadInfo"/>
  <testcase name="sfmloadtest" time="31.316" classname="com.loadsfm.tests.ContactLeadInfo"/>
  <testcase name="sfmloadtest" time="31.426" classname="com.loadsfm.tests.ContactLeadInfo"/>
  <testcase name="sfmloadtest" time="31.445" classname="com.loadsfm.tests.ContactLeadInfo"/>
  <testcase name="sfmloadtest" time="31.628" classname="com.loadsfm.tests.ContactLeadInfo"/>
  <testcase name="sfmloadtest" time="31.403" classname="com.loadsfm.tests.ContactLeadInfo"/>
  <testcase name="sfmloadtest" time="31.547" classname="com.loadsfm.tests.ContactLeadInfo"/>
  <testcase name="sfmloadtest" time="31.243" classname="com.loadsfm.tests.ContactLeadInfo"/>
  <testcase name="sfmloadtest" time="31.293" classname="com.loadsfm.tests.ContactLeadInfo"/>
  <testcase name="sfmloadtest" time="31.588" classname="com.loadsfm.tests.ContactLeadInfo"/>
  <testcase name="sfmloadtest" time="31.215" classname="com.loadsfm.tests.ContactLeadInfo"/>
  <testcase name="sfmloadtest" time="31.594" classname="com.loadsfm.tests.ContactLeadInfo"/>
  <testcase name="sfmloadtest" time="31.492" classname="com.loadsfm.tests.ContactLeadInfo"/>
  <testcase name="sfmloadtest" time="31.934" classname="com.loadsfm.tests.ContactLeadInfo"/>
  <testcase name="sfmloadtest" time="31.623" classname="com.loadsfm.tests.ContactLeadInfo"/>
  <testcase name="sfmloadtest" time="31.421" classname="com.loadsfm.tests.ContactLeadInfo"/>
  <testcase name="sfmloadtest" time="31.456" classname="com.loadsfm.tests.ContactLeadInfo"/>
  <testcase name="sfmloadtest" time="31.618" classname="com.loadsfm.tests.ContactLeadInfo"/>
  <testcase name="sfmloadtest" time="31.613" classname="com.loadsfm.tests.ContactLeadInfo"/>
  <testcase name="sfmloadtest" time="31.369" classname="com.loadsfm.tests.ContactLeadInfo"/>
  <testcase name="sfmloadtest" time="35.808" classname="com.loadsfm.tests.ContactLeadInfo"/>
  <testcase name="sfmloadtest" time="31.297" classname="com.loadsfm.tests.ContactLeadInfo"/>
  <testcase name="sfmloadtest" time="31.532" classname="com.loadsfm.tests.ContactLeadInfo"/>
  <testcase name="sfmloadtest" time="31.592" classname="com.loadsfm.tests.ContactLeadInfo"/>
  <testcase name="sfmloadtest" time="31.459" classname="com.loadsfm.tests.ContactLeadInfo"/>
  <testcase name="sfmloadtest" time="31.710" classname="com.loadsfm.tests.ContactLeadInfo"/>
  <testcase name="sfmloadtest" time="31.058" classname="com.loadsfm.tests.ContactLeadInfo"/>
  <testcase name="sfmloadtest" time="31.217" classname="com.loadsfm.tests.ContactLeadInfo"/>
  <testcase name="sfmloadtest" time="31.699" classname="com.loadsfm.tests.ContactLeadInfo"/>
  <testcase name="sfmloadtest" time="31.422" classname="com.loadsfm.tests.ContactLeadInfo"/>
  <testcase name="sfmloadtest" time="31.661" classname="com.loadsfm.tests.ContactLeadInfo"/>
  <testcase name="sfmloadtest" time="31.504" classname="com.loadsfm.tests.ContactLeadInfo"/>
  <testcase name="sfmloadtest" time="31.315" classname="com.loadsfm.tests.ContactLeadInfo"/>
  <testcase name="sfmloadtest" time="34.533" classname="com.loadsfm.tests.ContactLeadInfo"/>
  <testcase name="sfmloadtest" time="31.673" classname="com.loadsfm.tests.ContactLeadInfo"/>
  <testcase name="sfmloadtest" time="31.542" classname="com.loadsfm.tests.ContactLeadInfo"/>
  <testcase name="sfmloadtest" time="31.695" classname="com.loadsfm.tests.ContactLeadInfo"/>
  <testcase name="sfmloadtest" time="31.219" classname="com.loadsfm.tests.ContactLeadInfo"/>
  <testcase name="sfmloadtest" time="31.401" classname="com.loadsfm.tests.ContactLeadInfo"/>
  <testcase name="sfmloadtest" time="31.678" classname="com.loadsfm.tests.ContactLeadInfo"/>
  <testcase name="sfmloadtest" time="31.505" classname="com.loadsfm.tests.ContactLeadInfo"/>
  <testcase name="sfmloadtest" time="31.833" classname="com.loadsfm.tests.ContactLeadInfo"/>
  <testcase name="sfmloadtest" time="31.122" classname="com.loadsfm.tests.ContactLeadInfo"/>
  <testcase name="sfmloadtest" time="31.535" classname="com.loadsfm.tests.ContactLeadInfo"/>
  <testcase name="sfmloadtest" time="31.631" classname="com.loadsfm.tests.ContactLeadInfo"/>
  <testcase name="sfmloadtest" time="31.435" classname="com.loadsfm.tests.ContactLeadInfo"/>
  <testcase name="sfmloadtest" time="31.407" classname="com.loadsfm.tests.ContactLeadInfo"/>
  <testcase name="sfmloadtest" time="31.523" classname="com.loadsfm.tests.ContactLeadInfo"/>
  <testcase name="sfmloadtest" time="31.773" classname="com.loadsfm.tests.ContactLeadInfo"/>
  <testcase name="sfmloadtest" time="31.834" classname="com.loadsfm.tests.ContactLeadInfo"/>
  <testcase name="sfmloadtest" time="31.588" classname="com.loadsfm.tests.ContactLeadInfo"/>
  <testcase name="sfmloadtest" time="31.507" classname="com.loadsfm.tests.ContactLeadInfo"/>
  <testcase name="sfmloadtest" time="31.490" classname="com.loadsfm.tests.ContactLeadInfo"/>
  <testcase name="sfmloadtest" time="31.758" classname="com.loadsfm.tests.ContactLeadInfo"/>
  <testcase name="sfmloadtest" time="34.013" classname="com.loadsfm.tests.ContactLeadInfo"/>
  <testcase name="sfmloadtest" time="31.265" classname="com.loadsfm.tests.ContactLeadInfo"/>
  <testcase name="sfmloadtest" time="31.417" classname="com.loadsfm.tests.ContactLeadInfo"/>
  <testcase name="sfmloadtest" time="31.463" classname="com.loadsfm.tests.ContactLeadInfo"/>
  <testcase name="sfmloadtest" time="31.412" classname="com.loadsfm.tests.ContactLeadInfo"/>
  <testcase name="sfmloadtest" time="31.687" classname="com.loadsfm.tests.ContactLeadInfo"/>
  <testcase name="sfmloadtest" time="31.565" classname="com.loadsfm.tests.ContactLeadInfo"/>
  <testcase name="sfmloadtest" time="31.675" classname="com.loadsfm.tests.ContactLeadInfo"/>
  <testcase name="sfmloadtest" time="31.254" classname="com.loadsfm.tests.ContactLeadInfo"/>
  <testcase name="sfmloadtest" time="31.420" classname="com.loadsfm.tests.ContactLeadInfo"/>
  <testcase name="sfmloadtest" time="31.287" classname="com.loadsfm.tests.ContactLeadInfo"/>
  <testcase name="sfmloadtest" time="31.375" classname="com.loadsfm.tests.ContactLeadInfo"/>
  <testcase name="sfmloadtest" time="31.408" classname="com.loadsfm.tests.ContactLeadInfo"/>
  <testcase name="sfmloadtest" time="31.647" classname="com.loadsfm.tests.ContactLeadInfo"/>
  <testcase name="sfmloadtest" time="31.491" classname="com.loadsfm.tests.ContactLeadInfo"/>
  <testcase name="sfmloadtest" time="32.735" classname="com.loadsfm.tests.ContactLeadInfo"/>
  <testcase name="sfmloadtest" time="31.534" classname="com.loadsfm.tests.ContactLeadInfo"/>
  <testcase name="sfmloadtest" time="31.507" classname="com.loadsfm.tests.ContactLeadInfo"/>
  <testcase name="sfmloadtest" time="31.549" classname="com.loadsfm.tests.ContactLeadInfo"/>
  <testcase name="sfmloadtest" time="31.553" classname="com.loadsfm.tests.ContactLeadInfo"/>
  <testcase name="sfmloadtest" time="31.384" classname="com.loadsfm.tests.ContactLeadInfo"/>
  <testcase name="sfmloadtest" time="31.688" classname="com.loadsfm.tests.ContactLeadInfo"/>
  <testcase name="sfmloadtest" time="31.495" classname="com.loadsfm.tests.ContactLeadInfo"/>
  <testcase name="sfmloadtest" time="31.627" classname="com.loadsfm.tests.ContactLeadInfo"/>
  <testcase name="sfmloadtest" time="31.631" classname="com.loadsfm.tests.ContactLeadInfo"/>
  <testcase name="sfmloadtest" time="31.572" classname="com.loadsfm.tests.ContactLeadInfo"/>
  <testcase name="sfmloadtest" time="31.420" classname="com.loadsfm.tests.ContactLeadInfo"/>
  <testcase name="sfmloadtest" time="31.692" classname="com.loadsfm.tests.ContactLeadInfo"/>
  <testcase name="sfmloadtest" time="31.551" classname="com.loadsfm.tests.ContactLeadInfo"/>
  <testcase name="sfmloadtest" time="31.660" classname="com.loadsfm.tests.ContactLeadInfo"/>
  <testcase name="sfmloadtest" time="31.479" classname="com.loadsfm.tests.ContactLeadInfo"/>
  <testcase name="sfmloadtest" time="31.513" classname="com.loadsfm.tests.ContactLeadInfo"/>
  <testcase name="sfmloadtest" time="31.012" classname="com.loadsfm.tests.ContactLeadInfo"/>
  <testcase name="sfmloadtest" time="31.347" classname="com.loadsfm.tests.ContactLeadInfo"/>
  <testcase name="sfmloadtest" time="31.688" classname="com.loadsfm.tests.ContactLeadInfo"/>
  <testcase name="sfmloadtest" time="31.512" classname="com.loadsfm.tests.ContactLeadInfo"/>
  <testcase name="sfmloadtest" time="31.387" classname="com.loadsfm.tests.ContactLeadInfo"/>
  <testcase name="sfmloadtest" time="31.489" classname="com.loadsfm.tests.ContactLeadInfo"/>
  <testcase name="sfmloadtest" time="31.530" classname="com.loadsfm.tests.ContactLeadInfo"/>
  <testcase name="sfmloadtest" time="31.423" classname="com.loadsfm.tests.ContactLeadInfo"/>
  <testcase name="sfmloadtest" time="31.466" classname="com.loadsfm.tests.ContactLeadInfo"/>
  <testcase name="sfmloadtest" time="31.829" classname="com.loadsfm.tests.ContactLeadInfo"/>
  <testcase name="sfmloadtest" time="31.577" classname="com.loadsfm.tests.ContactLeadInfo"/>
  <testcase name="sfmloadtest" time="31.263" classname="com.loadsfm.tests.ContactLeadInfo"/>
  <testcase name="sfmloadtest" time="31.463" classname="com.loadsfm.tests.ContactLeadInfo"/>
  <testcase name="sfmloadtest" time="31.516" classname="com.loadsfm.tests.ContactLeadInfo"/>
  <testcase name="sfmloadtest" time="31.321" classname="com.loadsfm.tests.ContactLeadInfo"/>
  <testcase name="sfmloadtest" time="31.422" classname="com.loadsfm.tests.ContactLeadInfo"/>
  <testcase name="sfmloadtest" time="31.335" classname="com.loadsfm.tests.ContactLeadInfo"/>
  <testcase name="sfmloadtest" time="31.673" classname="com.loadsfm.tests.ContactLeadInfo"/>
  <testcase name="sfmloadtest" time="31.375" classname="com.loadsfm.tests.ContactLeadInfo"/>
  <testcase name="sfmloadtest" time="31.697" classname="com.loadsfm.tests.ContactLeadInfo"/>
  <testcase name="sfmloadtest" time="31.833" classname="com.loadsfm.tests.ContactLeadInfo"/>
  <testcase name="sfmloadtest" time="31.525" classname="com.loadsfm.tests.ContactLeadInfo"/>
  <testcase name="sfmloadtest" time="31.677" classname="com.loadsfm.tests.ContactLeadInfo"/>
  <testcase name="sfmloadtest" time="31.402" classname="com.loadsfm.tests.ContactLeadInfo"/>
  <testcase name="sfmloadtest" time="31.374" classname="com.loadsfm.tests.ContactLeadInfo"/>
  <testcase name="sfmloadtest" time="31.284" classname="com.loadsfm.tests.ContactLeadInfo"/>
  <testcase name="sfmloadtest" time="31.596" classname="com.loadsfm.tests.ContactLeadInfo"/>
  <testcase name="sfmloadtest" time="31.646" classname="com.loadsfm.tests.ContactLeadInfo"/>
  <testcase name="sfmloadtest" time="31.375" classname="com.loadsfm.tests.ContactLeadInfo"/>
  <testcase name="sfmloadtest" time="31.622" classname="com.loadsfm.tests.ContactLeadInfo"/>
  <testcase name="sfmloadtest" time="31.555" classname="com.loadsfm.tests.ContactLeadInfo"/>
  <testcase name="sfmloadtest" time="31.705" classname="com.loadsfm.tests.ContactLeadInfo"/>
  <testcase name="sfmloadtest" time="31.685" classname="com.loadsfm.tests.ContactLeadInfo"/>
  <testcase name="sfmloadtest" time="31.428" classname="com.loadsfm.tests.ContactLeadInfo"/>
  <testcase name="sfmloadtest" time="31.844" classname="com.loadsfm.tests.ContactLeadInfo"/>
  <testcase name="sfmloadtest" time="31.711" classname="com.loadsfm.tests.ContactLeadInfo"/>
  <testcase name="sfmloadtest" time="31.370" classname="com.loadsfm.tests.ContactLeadInfo"/>
  <testcase name="sfmloadtest" time="31.418" classname="com.loadsfm.tests.ContactLeadInfo"/>
  <testcase name="sfmloadtest" time="31.740" classname="com.loadsfm.tests.ContactLeadInfo"/>
  <testcase name="sfmloadtest" time="31.563" classname="com.loadsfm.tests.ContactLeadInfo"/>
  <testcase name="sfmloadtest" time="31.370" classname="com.loadsfm.tests.ContactLeadInfo"/>
  <testcase name="sfmloadtest" time="31.440" classname="com.loadsfm.tests.ContactLeadInfo"/>
  <testcase name="sfmloadtest" time="31.278" classname="com.loadsfm.tests.ContactLeadInfo"/>
  <testcase name="sfmloadtest" time="31.397" classname="com.loadsfm.tests.ContactLeadInfo"/>
  <testcase name="sfmloadtest" time="31.425" classname="com.loadsfm.tests.ContactLeadInfo"/>
  <testcase name="sfmloadtest" time="31.595" classname="com.loadsfm.tests.ContactLeadInfo"/>
  <testcase name="sfmloadtest" time="31.554" classname="com.loadsfm.tests.ContactLeadInfo"/>
  <testcase name="sfmloadtest" time="31.185" classname="com.loadsfm.tests.ContactLeadInfo"/>
  <testcase name="sfmloadtest" time="31.481" classname="com.loadsfm.tests.ContactLeadInfo"/>
  <testcase name="sfmloadtest" time="31.653" classname="com.loadsfm.tests.ContactLeadInfo"/>
  <testcase name="sfmloadtest" time="34.890" classname="com.loadsfm.tests.ContactLeadInfo"/>
  <testcase name="sfmloadtest" time="31.214" classname="com.loadsfm.tests.ContactLeadInfo"/>
  <testcase name="sfmloadtest" time="31.630" classname="com.loadsfm.tests.ContactLeadInfo"/>
  <testcase name="sfmloadtest" time="31.406" classname="com.loadsfm.tests.ContactLeadInfo"/>
  <testcase name="sfmloadtest" time="31.570" classname="com.loadsfm.tests.ContactLeadInfo"/>
  <testcase name="sfmloadtest" time="31.208" classname="com.loadsfm.tests.ContactLeadInfo"/>
  <testcase name="sfmloadtest" time="31.871" classname="com.loadsfm.tests.ContactLeadInfo"/>
  <testcase name="sfmloadtest" time="31.519" classname="com.loadsfm.tests.ContactLeadInfo"/>
  <testcase name="sfmloadtest" time="31.463" classname="com.loadsfm.tests.ContactLeadInfo"/>
  <testcase name="sfmloadtest" time="34.008" classname="com.loadsfm.tests.ContactLeadInfo"/>
  <testcase name="sfmloadtest" time="31.270" classname="com.loadsfm.tests.ContactLeadInfo"/>
  <testcase name="sfmloadtest" time="31.336" classname="com.loadsfm.tests.ContactLeadInfo"/>
  <testcase name="sfmloadtest" time="31.665" classname="com.loadsfm.tests.ContactLeadInfo"/>
  <testcase name="sfmloadtest" time="31.543" classname="com.loadsfm.tests.ContactLeadInfo"/>
  <testcase name="sfmloadtest" time="31.562" classname="com.loadsfm.tests.ContactLeadInfo"/>
  <testcase name="sfmloadtest" time="31.521" classname="com.loadsfm.tests.ContactLeadInfo"/>
  <testcase name="sfmloadtest" time="31.311" classname="com.loadsfm.tests.ContactLeadInfo"/>
  <testcase name="sfmloadtest" time="31.541" classname="com.loadsfm.tests.ContactLeadInfo"/>
  <testcase name="sfmloadtest" time="31.471" classname="com.loadsfm.tests.ContactLeadInfo"/>
  <testcase name="sfmloadtest" time="31.574" classname="com.loadsfm.tests.ContactLeadInfo"/>
  <testcase name="sfmloadtest" time="31.554" classname="com.loadsfm.tests.ContactLeadInfo"/>
  <testcase name="sfmloadtest" time="31.323" classname="com.loadsfm.tests.ContactLeadInfo"/>
  <testcase name="sfmloadtest" time="31.415" classname="com.loadsfm.tests.ContactLeadInfo"/>
  <testcase name="sfmloadtest" time="31.467" classname="com.loadsfm.tests.ContactLeadInfo"/>
  <testcase name="sfmloadtest" time="32.780" classname="com.loadsfm.tests.ContactLeadInfo"/>
  <testcase name="sfmloadtest" time="31.137" classname="com.loadsfm.tests.ContactLeadInfo"/>
  <testcase name="sfmloadtest" time="31.672" classname="com.loadsfm.tests.ContactLeadInfo"/>
  <testcase name="sfmloadtest" time="31.674" classname="com.loadsfm.tests.ContactLeadInfo"/>
  <testcase name="sfmloadtest" time="31.928" classname="com.loadsfm.tests.ContactLeadInfo"/>
  <testcase name="sfmloadtest" time="31.890" classname="com.loadsfm.tests.ContactLeadInfo"/>
  <testcase name="sfmloadtest" time="31.395" classname="com.loadsfm.tests.ContactLeadInfo"/>
  <testcase name="sfmloadtest" time="31.580" classname="com.loadsfm.tests.ContactLeadInfo"/>
  <testcase name="sfmloadtest" time="31.540" classname="com.loadsfm.tests.ContactLeadInfo"/>
  <testcase name="sfmloadtest" time="32.020" classname="com.loadsfm.tests.ContactLeadInfo"/>
  <testcase name="sfmloadtest" time="31.447" classname="com.loadsfm.tests.ContactLeadInfo"/>
  <testcase name="sfmloadtest" time="31.618" classname="com.loadsfm.tests.ContactLeadInfo"/>
  <testcase name="sfmloadtest" time="31.521" classname="com.loadsfm.tests.ContactLeadInfo"/>
  <testcase name="sfmloadtest" time="31.627" classname="com.loadsfm.tests.ContactLeadInfo"/>
  <testcase name="sfmloadtest" time="31.216" classname="com.loadsfm.tests.ContactLeadInfo"/>
  <testcase name="sfmloadtest" time="31.300" classname="com.loadsfm.tests.ContactLeadInfo"/>
  <testcase name="sfmloadtest" time="31.385" classname="com.loadsfm.tests.ContactLeadInfo"/>
  <testcase name="sfmloadtest" time="31.597" classname="com.loadsfm.tests.ContactLeadInfo"/>
  <testcase name="sfmloadtest" time="31.730" classname="com.loadsfm.tests.ContactLeadInfo"/>
  <testcase name="sfmloadtest" time="31.659" classname="com.loadsfm.tests.ContactLeadInfo"/>
  <testcase name="sfmloadtest" time="31.900" classname="com.loadsfm.tests.ContactLeadInfo"/>
  <testcase name="sfmloadtest" time="31.522" classname="com.loadsfm.tests.ContactLeadInfo"/>
  <testcase name="sfmloadtest" time="31.457" classname="com.loadsfm.tests.ContactLeadInfo"/>
  <testcase name="sfmloadtest" time="31.439" classname="com.loadsfm.tests.ContactLeadInfo"/>
  <testcase name="sfmloadtest" time="31.523" classname="com.loadsfm.tests.ContactLeadInfo"/>
  <testcase name="sfmloadtest" time="31.639" classname="com.loadsfm.tests.ContactLeadInfo"/>
  <testcase name="sfmloadtest" time="31.570" classname="com.loadsfm.tests.ContactLeadInfo"/>
  <testcase name="sfmloadtest" time="31.550" classname="com.loadsfm.tests.ContactLeadInfo"/>
  <testcase name="sfmloadtest" time="31.376" classname="com.loadsfm.tests.ContactLeadInfo"/>
  <testcase name="sfmloadtest" time="31.641" classname="com.loadsfm.tests.ContactLeadInfo"/>
  <testcase name="sfmloadtest" time="31.780" classname="com.loadsfm.tests.ContactLeadInfo"/>
  <testcase name="sfmloadtest" time="31.571" classname="com.loadsfm.tests.ContactLeadInfo"/>
  <testcase name="sfmloadtest" time="31.156" classname="com.loadsfm.tests.ContactLeadInfo"/>
  <testcase name="sfmloadtest" time="31.461" classname="com.loadsfm.tests.ContactLeadInfo"/>
  <testcase name="sfmloadtest" time="31.518" classname="com.loadsfm.tests.ContactLeadInfo"/>
  <testcase name="sfmloadtest" time="31.610" classname="com.loadsfm.tests.ContactLeadInfo"/>
  <testcase name="sfmloadtest" time="31.633" classname="com.loadsfm.tests.ContactLeadInfo"/>
  <testcase name="sfmloadtest" time="31.391" classname="com.loadsfm.tests.ContactLeadInfo"/>
  <testcase name="sfmloadtest" time="31.362" classname="com.loadsfm.tests.ContactLeadInfo"/>
  <testcase name="sfmloadtest" time="31.438" classname="com.loadsfm.tests.ContactLeadInfo"/>
  <testcase name="sfmloadtest" time="31.236" classname="com.loadsfm.tests.ContactLeadInfo"/>
  <testcase name="sfmloadtest" time="31.666" classname="com.loadsfm.tests.ContactLeadInfo"/>
  <testcase name="sfmloadtest" time="31.591" classname="com.loadsfm.tests.ContactLeadInfo"/>
  <testcase name="sfmloadtest" time="31.651" classname="com.loadsfm.tests.ContactLeadInfo"/>
  <testcase name="sfmloadtest" time="31.151" classname="com.loadsfm.tests.ContactLeadInfo"/>
  <testcase name="sfmloadtest" time="31.822" classname="com.loadsfm.tests.ContactLeadInfo"/>
  <testcase name="sfmloadtest" time="31.564" classname="com.loadsfm.tests.ContactLeadInfo"/>
  <testcase name="sfmloadtest" time="31.423" classname="com.loadsfm.tests.ContactLeadInfo"/>
  <testcase name="sfmloadtest" time="31.518" classname="com.loadsfm.tests.ContactLeadInfo"/>
  <testcase name="sfmloadtest" time="31.241" classname="com.loadsfm.tests.ContactLeadInfo"/>
  <testcase name="sfmloadtest" time="31.259" classname="com.loadsfm.tests.ContactLeadInfo"/>
  <testcase name="sfmloadtest" time="31.411" classname="com.loadsfm.tests.ContactLeadInfo"/>
  <testcase name="sfmloadtest" time="31.532" classname="com.loadsfm.tests.ContactLeadInfo"/>
  <testcase name="sfmloadtest" time="31.567" classname="com.loadsfm.tests.ContactLeadInfo"/>
  <testcase name="sfmloadtest" time="31.322" classname="com.loadsfm.tests.ContactLeadInfo"/>
  <testcase name="sfmloadtest" time="31.655" classname="com.loadsfm.tests.ContactLeadInfo"/>
  <testcase name="sfmloadtest" time="31.552" classname="com.loadsfm.tests.ContactLeadInfo"/>
  <testcase name="sfmloadtest" time="31.378" classname="com.loadsfm.tests.ContactLeadInfo"/>
  <testcase name="sfmloadtest" time="31.821" classname="com.loadsfm.tests.ContactLeadInfo"/>
  <testcase name="sfmloadtest" time="31.342" classname="com.loadsfm.tests.ContactLeadInfo"/>
  <testcase name="sfmloadtest" time="31.599" classname="com.loadsfm.tests.ContactLeadInfo"/>
  <testcase name="sfmloadtest" time="31.594" classname="com.loadsfm.tests.ContactLeadInfo"/>
  <testcase name="sfmloadtest" time="31.470" classname="com.loadsfm.tests.ContactLeadInfo"/>
  <testcase name="sfmloadtest" time="31.223" classname="com.loadsfm.tests.ContactLeadInfo"/>
  <testcase name="sfmloadtest" time="31.680" classname="com.loadsfm.tests.ContactLeadInfo"/>
  <testcase name="sfmloadtest" time="31.317" classname="com.loadsfm.tests.ContactLeadInfo"/>
  <testcase name="sfmloadtest" time="31.311" classname="com.loadsfm.tests.ContactLeadInfo"/>
  <testcase name="sfmloadtest" time="31.542" classname="com.loadsfm.tests.ContactLeadInfo"/>
  <testcase name="sfmloadtest" time="31.462" classname="com.loadsfm.tests.ContactLeadInfo"/>
  <testcase name="sfmloadtest" time="31.998" classname="com.loadsfm.tests.ContactLeadInfo"/>
  <testcase name="sfmloadtest" time="31.496" classname="com.loadsfm.tests.ContactLeadInfo"/>
  <testcase name="sfmloadtest" time="31.430" classname="com.loadsfm.tests.ContactLeadInfo"/>
  <testcase name="sfmloadtest" time="31.382" classname="com.loadsfm.tests.ContactLeadInfo"/>
  <testcase name="sfmloadtest" time="31.202" classname="com.loadsfm.tests.ContactLeadInfo"/>
  <testcase name="sfmloadtest" time="31.674" classname="com.loadsfm.tests.ContactLeadInfo"/>
  <testcase name="sfmloadtest" time="31.582" classname="com.loadsfm.tests.ContactLeadInfo"/>
  <testcase name="sfmloadtest" time="31.600" classname="com.loadsfm.tests.ContactLeadInfo"/>
  <testcase name="sfmloadtest" time="31.654" classname="com.loadsfm.tests.ContactLeadInfo"/>
  <testcase name="sfmloadtest" time="31.134" classname="com.loadsfm.tests.ContactLeadInfo"/>
  <testcase name="sfmloadtest" time="31.294" classname="com.loadsfm.tests.ContactLeadInfo"/>
  <testcase name="sfmloadtest" time="32.844" classname="com.loadsfm.tests.ContactLeadInfo"/>
  <testcase name="sfmloadtest" time="31.664" classname="com.loadsfm.tests.ContactLeadInfo"/>
  <testcase name="sfmloadtest" time="31.541" classname="com.loadsfm.tests.ContactLeadInfo"/>
  <testcase name="sfmloadtest" time="31.639" classname="com.loadsfm.tests.ContactLeadInfo"/>
  <testcase name="sfmloadtest" time="31.614" classname="com.loadsfm.tests.ContactLeadInfo"/>
  <testcase name="sfmloadtest" time="31.455" classname="com.loadsfm.tests.ContactLeadInfo"/>
  <testcase name="sfmloadtest" time="31.456" classname="com.loadsfm.tests.ContactLeadInfo"/>
  <testcase name="sfmloadtest" time="31.454" classname="com.loadsfm.tests.ContactLeadInfo"/>
  <testcase name="sfmloadtest" time="31.550" classname="com.loadsfm.tests.ContactLeadInfo"/>
  <testcase name="sfmloadtest" time="31.488" classname="com.loadsfm.tests.ContactLeadInfo"/>
  <testcase name="sfmloadtest" time="31.242" classname="com.loadsfm.tests.ContactLeadInfo"/>
  <testcase name="sfmloadtest" time="33.717" classname="com.loadsfm.tests.ContactLeadInfo"/>
  <testcase name="sfmloadtest" time="31.342" classname="com.loadsfm.tests.ContactLeadInfo"/>
  <testcase name="sfmloadtest" time="31.197" classname="com.loadsfm.tests.ContactLeadInfo"/>
  <testcase name="sfmloadtest" time="31.731" classname="com.loadsfm.tests.ContactLeadInfo"/>
  <testcase name="sfmloadtest" time="31.532" classname="com.loadsfm.tests.ContactLeadInfo"/>
  <testcase name="sfmloadtest" time="31.483" classname="com.loadsfm.tests.ContactLeadInfo"/>
  <testcase name="sfmloadtest" time="31.442" classname="com.loadsfm.tests.ContactLeadInfo"/>
  <testcase name="sfmloadtest" time="31.574" classname="com.loadsfm.tests.ContactLeadInfo"/>
  <testcase name="sfmloadtest" time="31.640" classname="com.loadsfm.tests.ContactLeadInfo"/>
  <testcase name="sfmloadtest" time="31.263" classname="com.loadsfm.tests.ContactLeadInfo"/>
  <testcase name="sfmloadtest" time="31.739" classname="com.loadsfm.tests.ContactLeadInfo"/>
  <testcase name="sfmloadtest" time="31.436" classname="com.loadsfm.tests.ContactLeadInfo"/>
  <testcase name="sfmloadtest" time="31.106" classname="com.loadsfm.tests.ContactLeadInfo"/>
  <testcase name="sfmloadtest" time="31.617" classname="com.loadsfm.tests.ContactLeadInfo"/>
  <testcase name="sfmloadtest" time="31.789" classname="com.loadsfm.tests.ContactLeadInfo"/>
  <testcase name="sfmloadtest" time="31.408" classname="com.loadsfm.tests.ContactLeadInfo"/>
  <testcase name="sfmloadtest" time="31.582" classname="com.loadsfm.tests.ContactLeadInfo"/>
  <testcase name="sfmloadtest" time="31.388" classname="com.loadsfm.tests.ContactLeadInfo"/>
</testsuite> <!-- com.loadsfm.tests.ContactLeadInfo -->
