<?xml version="1.0" encoding="UTF-8"?>
<!-- Generated by org.testng.reporters.JUnitReportReporter -->
<testsuite skipped="0" hostname="VBTSCPTESTING02" name="com.loadsfm.tests.ActivityFollowUp_ContactBased" tests="500" failures="0" timestamp="31 Oct 2018 12:59:09 GMT" time="18812.195" errors="0">
  <testcase name="sfmloadtest" time="37.494" classname="com.loadsfm.tests.ActivityFollowUp_ContactBased"/>
  <testcase name="sfmloadtest" time="37.530" classname="com.loadsfm.tests.ActivityFollowUp_ContactBased"/>
  <testcase name="sfmloadtest" time="37.637" classname="com.loadsfm.tests.ActivityFollowUp_ContactBased"/>
  <testcase name="sfmloadtest" time="37.593" classname="com.loadsfm.tests.ActivityFollowUp_ContactBased"/>
  <testcase name="sfmloadtest" time="37.721" classname="com.loadsfm.tests.ActivityFollowUp_ContactBased"/>
  <testcase name="sfmloadtest" time="37.258" classname="com.loadsfm.tests.ActivityFollowUp_ContactBased"/>
  <testcase name="sfmloadtest" time="37.755" classname="com.loadsfm.tests.ActivityFollowUp_ContactBased"/>
  <testcase name="sfmloadtest" time="37.615" classname="com.loadsfm.tests.ActivityFollowUp_ContactBased"/>
  <testcase name="sfmloadtest" time="37.820" classname="com.loadsfm.tests.ActivityFollowUp_ContactBased"/>
  <testcase name="sfmloadtest" time="37.609" classname="com.loadsfm.tests.ActivityFollowUp_ContactBased"/>
  <testcase name="sfmloadtest" time="37.684" classname="com.loadsfm.tests.ActivityFollowUp_ContactBased"/>
  <testcase name="sfmloadtest" time="37.476" classname="com.loadsfm.tests.ActivityFollowUp_ContactBased"/>
  <testcase name="sfmloadtest" time="37.564" classname="com.loadsfm.tests.ActivityFollowUp_ContactBased"/>
  <testcase name="sfmloadtest" time="37.344" classname="com.loadsfm.tests.ActivityFollowUp_ContactBased"/>
  <testcase name="sfmloadtest" time="37.047" classname="com.loadsfm.tests.ActivityFollowUp_ContactBased"/>
  <testcase name="sfmloadtest" time="37.393" classname="com.loadsfm.tests.ActivityFollowUp_ContactBased"/>
  <testcase name="sfmloadtest" time="39.425" classname="com.loadsfm.tests.ActivityFollowUp_ContactBased"/>
  <testcase name="sfmloadtest" time="37.506" classname="com.loadsfm.tests.ActivityFollowUp_ContactBased"/>
  <testcase name="sfmloadtest" time="37.328" classname="com.loadsfm.tests.ActivityFollowUp_ContactBased"/>
  <testcase name="sfmloadtest" time="37.598" classname="com.loadsfm.tests.ActivityFollowUp_ContactBased"/>
  <testcase name="sfmloadtest" time="37.431" classname="com.loadsfm.tests.ActivityFollowUp_ContactBased"/>
  <testcase name="sfmloadtest" time="37.436" classname="com.loadsfm.tests.ActivityFollowUp_ContactBased"/>
  <testcase name="sfmloadtest" time="37.416" classname="com.loadsfm.tests.ActivityFollowUp_ContactBased"/>
  <testcase name="sfmloadtest" time="37.352" classname="com.loadsfm.tests.ActivityFollowUp_ContactBased"/>
  <testcase name="sfmloadtest" time="37.354" classname="com.loadsfm.tests.ActivityFollowUp_ContactBased"/>
  <testcase name="sfmloadtest" time="38.010" classname="com.loadsfm.tests.ActivityFollowUp_ContactBased"/>
  <testcase name="sfmloadtest" time="37.424" classname="com.loadsfm.tests.ActivityFollowUp_ContactBased"/>
  <testcase name="sfmloadtest" time="37.239" classname="com.loadsfm.tests.ActivityFollowUp_ContactBased"/>
  <testcase name="sfmloadtest" time="37.480" classname="com.loadsfm.tests.ActivityFollowUp_ContactBased"/>
  <testcase name="sfmloadtest" time="37.492" classname="com.loadsfm.tests.ActivityFollowUp_ContactBased"/>
  <testcase name="sfmloadtest" time="37.907" classname="com.loadsfm.tests.ActivityFollowUp_ContactBased"/>
  <testcase name="sfmloadtest" time="37.361" classname="com.loadsfm.tests.ActivityFollowUp_ContactBased"/>
  <testcase name="sfmloadtest" time="37.417" classname="com.loadsfm.tests.ActivityFollowUp_ContactBased"/>
  <testcase name="sfmloadtest" time="37.977" classname="com.loadsfm.tests.ActivityFollowUp_ContactBased"/>
  <testcase name="sfmloadtest" time="37.632" classname="com.loadsfm.tests.ActivityFollowUp_ContactBased"/>
  <testcase name="sfmloadtest" time="37.596" classname="com.loadsfm.tests.ActivityFollowUp_ContactBased"/>
  <testcase name="sfmloadtest" time="37.449" classname="com.loadsfm.tests.ActivityFollowUp_ContactBased"/>
  <testcase name="sfmloadtest" time="37.466" classname="com.loadsfm.tests.ActivityFollowUp_ContactBased"/>
  <testcase name="sfmloadtest" time="37.547" classname="com.loadsfm.tests.ActivityFollowUp_ContactBased"/>
  <testcase name="sfmloadtest" time="37.356" classname="com.loadsfm.tests.ActivityFollowUp_ContactBased"/>
  <testcase name="sfmloadtest" time="37.137" classname="com.loadsfm.tests.ActivityFollowUp_ContactBased"/>
  <testcase name="sfmloadtest" time="37.458" classname="com.loadsfm.tests.ActivityFollowUp_ContactBased"/>
  <testcase name="sfmloadtest" time="37.242" classname="com.loadsfm.tests.ActivityFollowUp_ContactBased"/>
  <testcase name="sfmloadtest" time="37.511" classname="com.loadsfm.tests.ActivityFollowUp_ContactBased"/>
  <testcase name="sfmloadtest" time="37.354" classname="com.loadsfm.tests.ActivityFollowUp_ContactBased"/>
  <testcase name="sfmloadtest" time="37.530" classname="com.loadsfm.tests.ActivityFollowUp_ContactBased"/>
  <testcase name="sfmloadtest" time="37.823" classname="com.loadsfm.tests.ActivityFollowUp_ContactBased"/>
  <testcase name="sfmloadtest" time="37.355" classname="com.loadsfm.tests.ActivityFollowUp_ContactBased"/>
  <testcase name="sfmloadtest" time="37.419" classname="com.loadsfm.tests.ActivityFollowUp_ContactBased"/>
  <testcase name="sfmloadtest" time="37.952" classname="com.loadsfm.tests.ActivityFollowUp_ContactBased"/>
  <testcase name="sfmloadtest" time="37.413" classname="com.loadsfm.tests.ActivityFollowUp_ContactBased"/>
  <testcase name="sfmloadtest" time="37.307" classname="com.loadsfm.tests.ActivityFollowUp_ContactBased"/>
  <testcase name="sfmloadtest" time="37.403" classname="com.loadsfm.tests.ActivityFollowUp_ContactBased"/>
  <testcase name="sfmloadtest" time="37.536" classname="com.loadsfm.tests.ActivityFollowUp_ContactBased"/>
  <testcase name="sfmloadtest" time="37.216" classname="com.loadsfm.tests.ActivityFollowUp_ContactBased"/>
  <testcase name="sfmloadtest" time="37.440" classname="com.loadsfm.tests.ActivityFollowUp_ContactBased"/>
  <testcase name="sfmloadtest" time="38.300" classname="com.loadsfm.tests.ActivityFollowUp_ContactBased"/>
  <testcase name="sfmloadtest" time="37.514" classname="com.loadsfm.tests.ActivityFollowUp_ContactBased"/>
  <testcase name="sfmloadtest" time="37.580" classname="com.loadsfm.tests.ActivityFollowUp_ContactBased"/>
  <testcase name="sfmloadtest" time="37.674" classname="com.loadsfm.tests.ActivityFollowUp_ContactBased"/>
  <testcase name="sfmloadtest" time="37.761" classname="com.loadsfm.tests.ActivityFollowUp_ContactBased"/>
  <testcase name="sfmloadtest" time="37.550" classname="com.loadsfm.tests.ActivityFollowUp_ContactBased"/>
  <testcase name="sfmloadtest" time="37.290" classname="com.loadsfm.tests.ActivityFollowUp_ContactBased"/>
  <testcase name="sfmloadtest" time="37.756" classname="com.loadsfm.tests.ActivityFollowUp_ContactBased"/>
  <testcase name="sfmloadtest" time="37.504" classname="com.loadsfm.tests.ActivityFollowUp_ContactBased"/>
  <testcase name="sfmloadtest" time="37.167" classname="com.loadsfm.tests.ActivityFollowUp_ContactBased"/>
  <testcase name="sfmloadtest" time="37.692" classname="com.loadsfm.tests.ActivityFollowUp_ContactBased"/>
  <testcase name="sfmloadtest" time="37.602" classname="com.loadsfm.tests.ActivityFollowUp_ContactBased"/>
  <testcase name="sfmloadtest" time="37.547" classname="com.loadsfm.tests.ActivityFollowUp_ContactBased"/>
  <testcase name="sfmloadtest" time="40.344" classname="com.loadsfm.tests.ActivityFollowUp_ContactBased"/>
  <testcase name="sfmloadtest" time="37.640" classname="com.loadsfm.tests.ActivityFollowUp_ContactBased"/>
  <testcase name="sfmloadtest" time="37.327" classname="com.loadsfm.tests.ActivityFollowUp_ContactBased"/>
  <testcase name="sfmloadtest" time="37.656" classname="com.loadsfm.tests.ActivityFollowUp_ContactBased"/>
  <testcase name="sfmloadtest" time="37.210" classname="com.loadsfm.tests.ActivityFollowUp_ContactBased"/>
  <testcase name="sfmloadtest" time="37.749" classname="com.loadsfm.tests.ActivityFollowUp_ContactBased"/>
  <testcase name="sfmloadtest" time="38.103" classname="com.loadsfm.tests.ActivityFollowUp_ContactBased"/>
  <testcase name="sfmloadtest" time="37.624" classname="com.loadsfm.tests.ActivityFollowUp_ContactBased"/>
  <testcase name="sfmloadtest" time="37.478" classname="com.loadsfm.tests.ActivityFollowUp_ContactBased"/>
  <testcase name="sfmloadtest" time="37.310" classname="com.loadsfm.tests.ActivityFollowUp_ContactBased"/>
  <testcase name="sfmloadtest" time="37.279" classname="com.loadsfm.tests.ActivityFollowUp_ContactBased"/>
  <testcase name="sfmloadtest" time="37.716" classname="com.loadsfm.tests.ActivityFollowUp_ContactBased"/>
  <testcase name="sfmloadtest" time="37.974" classname="com.loadsfm.tests.ActivityFollowUp_ContactBased"/>
  <testcase name="sfmloadtest" time="37.466" classname="com.loadsfm.tests.ActivityFollowUp_ContactBased"/>
  <testcase name="sfmloadtest" time="37.345" classname="com.loadsfm.tests.ActivityFollowUp_ContactBased"/>
  <testcase name="sfmloadtest" time="37.812" classname="com.loadsfm.tests.ActivityFollowUp_ContactBased"/>
  <testcase name="sfmloadtest" time="37.474" classname="com.loadsfm.tests.ActivityFollowUp_ContactBased"/>
  <testcase name="sfmloadtest" time="37.616" classname="com.loadsfm.tests.ActivityFollowUp_ContactBased"/>
  <testcase name="sfmloadtest" time="37.390" classname="com.loadsfm.tests.ActivityFollowUp_ContactBased"/>
  <testcase name="sfmloadtest" time="37.302" classname="com.loadsfm.tests.ActivityFollowUp_ContactBased"/>
  <testcase name="sfmloadtest" time="37.861" classname="com.loadsfm.tests.ActivityFollowUp_ContactBased"/>
  <testcase name="sfmloadtest" time="37.294" classname="com.loadsfm.tests.ActivityFollowUp_ContactBased"/>
  <testcase name="sfmloadtest" time="37.341" classname="com.loadsfm.tests.ActivityFollowUp_ContactBased"/>
  <testcase name="sfmloadtest" time="37.652" classname="com.loadsfm.tests.ActivityFollowUp_ContactBased"/>
  <testcase name="sfmloadtest" time="37.393" classname="com.loadsfm.tests.ActivityFollowUp_ContactBased"/>
  <testcase name="sfmloadtest" time="37.563" classname="com.loadsfm.tests.ActivityFollowUp_ContactBased"/>
  <testcase name="sfmloadtest" time="37.736" classname="com.loadsfm.tests.ActivityFollowUp_ContactBased"/>
  <testcase name="sfmloadtest" time="37.493" classname="com.loadsfm.tests.ActivityFollowUp_ContactBased"/>
  <testcase name="sfmloadtest" time="37.383" classname="com.loadsfm.tests.ActivityFollowUp_ContactBased"/>
  <testcase name="sfmloadtest" time="37.517" classname="com.loadsfm.tests.ActivityFollowUp_ContactBased"/>
  <testcase name="sfmloadtest" time="37.452" classname="com.loadsfm.tests.ActivityFollowUp_ContactBased"/>
  <testcase name="sfmloadtest" time="37.531" classname="com.loadsfm.tests.ActivityFollowUp_ContactBased"/>
  <testcase name="sfmloadtest" time="37.381" classname="com.loadsfm.tests.ActivityFollowUp_ContactBased"/>
  <testcase name="sfmloadtest" time="37.649" classname="com.loadsfm.tests.ActivityFollowUp_ContactBased"/>
  <testcase name="sfmloadtest" time="39.116" classname="com.loadsfm.tests.ActivityFollowUp_ContactBased"/>
  <testcase name="sfmloadtest" time="37.687" classname="com.loadsfm.tests.ActivityFollowUp_ContactBased"/>
  <testcase name="sfmloadtest" time="37.158" classname="com.loadsfm.tests.ActivityFollowUp_ContactBased"/>
  <testcase name="sfmloadtest" time="37.500" classname="com.loadsfm.tests.ActivityFollowUp_ContactBased"/>
  <testcase name="sfmloadtest" time="37.532" classname="com.loadsfm.tests.ActivityFollowUp_ContactBased"/>
  <testcase name="sfmloadtest" time="37.415" classname="com.loadsfm.tests.ActivityFollowUp_ContactBased"/>
  <testcase name="sfmloadtest" time="37.730" classname="com.loadsfm.tests.ActivityFollowUp_ContactBased"/>
  <testcase name="sfmloadtest" time="37.625" classname="com.loadsfm.tests.ActivityFollowUp_ContactBased"/>
  <testcase name="sfmloadtest" time="37.245" classname="com.loadsfm.tests.ActivityFollowUp_ContactBased"/>
  <testcase name="sfmloadtest" time="37.347" classname="com.loadsfm.tests.ActivityFollowUp_ContactBased"/>
  <testcase name="sfmloadtest" time="37.035" classname="com.loadsfm.tests.ActivityFollowUp_ContactBased"/>
  <testcase name="sfmloadtest" time="37.689" classname="com.loadsfm.tests.ActivityFollowUp_ContactBased"/>
  <testcase name="sfmloadtest" time="37.606" classname="com.loadsfm.tests.ActivityFollowUp_ContactBased"/>
  <testcase name="sfmloadtest" time="37.194" classname="com.loadsfm.tests.ActivityFollowUp_ContactBased"/>
  <testcase name="sfmloadtest" time="39.803" classname="com.loadsfm.tests.ActivityFollowUp_ContactBased"/>
  <testcase name="sfmloadtest" time="37.639" classname="com.loadsfm.tests.ActivityFollowUp_ContactBased"/>
  <testcase name="sfmloadtest" time="37.599" classname="com.loadsfm.tests.ActivityFollowUp_ContactBased"/>
  <testcase name="sfmloadtest" time="38.403" classname="com.loadsfm.tests.ActivityFollowUp_ContactBased"/>
  <testcase name="sfmloadtest" time="37.431" classname="com.loadsfm.tests.ActivityFollowUp_ContactBased"/>
  <testcase name="sfmloadtest" time="37.546" classname="com.loadsfm.tests.ActivityFollowUp_ContactBased"/>
  <testcase name="sfmloadtest" time="37.536" classname="com.loadsfm.tests.ActivityFollowUp_ContactBased"/>
  <testcase name="sfmloadtest" time="37.297" classname="com.loadsfm.tests.ActivityFollowUp_ContactBased"/>
  <testcase name="sfmloadtest" time="37.465" classname="com.loadsfm.tests.ActivityFollowUp_ContactBased"/>
  <testcase name="sfmloadtest" time="37.513" classname="com.loadsfm.tests.ActivityFollowUp_ContactBased"/>
  <testcase name="sfmloadtest" time="38.071" classname="com.loadsfm.tests.ActivityFollowUp_ContactBased"/>
  <testcase name="sfmloadtest" time="37.873" classname="com.loadsfm.tests.ActivityFollowUp_ContactBased"/>
  <testcase name="sfmloadtest" time="37.325" classname="com.loadsfm.tests.ActivityFollowUp_ContactBased"/>
  <testcase name="sfmloadtest" time="37.476" classname="com.loadsfm.tests.ActivityFollowUp_ContactBased"/>
  <testcase name="sfmloadtest" time="37.401" classname="com.loadsfm.tests.ActivityFollowUp_ContactBased"/>
  <testcase name="sfmloadtest" time="37.787" classname="com.loadsfm.tests.ActivityFollowUp_ContactBased"/>
  <testcase name="sfmloadtest" time="37.650" classname="com.loadsfm.tests.ActivityFollowUp_ContactBased"/>
  <testcase name="sfmloadtest" time="37.692" classname="com.loadsfm.tests.ActivityFollowUp_ContactBased"/>
  <testcase name="sfmloadtest" time="37.616" classname="com.loadsfm.tests.ActivityFollowUp_ContactBased"/>
  <testcase name="sfmloadtest" time="37.562" classname="com.loadsfm.tests.ActivityFollowUp_ContactBased"/>
  <testcase name="sfmloadtest" time="37.387" classname="com.loadsfm.tests.ActivityFollowUp_ContactBased"/>
  <testcase name="sfmloadtest" time="37.778" classname="com.loadsfm.tests.ActivityFollowUp_ContactBased"/>
  <testcase name="sfmloadtest" time="38.139" classname="com.loadsfm.tests.ActivityFollowUp_ContactBased"/>
  <testcase name="sfmloadtest" time="37.470" classname="com.loadsfm.tests.ActivityFollowUp_ContactBased"/>
  <testcase name="sfmloadtest" time="37.702" classname="com.loadsfm.tests.ActivityFollowUp_ContactBased"/>
  <testcase name="sfmloadtest" time="37.635" classname="com.loadsfm.tests.ActivityFollowUp_ContactBased"/>
  <testcase name="sfmloadtest" time="37.450" classname="com.loadsfm.tests.ActivityFollowUp_ContactBased"/>
  <testcase name="sfmloadtest" time="37.306" classname="com.loadsfm.tests.ActivityFollowUp_ContactBased"/>
  <testcase name="sfmloadtest" time="38.499" classname="com.loadsfm.tests.ActivityFollowUp_ContactBased"/>
  <testcase name="sfmloadtest" time="37.425" classname="com.loadsfm.tests.ActivityFollowUp_ContactBased"/>
  <testcase name="sfmloadtest" time="37.300" classname="com.loadsfm.tests.ActivityFollowUp_ContactBased"/>
  <testcase name="sfmloadtest" time="38.172" classname="com.loadsfm.tests.ActivityFollowUp_ContactBased"/>
  <testcase name="sfmloadtest" time="37.350" classname="com.loadsfm.tests.ActivityFollowUp_ContactBased"/>
  <testcase name="sfmloadtest" time="37.946" classname="com.loadsfm.tests.ActivityFollowUp_ContactBased"/>
  <testcase name="sfmloadtest" time="37.436" classname="com.loadsfm.tests.ActivityFollowUp_ContactBased"/>
  <testcase name="sfmloadtest" time="37.379" classname="com.loadsfm.tests.ActivityFollowUp_ContactBased"/>
  <testcase name="sfmloadtest" time="37.478" classname="com.loadsfm.tests.ActivityFollowUp_ContactBased"/>
  <testcase name="sfmloadtest" time="37.537" classname="com.loadsfm.tests.ActivityFollowUp_ContactBased"/>
  <testcase name="sfmloadtest" time="37.785" classname="com.loadsfm.tests.ActivityFollowUp_ContactBased"/>
  <testcase name="sfmloadtest" time="37.448" classname="com.loadsfm.tests.ActivityFollowUp_ContactBased"/>
  <testcase name="sfmloadtest" time="37.451" classname="com.loadsfm.tests.ActivityFollowUp_ContactBased"/>
  <testcase name="sfmloadtest" time="37.456" classname="com.loadsfm.tests.ActivityFollowUp_ContactBased"/>
  <testcase name="sfmloadtest" time="37.946" classname="com.loadsfm.tests.ActivityFollowUp_ContactBased"/>
  <testcase name="sfmloadtest" time="37.325" classname="com.loadsfm.tests.ActivityFollowUp_ContactBased"/>
  <testcase name="sfmloadtest" time="37.381" classname="com.loadsfm.tests.ActivityFollowUp_ContactBased"/>
  <testcase name="sfmloadtest" time="37.494" classname="com.loadsfm.tests.ActivityFollowUp_ContactBased"/>
  <testcase name="sfmloadtest" time="37.717" classname="com.loadsfm.tests.ActivityFollowUp_ContactBased"/>
  <testcase name="sfmloadtest" time="37.422" classname="com.loadsfm.tests.ActivityFollowUp_ContactBased"/>
  <testcase name="sfmloadtest" time="41.937" classname="com.loadsfm.tests.ActivityFollowUp_ContactBased"/>
  <testcase name="sfmloadtest" time="37.455" classname="com.loadsfm.tests.ActivityFollowUp_ContactBased"/>
  <testcase name="sfmloadtest" time="37.443" classname="com.loadsfm.tests.ActivityFollowUp_ContactBased"/>
  <testcase name="sfmloadtest" time="37.447" classname="com.loadsfm.tests.ActivityFollowUp_ContactBased"/>
  <testcase name="sfmloadtest" time="38.303" classname="com.loadsfm.tests.ActivityFollowUp_ContactBased"/>
  <testcase name="sfmloadtest" time="38.267" classname="com.loadsfm.tests.ActivityFollowUp_ContactBased"/>
  <testcase name="sfmloadtest" time="37.264" classname="com.loadsfm.tests.ActivityFollowUp_ContactBased"/>
  <testcase name="sfmloadtest" time="38.049" classname="com.loadsfm.tests.ActivityFollowUp_ContactBased"/>
  <testcase name="sfmloadtest" time="37.413" classname="com.loadsfm.tests.ActivityFollowUp_ContactBased"/>
  <testcase name="sfmloadtest" time="37.313" classname="com.loadsfm.tests.ActivityFollowUp_ContactBased"/>
  <testcase name="sfmloadtest" time="37.455" classname="com.loadsfm.tests.ActivityFollowUp_ContactBased"/>
  <testcase name="sfmloadtest" time="37.405" classname="com.loadsfm.tests.ActivityFollowUp_ContactBased"/>
  <testcase name="sfmloadtest" time="37.567" classname="com.loadsfm.tests.ActivityFollowUp_ContactBased"/>
  <testcase name="sfmloadtest" time="37.670" classname="com.loadsfm.tests.ActivityFollowUp_ContactBased"/>
  <testcase name="sfmloadtest" time="37.407" classname="com.loadsfm.tests.ActivityFollowUp_ContactBased"/>
  <testcase name="sfmloadtest" time="37.890" classname="com.loadsfm.tests.ActivityFollowUp_ContactBased"/>
  <testcase name="sfmloadtest" time="37.292" classname="com.loadsfm.tests.ActivityFollowUp_ContactBased"/>
  <testcase name="sfmloadtest" time="37.839" classname="com.loadsfm.tests.ActivityFollowUp_ContactBased"/>
  <testcase name="sfmloadtest" time="37.413" classname="com.loadsfm.tests.ActivityFollowUp_ContactBased"/>
  <testcase name="sfmloadtest" time="37.639" classname="com.loadsfm.tests.ActivityFollowUp_ContactBased"/>
  <testcase name="sfmloadtest" time="37.291" classname="com.loadsfm.tests.ActivityFollowUp_ContactBased"/>
  <testcase name="sfmloadtest" time="37.586" classname="com.loadsfm.tests.ActivityFollowUp_ContactBased"/>
  <testcase name="sfmloadtest" time="37.401" classname="com.loadsfm.tests.ActivityFollowUp_ContactBased"/>
  <testcase name="sfmloadtest" time="37.584" classname="com.loadsfm.tests.ActivityFollowUp_ContactBased"/>
  <testcase name="sfmloadtest" time="37.367" classname="com.loadsfm.tests.ActivityFollowUp_ContactBased"/>
  <testcase name="sfmloadtest" time="37.253" classname="com.loadsfm.tests.ActivityFollowUp_ContactBased"/>
  <testcase name="sfmloadtest" time="37.521" classname="com.loadsfm.tests.ActivityFollowUp_ContactBased"/>
  <testcase name="sfmloadtest" time="37.363" classname="com.loadsfm.tests.ActivityFollowUp_ContactBased"/>
  <testcase name="sfmloadtest" time="37.647" classname="com.loadsfm.tests.ActivityFollowUp_ContactBased"/>
  <testcase name="sfmloadtest" time="37.661" classname="com.loadsfm.tests.ActivityFollowUp_ContactBased"/>
  <testcase name="sfmloadtest" time="37.459" classname="com.loadsfm.tests.ActivityFollowUp_ContactBased"/>
  <testcase name="sfmloadtest" time="37.645" classname="com.loadsfm.tests.ActivityFollowUp_ContactBased"/>
  <testcase name="sfmloadtest" time="37.532" classname="com.loadsfm.tests.ActivityFollowUp_ContactBased"/>
  <testcase name="sfmloadtest" time="37.264" classname="com.loadsfm.tests.ActivityFollowUp_ContactBased"/>
  <testcase name="sfmloadtest" time="37.463" classname="com.loadsfm.tests.ActivityFollowUp_ContactBased"/>
  <testcase name="sfmloadtest" time="37.487" classname="com.loadsfm.tests.ActivityFollowUp_ContactBased"/>
  <testcase name="sfmloadtest" time="37.312" classname="com.loadsfm.tests.ActivityFollowUp_ContactBased"/>
  <testcase name="sfmloadtest" time="37.472" classname="com.loadsfm.tests.ActivityFollowUp_ContactBased"/>
  <testcase name="sfmloadtest" time="37.440" classname="com.loadsfm.tests.ActivityFollowUp_ContactBased"/>
  <testcase name="sfmloadtest" time="37.581" classname="com.loadsfm.tests.ActivityFollowUp_ContactBased"/>
  <testcase name="sfmloadtest" time="39.054" classname="com.loadsfm.tests.ActivityFollowUp_ContactBased"/>
  <testcase name="sfmloadtest" time="37.790" classname="com.loadsfm.tests.ActivityFollowUp_ContactBased"/>
  <testcase name="sfmloadtest" time="37.617" classname="com.loadsfm.tests.ActivityFollowUp_ContactBased"/>
  <testcase name="sfmloadtest" time="37.865" classname="com.loadsfm.tests.ActivityFollowUp_ContactBased"/>
  <testcase name="sfmloadtest" time="37.709" classname="com.loadsfm.tests.ActivityFollowUp_ContactBased"/>
  <testcase name="sfmloadtest" time="37.317" classname="com.loadsfm.tests.ActivityFollowUp_ContactBased"/>
  <testcase name="sfmloadtest" time="37.807" classname="com.loadsfm.tests.ActivityFollowUp_ContactBased"/>
  <testcase name="sfmloadtest" time="37.537" classname="com.loadsfm.tests.ActivityFollowUp_ContactBased"/>
  <testcase name="sfmloadtest" time="37.542" classname="com.loadsfm.tests.ActivityFollowUp_ContactBased"/>
  <testcase name="sfmloadtest" time="37.688" classname="com.loadsfm.tests.ActivityFollowUp_ContactBased"/>
  <testcase name="sfmloadtest" time="37.028" classname="com.loadsfm.tests.ActivityFollowUp_ContactBased"/>
  <testcase name="sfmloadtest" time="37.468" classname="com.loadsfm.tests.ActivityFollowUp_ContactBased"/>
  <testcase name="sfmloadtest" time="37.367" classname="com.loadsfm.tests.ActivityFollowUp_ContactBased"/>
  <testcase name="sfmloadtest" time="38.048" classname="com.loadsfm.tests.ActivityFollowUp_ContactBased"/>
  <testcase name="sfmloadtest" time="37.564" classname="com.loadsfm.tests.ActivityFollowUp_ContactBased"/>
  <testcase name="sfmloadtest" time="37.463" classname="com.loadsfm.tests.ActivityFollowUp_ContactBased"/>
  <testcase name="sfmloadtest" time="37.395" classname="com.loadsfm.tests.ActivityFollowUp_ContactBased"/>
  <testcase name="sfmloadtest" time="37.366" classname="com.loadsfm.tests.ActivityFollowUp_ContactBased"/>
  <testcase name="sfmloadtest" time="37.679" classname="com.loadsfm.tests.ActivityFollowUp_ContactBased"/>
  <testcase name="sfmloadtest" time="37.471" classname="com.loadsfm.tests.ActivityFollowUp_ContactBased"/>
  <testcase name="sfmloadtest" time="37.344" classname="com.loadsfm.tests.ActivityFollowUp_ContactBased"/>
  <testcase name="sfmloadtest" time="38.022" classname="com.loadsfm.tests.ActivityFollowUp_ContactBased"/>
  <testcase name="sfmloadtest" time="37.289" classname="com.loadsfm.tests.ActivityFollowUp_ContactBased"/>
  <testcase name="sfmloadtest" time="37.376" classname="com.loadsfm.tests.ActivityFollowUp_ContactBased"/>
  <testcase name="sfmloadtest" time="37.373" classname="com.loadsfm.tests.ActivityFollowUp_ContactBased"/>
  <testcase name="sfmloadtest" time="37.536" classname="com.loadsfm.tests.ActivityFollowUp_ContactBased"/>
  <testcase name="sfmloadtest" time="37.583" classname="com.loadsfm.tests.ActivityFollowUp_ContactBased"/>
  <testcase name="sfmloadtest" time="37.636" classname="com.loadsfm.tests.ActivityFollowUp_ContactBased"/>
  <testcase name="sfmloadtest" time="37.559" classname="com.loadsfm.tests.ActivityFollowUp_ContactBased"/>
  <testcase name="sfmloadtest" time="37.532" classname="com.loadsfm.tests.ActivityFollowUp_ContactBased"/>
  <testcase name="sfmloadtest" time="37.136" classname="com.loadsfm.tests.ActivityFollowUp_ContactBased"/>
  <testcase name="sfmloadtest" time="37.406" classname="com.loadsfm.tests.ActivityFollowUp_ContactBased"/>
  <testcase name="sfmloadtest" time="37.231" classname="com.loadsfm.tests.ActivityFollowUp_ContactBased"/>
  <testcase name="sfmloadtest" time="37.478" classname="com.loadsfm.tests.ActivityFollowUp_ContactBased"/>
  <testcase name="sfmloadtest" time="37.199" classname="com.loadsfm.tests.ActivityFollowUp_ContactBased"/>
  <testcase name="sfmloadtest" time="37.991" classname="com.loadsfm.tests.ActivityFollowUp_ContactBased"/>
  <testcase name="sfmloadtest" time="37.402" classname="com.loadsfm.tests.ActivityFollowUp_ContactBased"/>
  <testcase name="sfmloadtest" time="36.916" classname="com.loadsfm.tests.ActivityFollowUp_ContactBased"/>
  <testcase name="sfmloadtest" time="37.325" classname="com.loadsfm.tests.ActivityFollowUp_ContactBased"/>
  <testcase name="sfmloadtest" time="37.363" classname="com.loadsfm.tests.ActivityFollowUp_ContactBased"/>
  <testcase name="sfmloadtest" time="37.440" classname="com.loadsfm.tests.ActivityFollowUp_ContactBased"/>
  <testcase name="sfmloadtest" time="37.378" classname="com.loadsfm.tests.ActivityFollowUp_ContactBased"/>
  <testcase name="sfmloadtest" time="37.449" classname="com.loadsfm.tests.ActivityFollowUp_ContactBased"/>
  <testcase name="sfmloadtest" time="37.662" classname="com.loadsfm.tests.ActivityFollowUp_ContactBased"/>
  <testcase name="sfmloadtest" time="37.114" classname="com.loadsfm.tests.ActivityFollowUp_ContactBased"/>
  <testcase name="sfmloadtest" time="37.416" classname="com.loadsfm.tests.ActivityFollowUp_ContactBased"/>
  <testcase name="sfmloadtest" time="37.086" classname="com.loadsfm.tests.ActivityFollowUp_ContactBased"/>
  <testcase name="sfmloadtest" time="37.282" classname="com.loadsfm.tests.ActivityFollowUp_ContactBased"/>
  <testcase name="sfmloadtest" time="37.389" classname="com.loadsfm.tests.ActivityFollowUp_ContactBased"/>
  <testcase name="sfmloadtest" time="37.306" classname="com.loadsfm.tests.ActivityFollowUp_ContactBased"/>
  <testcase name="sfmloadtest" time="37.275" classname="com.loadsfm.tests.ActivityFollowUp_ContactBased"/>
  <testcase name="sfmloadtest" time="37.719" classname="com.loadsfm.tests.ActivityFollowUp_ContactBased"/>
  <testcase name="sfmloadtest" time="37.241" classname="com.loadsfm.tests.ActivityFollowUp_ContactBased"/>
  <testcase name="sfmloadtest" time="37.180" classname="com.loadsfm.tests.ActivityFollowUp_ContactBased"/>
  <testcase name="sfmloadtest" time="37.395" classname="com.loadsfm.tests.ActivityFollowUp_ContactBased"/>
  <testcase name="sfmloadtest" time="37.303" classname="com.loadsfm.tests.ActivityFollowUp_ContactBased"/>
  <testcase name="sfmloadtest" time="37.726" classname="com.loadsfm.tests.ActivityFollowUp_ContactBased"/>
  <testcase name="sfmloadtest" time="37.451" classname="com.loadsfm.tests.ActivityFollowUp_ContactBased"/>
  <testcase name="sfmloadtest" time="37.481" classname="com.loadsfm.tests.ActivityFollowUp_ContactBased"/>
  <testcase name="sfmloadtest" time="37.287" classname="com.loadsfm.tests.ActivityFollowUp_ContactBased"/>
  <testcase name="sfmloadtest" time="37.448" classname="com.loadsfm.tests.ActivityFollowUp_ContactBased"/>
  <testcase name="sfmloadtest" time="37.570" classname="com.loadsfm.tests.ActivityFollowUp_ContactBased"/>
  <testcase name="sfmloadtest" time="37.318" classname="com.loadsfm.tests.ActivityFollowUp_ContactBased"/>
  <testcase name="sfmloadtest" time="37.553" classname="com.loadsfm.tests.ActivityFollowUp_ContactBased"/>
  <testcase name="sfmloadtest" time="37.620" classname="com.loadsfm.tests.ActivityFollowUp_ContactBased"/>
  <testcase name="sfmloadtest" time="37.749" classname="com.loadsfm.tests.ActivityFollowUp_ContactBased"/>
  <testcase name="sfmloadtest" time="37.243" classname="com.loadsfm.tests.ActivityFollowUp_ContactBased"/>
  <testcase name="sfmloadtest" time="37.521" classname="com.loadsfm.tests.ActivityFollowUp_ContactBased"/>
  <testcase name="sfmloadtest" time="37.151" classname="com.loadsfm.tests.ActivityFollowUp_ContactBased"/>
  <testcase name="sfmloadtest" time="37.527" classname="com.loadsfm.tests.ActivityFollowUp_ContactBased"/>
  <testcase name="sfmloadtest" time="37.751" classname="com.loadsfm.tests.ActivityFollowUp_ContactBased"/>
  <testcase name="sfmloadtest" time="46.840" classname="com.loadsfm.tests.ActivityFollowUp_ContactBased"/>
  <testcase name="sfmloadtest" time="37.519" classname="com.loadsfm.tests.ActivityFollowUp_ContactBased"/>
  <testcase name="sfmloadtest" time="37.442" classname="com.loadsfm.tests.ActivityFollowUp_ContactBased"/>
  <testcase name="sfmloadtest" time="37.845" classname="com.loadsfm.tests.ActivityFollowUp_ContactBased"/>
  <testcase name="sfmloadtest" time="37.580" classname="com.loadsfm.tests.ActivityFollowUp_ContactBased"/>
  <testcase name="sfmloadtest" time="37.497" classname="com.loadsfm.tests.ActivityFollowUp_ContactBased"/>
  <testcase name="sfmloadtest" time="37.386" classname="com.loadsfm.tests.ActivityFollowUp_ContactBased"/>
  <testcase name="sfmloadtest" time="37.707" classname="com.loadsfm.tests.ActivityFollowUp_ContactBased"/>
  <testcase name="sfmloadtest" time="38.025" classname="com.loadsfm.tests.ActivityFollowUp_ContactBased"/>
  <testcase name="sfmloadtest" time="37.677" classname="com.loadsfm.tests.ActivityFollowUp_ContactBased"/>
  <testcase name="sfmloadtest" time="38.164" classname="com.loadsfm.tests.ActivityFollowUp_ContactBased"/>
  <testcase name="sfmloadtest" time="37.453" classname="com.loadsfm.tests.ActivityFollowUp_ContactBased"/>
  <testcase name="sfmloadtest" time="37.414" classname="com.loadsfm.tests.ActivityFollowUp_ContactBased"/>
  <testcase name="sfmloadtest" time="37.326" classname="com.loadsfm.tests.ActivityFollowUp_ContactBased"/>
  <testcase name="sfmloadtest" time="37.421" classname="com.loadsfm.tests.ActivityFollowUp_ContactBased"/>
  <testcase name="sfmloadtest" time="37.781" classname="com.loadsfm.tests.ActivityFollowUp_ContactBased"/>
  <testcase name="sfmloadtest" time="37.303" classname="com.loadsfm.tests.ActivityFollowUp_ContactBased"/>
  <testcase name="sfmloadtest" time="37.130" classname="com.loadsfm.tests.ActivityFollowUp_ContactBased"/>
  <testcase name="sfmloadtest" time="37.609" classname="com.loadsfm.tests.ActivityFollowUp_ContactBased"/>
  <testcase name="sfmloadtest" time="37.590" classname="com.loadsfm.tests.ActivityFollowUp_ContactBased"/>
  <testcase name="sfmloadtest" time="37.394" classname="com.loadsfm.tests.ActivityFollowUp_ContactBased"/>
  <testcase name="sfmloadtest" time="37.363" classname="com.loadsfm.tests.ActivityFollowUp_ContactBased"/>
  <testcase name="sfmloadtest" time="37.498" classname="com.loadsfm.tests.ActivityFollowUp_ContactBased"/>
  <testcase name="sfmloadtest" time="37.324" classname="com.loadsfm.tests.ActivityFollowUp_ContactBased"/>
  <testcase name="sfmloadtest" time="37.200" classname="com.loadsfm.tests.ActivityFollowUp_ContactBased"/>
  <testcase name="sfmloadtest" time="37.709" classname="com.loadsfm.tests.ActivityFollowUp_ContactBased"/>
  <testcase name="sfmloadtest" time="37.391" classname="com.loadsfm.tests.ActivityFollowUp_ContactBased"/>
  <testcase name="sfmloadtest" time="37.293" classname="com.loadsfm.tests.ActivityFollowUp_ContactBased"/>
  <testcase name="sfmloadtest" time="36.573" classname="com.loadsfm.tests.ActivityFollowUp_ContactBased"/>
  <testcase name="sfmloadtest" time="37.510" classname="com.loadsfm.tests.ActivityFollowUp_ContactBased"/>
  <testcase name="sfmloadtest" time="37.694" classname="com.loadsfm.tests.ActivityFollowUp_ContactBased"/>
  <testcase name="sfmloadtest" time="37.184" classname="com.loadsfm.tests.ActivityFollowUp_ContactBased"/>
  <testcase name="sfmloadtest" time="37.677" classname="com.loadsfm.tests.ActivityFollowUp_ContactBased"/>
  <testcase name="sfmloadtest" time="37.656" classname="com.loadsfm.tests.ActivityFollowUp_ContactBased"/>
  <testcase name="sfmloadtest" time="37.447" classname="com.loadsfm.tests.ActivityFollowUp_ContactBased"/>
  <testcase name="sfmloadtest" time="37.453" classname="com.loadsfm.tests.ActivityFollowUp_ContactBased"/>
  <testcase name="sfmloadtest" time="37.436" classname="com.loadsfm.tests.ActivityFollowUp_ContactBased"/>
  <testcase name="sfmloadtest" time="37.278" classname="com.loadsfm.tests.ActivityFollowUp_ContactBased"/>
  <testcase name="sfmloadtest" time="37.557" classname="com.loadsfm.tests.ActivityFollowUp_ContactBased"/>
  <testcase name="sfmloadtest" time="37.574" classname="com.loadsfm.tests.ActivityFollowUp_ContactBased"/>
  <testcase name="sfmloadtest" time="37.481" classname="com.loadsfm.tests.ActivityFollowUp_ContactBased"/>
  <testcase name="sfmloadtest" time="37.245" classname="com.loadsfm.tests.ActivityFollowUp_ContactBased"/>
  <testcase name="sfmloadtest" time="38.668" classname="com.loadsfm.tests.ActivityFollowUp_ContactBased"/>
  <testcase name="sfmloadtest" time="37.403" classname="com.loadsfm.tests.ActivityFollowUp_ContactBased"/>
  <testcase name="sfmloadtest" time="37.216" classname="com.loadsfm.tests.ActivityFollowUp_ContactBased"/>
  <testcase name="sfmloadtest" time="37.705" classname="com.loadsfm.tests.ActivityFollowUp_ContactBased"/>
  <testcase name="sfmloadtest" time="37.468" classname="com.loadsfm.tests.ActivityFollowUp_ContactBased"/>
  <testcase name="sfmloadtest" time="37.421" classname="com.loadsfm.tests.ActivityFollowUp_ContactBased"/>
  <testcase name="sfmloadtest" time="37.487" classname="com.loadsfm.tests.ActivityFollowUp_ContactBased"/>
  <testcase name="sfmloadtest" time="38.108" classname="com.loadsfm.tests.ActivityFollowUp_ContactBased"/>
  <testcase name="sfmloadtest" time="39.429" classname="com.loadsfm.tests.ActivityFollowUp_ContactBased"/>
  <testcase name="sfmloadtest" time="37.410" classname="com.loadsfm.tests.ActivityFollowUp_ContactBased"/>
  <testcase name="sfmloadtest" time="37.456" classname="com.loadsfm.tests.ActivityFollowUp_ContactBased"/>
  <testcase name="sfmloadtest" time="37.635" classname="com.loadsfm.tests.ActivityFollowUp_ContactBased"/>
  <testcase name="sfmloadtest" time="37.801" classname="com.loadsfm.tests.ActivityFollowUp_ContactBased"/>
  <testcase name="sfmloadtest" time="37.505" classname="com.loadsfm.tests.ActivityFollowUp_ContactBased"/>
  <testcase name="sfmloadtest" time="37.610" classname="com.loadsfm.tests.ActivityFollowUp_ContactBased"/>
  <testcase name="sfmloadtest" time="37.536" classname="com.loadsfm.tests.ActivityFollowUp_ContactBased"/>
  <testcase name="sfmloadtest" time="37.434" classname="com.loadsfm.tests.ActivityFollowUp_ContactBased"/>
  <testcase name="sfmloadtest" time="37.706" classname="com.loadsfm.tests.ActivityFollowUp_ContactBased"/>
  <testcase name="sfmloadtest" time="37.845" classname="com.loadsfm.tests.ActivityFollowUp_ContactBased"/>
  <testcase name="sfmloadtest" time="37.222" classname="com.loadsfm.tests.ActivityFollowUp_ContactBased"/>
  <testcase name="sfmloadtest" time="37.298" classname="com.loadsfm.tests.ActivityFollowUp_ContactBased"/>
  <testcase name="sfmloadtest" time="37.396" classname="com.loadsfm.tests.ActivityFollowUp_ContactBased"/>
  <testcase name="sfmloadtest" time="37.266" classname="com.loadsfm.tests.ActivityFollowUp_ContactBased"/>
  <testcase name="sfmloadtest" time="37.206" classname="com.loadsfm.tests.ActivityFollowUp_ContactBased"/>
  <testcase name="sfmloadtest" time="37.464" classname="com.loadsfm.tests.ActivityFollowUp_ContactBased"/>
  <testcase name="sfmloadtest" time="37.474" classname="com.loadsfm.tests.ActivityFollowUp_ContactBased"/>
  <testcase name="sfmloadtest" time="37.383" classname="com.loadsfm.tests.ActivityFollowUp_ContactBased"/>
  <testcase name="sfmloadtest" time="37.752" classname="com.loadsfm.tests.ActivityFollowUp_ContactBased"/>
  <testcase name="sfmloadtest" time="37.591" classname="com.loadsfm.tests.ActivityFollowUp_ContactBased"/>
  <testcase name="sfmloadtest" time="37.399" classname="com.loadsfm.tests.ActivityFollowUp_ContactBased"/>
  <testcase name="sfmloadtest" time="40.176" classname="com.loadsfm.tests.ActivityFollowUp_ContactBased"/>
  <testcase name="sfmloadtest" time="37.228" classname="com.loadsfm.tests.ActivityFollowUp_ContactBased"/>
  <testcase name="sfmloadtest" time="37.630" classname="com.loadsfm.tests.ActivityFollowUp_ContactBased"/>
  <testcase name="sfmloadtest" time="37.635" classname="com.loadsfm.tests.ActivityFollowUp_ContactBased"/>
  <testcase name="sfmloadtest" time="37.254" classname="com.loadsfm.tests.ActivityFollowUp_ContactBased"/>
  <testcase name="sfmloadtest" time="37.197" classname="com.loadsfm.tests.ActivityFollowUp_ContactBased"/>
  <testcase name="sfmloadtest" time="37.290" classname="com.loadsfm.tests.ActivityFollowUp_ContactBased"/>
  <testcase name="sfmloadtest" time="37.285" classname="com.loadsfm.tests.ActivityFollowUp_ContactBased"/>
  <testcase name="sfmloadtest" time="41.869" classname="com.loadsfm.tests.ActivityFollowUp_ContactBased"/>
  <testcase name="sfmloadtest" time="40.346" classname="com.loadsfm.tests.ActivityFollowUp_ContactBased"/>
  <testcase name="sfmloadtest" time="37.851" classname="com.loadsfm.tests.ActivityFollowUp_ContactBased"/>
  <testcase name="sfmloadtest" time="37.768" classname="com.loadsfm.tests.ActivityFollowUp_ContactBased"/>
  <testcase name="sfmloadtest" time="37.480" classname="com.loadsfm.tests.ActivityFollowUp_ContactBased"/>
  <testcase name="sfmloadtest" time="42.733" classname="com.loadsfm.tests.ActivityFollowUp_ContactBased"/>
  <testcase name="sfmloadtest" time="37.604" classname="com.loadsfm.tests.ActivityFollowUp_ContactBased"/>
  <testcase name="sfmloadtest" time="37.640" classname="com.loadsfm.tests.ActivityFollowUp_ContactBased"/>
  <testcase name="sfmloadtest" time="38.070" classname="com.loadsfm.tests.ActivityFollowUp_ContactBased"/>
  <testcase name="sfmloadtest" time="37.219" classname="com.loadsfm.tests.ActivityFollowUp_ContactBased"/>
  <testcase name="sfmloadtest" time="38.232" classname="com.loadsfm.tests.ActivityFollowUp_ContactBased"/>
  <testcase name="sfmloadtest" time="42.449" classname="com.loadsfm.tests.ActivityFollowUp_ContactBased"/>
  <testcase name="sfmloadtest" time="37.530" classname="com.loadsfm.tests.ActivityFollowUp_ContactBased"/>
  <testcase name="sfmloadtest" time="37.621" classname="com.loadsfm.tests.ActivityFollowUp_ContactBased"/>
  <testcase name="sfmloadtest" time="37.656" classname="com.loadsfm.tests.ActivityFollowUp_ContactBased"/>
  <testcase name="sfmloadtest" time="38.059" classname="com.loadsfm.tests.ActivityFollowUp_ContactBased"/>
  <testcase name="sfmloadtest" time="37.533" classname="com.loadsfm.tests.ActivityFollowUp_ContactBased"/>
  <testcase name="sfmloadtest" time="37.455" classname="com.loadsfm.tests.ActivityFollowUp_ContactBased"/>
  <testcase name="sfmloadtest" time="37.803" classname="com.loadsfm.tests.ActivityFollowUp_ContactBased"/>
  <testcase name="sfmloadtest" time="37.356" classname="com.loadsfm.tests.ActivityFollowUp_ContactBased"/>
  <testcase name="sfmloadtest" time="37.702" classname="com.loadsfm.tests.ActivityFollowUp_ContactBased"/>
  <testcase name="sfmloadtest" time="37.336" classname="com.loadsfm.tests.ActivityFollowUp_ContactBased"/>
  <testcase name="sfmloadtest" time="37.633" classname="com.loadsfm.tests.ActivityFollowUp_ContactBased"/>
  <testcase name="sfmloadtest" time="37.491" classname="com.loadsfm.tests.ActivityFollowUp_ContactBased"/>
  <testcase name="sfmloadtest" time="37.494" classname="com.loadsfm.tests.ActivityFollowUp_ContactBased"/>
  <testcase name="sfmloadtest" time="37.649" classname="com.loadsfm.tests.ActivityFollowUp_ContactBased"/>
  <testcase name="sfmloadtest" time="37.487" classname="com.loadsfm.tests.ActivityFollowUp_ContactBased"/>
  <testcase name="sfmloadtest" time="37.539" classname="com.loadsfm.tests.ActivityFollowUp_ContactBased"/>
  <testcase name="sfmloadtest" time="38.214" classname="com.loadsfm.tests.ActivityFollowUp_ContactBased"/>
  <testcase name="sfmloadtest" time="37.592" classname="com.loadsfm.tests.ActivityFollowUp_ContactBased"/>
  <testcase name="sfmloadtest" time="37.623" classname="com.loadsfm.tests.ActivityFollowUp_ContactBased"/>
  <testcase name="sfmloadtest" time="37.753" classname="com.loadsfm.tests.ActivityFollowUp_ContactBased"/>
  <testcase name="sfmloadtest" time="37.272" classname="com.loadsfm.tests.ActivityFollowUp_ContactBased"/>
  <testcase name="sfmloadtest" time="37.204" classname="com.loadsfm.tests.ActivityFollowUp_ContactBased"/>
  <testcase name="sfmloadtest" time="37.572" classname="com.loadsfm.tests.ActivityFollowUp_ContactBased"/>
  <testcase name="sfmloadtest" time="37.462" classname="com.loadsfm.tests.ActivityFollowUp_ContactBased"/>
  <testcase name="sfmloadtest" time="37.536" classname="com.loadsfm.tests.ActivityFollowUp_ContactBased"/>
  <testcase name="sfmloadtest" time="37.287" classname="com.loadsfm.tests.ActivityFollowUp_ContactBased"/>
  <testcase name="sfmloadtest" time="37.293" classname="com.loadsfm.tests.ActivityFollowUp_ContactBased"/>
  <testcase name="sfmloadtest" time="38.566" classname="com.loadsfm.tests.ActivityFollowUp_ContactBased"/>
  <testcase name="sfmloadtest" time="37.557" classname="com.loadsfm.tests.ActivityFollowUp_ContactBased"/>
  <testcase name="sfmloadtest" time="37.807" classname="com.loadsfm.tests.ActivityFollowUp_ContactBased"/>
  <testcase name="sfmloadtest" time="37.562" classname="com.loadsfm.tests.ActivityFollowUp_ContactBased"/>
  <testcase name="sfmloadtest" time="38.962" classname="com.loadsfm.tests.ActivityFollowUp_ContactBased"/>
  <testcase name="sfmloadtest" time="37.250" classname="com.loadsfm.tests.ActivityFollowUp_ContactBased"/>
  <testcase name="sfmloadtest" time="37.405" classname="com.loadsfm.tests.ActivityFollowUp_ContactBased"/>
  <testcase name="sfmloadtest" time="37.551" classname="com.loadsfm.tests.ActivityFollowUp_ContactBased"/>
  <testcase name="sfmloadtest" time="37.329" classname="com.loadsfm.tests.ActivityFollowUp_ContactBased"/>
  <testcase name="sfmloadtest" time="37.030" classname="com.loadsfm.tests.ActivityFollowUp_ContactBased"/>
  <testcase name="sfmloadtest" time="37.669" classname="com.loadsfm.tests.ActivityFollowUp_ContactBased"/>
  <testcase name="sfmloadtest" time="37.615" classname="com.loadsfm.tests.ActivityFollowUp_ContactBased"/>
  <testcase name="sfmloadtest" time="37.142" classname="com.loadsfm.tests.ActivityFollowUp_ContactBased"/>
  <testcase name="sfmloadtest" time="37.665" classname="com.loadsfm.tests.ActivityFollowUp_ContactBased"/>
  <testcase name="sfmloadtest" time="38.191" classname="com.loadsfm.tests.ActivityFollowUp_ContactBased"/>
  <testcase name="sfmloadtest" time="37.195" classname="com.loadsfm.tests.ActivityFollowUp_ContactBased"/>
  <testcase name="sfmloadtest" time="37.614" classname="com.loadsfm.tests.ActivityFollowUp_ContactBased"/>
  <testcase name="sfmloadtest" time="37.507" classname="com.loadsfm.tests.ActivityFollowUp_ContactBased"/>
  <testcase name="sfmloadtest" time="38.310" classname="com.loadsfm.tests.ActivityFollowUp_ContactBased"/>
  <testcase name="sfmloadtest" time="37.221" classname="com.loadsfm.tests.ActivityFollowUp_ContactBased"/>
  <testcase name="sfmloadtest" time="37.506" classname="com.loadsfm.tests.ActivityFollowUp_ContactBased"/>
  <testcase name="sfmloadtest" time="37.771" classname="com.loadsfm.tests.ActivityFollowUp_ContactBased"/>
  <testcase name="sfmloadtest" time="37.582" classname="com.loadsfm.tests.ActivityFollowUp_ContactBased"/>
  <testcase name="sfmloadtest" time="37.663" classname="com.loadsfm.tests.ActivityFollowUp_ContactBased"/>
  <testcase name="sfmloadtest" time="37.377" classname="com.loadsfm.tests.ActivityFollowUp_ContactBased"/>
  <testcase name="sfmloadtest" time="37.456" classname="com.loadsfm.tests.ActivityFollowUp_ContactBased"/>
  <testcase name="sfmloadtest" time="37.229" classname="com.loadsfm.tests.ActivityFollowUp_ContactBased"/>
  <testcase name="sfmloadtest" time="37.289" classname="com.loadsfm.tests.ActivityFollowUp_ContactBased"/>
  <testcase name="sfmloadtest" time="37.155" classname="com.loadsfm.tests.ActivityFollowUp_ContactBased"/>
  <testcase name="sfmloadtest" time="37.781" classname="com.loadsfm.tests.ActivityFollowUp_ContactBased"/>
  <testcase name="sfmloadtest" time="37.491" classname="com.loadsfm.tests.ActivityFollowUp_ContactBased"/>
  <testcase name="sfmloadtest" time="37.996" classname="com.loadsfm.tests.ActivityFollowUp_ContactBased"/>
  <testcase name="sfmloadtest" time="37.566" classname="com.loadsfm.tests.ActivityFollowUp_ContactBased"/>
  <testcase name="sfmloadtest" time="37.737" classname="com.loadsfm.tests.ActivityFollowUp_ContactBased"/>
  <testcase name="sfmloadtest" time="37.800" classname="com.loadsfm.tests.ActivityFollowUp_ContactBased"/>
  <testcase name="sfmloadtest" time="37.654" classname="com.loadsfm.tests.ActivityFollowUp_ContactBased"/>
  <testcase name="sfmloadtest" time="37.696" classname="com.loadsfm.tests.ActivityFollowUp_ContactBased"/>
  <testcase name="sfmloadtest" time="37.252" classname="com.loadsfm.tests.ActivityFollowUp_ContactBased"/>
  <testcase name="sfmloadtest" time="37.524" classname="com.loadsfm.tests.ActivityFollowUp_ContactBased"/>
  <testcase name="sfmloadtest" time="37.375" classname="com.loadsfm.tests.ActivityFollowUp_ContactBased"/>
  <testcase name="sfmloadtest" time="37.314" classname="com.loadsfm.tests.ActivityFollowUp_ContactBased"/>
  <testcase name="sfmloadtest" time="37.521" classname="com.loadsfm.tests.ActivityFollowUp_ContactBased"/>
  <testcase name="sfmloadtest" time="37.525" classname="com.loadsfm.tests.ActivityFollowUp_ContactBased"/>
  <testcase name="sfmloadtest" time="37.448" classname="com.loadsfm.tests.ActivityFollowUp_ContactBased"/>
  <testcase name="sfmloadtest" time="37.668" classname="com.loadsfm.tests.ActivityFollowUp_ContactBased"/>
  <testcase name="sfmloadtest" time="37.326" classname="com.loadsfm.tests.ActivityFollowUp_ContactBased"/>
  <testcase name="sfmloadtest" time="38.000" classname="com.loadsfm.tests.ActivityFollowUp_ContactBased"/>
  <testcase name="sfmloadtest" time="37.358" classname="com.loadsfm.tests.ActivityFollowUp_ContactBased"/>
  <testcase name="sfmloadtest" time="37.515" classname="com.loadsfm.tests.ActivityFollowUp_ContactBased"/>
  <testcase name="sfmloadtest" time="37.566" classname="com.loadsfm.tests.ActivityFollowUp_ContactBased"/>
  <testcase name="sfmloadtest" time="37.693" classname="com.loadsfm.tests.ActivityFollowUp_ContactBased"/>
  <testcase name="sfmloadtest" time="37.761" classname="com.loadsfm.tests.ActivityFollowUp_ContactBased"/>
  <testcase name="sfmloadtest" time="37.386" classname="com.loadsfm.tests.ActivityFollowUp_ContactBased"/>
  <testcase name="sfmloadtest" time="37.252" classname="com.loadsfm.tests.ActivityFollowUp_ContactBased"/>
  <testcase name="sfmloadtest" time="37.717" classname="com.loadsfm.tests.ActivityFollowUp_ContactBased"/>
  <testcase name="sfmloadtest" time="37.691" classname="com.loadsfm.tests.ActivityFollowUp_ContactBased"/>
  <testcase name="sfmloadtest" time="37.599" classname="com.loadsfm.tests.ActivityFollowUp_ContactBased"/>
  <testcase name="sfmloadtest" time="37.738" classname="com.loadsfm.tests.ActivityFollowUp_ContactBased"/>
  <testcase name="sfmloadtest" time="37.559" classname="com.loadsfm.tests.ActivityFollowUp_ContactBased"/>
  <testcase name="sfmloadtest" time="37.344" classname="com.loadsfm.tests.ActivityFollowUp_ContactBased"/>
  <testcase name="sfmloadtest" time="37.854" classname="com.loadsfm.tests.ActivityFollowUp_ContactBased"/>
  <testcase name="sfmloadtest" time="38.406" classname="com.loadsfm.tests.ActivityFollowUp_ContactBased"/>
  <testcase name="sfmloadtest" time="37.550" classname="com.loadsfm.tests.ActivityFollowUp_ContactBased"/>
  <testcase name="sfmloadtest" time="37.355" classname="com.loadsfm.tests.ActivityFollowUp_ContactBased"/>
  <testcase name="sfmloadtest" time="37.631" classname="com.loadsfm.tests.ActivityFollowUp_ContactBased"/>
  <testcase name="sfmloadtest" time="37.348" classname="com.loadsfm.tests.ActivityFollowUp_ContactBased"/>
  <testcase name="sfmloadtest" time="37.349" classname="com.loadsfm.tests.ActivityFollowUp_ContactBased"/>
  <testcase name="sfmloadtest" time="37.426" classname="com.loadsfm.tests.ActivityFollowUp_ContactBased"/>
  <testcase name="sfmloadtest" time="37.546" classname="com.loadsfm.tests.ActivityFollowUp_ContactBased"/>
  <testcase name="sfmloadtest" time="37.469" classname="com.loadsfm.tests.ActivityFollowUp_ContactBased"/>
  <testcase name="sfmloadtest" time="37.572" classname="com.loadsfm.tests.ActivityFollowUp_ContactBased"/>
  <testcase name="sfmloadtest" time="37.725" classname="com.loadsfm.tests.ActivityFollowUp_ContactBased"/>
  <testcase name="sfmloadtest" time="37.329" classname="com.loadsfm.tests.ActivityFollowUp_ContactBased"/>
  <testcase name="sfmloadtest" time="37.076" classname="com.loadsfm.tests.ActivityFollowUp_ContactBased"/>
  <testcase name="sfmloadtest" time="37.780" classname="com.loadsfm.tests.ActivityFollowUp_ContactBased"/>
  <testcase name="sfmloadtest" time="37.320" classname="com.loadsfm.tests.ActivityFollowUp_ContactBased"/>
  <testcase name="sfmloadtest" time="37.456" classname="com.loadsfm.tests.ActivityFollowUp_ContactBased"/>
  <testcase name="sfmloadtest" time="37.565" classname="com.loadsfm.tests.ActivityFollowUp_ContactBased"/>
  <testcase name="sfmloadtest" time="37.531" classname="com.loadsfm.tests.ActivityFollowUp_ContactBased"/>
  <testcase name="sfmloadtest" time="37.300" classname="com.loadsfm.tests.ActivityFollowUp_ContactBased"/>
  <testcase name="sfmloadtest" time="37.420" classname="com.loadsfm.tests.ActivityFollowUp_ContactBased"/>
  <testcase name="sfmloadtest" time="37.433" classname="com.loadsfm.tests.ActivityFollowUp_ContactBased"/>
  <testcase name="sfmloadtest" time="37.287" classname="com.loadsfm.tests.ActivityFollowUp_ContactBased"/>
  <testcase name="sfmloadtest" time="37.188" classname="com.loadsfm.tests.ActivityFollowUp_ContactBased"/>
  <testcase name="sfmloadtest" time="37.660" classname="com.loadsfm.tests.ActivityFollowUp_ContactBased"/>
  <testcase name="sfmloadtest" time="37.704" classname="com.loadsfm.tests.ActivityFollowUp_ContactBased"/>
  <testcase name="sfmloadtest" time="38.089" classname="com.loadsfm.tests.ActivityFollowUp_ContactBased"/>
  <testcase name="sfmloadtest" time="37.458" classname="com.loadsfm.tests.ActivityFollowUp_ContactBased"/>
  <testcase name="sfmloadtest" time="37.491" classname="com.loadsfm.tests.ActivityFollowUp_ContactBased"/>
  <testcase name="sfmloadtest" time="37.458" classname="com.loadsfm.tests.ActivityFollowUp_ContactBased"/>
  <testcase name="sfmloadtest" time="37.575" classname="com.loadsfm.tests.ActivityFollowUp_ContactBased"/>
  <testcase name="sfmloadtest" time="37.940" classname="com.loadsfm.tests.ActivityFollowUp_ContactBased"/>
  <testcase name="sfmloadtest" time="37.584" classname="com.loadsfm.tests.ActivityFollowUp_ContactBased"/>
  <testcase name="sfmloadtest" time="37.512" classname="com.loadsfm.tests.ActivityFollowUp_ContactBased"/>
  <testcase name="sfmloadtest" time="37.477" classname="com.loadsfm.tests.ActivityFollowUp_ContactBased"/>
  <testcase name="sfmloadtest" time="37.225" classname="com.loadsfm.tests.ActivityFollowUp_ContactBased"/>
  <testcase name="sfmloadtest" time="37.395" classname="com.loadsfm.tests.ActivityFollowUp_ContactBased"/>
  <testcase name="sfmloadtest" time="38.298" classname="com.loadsfm.tests.ActivityFollowUp_ContactBased"/>
  <testcase name="sfmloadtest" time="37.606" classname="com.loadsfm.tests.ActivityFollowUp_ContactBased"/>
  <testcase name="sfmloadtest" time="37.656" classname="com.loadsfm.tests.ActivityFollowUp_ContactBased"/>
  <testcase name="sfmloadtest" time="37.948" classname="com.loadsfm.tests.ActivityFollowUp_ContactBased"/>
  <testcase name="sfmloadtest" time="37.496" classname="com.loadsfm.tests.ActivityFollowUp_ContactBased"/>
  <testcase name="sfmloadtest" time="37.369" classname="com.loadsfm.tests.ActivityFollowUp_ContactBased"/>
  <testcase name="sfmloadtest" time="37.386" classname="com.loadsfm.tests.ActivityFollowUp_ContactBased"/>
  <testcase name="sfmloadtest" time="37.373" classname="com.loadsfm.tests.ActivityFollowUp_ContactBased"/>
</testsuite> <!-- com.loadsfm.tests.ActivityFollowUp_ContactBased -->
